Active player = Titou
--> Titou/Malfurion Stormrage Mana=1 Hlt=30 Att=0 Arm=0 Hnd=4 Dck=26 Min=0 Sec=0
Opponent = Didier
--> Didier/Garrosh Hellscream Mana=0 Hlt=30 Att=0 Arm=0 Hnd=5 Dck=26 Min=0 Sec=0

Titou PLAY_CARD id=137 // name='Claw' cost=1 text='Give your hero +2 Attack this turn and 2 Armor.'
--> Titou/Malfurion Stormrage Mana=0 Hlt=30 Att=0 Arm=2 Hnd=3 Dck=26 Min=0 Sec=0
--> Didier/Garrosh Hellscream Mana=0 Hlt=30 Att=0 Arm=0 Hnd=5 Dck=26 Min=0 Sec=0

Titou ATTACK attacker=hero 'Malfurion Stormrage'(131) attacked=hero 'Garrosh Hellscream'(100)
--> Titou/Malfurion Stormrage Mana=0 Hlt=30 Att=0 Arm=2 Hnd=3 Dck=26 Min=0 Sec=0
--> Didier/Garrosh Hellscream Mana=0 Hlt=28 Att=0 Arm=0 Hnd=5 Dck=26 Min=0 Sec=0

NEXT_TURN

Didier PLAY_CARD id=106 // name='Whirlwind' cost=1 text='Deal 1 damage to ALL minions.'
--> Didier/Garrosh Hellscream Mana=0 Hlt=28 Att=0 Arm=0 Hnd=5 Dck=25 Min=0 Sec=0
--> Titou/Malfurion Stormrage Mana=0 Hlt=30 Att=0 Arm=2 Hnd=3 Dck=26 Min=0 Sec=0

Didier PLAY_CARD id=162 // name='The Coin' cost=0 text='Gain 1 Mana Crystal this turn only.'
--> Didier/Garrosh Hellscream Mana=1 Hlt=28 Att=0 Arm=0 Hnd=4 Dck=25 Min=0 Sec=0
--> Titou/Malfurion Stormrage Mana=0 Hlt=30 Att=0 Arm=2 Hnd=3 Dck=26 Min=0 Sec=0

NEXT_TURN

Titou PLAY_CARD id=138 position=0 // name='Leper Gnome' cost=1 text='Deathrattle: Deal 2 damage to the enemy hero.'
--> Titou/Malfurion Stormrage Mana=1 Hlt=30 Att=0 Arm=2 Hnd=3 Dck=25 Min=1 Sec=0
--> Didier/Garrosh Hellscream Mana=1 Hlt=28 Att=0 Arm=0 Hnd=4 Dck=25 Min=0 Sec=0

NEXT_TURN

Didier PLAY_CARD id=112 position=0 // name='Acidic Swamp Ooze' cost=2 text='Battlecry: Destroy your opponent's weapon.'
--> Didier/Garrosh Hellscream Mana=0 Hlt=28 Att=0 Arm=0 Hnd=4 Dck=24 Min=1 Sec=0
--> Titou/Malfurion Stormrage Mana=1 Hlt=30 Att=0 Arm=2 Hnd=3 Dck=25 Min=1 Sec=0

NEXT_TURN

Titou PLAY_CARD id=147 target=hero 'Malfurion Stormrage'(131) // name='Healing Touch' cost=3 text='Restore 8 Health.'
--> Titou/Malfurion Stormrage Mana=0 Hlt=30 Att=0 Arm=2 Hnd=3 Dck=24 Min=1 Sec=0
--> Didier/Garrosh Hellscream Mana=0 Hlt=28 Att=0 Arm=0 Hnd=4 Dck=24 Min=1 Sec=0

Titou ATTACK attacker=minion 'Leper Gnome'(138) attacked=hero 'Garrosh Hellscream'(100)
--> Titou/Malfurion Stormrage Mana=0 Hlt=30 Att=0 Arm=2 Hnd=3 Dck=24 Min=1 Sec=0
--> Didier/Garrosh Hellscream Mana=0 Hlt=26 Att=0 Arm=0 Hnd=4 Dck=24 Min=1 Sec=0

NEXT_TURN

Didier ATTACK attacker=minion 'Acidic Swamp Ooze'(112) attacked=hero 'Malfurion Stormrage'(131)
--> Didier/Garrosh Hellscream Mana=3 Hlt=26 Att=0 Arm=0 Hnd=5 Dck=23 Min=1 Sec=0
--> Titou/Malfurion Stormrage Mana=0 Hlt=29 Att=0 Arm=0 Hnd=3 Dck=24 Min=1 Sec=0

Didier PLAY_CARD id=114 position=0 // name='Frothing Berserker' cost=3 text='Whenever a minion takes damage, gain +1 Attack.'
--> Didier/Garrosh Hellscream Mana=0 Hlt=26 Att=0 Arm=0 Hnd=4 Dck=23 Min=2 Sec=0
--> Titou/Malfurion Stormrage Mana=0 Hlt=29 Att=0 Arm=0 Hnd=3 Dck=24 Min=1 Sec=0

NEXT_TURN

Titou PLAY_CARD id=150 position=1 // name='Thrallmar Farseer' cost=3 text='Windfury'
--> Titou/Malfurion Stormrage Mana=1 Hlt=29 Att=0 Arm=0 Hnd=3 Dck=23 Min=2 Sec=0
--> Didier/Garrosh Hellscream Mana=0 Hlt=26 Att=0 Arm=0 Hnd=4 Dck=23 Min=2 Sec=0

Titou ATTACK attacker=minion 'Leper Gnome'(138) attacked=minion 'Acidic Swamp Ooze'(112)
--> Titou/Malfurion Stormrage Mana=1 Hlt=29 Att=0 Arm=0 Hnd=3 Dck=23 Min=1 Sec=0
--> Didier/Garrosh Hellscream Mana=0 Hlt=24 Att=0 Arm=0 Hnd=4 Dck=23 Min=1 Sec=0

NEXT_TURN

Didier PLAY_CARD id=108 // name='Fiery War Axe' cost=2 text='null'
--> Didier/Garrosh Hellscream Mana=2 Hlt=24 Att=0 Arm=0 Hnd=4 Dck=22 Min=1 Sec=0
--> Titou/Malfurion Stormrage Mana=1 Hlt=29 Att=0 Arm=0 Hnd=3 Dck=23 Min=1 Sec=0

Didier ATTACK attacker=minion 'Frothing Berserker'(114) attacked=minion 'Thrallmar Farseer'(150)
--> Didier/Garrosh Hellscream Mana=2 Hlt=24 Att=0 Arm=0 Hnd=4 Dck=22 Min=1 Sec=0
--> Titou/Malfurion Stormrage Mana=1 Hlt=29 Att=0 Arm=0 Hnd=3 Dck=23 Min=0 Sec=0

Didier USE_HERO_POWER power=''Armor Up!' power'
--> Didier/Garrosh Hellscream Mana=0 Hlt=24 Att=0 Arm=2 Hnd=4 Dck=22 Min=1 Sec=0
--> Titou/Malfurion Stormrage Mana=1 Hlt=29 Att=0 Arm=0 Hnd=3 Dck=23 Min=0 Sec=0

Didier ATTACK attacker=hero 'Garrosh Hellscream'(100) attacked=hero 'Malfurion Stormrage'(131)
--> Didier/Garrosh Hellscream Mana=0 Hlt=24 Att=0 Arm=2 Hnd=4 Dck=22 Min=1 Sec=0
--> Titou/Malfurion Stormrage Mana=1 Hlt=26 Att=0 Arm=0 Hnd=3 Dck=23 Min=0 Sec=0

NEXT_TURN

Titou PLAY_CARD id=154 position=0 // name='Azure Drake' cost=5 text='Spell Damage +1. Battlecry: Draw a card.'
--> Titou/Malfurion Stormrage Mana=0 Hlt=26 Att=0 Arm=0 Hnd=4 Dck=21 Min=1 Sec=0
--> Didier/Garrosh Hellscream Mana=0 Hlt=24 Att=0 Arm=2 Hnd=4 Dck=22 Min=1 Sec=0

NEXT_TURN

Didier ATTACK attacker=minion 'Frothing Berserker'(114) attacked=hero 'Malfurion Stormrage'(131)
--> Didier/Garrosh Hellscream Mana=5 Hlt=24 Att=0 Arm=2 Hnd=5 Dck=21 Min=1 Sec=0
--> Titou/Malfurion Stormrage Mana=0 Hlt=20 Att=0 Arm=0 Hnd=4 Dck=21 Min=1 Sec=0

Didier ATTACK attacker=hero 'Garrosh Hellscream'(100) attacked=minion 'Azure Drake'(154)
--> Didier/Garrosh Hellscream Mana=5 Hlt=22 Att=0 Arm=0 Hnd=5 Dck=21 Min=1 Sec=0
--> Titou/Malfurion Stormrage Mana=0 Hlt=20 Att=0 Arm=0 Hnd=4 Dck=21 Min=1 Sec=0

Didier PLAY_CARD id=117 position=0 // name='Thrallmar Farseer' cost=3 text='Windfury'
--> Didier/Garrosh Hellscream Mana=2 Hlt=22 Att=0 Arm=0 Hnd=4 Dck=21 Min=2 Sec=0
--> Titou/Malfurion Stormrage Mana=0 Hlt=20 Att=0 Arm=0 Hnd=4 Dck=21 Min=1 Sec=0

Didier PLAY_CARD id=107 // name='Fiery War Axe' cost=2 text='null'
--> Didier/Garrosh Hellscream Mana=0 Hlt=22 Att=0 Arm=0 Hnd=3 Dck=21 Min=2 Sec=0
--> Titou/Malfurion Stormrage Mana=0 Hlt=20 Att=0 Arm=0 Hnd=4 Dck=21 Min=1 Sec=0

NEXT_TURN

Titou PLAY_CARD id=141 target=minion 'Thrallmar Farseer'(117) // name='Mark of the Wild' cost=2 text='Give a minion Taunt and +2/+2. (+2 Attack/+2 Health)'
--> Titou/Malfurion Stormrage Mana=4 Hlt=20 Att=0 Arm=0 Hnd=4 Dck=20 Min=1 Sec=0
--> Didier/Garrosh Hellscream Mana=0 Hlt=22 Att=0 Arm=0 Hnd=3 Dck=21 Min=2 Sec=0

Titou PLAY_CARD id=134 target=minion 'Azure Drake'(154) // name='Naturalize' cost=1 text='Destroy a minion. Your opponent draws 2 cards.'
--> Titou/Malfurion Stormrage Mana=3 Hlt=20 Att=0 Arm=0 Hnd=3 Dck=20 Min=0 Sec=0
--> Didier/Garrosh Hellscream Mana=0 Hlt=22 Att=0 Arm=0 Hnd=5 Dck=19 Min=2 Sec=0

Titou PLAY_CARD id=146 position=0 // name='Acidic Swamp Ooze' cost=2 text='Battlecry: Destroy your opponent's weapon.'
--> Titou/Malfurion Stormrage Mana=1 Hlt=20 Att=0 Arm=0 Hnd=2 Dck=20 Min=1 Sec=0
--> Didier/Garrosh Hellscream Mana=0 Hlt=22 Att=0 Arm=0 Hnd=5 Dck=19 Min=2 Sec=0

Titou PLAY_CARD id=133 // name='Innervate' cost=0 text='Gain 2 Mana Crystals this turn only.'
--> Titou/Malfurion Stormrage Mana=3 Hlt=20 Att=0 Arm=0 Hnd=1 Dck=20 Min=1 Sec=0
--> Didier/Garrosh Hellscream Mana=0 Hlt=22 Att=0 Arm=0 Hnd=5 Dck=19 Min=2 Sec=0

Titou USE_HERO_POWER power=''Shapeshift' power'
--> Titou/Malfurion Stormrage Mana=1 Hlt=20 Att=0 Arm=1 Hnd=1 Dck=20 Min=1 Sec=0
--> Didier/Garrosh Hellscream Mana=0 Hlt=22 Att=0 Arm=0 Hnd=5 Dck=19 Min=2 Sec=0

Titou ATTACK attacker=hero 'Malfurion Stormrage'(131) attacked=minion 'Thrallmar Farseer'(117)
--> Titou/Malfurion Stormrage Mana=1 Hlt=17 Att=0 Arm=0 Hnd=1 Dck=20 Min=1 Sec=0
--> Didier/Garrosh Hellscream Mana=0 Hlt=22 Att=0 Arm=0 Hnd=5 Dck=19 Min=2 Sec=0

NEXT_TURN

Didier ATTACK attacker=minion 'Frothing Berserker'(114) attacked=minion 'Acidic Swamp Ooze'(146)
--> Didier/Garrosh Hellscream Mana=6 Hlt=22 Att=0 Arm=0 Hnd=6 Dck=18 Min=1 Sec=0
--> Titou/Malfurion Stormrage Mana=1 Hlt=17 Att=0 Arm=0 Hnd=1 Dck=20 Min=0 Sec=0

Didier PLAY_CARD id=113 position=1 // name='Acolyte of Pain' cost=3 text='Whenever this minion takes damage, draw a card.'
--> Didier/Garrosh Hellscream Mana=3 Hlt=22 Att=0 Arm=0 Hnd=5 Dck=18 Min=2 Sec=0
--> Titou/Malfurion Stormrage Mana=1 Hlt=17 Att=0 Arm=0 Hnd=1 Dck=20 Min=0 Sec=0

Didier PLAY_CARD id=102 // name='Upgrade!' cost=1 text='If you have a weapon, give it +1/+1. Otherwise equip a 1/3 weapon.'
--> Didier/Garrosh Hellscream Mana=2 Hlt=22 Att=0 Arm=0 Hnd=4 Dck=18 Min=2 Sec=0
--> Titou/Malfurion Stormrage Mana=1 Hlt=17 Att=0 Arm=0 Hnd=1 Dck=20 Min=0 Sec=0

Didier ATTACK attacker=hero 'Garrosh Hellscream'(100) attacked=hero 'Malfurion Stormrage'(131)
--> Didier/Garrosh Hellscream Mana=2 Hlt=22 Att=0 Arm=0 Hnd=4 Dck=18 Min=2 Sec=0
--> Titou/Malfurion Stormrage Mana=1 Hlt=16 Att=0 Arm=0 Hnd=1 Dck=20 Min=0 Sec=0

Didier ATTACK attacker=minion 'Thrallmar Farseer'(117) attacked=hero 'Malfurion Stormrage'(131)
--> Didier/Garrosh Hellscream Mana=2 Hlt=22 Att=0 Arm=0 Hnd=4 Dck=18 Min=2 Sec=0
--> Titou/Malfurion Stormrage Mana=1 Hlt=12 Att=0 Arm=0 Hnd=1 Dck=20 Min=0 Sec=0

Didier ATTACK attacker=minion 'Thrallmar Farseer'(117) attacked=hero 'Malfurion Stormrage'(131)
--> Didier/Garrosh Hellscream Mana=2 Hlt=22 Att=0 Arm=0 Hnd=4 Dck=18 Min=2 Sec=0
--> Titou/Malfurion Stormrage Mana=1 Hlt=8 Att=0 Arm=0 Hnd=1 Dck=20 Min=0 Sec=0

Didier USE_HERO_POWER power=''Armor Up!' power'
--> Didier/Garrosh Hellscream Mana=0 Hlt=22 Att=0 Arm=2 Hnd=4 Dck=18 Min=2 Sec=0
--> Titou/Malfurion Stormrage Mana=1 Hlt=8 Att=0 Arm=0 Hnd=1 Dck=20 Min=0 Sec=0

NEXT_TURN

Titou USE_HERO_POWER power=''Shapeshift' power'
--> Titou/Malfurion Stormrage Mana=5 Hlt=8 Att=0 Arm=1 Hnd=2 Dck=19 Min=0 Sec=0
--> Didier/Garrosh Hellscream Mana=0 Hlt=22 Att=0 Arm=2 Hnd=4 Dck=18 Min=2 Sec=0

Titou ATTACK attacker=hero 'Malfurion Stormrage'(131) attacked=minion 'Thrallmar Farseer'(117)
--> Titou/Malfurion Stormrage Mana=5 Hlt=5 Att=0 Arm=0 Hnd=2 Dck=19 Min=0 Sec=0
--> Didier/Garrosh Hellscream Mana=0 Hlt=22 Att=0 Arm=2 Hnd=4 Dck=18 Min=2 Sec=0

NEXT_TURN

Didier PLAY_CARD id=129 target=minion 'Acolyte of Pain'(113) position=0 // name='Frost Elemental' cost=6 text='Battlecry: Freeze a character.'
--> Didier/Garrosh Hellscream Mana=1 Hlt=22 Att=0 Arm=2 Hnd=4 Dck=17 Min=3 Sec=0
--> Titou/Malfurion Stormrage Mana=5 Hlt=5 Att=0 Arm=0 Hnd=2 Dck=19 Min=0 Sec=0

Didier ATTACK attacker=minion 'Thrallmar Farseer'(117) attacked=hero 'Malfurion Stormrage'(131)
--> Didier/Garrosh Hellscream Mana=1 Hlt=22 Att=0 Arm=2 Hnd=4 Dck=17 Min=3 Sec=0
--> Titou/Malfurion Stormrage Mana=5 Hlt=1 Att=0 Arm=0 Hnd=2 Dck=19 Min=0 Sec=0

Didier ATTACK attacker=hero 'Garrosh Hellscream'(100) attacked=hero 'Malfurion Stormrage'(131)
--> Didier/Garrosh Hellscream Mana=1 Hlt=22 Att=0 Arm=2 Hnd=4 Dck=17 Min=3 Sec=0
--> Titou/Malfurion Stormrage Mana=5 Hlt=0 Att=0 Arm=0 Hnd=2 Dck=19 Min=0 Sec=0

Didier wins
Titou looses
