Active player = Titou
--> Titou/Malfurion Stormrage Mana=1 Hlt=30 Att=0 Arm=0 Hnd=4 Dck=26 Min=0 Sec=0
Opponent = Didier
--> Didier/Garrosh Hellscream Mana=0 Hlt=30 Att=0 Arm=0 Hnd=5 Dck=26 Min=0 Sec=0

Titou PLAY_CARD id=138 position=0 // name='Leper Gnome' cost=1 text='Deathrattle: Deal 2 damage to the enemy hero.'
--> Titou/Malfurion Stormrage Mana=0 Hlt=30 Att=0 Arm=0 Hnd=3 Dck=26 Min=1 Sec=0
--> Didier/Garrosh Hellscream Mana=0 Hlt=30 Att=0 Arm=0 Hnd=5 Dck=26 Min=0 Sec=0

NEXT_TURN

Didier PLAY_CARD id=162 // name='The Coin' cost=0 text='Gain 1 Mana Crystal this turn only.'
--> Didier/Garrosh Hellscream Mana=2 Hlt=30 Att=0 Arm=0 Hnd=5 Dck=25 Min=0 Sec=0
--> Titou/Malfurion Stormrage Mana=0 Hlt=30 Att=0 Arm=0 Hnd=3 Dck=26 Min=1 Sec=0

Didier PLAY_CARD id=108 // name='Fiery War Axe' cost=2 text='null'
--> Didier/Garrosh Hellscream Mana=0 Hlt=30 Att=0 Arm=0 Hnd=4 Dck=25 Min=0 Sec=0
--> Titou/Malfurion Stormrage Mana=0 Hlt=30 Att=0 Arm=0 Hnd=3 Dck=26 Min=1 Sec=0

Didier ATTACK attacker=hero 'Garrosh Hellscream'(100) attacked=minion 'Leper Gnome'(138)
--> Didier/Garrosh Hellscream Mana=0 Hlt=26 Att=0 Arm=0 Hnd=4 Dck=25 Min=0 Sec=0
--> Titou/Malfurion Stormrage Mana=0 Hlt=30 Att=0 Arm=0 Hnd=3 Dck=26 Min=0 Sec=0

NEXT_TURN

Titou PLAY_CARD id=146 position=0 // name='Acidic Swamp Ooze' cost=2 text='Battlecry: Destroy your opponent's weapon.'
--> Titou/Malfurion Stormrage Mana=0 Hlt=30 Att=0 Arm=0 Hnd=3 Dck=25 Min=1 Sec=0
--> Didier/Garrosh Hellscream Mana=0 Hlt=26 Att=0 Arm=0 Hnd=4 Dck=25 Min=0 Sec=0

NEXT_TURN

Didier USE_HERO_POWER power=''Armor Up!' power'
--> Didier/Garrosh Hellscream Mana=0 Hlt=26 Att=0 Arm=2 Hnd=5 Dck=24 Min=0 Sec=0
--> Titou/Malfurion Stormrage Mana=0 Hlt=30 Att=0 Arm=0 Hnd=3 Dck=25 Min=1 Sec=0

NEXT_TURN

Titou ATTACK attacker=minion 'Acidic Swamp Ooze'(146) attacked=hero 'Garrosh Hellscream'(100)
--> Titou/Malfurion Stormrage Mana=3 Hlt=30 Att=0 Arm=0 Hnd=4 Dck=24 Min=1 Sec=0
--> Didier/Garrosh Hellscream Mana=0 Hlt=25 Att=0 Arm=0 Hnd=5 Dck=24 Min=0 Sec=0

Titou PLAY_CARD id=135 target=minion 'Acidic Swamp Ooze'(146) // name='Naturalize' cost=1 text='Destroy a minion. Your opponent draws 2 cards.'
--> Titou/Malfurion Stormrage Mana=2 Hlt=30 Att=0 Arm=0 Hnd=3 Dck=24 Min=0 Sec=0
--> Didier/Garrosh Hellscream Mana=0 Hlt=25 Att=0 Arm=0 Hnd=7 Dck=22 Min=0 Sec=0

Titou USE_HERO_POWER power=''Shapeshift' power'
--> Titou/Malfurion Stormrage Mana=0 Hlt=30 Att=0 Arm=1 Hnd=3 Dck=24 Min=0 Sec=0
--> Didier/Garrosh Hellscream Mana=0 Hlt=25 Att=0 Arm=0 Hnd=7 Dck=22 Min=0 Sec=0

Titou ATTACK attacker=hero 'Malfurion Stormrage'(131) attacked=hero 'Garrosh Hellscream'(100)
--> Titou/Malfurion Stormrage Mana=0 Hlt=30 Att=0 Arm=1 Hnd=3 Dck=24 Min=0 Sec=0
--> Didier/Garrosh Hellscream Mana=0 Hlt=24 Att=0 Arm=0 Hnd=7 Dck=22 Min=0 Sec=0

Titou PLAY_CARD id=132 // name='Innervate' cost=0 text='Gain 2 Mana Crystals this turn only.'
--> Titou/Malfurion Stormrage Mana=2 Hlt=30 Att=0 Arm=1 Hnd=2 Dck=24 Min=0 Sec=0
--> Didier/Garrosh Hellscream Mana=0 Hlt=24 Att=0 Arm=0 Hnd=7 Dck=22 Min=0 Sec=0

Titou PLAY_CARD id=137 // name='Claw' cost=1 text='Give your hero +2 Attack this turn and 2 Armor.'
--> Titou/Malfurion Stormrage Mana=1 Hlt=30 Att=0 Arm=3 Hnd=1 Dck=24 Min=0 Sec=0
--> Didier/Garrosh Hellscream Mana=0 Hlt=24 Att=0 Arm=0 Hnd=7 Dck=22 Min=0 Sec=0

NEXT_TURN

Didier PLAY_CARD id=110 // name='Heroic Strike' cost=2 text='Give your hero +4 Attack this turn.'
--> Didier/Garrosh Hellscream Mana=1 Hlt=24 Att=0 Arm=0 Hnd=7 Dck=21 Min=0 Sec=0
--> Titou/Malfurion Stormrage Mana=1 Hlt=30 Att=0 Arm=3 Hnd=1 Dck=24 Min=0 Sec=0

Didier ATTACK attacker=hero 'Garrosh Hellscream'(100) attacked=hero 'Malfurion Stormrage'(131)
--> Didier/Garrosh Hellscream Mana=1 Hlt=24 Att=0 Arm=0 Hnd=7 Dck=21 Min=0 Sec=0
--> Titou/Malfurion Stormrage Mana=1 Hlt=29 Att=0 Arm=0 Hnd=1 Dck=24 Min=0 Sec=0

NEXT_TURN

Titou PLAY_CARD id=133 // name='Innervate' cost=0 text='Gain 2 Mana Crystals this turn only.'
--> Titou/Malfurion Stormrage Mana=6 Hlt=29 Att=0 Arm=0 Hnd=1 Dck=23 Min=0 Sec=0
--> Didier/Garrosh Hellscream Mana=1 Hlt=24 Att=0 Arm=0 Hnd=7 Dck=21 Min=0 Sec=0

Titou USE_HERO_POWER power=''Shapeshift' power'
--> Titou/Malfurion Stormrage Mana=4 Hlt=29 Att=0 Arm=1 Hnd=1 Dck=23 Min=0 Sec=0
--> Didier/Garrosh Hellscream Mana=1 Hlt=24 Att=0 Arm=0 Hnd=7 Dck=21 Min=0 Sec=0

Titou ATTACK attacker=hero 'Malfurion Stormrage'(131) attacked=hero 'Garrosh Hellscream'(100)
--> Titou/Malfurion Stormrage Mana=4 Hlt=29 Att=0 Arm=1 Hnd=1 Dck=23 Min=0 Sec=0
--> Didier/Garrosh Hellscream Mana=1 Hlt=23 Att=0 Arm=0 Hnd=7 Dck=21 Min=0 Sec=0

NEXT_TURN

Didier PLAY_CARD id=120 position=0 // name='Cult Master' cost=4 text='Whenever one of your other minions dies, draw a card.'
--> Didier/Garrosh Hellscream Mana=0 Hlt=23 Att=0 Arm=0 Hnd=7 Dck=20 Min=1 Sec=0
--> Titou/Malfurion Stormrage Mana=4 Hlt=29 Att=0 Arm=1 Hnd=1 Dck=23 Min=0 Sec=0

NEXT_TURN

Titou USE_HERO_POWER power=''Shapeshift' power'
--> Titou/Malfurion Stormrage Mana=3 Hlt=29 Att=0 Arm=2 Hnd=2 Dck=22 Min=0 Sec=0
--> Didier/Garrosh Hellscream Mana=0 Hlt=23 Att=0 Arm=0 Hnd=7 Dck=20 Min=1 Sec=0

Titou ATTACK attacker=hero 'Malfurion Stormrage'(131) attacked=minion 'Cult Master'(120)
--> Titou/Malfurion Stormrage Mana=3 Hlt=27 Att=0 Arm=0 Hnd=2 Dck=22 Min=0 Sec=0
--> Didier/Garrosh Hellscream Mana=0 Hlt=23 Att=0 Arm=0 Hnd=7 Dck=20 Min=1 Sec=0

Titou PLAY_CARD id=144 target=minion 'Cult Master'(120) position=0 // name='Ironbeak Owl' cost=2 text='Battlecry: Silence a minion.'
--> Titou/Malfurion Stormrage Mana=1 Hlt=27 Att=0 Arm=0 Hnd=1 Dck=22 Min=1 Sec=0
--> Didier/Garrosh Hellscream Mana=0 Hlt=23 Att=0 Arm=0 Hnd=7 Dck=20 Min=1 Sec=0

NEXT_TURN

Didier PLAY_CARD id=128 target=hero 'Malfurion Stormrage'(131) position=1 // name='Stormpike Commando' cost=5 text='Battlecry: Deal 2 damage.'
--> Didier/Garrosh Hellscream Mana=0 Hlt=23 Att=0 Arm=0 Hnd=7 Dck=19 Min=2 Sec=0
--> Titou/Malfurion Stormrage Mana=1 Hlt=25 Att=0 Arm=0 Hnd=1 Dck=22 Min=1 Sec=0

Didier ATTACK attacker=minion 'Cult Master'(120) attacked=hero 'Malfurion Stormrage'(131)
--> Didier/Garrosh Hellscream Mana=0 Hlt=23 Att=0 Arm=0 Hnd=7 Dck=19 Min=2 Sec=0
--> Titou/Malfurion Stormrage Mana=1 Hlt=21 Att=0 Arm=0 Hnd=1 Dck=22 Min=1 Sec=0

NEXT_TURN

Titou ATTACK attacker=minion 'Ironbeak Owl'(144) attacked=minion 'Stormpike Commando'(128)
--> Titou/Malfurion Stormrage Mana=6 Hlt=21 Att=0 Arm=0 Hnd=2 Dck=21 Min=0 Sec=0
--> Didier/Garrosh Hellscream Mana=0 Hlt=23 Att=0 Arm=0 Hnd=7 Dck=19 Min=1 Sec=0

Titou PLAY_CARD id=160 // name='Force of Nature' cost=6 text='Summon three 2/2 Treants with Charge that die at the end of the turn.'
--> Titou/Malfurion Stormrage Mana=0 Hlt=21 Att=0 Arm=0 Hnd=1 Dck=21 Min=3 Sec=0
--> Didier/Garrosh Hellscream Mana=0 Hlt=23 Att=0 Arm=0 Hnd=7 Dck=19 Min=1 Sec=0

Titou ATTACK attacker=minion 'Treant'(165) attacked=hero 'Garrosh Hellscream'(100)
--> Titou/Malfurion Stormrage Mana=0 Hlt=21 Att=0 Arm=0 Hnd=1 Dck=21 Min=3 Sec=0
--> Didier/Garrosh Hellscream Mana=0 Hlt=21 Att=0 Arm=0 Hnd=7 Dck=19 Min=1 Sec=0

Titou ATTACK attacker=minion 'Treant'(164) attacked=hero 'Garrosh Hellscream'(100)
--> Titou/Malfurion Stormrage Mana=0 Hlt=21 Att=0 Arm=0 Hnd=1 Dck=21 Min=3 Sec=0
--> Didier/Garrosh Hellscream Mana=0 Hlt=19 Att=0 Arm=0 Hnd=7 Dck=19 Min=1 Sec=0

Titou ATTACK attacker=minion 'Treant'(166) attacked=minion 'Cult Master'(120)
--> Titou/Malfurion Stormrage Mana=0 Hlt=21 Att=0 Arm=0 Hnd=1 Dck=21 Min=2 Sec=0
--> Didier/Garrosh Hellscream Mana=0 Hlt=19 Att=0 Arm=0 Hnd=7 Dck=19 Min=0 Sec=0

NEXT_TURN

Didier USE_HERO_POWER power=''Armor Up!' power'
--> Didier/Garrosh Hellscream Mana=4 Hlt=19 Att=0 Arm=2 Hnd=8 Dck=18 Min=0 Sec=0
--> Titou/Malfurion Stormrage Mana=0 Hlt=21 Att=0 Arm=0 Hnd=1 Dck=21 Min=0 Sec=0

Didier PLAY_CARD id=121 position=0 // name='Cult Master' cost=4 text='Whenever one of your other minions dies, draw a card.'
--> Didier/Garrosh Hellscream Mana=0 Hlt=19 Att=0 Arm=2 Hnd=7 Dck=18 Min=1 Sec=0
--> Titou/Malfurion Stormrage Mana=0 Hlt=21 Att=0 Arm=0 Hnd=1 Dck=21 Min=0 Sec=0

NEXT_TURN

Titou USE_HERO_POWER power=''Shapeshift' power'
--> Titou/Malfurion Stormrage Mana=5 Hlt=21 Att=0 Arm=1 Hnd=2 Dck=20 Min=0 Sec=0
--> Didier/Garrosh Hellscream Mana=0 Hlt=19 Att=0 Arm=2 Hnd=7 Dck=18 Min=1 Sec=0

Titou ATTACK attacker=hero 'Malfurion Stormrage'(131) attacked=minion 'Cult Master'(121)
--> Titou/Malfurion Stormrage Mana=5 Hlt=18 Att=0 Arm=0 Hnd=2 Dck=20 Min=0 Sec=0
--> Didier/Garrosh Hellscream Mana=0 Hlt=19 Att=0 Arm=2 Hnd=7 Dck=18 Min=1 Sec=0

Titou PLAY_CARD id=156 choice='Charge' position=0 // name='Druid of the Claw' cost=5 text='Choose One - Charge; or +2 Health and Taunt.'
--> Titou/Malfurion Stormrage Mana=0 Hlt=18 Att=0 Arm=0 Hnd=1 Dck=20 Min=1 Sec=0
--> Didier/Garrosh Hellscream Mana=0 Hlt=19 Att=0 Arm=2 Hnd=7 Dck=18 Min=1 Sec=0

Titou ATTACK attacker=minion 'Druid of the Claw'(156) attacked=hero 'Garrosh Hellscream'(100)
--> Titou/Malfurion Stormrage Mana=0 Hlt=18 Att=0 Arm=0 Hnd=1 Dck=20 Min=1 Sec=0
--> Didier/Garrosh Hellscream Mana=0 Hlt=17 Att=0 Arm=0 Hnd=7 Dck=18 Min=1 Sec=0

NEXT_TURN

Didier PLAY_CARD id=127 position=1 // name='Gurubashi Berserker' cost=5 text='Whenever this minion takes damage, gain +3 Attack.'
--> Didier/Garrosh Hellscream Mana=2 Hlt=17 Att=0 Arm=0 Hnd=7 Dck=17 Min=2 Sec=0
--> Titou/Malfurion Stormrage Mana=0 Hlt=18 Att=0 Arm=0 Hnd=1 Dck=20 Min=1 Sec=0

Didier USE_HERO_POWER power=''Armor Up!' power'
--> Didier/Garrosh Hellscream Mana=0 Hlt=17 Att=0 Arm=2 Hnd=7 Dck=17 Min=2 Sec=0
--> Titou/Malfurion Stormrage Mana=0 Hlt=18 Att=0 Arm=0 Hnd=1 Dck=20 Min=1 Sec=0

Didier ATTACK attacker=minion 'Cult Master'(121) attacked=hero 'Malfurion Stormrage'(131)
--> Didier/Garrosh Hellscream Mana=0 Hlt=17 Att=0 Arm=2 Hnd=7 Dck=17 Min=2 Sec=0
--> Titou/Malfurion Stormrage Mana=0 Hlt=14 Att=0 Arm=0 Hnd=1 Dck=20 Min=1 Sec=0

NEXT_TURN

Titou USE_HERO_POWER power=''Shapeshift' power'
--> Titou/Malfurion Stormrage Mana=6 Hlt=14 Att=0 Arm=1 Hnd=2 Dck=19 Min=1 Sec=0
--> Didier/Garrosh Hellscream Mana=0 Hlt=17 Att=0 Arm=2 Hnd=7 Dck=17 Min=2 Sec=0

Titou ATTACK attacker=hero 'Malfurion Stormrage'(131) attacked=minion 'Cult Master'(121)
--> Titou/Malfurion Stormrage Mana=6 Hlt=11 Att=0 Arm=0 Hnd=2 Dck=19 Min=1 Sec=0
--> Didier/Garrosh Hellscream Mana=0 Hlt=17 Att=0 Arm=2 Hnd=7 Dck=17 Min=1 Sec=0

Titou PLAY_CARD id=154 position=1 // name='Azure Drake' cost=5 text='Spell Damage +1. Battlecry: Draw a card.'
--> Titou/Malfurion Stormrage Mana=1 Hlt=11 Att=0 Arm=0 Hnd=2 Dck=18 Min=2 Sec=0
--> Didier/Garrosh Hellscream Mana=0 Hlt=17 Att=0 Arm=2 Hnd=7 Dck=17 Min=1 Sec=0

Titou ATTACK attacker=minion 'Druid of the Claw'(156) attacked=minion 'Gurubashi Berserker'(127)
--> Titou/Malfurion Stormrage Mana=1 Hlt=11 Att=0 Arm=0 Hnd=2 Dck=18 Min=2 Sec=0
--> Didier/Garrosh Hellscream Mana=0 Hlt=17 Att=0 Arm=2 Hnd=7 Dck=17 Min=1 Sec=0

NEXT_TURN

Didier PLAY_CARD id=114 position=1 // name='Frothing Berserker' cost=3 text='Whenever a minion takes damage, gain +1 Attack.'
--> Didier/Garrosh Hellscream Mana=5 Hlt=17 Att=0 Arm=2 Hnd=7 Dck=16 Min=2 Sec=0
--> Titou/Malfurion Stormrage Mana=1 Hlt=11 Att=0 Arm=0 Hnd=2 Dck=18 Min=2 Sec=0

Didier PLAY_CARD id=119 position=2 // name='Arathi Weaponsmith' cost=4 text='Battlecry: Equip a 2/2 weapon.'
--> Didier/Garrosh Hellscream Mana=1 Hlt=17 Att=0 Arm=2 Hnd=6 Dck=16 Min=3 Sec=0
--> Titou/Malfurion Stormrage Mana=1 Hlt=11 Att=0 Arm=0 Hnd=2 Dck=18 Min=2 Sec=0

Didier ATTACK attacker=hero 'Garrosh Hellscream'(100) attacked=hero 'Malfurion Stormrage'(131)
--> Didier/Garrosh Hellscream Mana=1 Hlt=17 Att=0 Arm=2 Hnd=6 Dck=16 Min=3 Sec=0
--> Titou/Malfurion Stormrage Mana=1 Hlt=9 Att=0 Arm=0 Hnd=2 Dck=18 Min=2 Sec=0

Didier ATTACK attacker=minion 'Gurubashi Berserker'(127) attacked=minion 'Druid of the Claw'(156)
--> Didier/Garrosh Hellscream Mana=1 Hlt=17 Att=0 Arm=2 Hnd=6 Dck=16 Min=2 Sec=0
--> Titou/Malfurion Stormrage Mana=1 Hlt=9 Att=0 Arm=0 Hnd=2 Dck=18 Min=1 Sec=0

NEXT_TURN

Titou PLAY_CARD id=158 target=minion 'Azure Drake'(154) // name='Starfire' cost=6 text='Deal 5 damage. Draw a card.'
--> Titou/Malfurion Stormrage Mana=3 Hlt=9 Att=0 Arm=0 Hnd=3 Dck=16 Min=0 Sec=0
--> Didier/Garrosh Hellscream Mana=1 Hlt=17 Att=0 Arm=2 Hnd=6 Dck=16 Min=2 Sec=0

Titou USE_HERO_POWER power=''Shapeshift' power'
--> Titou/Malfurion Stormrage Mana=1 Hlt=9 Att=0 Arm=1 Hnd=3 Dck=16 Min=0 Sec=0
--> Didier/Garrosh Hellscream Mana=1 Hlt=17 Att=0 Arm=2 Hnd=6 Dck=16 Min=2 Sec=0

Titou ATTACK attacker=hero 'Malfurion Stormrage'(131) attacked=hero 'Garrosh Hellscream'(100)
--> Titou/Malfurion Stormrage Mana=1 Hlt=8 Att=0 Arm=0 Hnd=3 Dck=16 Min=0 Sec=0
--> Didier/Garrosh Hellscream Mana=1 Hlt=17 Att=0 Arm=1 Hnd=6 Dck=16 Min=2 Sec=0

NEXT_TURN

Didier PLAY_CARD id=118 position=1 // name='Arathi Weaponsmith' cost=4 text='Battlecry: Equip a 2/2 weapon.'
--> Didier/Garrosh Hellscream Mana=5 Hlt=17 Att=0 Arm=1 Hnd=6 Dck=15 Min=3 Sec=0
--> Titou/Malfurion Stormrage Mana=1 Hlt=8 Att=0 Arm=0 Hnd=3 Dck=16 Min=0 Sec=0

Didier ATTACK attacker=hero 'Garrosh Hellscream'(100) attacked=hero 'Malfurion Stormrage'(131)
--> Didier/Garrosh Hellscream Mana=5 Hlt=17 Att=0 Arm=1 Hnd=6 Dck=15 Min=3 Sec=0
--> Titou/Malfurion Stormrage Mana=1 Hlt=6 Att=0 Arm=0 Hnd=3 Dck=16 Min=0 Sec=0

Didier PLAY_CARD id=115 position=1 // name='Frothing Berserker' cost=3 text='Whenever a minion takes damage, gain +1 Attack.'
--> Didier/Garrosh Hellscream Mana=2 Hlt=17 Att=0 Arm=1 Hnd=5 Dck=15 Min=4 Sec=0
--> Titou/Malfurion Stormrage Mana=1 Hlt=6 Att=0 Arm=0 Hnd=3 Dck=16 Min=0 Sec=0

Didier USE_HERO_POWER power=''Armor Up!' power'
--> Didier/Garrosh Hellscream Mana=0 Hlt=17 Att=0 Arm=3 Hnd=5 Dck=15 Min=4 Sec=0
--> Titou/Malfurion Stormrage Mana=1 Hlt=6 Att=0 Arm=0 Hnd=3 Dck=16 Min=0 Sec=0

Didier ATTACK attacker=minion 'Frothing Berserker'(114) attacked=hero 'Malfurion Stormrage'(131)
--> Didier/Garrosh Hellscream Mana=0 Hlt=17 Att=0 Arm=3 Hnd=5 Dck=15 Min=4 Sec=0
--> Titou/Malfurion Stormrage Mana=1 Hlt=1 Att=0 Arm=0 Hnd=3 Dck=16 Min=0 Sec=0

Didier ATTACK attacker=minion 'Arathi Weaponsmith'(119) attacked=hero 'Malfurion Stormrage'(131)
--> Didier/Garrosh Hellscream Mana=0 Hlt=17 Att=0 Arm=3 Hnd=5 Dck=15 Min=4 Sec=0
--> Titou/Malfurion Stormrage Mana=1 Hlt=-2 Att=0 Arm=0 Hnd=3 Dck=16 Min=0 Sec=0

Didier wins
Titou looses
