Active player = Titou
--> Titou/Malfurion Stormrage Mana=1 Hlt=30 Att=0 Arm=0 Hnd=4 Dck=26 Min=0 Sec=0
Opponent = Didier
--> Didier/Garrosh Hellscream Mana=0 Hlt=30 Att=0 Arm=0 Hnd=5 Dck=26 Min=0 Sec=0

NEXT_TURN

Didier PLAY_CARD id=162 // name='The Coin' cost=0 text='Gain 1 Mana Crystal this turn only.'
--> Didier/Garrosh Hellscream Mana=2 Hlt=30 Att=0 Arm=0 Hnd=5 Dck=25 Min=0 Sec=0
--> Titou/Malfurion Stormrage Mana=1 Hlt=30 Att=0 Arm=0 Hnd=4 Dck=26 Min=0 Sec=0

Didier PLAY_CARD id=107 // name='Fiery War Axe' cost=2 text='null'
--> Didier/Garrosh Hellscream Mana=0 Hlt=30 Att=0 Arm=0 Hnd=4 Dck=25 Min=0 Sec=0
--> Titou/Malfurion Stormrage Mana=1 Hlt=30 Att=0 Arm=0 Hnd=4 Dck=26 Min=0 Sec=0

Didier ATTACK attacker=hero 'Garrosh Hellscream'(100) attacked=hero 'Malfurion Stormrage'(131)
--> Didier/Garrosh Hellscream Mana=0 Hlt=30 Att=0 Arm=0 Hnd=4 Dck=25 Min=0 Sec=0
--> Titou/Malfurion Stormrage Mana=1 Hlt=27 Att=0 Arm=0 Hnd=4 Dck=26 Min=0 Sec=0

NEXT_TURN

Titou PLAY_CARD id=144 position=0 // name='Ironbeak Owl' cost=2 text='Battlecry: Silence a minion.'
--> Titou/Malfurion Stormrage Mana=0 Hlt=27 Att=0 Arm=0 Hnd=4 Dck=25 Min=1 Sec=0
--> Didier/Garrosh Hellscream Mana=0 Hlt=30 Att=0 Arm=0 Hnd=4 Dck=25 Min=0 Sec=0

NEXT_TURN

Didier ATTACK attacker=hero 'Garrosh Hellscream'(100) attacked=hero 'Malfurion Stormrage'(131)
--> Didier/Garrosh Hellscream Mana=2 Hlt=30 Att=0 Arm=0 Hnd=5 Dck=24 Min=0 Sec=0
--> Titou/Malfurion Stormrage Mana=0 Hlt=24 Att=0 Arm=0 Hnd=4 Dck=25 Min=1 Sec=0

Didier USE_HERO_POWER power=''Armor Up!' power'
--> Didier/Garrosh Hellscream Mana=0 Hlt=30 Att=0 Arm=2 Hnd=5 Dck=24 Min=0 Sec=0
--> Titou/Malfurion Stormrage Mana=0 Hlt=24 Att=0 Arm=0 Hnd=4 Dck=25 Min=1 Sec=0

NEXT_TURN

Titou ATTACK attacker=minion 'Ironbeak Owl'(144) attacked=hero 'Garrosh Hellscream'(100)
--> Titou/Malfurion Stormrage Mana=3 Hlt=24 Att=0 Arm=0 Hnd=5 Dck=24 Min=1 Sec=0
--> Didier/Garrosh Hellscream Mana=0 Hlt=30 Att=0 Arm=0 Hnd=5 Dck=24 Min=0 Sec=0

Titou USE_HERO_POWER power=''Shapeshift' power'
--> Titou/Malfurion Stormrage Mana=1 Hlt=24 Att=0 Arm=1 Hnd=5 Dck=24 Min=1 Sec=0
--> Didier/Garrosh Hellscream Mana=0 Hlt=30 Att=0 Arm=0 Hnd=5 Dck=24 Min=0 Sec=0

Titou ATTACK attacker=hero 'Malfurion Stormrage'(131) attacked=hero 'Garrosh Hellscream'(100)
--> Titou/Malfurion Stormrage Mana=1 Hlt=24 Att=0 Arm=1 Hnd=5 Dck=24 Min=1 Sec=0
--> Didier/Garrosh Hellscream Mana=0 Hlt=29 Att=0 Arm=0 Hnd=5 Dck=24 Min=0 Sec=0

NEXT_TURN

Didier PLAY_CARD id=106 // name='Whirlwind' cost=1 text='Deal 1 damage to ALL minions.'
--> Didier/Garrosh Hellscream Mana=2 Hlt=29 Att=0 Arm=0 Hnd=5 Dck=23 Min=0 Sec=0
--> Titou/Malfurion Stormrage Mana=1 Hlt=24 Att=0 Arm=1 Hnd=5 Dck=24 Min=0 Sec=0

Didier USE_HERO_POWER power=''Armor Up!' power'
--> Didier/Garrosh Hellscream Mana=0 Hlt=29 Att=0 Arm=2 Hnd=5 Dck=23 Min=0 Sec=0
--> Titou/Malfurion Stormrage Mana=1 Hlt=24 Att=0 Arm=1 Hnd=5 Dck=24 Min=0 Sec=0

NEXT_TURN

Titou USE_HERO_POWER power=''Shapeshift' power'
--> Titou/Malfurion Stormrage Mana=2 Hlt=24 Att=0 Arm=2 Hnd=6 Dck=23 Min=0 Sec=0
--> Didier/Garrosh Hellscream Mana=0 Hlt=29 Att=0 Arm=2 Hnd=5 Dck=23 Min=0 Sec=0

Titou ATTACK attacker=hero 'Malfurion Stormrage'(131) attacked=hero 'Garrosh Hellscream'(100)
--> Titou/Malfurion Stormrage Mana=2 Hlt=24 Att=0 Arm=2 Hnd=6 Dck=23 Min=0 Sec=0
--> Didier/Garrosh Hellscream Mana=0 Hlt=29 Att=0 Arm=1 Hnd=5 Dck=23 Min=0 Sec=0

NEXT_TURN

Didier USE_HERO_POWER power=''Armor Up!' power'
--> Didier/Garrosh Hellscream Mana=2 Hlt=29 Att=0 Arm=3 Hnd=6 Dck=22 Min=0 Sec=0
--> Titou/Malfurion Stormrage Mana=2 Hlt=24 Att=0 Arm=2 Hnd=6 Dck=23 Min=0 Sec=0

NEXT_TURN

Titou PLAY_CARD id=156 choice='Charge' position=0 // name='Druid of the Claw' cost=5 text='Choose One - Charge; or +2 Health and Taunt.'
--> Titou/Malfurion Stormrage Mana=0 Hlt=24 Att=0 Arm=2 Hnd=6 Dck=22 Min=1 Sec=0
--> Didier/Garrosh Hellscream Mana=2 Hlt=29 Att=0 Arm=3 Hnd=6 Dck=22 Min=0 Sec=0

Titou ATTACK attacker=minion 'Druid of the Claw'(156) attacked=hero 'Garrosh Hellscream'(100)
--> Titou/Malfurion Stormrage Mana=0 Hlt=24 Att=0 Arm=2 Hnd=6 Dck=22 Min=1 Sec=0
--> Didier/Garrosh Hellscream Mana=2 Hlt=28 Att=0 Arm=0 Hnd=6 Dck=22 Min=0 Sec=0

NEXT_TURN

Didier PLAY_CARD id=109 // name='Heroic Strike' cost=2 text='Give your hero +4 Attack this turn.'
--> Didier/Garrosh Hellscream Mana=3 Hlt=28 Att=0 Arm=0 Hnd=6 Dck=21 Min=0 Sec=0
--> Titou/Malfurion Stormrage Mana=0 Hlt=24 Att=0 Arm=2 Hnd=6 Dck=22 Min=1 Sec=0

Didier ATTACK attacker=hero 'Garrosh Hellscream'(100) attacked=hero 'Malfurion Stormrage'(131)
--> Didier/Garrosh Hellscream Mana=3 Hlt=28 Att=0 Arm=0 Hnd=6 Dck=21 Min=0 Sec=0
--> Titou/Malfurion Stormrage Mana=0 Hlt=22 Att=0 Arm=0 Hnd=6 Dck=22 Min=1 Sec=0

Didier USE_HERO_POWER power=''Armor Up!' power'
--> Didier/Garrosh Hellscream Mana=1 Hlt=28 Att=0 Arm=2 Hnd=6 Dck=21 Min=0 Sec=0
--> Titou/Malfurion Stormrage Mana=0 Hlt=22 Att=0 Arm=0 Hnd=6 Dck=22 Min=1 Sec=0

NEXT_TURN

Titou PLAY_CARD id=158 target=hero 'Malfurion Stormrage'(131) // name='Starfire' cost=6 text='Deal 5 damage. Draw a card.'
--> Titou/Malfurion Stormrage Mana=0 Hlt=17 Att=0 Arm=0 Hnd=7 Dck=20 Min=1 Sec=0
--> Didier/Garrosh Hellscream Mana=1 Hlt=28 Att=0 Arm=2 Hnd=6 Dck=21 Min=0 Sec=0

Titou ATTACK attacker=minion 'Druid of the Claw'(156) attacked=hero 'Garrosh Hellscream'(100)
--> Titou/Malfurion Stormrage Mana=0 Hlt=17 Att=0 Arm=0 Hnd=7 Dck=20 Min=1 Sec=0
--> Didier/Garrosh Hellscream Mana=1 Hlt=26 Att=0 Arm=0 Hnd=6 Dck=21 Min=0 Sec=0

NEXT_TURN

Didier PLAY_CARD id=126 position=0 // name='Gurubashi Berserker' cost=5 text='Whenever this minion takes damage, gain +3 Attack.'
--> Didier/Garrosh Hellscream Mana=1 Hlt=26 Att=0 Arm=0 Hnd=6 Dck=20 Min=1 Sec=0
--> Titou/Malfurion Stormrage Mana=0 Hlt=17 Att=0 Arm=0 Hnd=7 Dck=20 Min=1 Sec=0

NEXT_TURN

Titou PLAY_CARD id=149 position=0 // name='Thrallmar Farseer' cost=3 text='Windfury'
--> Titou/Malfurion Stormrage Mana=4 Hlt=17 Att=0 Arm=0 Hnd=7 Dck=19 Min=2 Sec=0
--> Didier/Garrosh Hellscream Mana=1 Hlt=26 Att=0 Arm=0 Hnd=6 Dck=20 Min=1 Sec=0

Titou PLAY_CARD id=139 choice='Deal 3 damage to a minion' target=minion 'Druid of the Claw'(156) // name='Wrath' cost=2 text='Choose One - Deal 3 damage to a minion; or 1 damage and draw a card.'
--> Titou/Malfurion Stormrage Mana=2 Hlt=17 Att=0 Arm=0 Hnd=6 Dck=19 Min=2 Sec=0
--> Didier/Garrosh Hellscream Mana=1 Hlt=26 Att=0 Arm=0 Hnd=6 Dck=20 Min=1 Sec=0

Titou ATTACK attacker=minion 'Druid of the Claw'(156) attacked=hero 'Garrosh Hellscream'(100)
--> Titou/Malfurion Stormrage Mana=2 Hlt=17 Att=0 Arm=0 Hnd=6 Dck=19 Min=2 Sec=0
--> Didier/Garrosh Hellscream Mana=1 Hlt=22 Att=0 Arm=0 Hnd=6 Dck=20 Min=1 Sec=0

Titou USE_HERO_POWER power=''Shapeshift' power'
--> Titou/Malfurion Stormrage Mana=0 Hlt=17 Att=0 Arm=1 Hnd=6 Dck=19 Min=2 Sec=0
--> Didier/Garrosh Hellscream Mana=1 Hlt=22 Att=0 Arm=0 Hnd=6 Dck=20 Min=1 Sec=0

Titou ATTACK attacker=hero 'Malfurion Stormrage'(131) attacked=minion 'Gurubashi Berserker'(126)
--> Titou/Malfurion Stormrage Mana=0 Hlt=16 Att=0 Arm=0 Hnd=6 Dck=19 Min=2 Sec=0
--> Didier/Garrosh Hellscream Mana=1 Hlt=22 Att=0 Arm=0 Hnd=6 Dck=20 Min=1 Sec=0

NEXT_TURN

Didier ATTACK attacker=minion 'Gurubashi Berserker'(126) attacked=hero 'Malfurion Stormrage'(131)
--> Didier/Garrosh Hellscream Mana=7 Hlt=22 Att=0 Arm=0 Hnd=7 Dck=19 Min=1 Sec=0
--> Titou/Malfurion Stormrage Mana=0 Hlt=11 Att=0 Arm=0 Hnd=6 Dck=19 Min=2 Sec=0

Didier PLAY_CARD id=127 position=1 // name='Gurubashi Berserker' cost=5 text='Whenever this minion takes damage, gain +3 Attack.'
--> Didier/Garrosh Hellscream Mana=2 Hlt=22 Att=0 Arm=0 Hnd=6 Dck=19 Min=2 Sec=0
--> Titou/Malfurion Stormrage Mana=0 Hlt=11 Att=0 Arm=0 Hnd=6 Dck=19 Min=2 Sec=0

Didier PLAY_CARD id=103 target=minion 'Druid of the Claw'(156) // name='Execute' cost=1 text='Destroy a damaged enemy minion.'
--> Didier/Garrosh Hellscream Mana=1 Hlt=22 Att=0 Arm=0 Hnd=5 Dck=19 Min=2 Sec=0
--> Titou/Malfurion Stormrage Mana=0 Hlt=11 Att=0 Arm=0 Hnd=6 Dck=19 Min=1 Sec=0

NEXT_TURN

Titou PLAY_CARD id=151 target=minion 'Gurubashi Berserker'(127) // name='Swipe' cost=4 text='Deal 4 damage to an enemy and 1 damage to all other enemies.'
--> Titou/Malfurion Stormrage Mana=4 Hlt=11 Att=0 Arm=0 Hnd=6 Dck=18 Min=1 Sec=0
--> Didier/Garrosh Hellscream Mana=1 Hlt=22 Att=0 Arm=0 Hnd=5 Dck=19 Min=2 Sec=0

Titou ATTACK attacker=minion 'Thrallmar Farseer'(149) attacked=minion 'Gurubashi Berserker'(127)
--> Titou/Malfurion Stormrage Mana=4 Hlt=11 Att=0 Arm=0 Hnd=6 Dck=18 Min=0 Sec=0
--> Didier/Garrosh Hellscream Mana=1 Hlt=22 Att=0 Arm=0 Hnd=5 Dck=19 Min=2 Sec=0

Titou USE_HERO_POWER power=''Shapeshift' power'
--> Titou/Malfurion Stormrage Mana=2 Hlt=11 Att=0 Arm=1 Hnd=6 Dck=18 Min=0 Sec=0
--> Didier/Garrosh Hellscream Mana=1 Hlt=22 Att=0 Arm=0 Hnd=5 Dck=19 Min=2 Sec=0

Titou ATTACK attacker=hero 'Malfurion Stormrage'(131) attacked=minion 'Gurubashi Berserker'(126)
--> Titou/Malfurion Stormrage Mana=2 Hlt=4 Att=0 Arm=0 Hnd=6 Dck=18 Min=0 Sec=0
--> Didier/Garrosh Hellscream Mana=1 Hlt=22 Att=0 Arm=0 Hnd=5 Dck=19 Min=2 Sec=0

NEXT_TURN

Didier PLAY_CARD id=123 position=2 // name='Kor'kron Elite' cost=4 text='Charge'
--> Didier/Garrosh Hellscream Mana=4 Hlt=22 Att=0 Arm=0 Hnd=5 Dck=18 Min=3 Sec=0
--> Titou/Malfurion Stormrage Mana=2 Hlt=4 Att=0 Arm=0 Hnd=6 Dck=18 Min=0 Sec=0

Didier PLAY_CARD id=115 position=0 // name='Frothing Berserker' cost=3 text='Whenever a minion takes damage, gain +1 Attack.'
--> Didier/Garrosh Hellscream Mana=1 Hlt=22 Att=0 Arm=0 Hnd=4 Dck=18 Min=4 Sec=0
--> Titou/Malfurion Stormrage Mana=2 Hlt=4 Att=0 Arm=0 Hnd=6 Dck=18 Min=0 Sec=0

Didier ATTACK attacker=minion 'Gurubashi Berserker'(126) attacked=hero 'Malfurion Stormrage'(131)
--> Didier/Garrosh Hellscream Mana=1 Hlt=22 Att=0 Arm=0 Hnd=4 Dck=18 Min=4 Sec=0
--> Titou/Malfurion Stormrage Mana=2 Hlt=-7 Att=0 Arm=0 Hnd=6 Dck=18 Min=0 Sec=0

Didier wins
Titou looses
