Active player = Titou
--> Titou/Malfurion Stormrage Mana=1 Hlt=30 Att=0 Arm=0 Hnd=4 Dck=26 Min=0 Sec=0
Opponent = Didier
--> Didier/Garrosh Hellscream Mana=0 Hlt=30 Att=0 Arm=0 Hnd=5 Dck=26 Min=0 Sec=0

Titou PLAY_CARD id=132 // name='Innervate' cost=0 text='Gain 2 Mana Crystals this turn only.'
--> Titou/Malfurion Stormrage Mana=3 Hlt=30 Att=0 Arm=0 Hnd=3 Dck=26 Min=0 Sec=0
--> Didier/Garrosh Hellscream Mana=0 Hlt=30 Att=0 Arm=0 Hnd=5 Dck=26 Min=0 Sec=0

Titou PLAY_CARD id=136 // name='Claw' cost=1 text='Give your hero +2 Attack this turn and 2 Armor.'
--> Titou/Malfurion Stormrage Mana=2 Hlt=30 Att=0 Arm=2 Hnd=2 Dck=26 Min=0 Sec=0
--> Didier/Garrosh Hellscream Mana=0 Hlt=30 Att=0 Arm=0 Hnd=5 Dck=26 Min=0 Sec=0

Titou USE_HERO_POWER power=''Shapeshift' power'
--> Titou/Malfurion Stormrage Mana=0 Hlt=30 Att=0 Arm=3 Hnd=2 Dck=26 Min=0 Sec=0
--> Didier/Garrosh Hellscream Mana=0 Hlt=30 Att=0 Arm=0 Hnd=5 Dck=26 Min=0 Sec=0

Titou ATTACK attacker=hero 'Malfurion Stormrage'(131) attacked=hero 'Garrosh Hellscream'(100)
--> Titou/Malfurion Stormrage Mana=0 Hlt=30 Att=0 Arm=3 Hnd=2 Dck=26 Min=0 Sec=0
--> Didier/Garrosh Hellscream Mana=0 Hlt=27 Att=0 Arm=0 Hnd=5 Dck=26 Min=0 Sec=0

NEXT_TURN

Didier PLAY_CARD id=106 // name='Whirlwind' cost=1 text='Deal 1 damage to ALL minions.'
--> Didier/Garrosh Hellscream Mana=0 Hlt=27 Att=0 Arm=0 Hnd=5 Dck=25 Min=0 Sec=0
--> Titou/Malfurion Stormrage Mana=0 Hlt=30 Att=0 Arm=3 Hnd=2 Dck=26 Min=0 Sec=0

Didier PLAY_CARD id=162 // name='The Coin' cost=0 text='Gain 1 Mana Crystal this turn only.'
--> Didier/Garrosh Hellscream Mana=1 Hlt=27 Att=0 Arm=0 Hnd=4 Dck=25 Min=0 Sec=0
--> Titou/Malfurion Stormrage Mana=0 Hlt=30 Att=0 Arm=3 Hnd=2 Dck=26 Min=0 Sec=0

NEXT_TURN

Titou USE_HERO_POWER power=''Shapeshift' power'
--> Titou/Malfurion Stormrage Mana=0 Hlt=30 Att=0 Arm=4 Hnd=3 Dck=25 Min=0 Sec=0
--> Didier/Garrosh Hellscream Mana=1 Hlt=27 Att=0 Arm=0 Hnd=4 Dck=25 Min=0 Sec=0

Titou ATTACK attacker=hero 'Malfurion Stormrage'(131) attacked=hero 'Garrosh Hellscream'(100)
--> Titou/Malfurion Stormrage Mana=0 Hlt=30 Att=0 Arm=4 Hnd=3 Dck=25 Min=0 Sec=0
--> Didier/Garrosh Hellscream Mana=1 Hlt=26 Att=0 Arm=0 Hnd=4 Dck=25 Min=0 Sec=0

NEXT_TURN

Didier USE_HERO_POWER power=''Armor Up!' power'
--> Didier/Garrosh Hellscream Mana=0 Hlt=26 Att=0 Arm=2 Hnd=5 Dck=24 Min=0 Sec=0
--> Titou/Malfurion Stormrage Mana=0 Hlt=30 Att=0 Arm=4 Hnd=3 Dck=25 Min=0 Sec=0

NEXT_TURN

Titou USE_HERO_POWER power=''Shapeshift' power'
--> Titou/Malfurion Stormrage Mana=1 Hlt=30 Att=0 Arm=5 Hnd=4 Dck=24 Min=0 Sec=0
--> Didier/Garrosh Hellscream Mana=0 Hlt=26 Att=0 Arm=2 Hnd=5 Dck=24 Min=0 Sec=0

Titou ATTACK attacker=hero 'Malfurion Stormrage'(131) attacked=hero 'Garrosh Hellscream'(100)
--> Titou/Malfurion Stormrage Mana=1 Hlt=30 Att=0 Arm=5 Hnd=4 Dck=24 Min=0 Sec=0
--> Didier/Garrosh Hellscream Mana=0 Hlt=26 Att=0 Arm=1 Hnd=5 Dck=24 Min=0 Sec=0

NEXT_TURN

Didier PLAY_CARD id=117 position=0 // name='Thrallmar Farseer' cost=3 text='Windfury'
--> Didier/Garrosh Hellscream Mana=0 Hlt=26 Att=0 Arm=1 Hnd=5 Dck=23 Min=1 Sec=0
--> Titou/Malfurion Stormrage Mana=1 Hlt=30 Att=0 Arm=5 Hnd=4 Dck=24 Min=0 Sec=0

NEXT_TURN

Titou PLAY_CARD id=152 target=minion 'Thrallmar Farseer'(117) // name='Swipe' cost=4 text='Deal 4 damage to an enemy and 1 damage to all other enemies.'
--> Titou/Malfurion Stormrage Mana=0 Hlt=30 Att=0 Arm=5 Hnd=4 Dck=23 Min=0 Sec=0
--> Didier/Garrosh Hellscream Mana=0 Hlt=26 Att=0 Arm=1 Hnd=5 Dck=23 Min=0 Sec=0

Titou PLAY_CARD id=133 // name='Innervate' cost=0 text='Gain 2 Mana Crystals this turn only.'
--> Titou/Malfurion Stormrage Mana=2 Hlt=30 Att=0 Arm=5 Hnd=3 Dck=23 Min=0 Sec=0
--> Didier/Garrosh Hellscream Mana=0 Hlt=26 Att=0 Arm=1 Hnd=5 Dck=23 Min=0 Sec=0

Titou USE_HERO_POWER power=''Shapeshift' power'
--> Titou/Malfurion Stormrage Mana=0 Hlt=30 Att=0 Arm=6 Hnd=3 Dck=23 Min=0 Sec=0
--> Didier/Garrosh Hellscream Mana=0 Hlt=26 Att=0 Arm=1 Hnd=5 Dck=23 Min=0 Sec=0

Titou ATTACK attacker=hero 'Malfurion Stormrage'(131) attacked=hero 'Garrosh Hellscream'(100)
--> Titou/Malfurion Stormrage Mana=0 Hlt=30 Att=0 Arm=6 Hnd=3 Dck=23 Min=0 Sec=0
--> Didier/Garrosh Hellscream Mana=0 Hlt=26 Att=0 Arm=0 Hnd=5 Dck=23 Min=0 Sec=0

NEXT_TURN

Didier USE_HERO_POWER power=''Armor Up!' power'
--> Didier/Garrosh Hellscream Mana=2 Hlt=26 Att=0 Arm=2 Hnd=6 Dck=22 Min=0 Sec=0
--> Titou/Malfurion Stormrage Mana=0 Hlt=30 Att=0 Arm=6 Hnd=3 Dck=23 Min=0 Sec=0

Didier PLAY_CARD id=109 // name='Heroic Strike' cost=2 text='Give your hero +4 Attack this turn.'
--> Didier/Garrosh Hellscream Mana=0 Hlt=26 Att=0 Arm=2 Hnd=5 Dck=22 Min=0 Sec=0
--> Titou/Malfurion Stormrage Mana=0 Hlt=30 Att=0 Arm=6 Hnd=3 Dck=23 Min=0 Sec=0

Didier ATTACK attacker=hero 'Garrosh Hellscream'(100) attacked=hero 'Malfurion Stormrage'(131)
--> Didier/Garrosh Hellscream Mana=0 Hlt=26 Att=0 Arm=2 Hnd=5 Dck=22 Min=0 Sec=0
--> Titou/Malfurion Stormrage Mana=0 Hlt=30 Att=0 Arm=2 Hnd=3 Dck=23 Min=0 Sec=0

NEXT_TURN

Titou PLAY_CARD id=151 target=hero 'Garrosh Hellscream'(100) // name='Swipe' cost=4 text='Deal 4 damage to an enemy and 1 damage to all other enemies.'
--> Titou/Malfurion Stormrage Mana=1 Hlt=30 Att=0 Arm=2 Hnd=3 Dck=22 Min=0 Sec=0
--> Didier/Garrosh Hellscream Mana=0 Hlt=22 Att=0 Arm=2 Hnd=5 Dck=22 Min=0 Sec=0

NEXT_TURN

Didier PLAY_CARD id=127 position=0 // name='Gurubashi Berserker' cost=5 text='Whenever this minion takes damage, gain +3 Attack.'
--> Didier/Garrosh Hellscream Mana=0 Hlt=22 Att=0 Arm=2 Hnd=5 Dck=21 Min=1 Sec=0
--> Titou/Malfurion Stormrage Mana=1 Hlt=30 Att=0 Arm=2 Hnd=3 Dck=22 Min=0 Sec=0

NEXT_TURN

Titou USE_HERO_POWER power=''Shapeshift' power'
--> Titou/Malfurion Stormrage Mana=4 Hlt=30 Att=0 Arm=3 Hnd=4 Dck=21 Min=0 Sec=0
--> Didier/Garrosh Hellscream Mana=0 Hlt=22 Att=0 Arm=2 Hnd=5 Dck=21 Min=1 Sec=0

Titou ATTACK attacker=hero 'Malfurion Stormrage'(131) attacked=hero 'Garrosh Hellscream'(100)
--> Titou/Malfurion Stormrage Mana=4 Hlt=30 Att=0 Arm=3 Hnd=4 Dck=21 Min=0 Sec=0
--> Didier/Garrosh Hellscream Mana=0 Hlt=22 Att=0 Arm=1 Hnd=5 Dck=21 Min=1 Sec=0

NEXT_TURN

Didier PLAY_CARD id=128 target=hero 'Malfurion Stormrage'(131) position=1 // name='Stormpike Commando' cost=5 text='Battlecry: Deal 2 damage.'
--> Didier/Garrosh Hellscream Mana=1 Hlt=22 Att=0 Arm=1 Hnd=5 Dck=20 Min=2 Sec=0
--> Titou/Malfurion Stormrage Mana=4 Hlt=28 Att=0 Arm=3 Hnd=4 Dck=21 Min=0 Sec=0

Didier ATTACK attacker=minion 'Gurubashi Berserker'(127) attacked=hero 'Malfurion Stormrage'(131)
--> Didier/Garrosh Hellscream Mana=1 Hlt=22 Att=0 Arm=1 Hnd=5 Dck=20 Min=2 Sec=0
--> Titou/Malfurion Stormrage Mana=4 Hlt=28 Att=0 Arm=1 Hnd=4 Dck=21 Min=0 Sec=0

NEXT_TURN

Titou PLAY_CARD id=159 target=minion 'Stormpike Commando'(128) // name='Starfire' cost=6 text='Deal 5 damage. Draw a card.'
--> Titou/Malfurion Stormrage Mana=1 Hlt=28 Att=0 Arm=1 Hnd=5 Dck=19 Min=0 Sec=0
--> Didier/Garrosh Hellscream Mana=1 Hlt=22 Att=0 Arm=1 Hnd=5 Dck=20 Min=1 Sec=0

NEXT_TURN

Didier PLAY_CARD id=130 position=1 // name='Stormwind Champion' cost=7 text='Your other minions have +1/+1.'
--> Didier/Garrosh Hellscream Mana=0 Hlt=22 Att=0 Arm=1 Hnd=5 Dck=19 Min=2 Sec=0
--> Titou/Malfurion Stormrage Mana=1 Hlt=28 Att=0 Arm=1 Hnd=5 Dck=19 Min=0 Sec=0

Didier ATTACK attacker=minion 'Gurubashi Berserker'(127) attacked=hero 'Malfurion Stormrage'(131)
--> Didier/Garrosh Hellscream Mana=0 Hlt=22 Att=0 Arm=1 Hnd=5 Dck=19 Min=2 Sec=0
--> Titou/Malfurion Stormrage Mana=1 Hlt=26 Att=0 Arm=0 Hnd=5 Dck=19 Min=0 Sec=0

Didier PLAY_CARD id=101 target=minion 'Gurubashi Berserker'(127) // name='Inner Rage' cost=0 text='Deal 1 damage to a minion and give it +2 Attack.'
--> Didier/Garrosh Hellscream Mana=0 Hlt=22 Att=0 Arm=1 Hnd=4 Dck=19 Min=2 Sec=0
--> Titou/Malfurion Stormrage Mana=1 Hlt=26 Att=0 Arm=0 Hnd=5 Dck=19 Min=0 Sec=0

NEXT_TURN

Titou PLAY_CARD id=147 target=minion 'Gurubashi Berserker'(127) // name='Healing Touch' cost=3 text='Restore 8 Health.'
--> Titou/Malfurion Stormrage Mana=5 Hlt=26 Att=0 Arm=0 Hnd=5 Dck=18 Min=0 Sec=0
--> Didier/Garrosh Hellscream Mana=0 Hlt=22 Att=0 Arm=1 Hnd=4 Dck=19 Min=2 Sec=0

Titou PLAY_CARD id=157 choice='Charge' position=0 // name='Druid of the Claw' cost=5 text='Choose One - Charge; or +2 Health and Taunt.'
--> Titou/Malfurion Stormrage Mana=0 Hlt=26 Att=0 Arm=0 Hnd=4 Dck=18 Min=1 Sec=0
--> Didier/Garrosh Hellscream Mana=0 Hlt=22 Att=0 Arm=1 Hnd=4 Dck=19 Min=2 Sec=0

Titou ATTACK attacker=minion 'Druid of the Claw'(157) attacked=minion 'Stormwind Champion'(130)
--> Titou/Malfurion Stormrage Mana=0 Hlt=26 Att=0 Arm=0 Hnd=4 Dck=18 Min=0 Sec=0
--> Didier/Garrosh Hellscream Mana=0 Hlt=22 Att=0 Arm=1 Hnd=4 Dck=19 Min=2 Sec=0

NEXT_TURN

Didier PLAY_CARD id=119 position=0 // name='Arathi Weaponsmith' cost=4 text='Battlecry: Equip a 2/2 weapon.'
--> Didier/Garrosh Hellscream Mana=4 Hlt=22 Att=0 Arm=1 Hnd=4 Dck=18 Min=3 Sec=0
--> Titou/Malfurion Stormrage Mana=0 Hlt=26 Att=0 Arm=0 Hnd=4 Dck=18 Min=0 Sec=0

Didier PLAY_CARD id=123 position=2 // name='Kor'kron Elite' cost=4 text='Charge'
--> Didier/Garrosh Hellscream Mana=0 Hlt=22 Att=0 Arm=1 Hnd=3 Dck=18 Min=4 Sec=0
--> Titou/Malfurion Stormrage Mana=0 Hlt=26 Att=0 Arm=0 Hnd=4 Dck=18 Min=0 Sec=0

Didier ATTACK attacker=minion 'Gurubashi Berserker'(127) attacked=hero 'Malfurion Stormrage'(131)
--> Didier/Garrosh Hellscream Mana=0 Hlt=22 Att=0 Arm=1 Hnd=3 Dck=18 Min=4 Sec=0
--> Titou/Malfurion Stormrage Mana=0 Hlt=18 Att=0 Arm=0 Hnd=4 Dck=18 Min=0 Sec=0

Didier ATTACK attacker=minion 'Stormwind Champion'(130) attacked=hero 'Malfurion Stormrage'(131)
--> Didier/Garrosh Hellscream Mana=0 Hlt=22 Att=0 Arm=1 Hnd=3 Dck=18 Min=4 Sec=0
--> Titou/Malfurion Stormrage Mana=0 Hlt=12 Att=0 Arm=0 Hnd=4 Dck=18 Min=0 Sec=0

Didier ATTACK attacker=hero 'Garrosh Hellscream'(100) attacked=hero 'Malfurion Stormrage'(131)
--> Didier/Garrosh Hellscream Mana=0 Hlt=22 Att=0 Arm=1 Hnd=3 Dck=18 Min=4 Sec=0
--> Titou/Malfurion Stormrage Mana=0 Hlt=10 Att=0 Arm=0 Hnd=4 Dck=18 Min=0 Sec=0

Didier ATTACK attacker=minion 'Kor'kron Elite'(123) attacked=hero 'Malfurion Stormrage'(131)
--> Didier/Garrosh Hellscream Mana=0 Hlt=22 Att=0 Arm=1 Hnd=3 Dck=18 Min=4 Sec=0
--> Titou/Malfurion Stormrage Mana=0 Hlt=5 Att=0 Arm=0 Hnd=4 Dck=18 Min=0 Sec=0

NEXT_TURN

Titou USE_HERO_POWER power=''Shapeshift' power'
--> Titou/Malfurion Stormrage Mana=7 Hlt=5 Att=0 Arm=1 Hnd=5 Dck=17 Min=0 Sec=0
--> Didier/Garrosh Hellscream Mana=0 Hlt=22 Att=0 Arm=1 Hnd=3 Dck=18 Min=4 Sec=0

Titou ATTACK attacker=hero 'Malfurion Stormrage'(131) attacked=minion 'Kor'kron Elite'(123)
--> Titou/Malfurion Stormrage Mana=7 Hlt=1 Att=0 Arm=0 Hnd=5 Dck=17 Min=0 Sec=0
--> Didier/Garrosh Hellscream Mana=0 Hlt=22 Att=0 Arm=1 Hnd=3 Dck=18 Min=4 Sec=0

Titou PLAY_CARD id=160 // name='Force of Nature' cost=6 text='Summon three 2/2 Treants with Charge that die at the end of the turn.'
--> Titou/Malfurion Stormrage Mana=1 Hlt=1 Att=0 Arm=0 Hnd=4 Dck=17 Min=3 Sec=0
--> Didier/Garrosh Hellscream Mana=0 Hlt=22 Att=0 Arm=1 Hnd=3 Dck=18 Min=4 Sec=0

Titou ATTACK attacker=minion 'Treant'(166) attacked=hero 'Garrosh Hellscream'(100)
--> Titou/Malfurion Stormrage Mana=1 Hlt=1 Att=0 Arm=0 Hnd=4 Dck=17 Min=2 Sec=0
--> Didier/Garrosh Hellscream Mana=0 Hlt=21 Att=0 Arm=0 Hnd=3 Dck=18 Min=4 Sec=0

Titou ATTACK attacker=minion 'Treant'(165) attacked=minion 'Arathi Weaponsmith'(119)
--> Titou/Malfurion Stormrage Mana=1 Hlt=1 Att=0 Arm=0 Hnd=4 Dck=17 Min=1 Sec=0
--> Didier/Garrosh Hellscream Mana=0 Hlt=21 Att=0 Arm=0 Hnd=3 Dck=18 Min=4 Sec=0

Titou ATTACK attacker=minion 'Treant'(164) attacked=minion 'Arathi Weaponsmith'(119)
--> Titou/Malfurion Stormrage Mana=1 Hlt=1 Att=0 Arm=0 Hnd=4 Dck=17 Min=0 Sec=0
--> Didier/Garrosh Hellscream Mana=0 Hlt=21 Att=0 Arm=0 Hnd=3 Dck=18 Min=3 Sec=0

NEXT_TURN

Didier PLAY_CARD id=116 position=1 // name='Tauren Warrior' cost=3 text='Taunt. Enrage: +3 Attack'
--> Didier/Garrosh Hellscream Mana=6 Hlt=21 Att=0 Arm=0 Hnd=3 Dck=17 Min=4 Sec=0
--> Titou/Malfurion Stormrage Mana=1 Hlt=1 Att=0 Arm=0 Hnd=4 Dck=17 Min=0 Sec=0

Didier ATTACK attacker=minion 'Kor'kron Elite'(123) attacked=hero 'Malfurion Stormrage'(131)
--> Didier/Garrosh Hellscream Mana=6 Hlt=21 Att=0 Arm=0 Hnd=3 Dck=17 Min=4 Sec=0
--> Titou/Malfurion Stormrage Mana=1 Hlt=-4 Att=0 Arm=0 Hnd=4 Dck=17 Min=0 Sec=0

Didier wins
Titou looses
