Active player = Titou
--> Titou/Malfurion Stormrage Mana=1 Hlt=30 Att=0 Arm=0 Hnd=4 Dck=26 Min=0 Sec=0
Opponent = Didier
--> Didier/Garrosh Hellscream Mana=0 Hlt=30 Att=0 Arm=0 Hnd=5 Dck=26 Min=0 Sec=0

Titou PLAY_CARD id=132 // name='Innervate' cost=0 text='Gain 2 Mana Crystals this turn only.'
--> Titou/Malfurion Stormrage Mana=3 Hlt=30 Att=0 Arm=0 Hnd=3 Dck=26 Min=0 Sec=0
--> Didier/Garrosh Hellscream Mana=0 Hlt=30 Att=0 Arm=0 Hnd=5 Dck=26 Min=0 Sec=0

Titou PLAY_CARD id=136 // name='Claw' cost=1 text='Give your hero +2 Attack this turn and 2 Armor.'
--> Titou/Malfurion Stormrage Mana=2 Hlt=30 Att=0 Arm=2 Hnd=2 Dck=26 Min=0 Sec=0
--> Didier/Garrosh Hellscream Mana=0 Hlt=30 Att=0 Arm=0 Hnd=5 Dck=26 Min=0 Sec=0

Titou ATTACK attacker=hero 'Malfurion Stormrage'(131) attacked=hero 'Garrosh Hellscream'(100)
--> Titou/Malfurion Stormrage Mana=2 Hlt=30 Att=0 Arm=2 Hnd=2 Dck=26 Min=0 Sec=0
--> Didier/Garrosh Hellscream Mana=0 Hlt=28 Att=0 Arm=0 Hnd=5 Dck=26 Min=0 Sec=0

Titou USE_HERO_POWER power=''Shapeshift' power'
--> Titou/Malfurion Stormrage Mana=0 Hlt=30 Att=0 Arm=3 Hnd=2 Dck=26 Min=0 Sec=0
--> Didier/Garrosh Hellscream Mana=0 Hlt=28 Att=0 Arm=0 Hnd=5 Dck=26 Min=0 Sec=0

NEXT_TURN

Didier PLAY_CARD id=162 // name='The Coin' cost=0 text='Gain 1 Mana Crystal this turn only.'
--> Didier/Garrosh Hellscream Mana=2 Hlt=28 Att=0 Arm=0 Hnd=5 Dck=25 Min=0 Sec=0
--> Titou/Malfurion Stormrage Mana=0 Hlt=30 Att=0 Arm=3 Hnd=2 Dck=26 Min=0 Sec=0

Didier USE_HERO_POWER power=''Armor Up!' power'
--> Didier/Garrosh Hellscream Mana=0 Hlt=28 Att=0 Arm=2 Hnd=5 Dck=25 Min=0 Sec=0
--> Titou/Malfurion Stormrage Mana=0 Hlt=30 Att=0 Arm=3 Hnd=2 Dck=26 Min=0 Sec=0

NEXT_TURN

Titou PLAY_CARD id=133 // name='Innervate' cost=0 text='Gain 2 Mana Crystals this turn only.'
--> Titou/Malfurion Stormrage Mana=4 Hlt=30 Att=0 Arm=3 Hnd=2 Dck=25 Min=0 Sec=0
--> Didier/Garrosh Hellscream Mana=0 Hlt=28 Att=0 Arm=2 Hnd=5 Dck=25 Min=0 Sec=0

Titou USE_HERO_POWER power=''Shapeshift' power'
--> Titou/Malfurion Stormrage Mana=2 Hlt=30 Att=0 Arm=4 Hnd=2 Dck=25 Min=0 Sec=0
--> Didier/Garrosh Hellscream Mana=0 Hlt=28 Att=0 Arm=2 Hnd=5 Dck=25 Min=0 Sec=0

Titou ATTACK attacker=hero 'Malfurion Stormrage'(131) attacked=hero 'Garrosh Hellscream'(100)
--> Titou/Malfurion Stormrage Mana=2 Hlt=30 Att=0 Arm=4 Hnd=2 Dck=25 Min=0 Sec=0
--> Didier/Garrosh Hellscream Mana=0 Hlt=28 Att=0 Arm=1 Hnd=5 Dck=25 Min=0 Sec=0

NEXT_TURN

Didier USE_HERO_POWER power=''Armor Up!' power'
--> Didier/Garrosh Hellscream Mana=0 Hlt=28 Att=0 Arm=3 Hnd=6 Dck=24 Min=0 Sec=0
--> Titou/Malfurion Stormrage Mana=2 Hlt=30 Att=0 Arm=4 Hnd=2 Dck=25 Min=0 Sec=0

NEXT_TURN

Titou PLAY_CARD id=150 position=0 // name='Thrallmar Farseer' cost=3 text='Windfury'
--> Titou/Malfurion Stormrage Mana=0 Hlt=30 Att=0 Arm=4 Hnd=2 Dck=24 Min=1 Sec=0
--> Didier/Garrosh Hellscream Mana=0 Hlt=28 Att=0 Arm=3 Hnd=6 Dck=24 Min=0 Sec=0

NEXT_TURN

Didier PLAY_CARD id=112 position=0 // name='Acidic Swamp Ooze' cost=2 text='Battlecry: Destroy your opponent's weapon.'
--> Didier/Garrosh Hellscream Mana=1 Hlt=28 Att=0 Arm=3 Hnd=6 Dck=23 Min=1 Sec=0
--> Titou/Malfurion Stormrage Mana=0 Hlt=30 Att=0 Arm=4 Hnd=2 Dck=24 Min=1 Sec=0

NEXT_TURN

Titou ATTACK attacker=minion 'Thrallmar Farseer'(150) attacked=hero 'Garrosh Hellscream'(100)
--> Titou/Malfurion Stormrage Mana=4 Hlt=30 Att=0 Arm=4 Hnd=3 Dck=23 Min=1 Sec=0
--> Didier/Garrosh Hellscream Mana=1 Hlt=28 Att=0 Arm=1 Hnd=6 Dck=23 Min=1 Sec=0

Titou USE_HERO_POWER power=''Shapeshift' power'
--> Titou/Malfurion Stormrage Mana=2 Hlt=30 Att=0 Arm=5 Hnd=3 Dck=23 Min=1 Sec=0
--> Didier/Garrosh Hellscream Mana=1 Hlt=28 Att=0 Arm=1 Hnd=6 Dck=23 Min=1 Sec=0

Titou ATTACK attacker=minion 'Thrallmar Farseer'(150) attacked=minion 'Acidic Swamp Ooze'(112)
--> Titou/Malfurion Stormrage Mana=2 Hlt=30 Att=0 Arm=5 Hnd=3 Dck=23 Min=0 Sec=0
--> Didier/Garrosh Hellscream Mana=1 Hlt=28 Att=0 Arm=1 Hnd=6 Dck=23 Min=0 Sec=0

Titou ATTACK attacker=hero 'Malfurion Stormrage'(131) attacked=hero 'Garrosh Hellscream'(100)
--> Titou/Malfurion Stormrage Mana=2 Hlt=30 Att=0 Arm=5 Hnd=3 Dck=23 Min=0 Sec=0
--> Didier/Garrosh Hellscream Mana=1 Hlt=28 Att=0 Arm=0 Hnd=6 Dck=23 Min=0 Sec=0

NEXT_TURN

Didier PLAY_CARD id=114 position=0 // name='Frothing Berserker' cost=3 text='Whenever a minion takes damage, gain +1 Attack.'
--> Didier/Garrosh Hellscream Mana=1 Hlt=28 Att=0 Arm=0 Hnd=6 Dck=22 Min=1 Sec=0
--> Titou/Malfurion Stormrage Mana=2 Hlt=30 Att=0 Arm=5 Hnd=3 Dck=23 Min=0 Sec=0

Didier PLAY_CARD id=106 // name='Whirlwind' cost=1 text='Deal 1 damage to ALL minions.'
--> Didier/Garrosh Hellscream Mana=0 Hlt=28 Att=0 Arm=0 Hnd=5 Dck=22 Min=1 Sec=0
--> Titou/Malfurion Stormrage Mana=2 Hlt=30 Att=0 Arm=5 Hnd=3 Dck=23 Min=0 Sec=0

NEXT_TURN

Titou USE_HERO_POWER power=''Shapeshift' power'
--> Titou/Malfurion Stormrage Mana=3 Hlt=30 Att=0 Arm=6 Hnd=4 Dck=22 Min=0 Sec=0
--> Didier/Garrosh Hellscream Mana=0 Hlt=28 Att=0 Arm=0 Hnd=5 Dck=22 Min=1 Sec=0

Titou ATTACK attacker=hero 'Malfurion Stormrage'(131) attacked=minion 'Frothing Berserker'(114)
--> Titou/Malfurion Stormrage Mana=3 Hlt=30 Att=0 Arm=3 Hnd=4 Dck=22 Min=0 Sec=0
--> Didier/Garrosh Hellscream Mana=0 Hlt=28 Att=0 Arm=0 Hnd=5 Dck=22 Min=1 Sec=0

NEXT_TURN

Didier PLAY_CARD id=118 position=1 // name='Arathi Weaponsmith' cost=4 text='Battlecry: Equip a 2/2 weapon.'
--> Didier/Garrosh Hellscream Mana=1 Hlt=28 Att=0 Arm=0 Hnd=5 Dck=21 Min=2 Sec=0
--> Titou/Malfurion Stormrage Mana=3 Hlt=30 Att=0 Arm=3 Hnd=4 Dck=22 Min=0 Sec=0

Didier ATTACK attacker=minion 'Frothing Berserker'(114) attacked=hero 'Malfurion Stormrage'(131)
--> Didier/Garrosh Hellscream Mana=1 Hlt=28 Att=0 Arm=0 Hnd=5 Dck=21 Min=2 Sec=0
--> Titou/Malfurion Stormrage Mana=3 Hlt=29 Att=0 Arm=0 Hnd=4 Dck=22 Min=0 Sec=0

Didier ATTACK attacker=hero 'Garrosh Hellscream'(100) attacked=hero 'Malfurion Stormrage'(131)
--> Didier/Garrosh Hellscream Mana=1 Hlt=28 Att=0 Arm=0 Hnd=5 Dck=21 Min=2 Sec=0
--> Titou/Malfurion Stormrage Mana=3 Hlt=27 Att=0 Arm=0 Hnd=4 Dck=22 Min=0 Sec=0

NEXT_TURN

Titou PLAY_CARD id=141 target=minion 'Frothing Berserker'(114) // name='Mark of the Wild' cost=2 text='Give a minion Taunt and +2/+2. (+2 Attack/+2 Health)'
--> Titou/Malfurion Stormrage Mana=4 Hlt=27 Att=0 Arm=0 Hnd=4 Dck=21 Min=0 Sec=0
--> Didier/Garrosh Hellscream Mana=1 Hlt=28 Att=0 Arm=0 Hnd=5 Dck=21 Min=2 Sec=0

Titou USE_HERO_POWER power=''Shapeshift' power'
--> Titou/Malfurion Stormrage Mana=2 Hlt=27 Att=0 Arm=1 Hnd=4 Dck=21 Min=0 Sec=0
--> Didier/Garrosh Hellscream Mana=1 Hlt=28 Att=0 Arm=0 Hnd=5 Dck=21 Min=2 Sec=0

Titou ATTACK attacker=hero 'Malfurion Stormrage'(131) attacked=minion 'Frothing Berserker'(114)
--> Titou/Malfurion Stormrage Mana=2 Hlt=22 Att=0 Arm=0 Hnd=4 Dck=21 Min=0 Sec=0
--> Didier/Garrosh Hellscream Mana=1 Hlt=28 Att=0 Arm=0 Hnd=5 Dck=21 Min=2 Sec=0

NEXT_TURN

Didier ATTACK attacker=hero 'Garrosh Hellscream'(100) attacked=hero 'Malfurion Stormrage'(131)
--> Didier/Garrosh Hellscream Mana=6 Hlt=28 Att=0 Arm=0 Hnd=6 Dck=20 Min=2 Sec=0
--> Titou/Malfurion Stormrage Mana=2 Hlt=20 Att=0 Arm=0 Hnd=4 Dck=21 Min=0 Sec=0

Didier PLAY_CARD id=116 position=1 // name='Tauren Warrior' cost=3 text='Taunt. Enrage: +3 Attack'
--> Didier/Garrosh Hellscream Mana=3 Hlt=28 Att=0 Arm=0 Hnd=5 Dck=20 Min=3 Sec=0
--> Titou/Malfurion Stormrage Mana=2 Hlt=20 Att=0 Arm=0 Hnd=4 Dck=21 Min=0 Sec=0

Didier ATTACK attacker=minion 'Frothing Berserker'(114) attacked=hero 'Malfurion Stormrage'(131)
--> Didier/Garrosh Hellscream Mana=3 Hlt=28 Att=0 Arm=0 Hnd=5 Dck=20 Min=3 Sec=0
--> Titou/Malfurion Stormrage Mana=2 Hlt=13 Att=0 Arm=0 Hnd=4 Dck=21 Min=0 Sec=0

Didier USE_HERO_POWER power=''Armor Up!' power'
--> Didier/Garrosh Hellscream Mana=1 Hlt=28 Att=0 Arm=2 Hnd=5 Dck=20 Min=3 Sec=0
--> Titou/Malfurion Stormrage Mana=2 Hlt=13 Att=0 Arm=0 Hnd=4 Dck=21 Min=0 Sec=0

Didier ATTACK attacker=minion 'Arathi Weaponsmith'(118) attacked=hero 'Malfurion Stormrage'(131)
--> Didier/Garrosh Hellscream Mana=1 Hlt=28 Att=0 Arm=2 Hnd=5 Dck=20 Min=3 Sec=0
--> Titou/Malfurion Stormrage Mana=2 Hlt=10 Att=0 Arm=0 Hnd=4 Dck=21 Min=0 Sec=0

NEXT_TURN

Titou PLAY_CARD id=144 target=minion 'Tauren Warrior'(116) position=0 // name='Ironbeak Owl' cost=2 text='Battlecry: Silence a minion.'
--> Titou/Malfurion Stormrage Mana=5 Hlt=10 Att=0 Arm=0 Hnd=4 Dck=20 Min=1 Sec=0
--> Didier/Garrosh Hellscream Mana=1 Hlt=28 Att=0 Arm=2 Hnd=5 Dck=20 Min=3 Sec=0

Titou PLAY_CARD id=156 choice='Charge' position=0 // name='Druid of the Claw' cost=5 text='Choose One - Charge; or +2 Health and Taunt.'
--> Titou/Malfurion Stormrage Mana=0 Hlt=10 Att=0 Arm=0 Hnd=3 Dck=20 Min=2 Sec=0
--> Didier/Garrosh Hellscream Mana=1 Hlt=28 Att=0 Arm=2 Hnd=5 Dck=20 Min=3 Sec=0

Titou ATTACK attacker=minion 'Druid of the Claw'(156) attacked=minion 'Frothing Berserker'(114)
--> Titou/Malfurion Stormrage Mana=0 Hlt=10 Att=0 Arm=0 Hnd=3 Dck=20 Min=1 Sec=0
--> Didier/Garrosh Hellscream Mana=1 Hlt=28 Att=0 Arm=2 Hnd=5 Dck=20 Min=2 Sec=0

NEXT_TURN

Didier PLAY_CARD id=108 // name='Fiery War Axe' cost=2 text='null'
--> Didier/Garrosh Hellscream Mana=5 Hlt=28 Att=0 Arm=2 Hnd=5 Dck=19 Min=2 Sec=0
--> Titou/Malfurion Stormrage Mana=0 Hlt=10 Att=0 Arm=0 Hnd=3 Dck=20 Min=1 Sec=0

Didier ATTACK attacker=minion 'Tauren Warrior'(116) attacked=hero 'Malfurion Stormrage'(131)
--> Didier/Garrosh Hellscream Mana=5 Hlt=28 Att=0 Arm=2 Hnd=5 Dck=19 Min=2 Sec=0
--> Titou/Malfurion Stormrage Mana=0 Hlt=8 Att=0 Arm=0 Hnd=3 Dck=20 Min=1 Sec=0

Didier PLAY_CARD id=121 position=0 // name='Cult Master' cost=4 text='Whenever one of your other minions dies, draw a card.'
--> Didier/Garrosh Hellscream Mana=1 Hlt=28 Att=0 Arm=2 Hnd=4 Dck=19 Min=3 Sec=0
--> Titou/Malfurion Stormrage Mana=0 Hlt=8 Att=0 Arm=0 Hnd=3 Dck=20 Min=1 Sec=0

Didier ATTACK attacker=minion 'Arathi Weaponsmith'(118) attacked=hero 'Malfurion Stormrage'(131)
--> Didier/Garrosh Hellscream Mana=1 Hlt=28 Att=0 Arm=2 Hnd=4 Dck=19 Min=3 Sec=0
--> Titou/Malfurion Stormrage Mana=0 Hlt=5 Att=0 Arm=0 Hnd=3 Dck=20 Min=1 Sec=0

Didier ATTACK attacker=hero 'Garrosh Hellscream'(100) attacked=hero 'Malfurion Stormrage'(131)
--> Didier/Garrosh Hellscream Mana=1 Hlt=28 Att=0 Arm=2 Hnd=4 Dck=19 Min=3 Sec=0
--> Titou/Malfurion Stormrage Mana=0 Hlt=2 Att=0 Arm=0 Hnd=3 Dck=20 Min=1 Sec=0

NEXT_TURN

Titou PLAY_CARD id=146 position=1 // name='Acidic Swamp Ooze' cost=2 text='Battlecry: Destroy your opponent's weapon.'
--> Titou/Malfurion Stormrage Mana=6 Hlt=2 Att=0 Arm=0 Hnd=3 Dck=19 Min=2 Sec=0
--> Didier/Garrosh Hellscream Mana=1 Hlt=28 Att=0 Arm=2 Hnd=4 Dck=19 Min=3 Sec=0

Titou ATTACK attacker=minion 'Ironbeak Owl'(144) attacked=hero 'Garrosh Hellscream'(100)
--> Titou/Malfurion Stormrage Mana=6 Hlt=2 Att=0 Arm=0 Hnd=3 Dck=19 Min=2 Sec=0
--> Didier/Garrosh Hellscream Mana=1 Hlt=28 Att=0 Arm=0 Hnd=4 Dck=19 Min=3 Sec=0

Titou USE_HERO_POWER power=''Shapeshift' power'
--> Titou/Malfurion Stormrage Mana=4 Hlt=2 Att=0 Arm=1 Hnd=3 Dck=19 Min=2 Sec=0
--> Didier/Garrosh Hellscream Mana=1 Hlt=28 Att=0 Arm=0 Hnd=4 Dck=19 Min=3 Sec=0

Titou ATTACK attacker=hero 'Malfurion Stormrage'(131) attacked=minion 'Arathi Weaponsmith'(118)
--> Titou/Malfurion Stormrage Mana=4 Hlt=0 Att=0 Arm=0 Hnd=3 Dck=19 Min=2 Sec=0
--> Didier/Garrosh Hellscream Mana=1 Hlt=28 Att=0 Arm=0 Hnd=4 Dck=19 Min=3 Sec=0

Didier wins
Titou looses
