Active player = Titou
--> Titou/Malfurion Stormrage Mana=1 Hlt=30 Att=0 Arm=0 Hnd=4 Dck=26 Min=0 Sec=0
Opponent = Didier
--> Didier/Garrosh Hellscream Mana=0 Hlt=30 Att=0 Arm=0 Hnd=5 Dck=26 Min=0 Sec=0

NEXT_TURN

Didier PLAY_CARD id=162 // name='The Coin' cost=0 text='Gain 1 Mana Crystal this turn only.'
--> Didier/Garrosh Hellscream Mana=2 Hlt=30 Att=0 Arm=0 Hnd=5 Dck=25 Min=0 Sec=0
--> Titou/Malfurion Stormrage Mana=1 Hlt=30 Att=0 Arm=0 Hnd=4 Dck=26 Min=0 Sec=0

Didier USE_HERO_POWER power=''Armor Up!' power'
--> Didier/Garrosh Hellscream Mana=0 Hlt=30 Att=0 Arm=2 Hnd=5 Dck=25 Min=0 Sec=0
--> Titou/Malfurion Stormrage Mana=1 Hlt=30 Att=0 Arm=0 Hnd=4 Dck=26 Min=0 Sec=0

NEXT_TURN

Titou USE_HERO_POWER power=''Shapeshift' power'
--> Titou/Malfurion Stormrage Mana=0 Hlt=30 Att=0 Arm=1 Hnd=5 Dck=25 Min=0 Sec=0
--> Didier/Garrosh Hellscream Mana=0 Hlt=30 Att=0 Arm=2 Hnd=5 Dck=25 Min=0 Sec=0

Titou ATTACK attacker=hero 'Malfurion Stormrage'(131) attacked=hero 'Garrosh Hellscream'(100)
--> Titou/Malfurion Stormrage Mana=0 Hlt=30 Att=0 Arm=1 Hnd=5 Dck=25 Min=0 Sec=0
--> Didier/Garrosh Hellscream Mana=0 Hlt=30 Att=0 Arm=1 Hnd=5 Dck=25 Min=0 Sec=0

NEXT_TURN

Didier USE_HERO_POWER power=''Armor Up!' power'
--> Didier/Garrosh Hellscream Mana=0 Hlt=30 Att=0 Arm=3 Hnd=6 Dck=24 Min=0 Sec=0
--> Titou/Malfurion Stormrage Mana=0 Hlt=30 Att=0 Arm=1 Hnd=5 Dck=25 Min=0 Sec=0

NEXT_TURN

Titou PLAY_CARD id=149 position=0 // name='Thrallmar Farseer' cost=3 text='Windfury'
--> Titou/Malfurion Stormrage Mana=0 Hlt=30 Att=0 Arm=1 Hnd=5 Dck=24 Min=1 Sec=0
--> Didier/Garrosh Hellscream Mana=0 Hlt=30 Att=0 Arm=3 Hnd=6 Dck=24 Min=0 Sec=0

NEXT_TURN

Didier PLAY_CARD id=115 position=0 // name='Frothing Berserker' cost=3 text='Whenever a minion takes damage, gain +1 Attack.'
--> Didier/Garrosh Hellscream Mana=0 Hlt=30 Att=0 Arm=3 Hnd=6 Dck=23 Min=1 Sec=0
--> Titou/Malfurion Stormrage Mana=0 Hlt=30 Att=0 Arm=1 Hnd=5 Dck=24 Min=1 Sec=0

NEXT_TURN

Titou PLAY_CARD id=135 target=minion 'Thrallmar Farseer'(149) // name='Naturalize' cost=1 text='Destroy a minion. Your opponent draws 2 cards.'
--> Titou/Malfurion Stormrage Mana=3 Hlt=30 Att=0 Arm=1 Hnd=5 Dck=23 Min=0 Sec=0
--> Didier/Garrosh Hellscream Mana=0 Hlt=30 Att=0 Arm=3 Hnd=8 Dck=21 Min=1 Sec=0

Titou PLAY_CARD id=141 target=minion 'Frothing Berserker'(115) // name='Mark of the Wild' cost=2 text='Give a minion Taunt and +2/+2. (+2 Attack/+2 Health)'
--> Titou/Malfurion Stormrage Mana=1 Hlt=30 Att=0 Arm=1 Hnd=4 Dck=23 Min=0 Sec=0
--> Didier/Garrosh Hellscream Mana=0 Hlt=30 Att=0 Arm=3 Hnd=8 Dck=21 Min=1 Sec=0

NEXT_TURN

Didier PLAY_CARD id=118 position=1 // name='Arathi Weaponsmith' cost=4 text='Battlecry: Equip a 2/2 weapon.'
--> Didier/Garrosh Hellscream Mana=0 Hlt=30 Att=0 Arm=3 Hnd=8 Dck=20 Min=2 Sec=0
--> Titou/Malfurion Stormrage Mana=1 Hlt=30 Att=0 Arm=1 Hnd=4 Dck=23 Min=0 Sec=0

Didier ATTACK attacker=hero 'Garrosh Hellscream'(100) attacked=hero 'Malfurion Stormrage'(131)
--> Didier/Garrosh Hellscream Mana=0 Hlt=30 Att=0 Arm=3 Hnd=8 Dck=20 Min=2 Sec=0
--> Titou/Malfurion Stormrage Mana=1 Hlt=29 Att=0 Arm=0 Hnd=4 Dck=23 Min=0 Sec=0

Didier ATTACK attacker=minion 'Frothing Berserker'(115) attacked=hero 'Malfurion Stormrage'(131)
--> Didier/Garrosh Hellscream Mana=0 Hlt=30 Att=0 Arm=3 Hnd=8 Dck=20 Min=2 Sec=0
--> Titou/Malfurion Stormrage Mana=1 Hlt=25 Att=0 Arm=0 Hnd=4 Dck=23 Min=0 Sec=0

NEXT_TURN

Titou PLAY_CARD id=151 target=minion 'Frothing Berserker'(115) // name='Swipe' cost=4 text='Deal 4 damage to an enemy and 1 damage to all other enemies.'
--> Titou/Malfurion Stormrage Mana=1 Hlt=25 Att=0 Arm=0 Hnd=4 Dck=22 Min=0 Sec=0
--> Didier/Garrosh Hellscream Mana=0 Hlt=30 Att=0 Arm=3 Hnd=8 Dck=20 Min=2 Sec=0

NEXT_TURN

Didier PLAY_CARD id=128 target=hero 'Garrosh Hellscream'(100) position=1 // name='Stormpike Commando' cost=5 text='Battlecry: Deal 2 damage.'
--> Didier/Garrosh Hellscream Mana=0 Hlt=28 Att=0 Arm=3 Hnd=8 Dck=19 Min=3 Sec=0
--> Titou/Malfurion Stormrage Mana=1 Hlt=25 Att=0 Arm=0 Hnd=4 Dck=22 Min=0 Sec=0

Didier ATTACK attacker=minion 'Arathi Weaponsmith'(118) attacked=hero 'Malfurion Stormrage'(131)
--> Didier/Garrosh Hellscream Mana=0 Hlt=28 Att=0 Arm=3 Hnd=8 Dck=19 Min=3 Sec=0
--> Titou/Malfurion Stormrage Mana=1 Hlt=22 Att=0 Arm=0 Hnd=4 Dck=22 Min=0 Sec=0

Didier ATTACK attacker=hero 'Garrosh Hellscream'(100) attacked=hero 'Malfurion Stormrage'(131)
--> Didier/Garrosh Hellscream Mana=0 Hlt=28 Att=0 Arm=3 Hnd=8 Dck=19 Min=3 Sec=0
--> Titou/Malfurion Stormrage Mana=1 Hlt=20 Att=0 Arm=0 Hnd=4 Dck=22 Min=0 Sec=0

Didier ATTACK attacker=minion 'Frothing Berserker'(115) attacked=hero 'Malfurion Stormrage'(131)
--> Didier/Garrosh Hellscream Mana=0 Hlt=28 Att=0 Arm=3 Hnd=8 Dck=19 Min=3 Sec=0
--> Titou/Malfurion Stormrage Mana=1 Hlt=14 Att=0 Arm=0 Hnd=4 Dck=22 Min=0 Sec=0

NEXT_TURN

Titou PLAY_CARD id=155 position=0 // name='Azure Drake' cost=5 text='Spell Damage +1. Battlecry: Draw a card.'
--> Titou/Malfurion Stormrage Mana=1 Hlt=14 Att=0 Arm=0 Hnd=5 Dck=20 Min=1 Sec=0
--> Didier/Garrosh Hellscream Mana=0 Hlt=28 Att=0 Arm=3 Hnd=8 Dck=19 Min=3 Sec=0

Titou PLAY_CARD id=133 // name='Innervate' cost=0 text='Gain 2 Mana Crystals this turn only.'
--> Titou/Malfurion Stormrage Mana=3 Hlt=14 Att=0 Arm=0 Hnd=4 Dck=20 Min=1 Sec=0
--> Didier/Garrosh Hellscream Mana=0 Hlt=28 Att=0 Arm=3 Hnd=8 Dck=19 Min=3 Sec=0

Titou PLAY_CARD id=144 target=minion 'Frothing Berserker'(115) position=1 // name='Ironbeak Owl' cost=2 text='Battlecry: Silence a minion.'
--> Titou/Malfurion Stormrage Mana=1 Hlt=14 Att=0 Arm=0 Hnd=3 Dck=20 Min=2 Sec=0
--> Didier/Garrosh Hellscream Mana=0 Hlt=28 Att=0 Arm=3 Hnd=8 Dck=19 Min=3 Sec=0

NEXT_TURN

Didier PLAY_CARD id=122 position=2 // name='Kor'kron Elite' cost=4 text='Charge'
--> Didier/Garrosh Hellscream Mana=2 Hlt=28 Att=0 Arm=3 Hnd=8 Dck=18 Min=4 Sec=0
--> Titou/Malfurion Stormrage Mana=1 Hlt=14 Att=0 Arm=0 Hnd=3 Dck=20 Min=2 Sec=0

Didier ATTACK attacker=minion 'Stormpike Commando'(128) attacked=minion 'Azure Drake'(155)
--> Didier/Garrosh Hellscream Mana=2 Hlt=28 Att=0 Arm=3 Hnd=8 Dck=18 Min=3 Sec=0
--> Titou/Malfurion Stormrage Mana=1 Hlt=14 Att=0 Arm=0 Hnd=3 Dck=20 Min=1 Sec=0

Didier ATTACK attacker=minion 'Arathi Weaponsmith'(118) attacked=hero 'Malfurion Stormrage'(131)
--> Didier/Garrosh Hellscream Mana=2 Hlt=28 Att=0 Arm=3 Hnd=8 Dck=18 Min=3 Sec=0
--> Titou/Malfurion Stormrage Mana=1 Hlt=11 Att=0 Arm=0 Hnd=3 Dck=20 Min=1 Sec=0

Didier ATTACK attacker=minion 'Kor'kron Elite'(122) attacked=minion 'Ironbeak Owl'(144)
--> Didier/Garrosh Hellscream Mana=2 Hlt=28 Att=0 Arm=3 Hnd=8 Dck=18 Min=3 Sec=0
--> Titou/Malfurion Stormrage Mana=1 Hlt=11 Att=0 Arm=0 Hnd=3 Dck=20 Min=0 Sec=0

Didier ATTACK attacker=minion 'Frothing Berserker'(115) attacked=hero 'Malfurion Stormrage'(131)
--> Didier/Garrosh Hellscream Mana=2 Hlt=28 Att=0 Arm=3 Hnd=8 Dck=18 Min=2 Sec=0
--> Titou/Malfurion Stormrage Mana=1 Hlt=9 Att=0 Arm=0 Hnd=3 Dck=20 Min=0 Sec=0

Didier PLAY_CARD id=106 // name='Whirlwind' cost=1 text='Deal 1 damage to ALL minions.'
--> Didier/Garrosh Hellscream Mana=1 Hlt=28 Att=0 Arm=3 Hnd=7 Dck=18 Min=1 Sec=0
--> Titou/Malfurion Stormrage Mana=1 Hlt=9 Att=0 Arm=0 Hnd=3 Dck=20 Min=0 Sec=0

NEXT_TURN

Titou PLAY_CARD id=147 target=minion 'Arathi Weaponsmith'(118) // name='Healing Touch' cost=3 text='Restore 8 Health.'
--> Titou/Malfurion Stormrage Mana=4 Hlt=9 Att=0 Arm=0 Hnd=3 Dck=19 Min=0 Sec=0
--> Didier/Garrosh Hellscream Mana=1 Hlt=28 Att=0 Arm=3 Hnd=7 Dck=18 Min=1 Sec=0

Titou USE_HERO_POWER power=''Shapeshift' power'
--> Titou/Malfurion Stormrage Mana=2 Hlt=9 Att=0 Arm=1 Hnd=3 Dck=19 Min=0 Sec=0
--> Didier/Garrosh Hellscream Mana=1 Hlt=28 Att=0 Arm=3 Hnd=7 Dck=18 Min=1 Sec=0

Titou ATTACK attacker=hero 'Malfurion Stormrage'(131) attacked=hero 'Garrosh Hellscream'(100)
--> Titou/Malfurion Stormrage Mana=2 Hlt=9 Att=0 Arm=1 Hnd=3 Dck=19 Min=0 Sec=0
--> Didier/Garrosh Hellscream Mana=1 Hlt=28 Att=0 Arm=2 Hnd=7 Dck=18 Min=1 Sec=0

NEXT_TURN

Didier PLAY_CARD id=121 position=0 // name='Cult Master' cost=4 text='Whenever one of your other minions dies, draw a card.'
--> Didier/Garrosh Hellscream Mana=3 Hlt=28 Att=0 Arm=2 Hnd=7 Dck=17 Min=2 Sec=0
--> Titou/Malfurion Stormrage Mana=2 Hlt=9 Att=0 Arm=1 Hnd=3 Dck=19 Min=0 Sec=0

Didier USE_HERO_POWER power=''Armor Up!' power'
--> Didier/Garrosh Hellscream Mana=1 Hlt=28 Att=0 Arm=4 Hnd=7 Dck=17 Min=2 Sec=0
--> Titou/Malfurion Stormrage Mana=2 Hlt=9 Att=0 Arm=1 Hnd=3 Dck=19 Min=0 Sec=0

Didier ATTACK attacker=minion 'Arathi Weaponsmith'(118) attacked=hero 'Malfurion Stormrage'(131)
--> Didier/Garrosh Hellscream Mana=1 Hlt=28 Att=0 Arm=4 Hnd=7 Dck=17 Min=2 Sec=0
--> Titou/Malfurion Stormrage Mana=2 Hlt=7 Att=0 Arm=0 Hnd=3 Dck=19 Min=0 Sec=0

NEXT_TURN

Titou PLAY_CARD id=132 // name='Innervate' cost=0 text='Gain 2 Mana Crystals this turn only.'
--> Titou/Malfurion Stormrage Mana=10 Hlt=7 Att=0 Arm=0 Hnd=3 Dck=18 Min=0 Sec=0
--> Didier/Garrosh Hellscream Mana=1 Hlt=28 Att=0 Arm=4 Hnd=7 Dck=17 Min=2 Sec=0

Titou PLAY_CARD id=148 position=0 // name='Wolfrider' cost=3 text='Charge'
--> Titou/Malfurion Stormrage Mana=7 Hlt=7 Att=0 Arm=0 Hnd=2 Dck=18 Min=1 Sec=0
--> Didier/Garrosh Hellscream Mana=1 Hlt=28 Att=0 Arm=4 Hnd=7 Dck=17 Min=2 Sec=0

Titou ATTACK attacker=minion 'Wolfrider'(148) attacked=hero 'Garrosh Hellscream'(100)
--> Titou/Malfurion Stormrage Mana=7 Hlt=7 Att=0 Arm=0 Hnd=2 Dck=18 Min=1 Sec=0
--> Didier/Garrosh Hellscream Mana=1 Hlt=28 Att=0 Arm=1 Hnd=7 Dck=17 Min=2 Sec=0

Titou PLAY_CARD id=156 choice='Charge' position=0 // name='Druid of the Claw' cost=5 text='Choose One - Charge; or +2 Health and Taunt.'
--> Titou/Malfurion Stormrage Mana=2 Hlt=7 Att=0 Arm=0 Hnd=1 Dck=18 Min=2 Sec=0
--> Didier/Garrosh Hellscream Mana=1 Hlt=28 Att=0 Arm=1 Hnd=7 Dck=17 Min=2 Sec=0

Titou ATTACK attacker=minion 'Druid of the Claw'(156) attacked=minion 'Arathi Weaponsmith'(118)
--> Titou/Malfurion Stormrage Mana=2 Hlt=7 Att=0 Arm=0 Hnd=2 Dck=17 Min=2 Sec=0
--> Didier/Garrosh Hellscream Mana=1 Hlt=28 Att=0 Arm=1 Hnd=7 Dck=17 Min=1 Sec=0

Titou USE_HERO_POWER power=''Shapeshift' power'
--> Titou/Malfurion Stormrage Mana=0 Hlt=7 Att=0 Arm=1 Hnd=2 Dck=17 Min=2 Sec=0
--> Didier/Garrosh Hellscream Mana=1 Hlt=28 Att=0 Arm=1 Hnd=7 Dck=17 Min=1 Sec=0

Titou ATTACK attacker=hero 'Malfurion Stormrage'(131) attacked=minion 'Cult Master'(121)
--> Titou/Malfurion Stormrage Mana=0 Hlt=4 Att=0 Arm=0 Hnd=2 Dck=17 Min=2 Sec=0
--> Didier/Garrosh Hellscream Mana=1 Hlt=28 Att=0 Arm=1 Hnd=7 Dck=17 Min=1 Sec=0

NEXT_TURN

Didier PLAY_CARD id=125 // name='Arcanite Reaper' cost=5 text='null'
--> Didier/Garrosh Hellscream Mana=3 Hlt=28 Att=0 Arm=1 Hnd=7 Dck=16 Min=1 Sec=0
--> Titou/Malfurion Stormrage Mana=0 Hlt=4 Att=0 Arm=0 Hnd=2 Dck=17 Min=2 Sec=0

Didier USE_HERO_POWER power=''Armor Up!' power'
--> Didier/Garrosh Hellscream Mana=1 Hlt=28 Att=0 Arm=3 Hnd=7 Dck=16 Min=1 Sec=0
--> Titou/Malfurion Stormrage Mana=0 Hlt=4 Att=0 Arm=0 Hnd=2 Dck=17 Min=2 Sec=0

Didier ATTACK attacker=hero 'Garrosh Hellscream'(100) attacked=hero 'Malfurion Stormrage'(131)
--> Didier/Garrosh Hellscream Mana=1 Hlt=28 Att=0 Arm=3 Hnd=7 Dck=16 Min=1 Sec=0
--> Titou/Malfurion Stormrage Mana=0 Hlt=-1 Att=0 Arm=0 Hnd=2 Dck=17 Min=2 Sec=0

Didier wins
Titou looses
