Active player = Titou
--> Titou/Malfurion Stormrage Mana=1 Hlt=30 Att=0 Arm=0 Hnd=4 Dck=26 Min=0 Sec=0
Opponent = Didier
--> Didier/Garrosh Hellscream Mana=0 Hlt=30 Att=0 Arm=0 Hnd=5 Dck=26 Min=0 Sec=0

NEXT_TURN

Didier PLAY_CARD id=106 // name='Whirlwind' cost=1 text='Deal 1 damage to ALL minions.'
--> Didier/Garrosh Hellscream Mana=0 Hlt=30 Att=0 Arm=0 Hnd=5 Dck=25 Min=0 Sec=0
--> Titou/Malfurion Stormrage Mana=1 Hlt=30 Att=0 Arm=0 Hnd=4 Dck=26 Min=0 Sec=0

Didier PLAY_CARD id=162 // name='The Coin' cost=0 text='Gain 1 Mana Crystal this turn only.'
--> Didier/Garrosh Hellscream Mana=1 Hlt=30 Att=0 Arm=0 Hnd=4 Dck=25 Min=0 Sec=0
--> Titou/Malfurion Stormrage Mana=1 Hlt=30 Att=0 Arm=0 Hnd=4 Dck=26 Min=0 Sec=0

Didier PLAY_CARD id=105 // name='Whirlwind' cost=1 text='Deal 1 damage to ALL minions.'
--> Didier/Garrosh Hellscream Mana=0 Hlt=30 Att=0 Arm=0 Hnd=3 Dck=25 Min=0 Sec=0
--> Titou/Malfurion Stormrage Mana=1 Hlt=30 Att=0 Arm=0 Hnd=4 Dck=26 Min=0 Sec=0

NEXT_TURN

Titou PLAY_CARD id=133 // name='Innervate' cost=0 text='Gain 2 Mana Crystals this turn only.'
--> Titou/Malfurion Stormrage Mana=4 Hlt=30 Att=0 Arm=0 Hnd=4 Dck=25 Min=0 Sec=0
--> Didier/Garrosh Hellscream Mana=0 Hlt=30 Att=0 Arm=0 Hnd=3 Dck=25 Min=0 Sec=0

Titou PLAY_CARD id=152 target=hero 'Garrosh Hellscream'(100) // name='Swipe' cost=4 text='Deal 4 damage to an enemy and 1 damage to all other enemies.'
--> Titou/Malfurion Stormrage Mana=0 Hlt=30 Att=0 Arm=0 Hnd=3 Dck=25 Min=0 Sec=0
--> Didier/Garrosh Hellscream Mana=0 Hlt=26 Att=0 Arm=0 Hnd=3 Dck=25 Min=0 Sec=0

NEXT_TURN

Didier USE_HERO_POWER power=''Armor Up!' power'
--> Didier/Garrosh Hellscream Mana=0 Hlt=26 Att=0 Arm=2 Hnd=4 Dck=24 Min=0 Sec=0
--> Titou/Malfurion Stormrage Mana=0 Hlt=30 Att=0 Arm=0 Hnd=3 Dck=25 Min=0 Sec=0

NEXT_TURN

Titou PLAY_CARD id=148 position=0 // name='Wolfrider' cost=3 text='Charge'
--> Titou/Malfurion Stormrage Mana=0 Hlt=30 Att=0 Arm=0 Hnd=3 Dck=24 Min=1 Sec=0
--> Didier/Garrosh Hellscream Mana=0 Hlt=26 Att=0 Arm=2 Hnd=4 Dck=24 Min=0 Sec=0

Titou ATTACK attacker=minion 'Wolfrider'(148) attacked=hero 'Garrosh Hellscream'(100)
--> Titou/Malfurion Stormrage Mana=0 Hlt=30 Att=0 Arm=0 Hnd=3 Dck=24 Min=1 Sec=0
--> Didier/Garrosh Hellscream Mana=0 Hlt=25 Att=0 Arm=0 Hnd=4 Dck=24 Min=0 Sec=0

NEXT_TURN

Didier PLAY_CARD id=101 target=minion 'Wolfrider'(148) // name='Inner Rage' cost=0 text='Deal 1 damage to a minion and give it +2 Attack.'
--> Didier/Garrosh Hellscream Mana=3 Hlt=25 Att=0 Arm=0 Hnd=4 Dck=23 Min=0 Sec=0
--> Titou/Malfurion Stormrage Mana=0 Hlt=30 Att=0 Arm=0 Hnd=3 Dck=24 Min=0 Sec=0

Didier USE_HERO_POWER power=''Armor Up!' power'
--> Didier/Garrosh Hellscream Mana=1 Hlt=25 Att=0 Arm=2 Hnd=4 Dck=23 Min=0 Sec=0
--> Titou/Malfurion Stormrage Mana=0 Hlt=30 Att=0 Arm=0 Hnd=3 Dck=24 Min=0 Sec=0

NEXT_TURN

Titou PLAY_CARD id=145 position=0 // name='Acidic Swamp Ooze' cost=2 text='Battlecry: Destroy your opponent's weapon.'
--> Titou/Malfurion Stormrage Mana=2 Hlt=30 Att=0 Arm=0 Hnd=3 Dck=23 Min=1 Sec=0
--> Didier/Garrosh Hellscream Mana=1 Hlt=25 Att=0 Arm=2 Hnd=4 Dck=23 Min=0 Sec=0

Titou USE_HERO_POWER power=''Shapeshift' power'
--> Titou/Malfurion Stormrage Mana=0 Hlt=30 Att=0 Arm=1 Hnd=3 Dck=23 Min=1 Sec=0
--> Didier/Garrosh Hellscream Mana=1 Hlt=25 Att=0 Arm=2 Hnd=4 Dck=23 Min=0 Sec=0

Titou ATTACK attacker=hero 'Malfurion Stormrage'(131) attacked=hero 'Garrosh Hellscream'(100)
--> Titou/Malfurion Stormrage Mana=0 Hlt=30 Att=0 Arm=1 Hnd=3 Dck=23 Min=1 Sec=0
--> Didier/Garrosh Hellscream Mana=1 Hlt=25 Att=0 Arm=1 Hnd=4 Dck=23 Min=0 Sec=0

NEXT_TURN

Didier PLAY_CARD id=122 position=0 // name='Kor'kron Elite' cost=4 text='Charge'
--> Didier/Garrosh Hellscream Mana=0 Hlt=25 Att=0 Arm=1 Hnd=4 Dck=22 Min=1 Sec=0
--> Titou/Malfurion Stormrage Mana=0 Hlt=30 Att=0 Arm=1 Hnd=3 Dck=23 Min=1 Sec=0

Didier ATTACK attacker=minion 'Kor'kron Elite'(122) attacked=minion 'Acidic Swamp Ooze'(145)
--> Didier/Garrosh Hellscream Mana=0 Hlt=25 Att=0 Arm=1 Hnd=4 Dck=22 Min=0 Sec=0
--> Titou/Malfurion Stormrage Mana=0 Hlt=30 Att=0 Arm=1 Hnd=3 Dck=23 Min=0 Sec=0

NEXT_TURN

Titou PLAY_CARD id=154 position=0 // name='Azure Drake' cost=5 text='Spell Damage +1. Battlecry: Draw a card.'
--> Titou/Malfurion Stormrage Mana=0 Hlt=30 Att=0 Arm=1 Hnd=4 Dck=21 Min=1 Sec=0
--> Didier/Garrosh Hellscream Mana=0 Hlt=25 Att=0 Arm=1 Hnd=4 Dck=22 Min=0 Sec=0

NEXT_TURN

Didier USE_HERO_POWER power=''Armor Up!' power'
--> Didier/Garrosh Hellscream Mana=3 Hlt=25 Att=0 Arm=3 Hnd=5 Dck=21 Min=0 Sec=0
--> Titou/Malfurion Stormrage Mana=0 Hlt=30 Att=0 Arm=1 Hnd=4 Dck=21 Min=1 Sec=0

NEXT_TURN

Titou ATTACK attacker=minion 'Azure Drake'(154) attacked=hero 'Garrosh Hellscream'(100)
--> Titou/Malfurion Stormrage Mana=6 Hlt=30 Att=0 Arm=1 Hnd=5 Dck=20 Min=1 Sec=0
--> Didier/Garrosh Hellscream Mana=3 Hlt=24 Att=0 Arm=0 Hnd=5 Dck=21 Min=0 Sec=0

Titou PLAY_CARD id=146 position=1 // name='Acidic Swamp Ooze' cost=2 text='Battlecry: Destroy your opponent's weapon.'
--> Titou/Malfurion Stormrage Mana=4 Hlt=30 Att=0 Arm=1 Hnd=4 Dck=20 Min=2 Sec=0
--> Didier/Garrosh Hellscream Mana=3 Hlt=24 Att=0 Arm=0 Hnd=5 Dck=21 Min=0 Sec=0

Titou USE_HERO_POWER power=''Shapeshift' power'
--> Titou/Malfurion Stormrage Mana=2 Hlt=30 Att=0 Arm=2 Hnd=4 Dck=20 Min=2 Sec=0
--> Didier/Garrosh Hellscream Mana=3 Hlt=24 Att=0 Arm=0 Hnd=5 Dck=21 Min=0 Sec=0

Titou PLAY_CARD id=134 target=minion 'Acidic Swamp Ooze'(146) // name='Naturalize' cost=1 text='Destroy a minion. Your opponent draws 2 cards.'
--> Titou/Malfurion Stormrage Mana=1 Hlt=30 Att=0 Arm=2 Hnd=3 Dck=20 Min=1 Sec=0
--> Didier/Garrosh Hellscream Mana=3 Hlt=24 Att=0 Arm=0 Hnd=7 Dck=19 Min=0 Sec=0

Titou ATTACK attacker=hero 'Malfurion Stormrage'(131) attacked=hero 'Garrosh Hellscream'(100)
--> Titou/Malfurion Stormrage Mana=1 Hlt=30 Att=0 Arm=2 Hnd=3 Dck=20 Min=1 Sec=0
--> Didier/Garrosh Hellscream Mana=3 Hlt=23 Att=0 Arm=0 Hnd=7 Dck=19 Min=0 Sec=0

Titou PLAY_CARD id=135 target=minion 'Azure Drake'(154) // name='Naturalize' cost=1 text='Destroy a minion. Your opponent draws 2 cards.'
--> Titou/Malfurion Stormrage Mana=0 Hlt=30 Att=0 Arm=2 Hnd=2 Dck=20 Min=0 Sec=0
--> Didier/Garrosh Hellscream Mana=3 Hlt=23 Att=0 Arm=0 Hnd=9 Dck=17 Min=0 Sec=0

NEXT_TURN

Didier PLAY_CARD id=113 position=0 // name='Acolyte of Pain' cost=3 text='Whenever this minion takes damage, draw a card.'
--> Didier/Garrosh Hellscream Mana=3 Hlt=23 Att=0 Arm=0 Hnd=9 Dck=16 Min=1 Sec=0
--> Titou/Malfurion Stormrage Mana=0 Hlt=30 Att=0 Arm=2 Hnd=2 Dck=20 Min=0 Sec=0

Didier PLAY_CARD id=114 position=1 // name='Frothing Berserker' cost=3 text='Whenever a minion takes damage, gain +1 Attack.'
--> Didier/Garrosh Hellscream Mana=0 Hlt=23 Att=0 Arm=0 Hnd=8 Dck=16 Min=2 Sec=0
--> Titou/Malfurion Stormrage Mana=0 Hlt=30 Att=0 Arm=2 Hnd=2 Dck=20 Min=0 Sec=0

NEXT_TURN

Titou PLAY_CARD id=158 target=hero 'Garrosh Hellscream'(100) // name='Starfire' cost=6 text='Deal 5 damage. Draw a card.'
--> Titou/Malfurion Stormrage Mana=1 Hlt=30 Att=0 Arm=2 Hnd=3 Dck=18 Min=0 Sec=0
--> Didier/Garrosh Hellscream Mana=0 Hlt=18 Att=0 Arm=0 Hnd=8 Dck=16 Min=2 Sec=0

Titou PLAY_CARD id=138 position=0 // name='Leper Gnome' cost=1 text='Deathrattle: Deal 2 damage to the enemy hero.'
--> Titou/Malfurion Stormrage Mana=0 Hlt=30 Att=0 Arm=2 Hnd=2 Dck=18 Min=1 Sec=0
--> Didier/Garrosh Hellscream Mana=0 Hlt=18 Att=0 Arm=0 Hnd=8 Dck=16 Min=2 Sec=0

NEXT_TURN

Didier PLAY_CARD id=130 position=0 // name='Stormwind Champion' cost=7 text='Your other minions have +1/+1.'
--> Didier/Garrosh Hellscream Mana=0 Hlt=18 Att=0 Arm=0 Hnd=8 Dck=15 Min=3 Sec=0
--> Titou/Malfurion Stormrage Mana=0 Hlt=30 Att=0 Arm=2 Hnd=2 Dck=18 Min=1 Sec=0

Didier ATTACK attacker=minion 'Acolyte of Pain'(113) attacked=minion 'Leper Gnome'(138)
--> Didier/Garrosh Hellscream Mana=0 Hlt=16 Att=0 Arm=0 Hnd=9 Dck=14 Min=3 Sec=0
--> Titou/Malfurion Stormrage Mana=0 Hlt=30 Att=0 Arm=2 Hnd=2 Dck=18 Min=0 Sec=0

Didier ATTACK attacker=minion 'Frothing Berserker'(114) attacked=hero 'Malfurion Stormrage'(131)
--> Didier/Garrosh Hellscream Mana=0 Hlt=16 Att=0 Arm=0 Hnd=9 Dck=14 Min=3 Sec=0
--> Titou/Malfurion Stormrage Mana=0 Hlt=27 Att=0 Arm=0 Hnd=2 Dck=18 Min=0 Sec=0

NEXT_TURN

Titou USE_HERO_POWER power=''Shapeshift' power'
--> Titou/Malfurion Stormrage Mana=6 Hlt=27 Att=0 Arm=1 Hnd=3 Dck=17 Min=0 Sec=0
--> Didier/Garrosh Hellscream Mana=0 Hlt=16 Att=0 Arm=0 Hnd=9 Dck=14 Min=3 Sec=0

Titou ATTACK attacker=hero 'Malfurion Stormrage'(131) attacked=minion 'Stormwind Champion'(130)
--> Titou/Malfurion Stormrage Mana=6 Hlt=22 Att=0 Arm=0 Hnd=3 Dck=17 Min=0 Sec=0
--> Didier/Garrosh Hellscream Mana=0 Hlt=16 Att=0 Arm=0 Hnd=9 Dck=14 Min=3 Sec=0

Titou PLAY_CARD id=160 // name='Force of Nature' cost=6 text='Summon three 2/2 Treants with Charge that die at the end of the turn.'
--> Titou/Malfurion Stormrage Mana=0 Hlt=22 Att=0 Arm=0 Hnd=2 Dck=17 Min=3 Sec=0
--> Didier/Garrosh Hellscream Mana=0 Hlt=16 Att=0 Arm=0 Hnd=9 Dck=14 Min=3 Sec=0

Titou ATTACK attacker=minion 'Treant'(164) attacked=hero 'Garrosh Hellscream'(100)
--> Titou/Malfurion Stormrage Mana=0 Hlt=22 Att=0 Arm=0 Hnd=2 Dck=17 Min=3 Sec=0
--> Didier/Garrosh Hellscream Mana=0 Hlt=14 Att=0 Arm=0 Hnd=9 Dck=14 Min=3 Sec=0

Titou ATTACK attacker=minion 'Treant'(163) attacked=minion 'Frothing Berserker'(114)
--> Titou/Malfurion Stormrage Mana=0 Hlt=22 Att=0 Arm=0 Hnd=2 Dck=17 Min=2 Sec=0
--> Didier/Garrosh Hellscream Mana=0 Hlt=14 Att=0 Arm=0 Hnd=9 Dck=14 Min=3 Sec=0

Titou ATTACK attacker=minion 'Treant'(165) attacked=minion 'Stormwind Champion'(130)
--> Titou/Malfurion Stormrage Mana=0 Hlt=22 Att=0 Arm=0 Hnd=2 Dck=17 Min=1 Sec=0
--> Didier/Garrosh Hellscream Mana=0 Hlt=14 Att=0 Arm=0 Hnd=9 Dck=14 Min=3 Sec=0

NEXT_TURN

Didier PLAY_CARD id=128 target=hero 'Garrosh Hellscream'(100) position=2 // name='Stormpike Commando' cost=5 text='Battlecry: Deal 2 damage.'
--> Didier/Garrosh Hellscream Mana=3 Hlt=12 Att=0 Arm=0 Hnd=9 Dck=13 Min=4 Sec=0
--> Titou/Malfurion Stormrage Mana=0 Hlt=22 Att=0 Arm=0 Hnd=2 Dck=17 Min=0 Sec=0

Didier ATTACK attacker=minion 'Acolyte of Pain'(113) attacked=hero 'Malfurion Stormrage'(131)
--> Didier/Garrosh Hellscream Mana=3 Hlt=12 Att=0 Arm=0 Hnd=9 Dck=13 Min=4 Sec=0
--> Titou/Malfurion Stormrage Mana=0 Hlt=20 Att=0 Arm=0 Hnd=2 Dck=17 Min=0 Sec=0

Didier ATTACK attacker=minion 'Frothing Berserker'(114) attacked=hero 'Malfurion Stormrage'(131)
--> Didier/Garrosh Hellscream Mana=3 Hlt=12 Att=0 Arm=0 Hnd=9 Dck=13 Min=4 Sec=0
--> Titou/Malfurion Stormrage Mana=0 Hlt=10 Att=0 Arm=0 Hnd=2 Dck=17 Min=0 Sec=0

Didier PLAY_CARD id=117 position=2 // name='Thrallmar Farseer' cost=3 text='Windfury'
--> Didier/Garrosh Hellscream Mana=0 Hlt=12 Att=0 Arm=0 Hnd=8 Dck=13 Min=5 Sec=0
--> Titou/Malfurion Stormrage Mana=0 Hlt=10 Att=0 Arm=0 Hnd=2 Dck=17 Min=0 Sec=0

Didier ATTACK attacker=minion 'Stormwind Champion'(130) attacked=hero 'Malfurion Stormrage'(131)
--> Didier/Garrosh Hellscream Mana=0 Hlt=12 Att=0 Arm=0 Hnd=8 Dck=13 Min=5 Sec=0
--> Titou/Malfurion Stormrage Mana=0 Hlt=4 Att=0 Arm=0 Hnd=2 Dck=17 Min=0 Sec=0

NEXT_TURN

Titou PLAY_CARD id=141 target=minion 'Stormpike Commando'(128) // name='Mark of the Wild' cost=2 text='Give a minion Taunt and +2/+2. (+2 Attack/+2 Health)'
--> Titou/Malfurion Stormrage Mana=7 Hlt=4 Att=0 Arm=0 Hnd=2 Dck=16 Min=0 Sec=0
--> Didier/Garrosh Hellscream Mana=0 Hlt=12 Att=0 Arm=0 Hnd=8 Dck=13 Min=5 Sec=0

Titou USE_HERO_POWER power=''Shapeshift' power'
--> Titou/Malfurion Stormrage Mana=5 Hlt=4 Att=0 Arm=1 Hnd=2 Dck=16 Min=0 Sec=0
--> Didier/Garrosh Hellscream Mana=0 Hlt=12 Att=0 Arm=0 Hnd=8 Dck=13 Min=5 Sec=0

Titou ATTACK attacker=hero 'Malfurion Stormrage'(131) attacked=minion 'Stormpike Commando'(128)
--> Titou/Malfurion Stormrage Mana=5 Hlt=-2 Att=0 Arm=0 Hnd=2 Dck=16 Min=0 Sec=0
--> Didier/Garrosh Hellscream Mana=0 Hlt=12 Att=0 Arm=0 Hnd=8 Dck=13 Min=5 Sec=0

Didier wins
Titou looses
