Active player = Titou
--> Titou/Malfurion Stormrage Mana=1 Hlt=30 Att=0 Arm=0 Hnd=4 Dck=26 Min=0 Sec=0
Opponent = Didier
--> Didier/Garrosh Hellscream Mana=0 Hlt=30 Att=0 Arm=0 Hnd=5 Dck=26 Min=0 Sec=0

NEXT_TURN

Didier PLAY_CARD id=162 // name='The Coin' cost=0 text='Gain 1 Mana Crystal this turn only.'
--> Didier/Garrosh Hellscream Mana=2 Hlt=30 Att=0 Arm=0 Hnd=5 Dck=25 Min=0 Sec=0
--> Titou/Malfurion Stormrage Mana=1 Hlt=30 Att=0 Arm=0 Hnd=4 Dck=26 Min=0 Sec=0

Didier PLAY_CARD id=108 // name='Fiery War Axe' cost=2 text='null'
--> Didier/Garrosh Hellscream Mana=0 Hlt=30 Att=0 Arm=0 Hnd=4 Dck=25 Min=0 Sec=0
--> Titou/Malfurion Stormrage Mana=1 Hlt=30 Att=0 Arm=0 Hnd=4 Dck=26 Min=0 Sec=0

Didier ATTACK attacker=hero 'Garrosh Hellscream'(100) attacked=hero 'Malfurion Stormrage'(131)
--> Didier/Garrosh Hellscream Mana=0 Hlt=30 Att=0 Arm=0 Hnd=4 Dck=25 Min=0 Sec=0
--> Titou/Malfurion Stormrage Mana=1 Hlt=27 Att=0 Arm=0 Hnd=4 Dck=26 Min=0 Sec=0

NEXT_TURN

Titou USE_HERO_POWER power=''Shapeshift' power'
--> Titou/Malfurion Stormrage Mana=0 Hlt=27 Att=0 Arm=1 Hnd=5 Dck=25 Min=0 Sec=0
--> Didier/Garrosh Hellscream Mana=0 Hlt=30 Att=0 Arm=0 Hnd=4 Dck=25 Min=0 Sec=0

Titou ATTACK attacker=hero 'Malfurion Stormrage'(131) attacked=hero 'Garrosh Hellscream'(100)
--> Titou/Malfurion Stormrage Mana=0 Hlt=25 Att=0 Arm=0 Hnd=5 Dck=25 Min=0 Sec=0
--> Didier/Garrosh Hellscream Mana=0 Hlt=29 Att=0 Arm=0 Hnd=4 Dck=25 Min=0 Sec=0

NEXT_TURN

Didier USE_HERO_POWER power=''Armor Up!' power'
--> Didier/Garrosh Hellscream Mana=0 Hlt=29 Att=0 Arm=2 Hnd=5 Dck=24 Min=0 Sec=0
--> Titou/Malfurion Stormrage Mana=0 Hlt=25 Att=0 Arm=0 Hnd=5 Dck=25 Min=0 Sec=0

Didier ATTACK attacker=hero 'Garrosh Hellscream'(100) attacked=hero 'Malfurion Stormrage'(131)
--> Didier/Garrosh Hellscream Mana=0 Hlt=29 Att=0 Arm=2 Hnd=5 Dck=24 Min=0 Sec=0
--> Titou/Malfurion Stormrage Mana=0 Hlt=22 Att=0 Arm=0 Hnd=5 Dck=25 Min=0 Sec=0

NEXT_TURN

Titou USE_HERO_POWER power=''Shapeshift' power'
--> Titou/Malfurion Stormrage Mana=1 Hlt=22 Att=0 Arm=1 Hnd=6 Dck=24 Min=0 Sec=0
--> Didier/Garrosh Hellscream Mana=0 Hlt=29 Att=0 Arm=2 Hnd=5 Dck=24 Min=0 Sec=0

Titou ATTACK attacker=hero 'Malfurion Stormrage'(131) attacked=hero 'Garrosh Hellscream'(100)
--> Titou/Malfurion Stormrage Mana=1 Hlt=22 Att=0 Arm=1 Hnd=6 Dck=24 Min=0 Sec=0
--> Didier/Garrosh Hellscream Mana=0 Hlt=29 Att=0 Arm=1 Hnd=5 Dck=24 Min=0 Sec=0

NEXT_TURN

Didier USE_HERO_POWER power=''Armor Up!' power'
--> Didier/Garrosh Hellscream Mana=1 Hlt=29 Att=0 Arm=3 Hnd=6 Dck=23 Min=0 Sec=0
--> Titou/Malfurion Stormrage Mana=1 Hlt=22 Att=0 Arm=1 Hnd=6 Dck=24 Min=0 Sec=0

NEXT_TURN

Titou PLAY_CARD id=152 target=hero 'Garrosh Hellscream'(100) // name='Swipe' cost=4 text='Deal 4 damage to an enemy and 1 damage to all other enemies.'
--> Titou/Malfurion Stormrage Mana=0 Hlt=22 Att=0 Arm=1 Hnd=6 Dck=23 Min=0 Sec=0
--> Didier/Garrosh Hellscream Mana=1 Hlt=25 Att=0 Arm=3 Hnd=6 Dck=23 Min=0 Sec=0

NEXT_TURN

Didier PLAY_CARD id=119 position=0 // name='Arathi Weaponsmith' cost=4 text='Battlecry: Equip a 2/2 weapon.'
--> Didier/Garrosh Hellscream Mana=0 Hlt=25 Att=0 Arm=3 Hnd=6 Dck=22 Min=1 Sec=0
--> Titou/Malfurion Stormrage Mana=0 Hlt=22 Att=0 Arm=1 Hnd=6 Dck=23 Min=0 Sec=0

Didier ATTACK attacker=hero 'Garrosh Hellscream'(100) attacked=hero 'Malfurion Stormrage'(131)
--> Didier/Garrosh Hellscream Mana=0 Hlt=25 Att=0 Arm=3 Hnd=6 Dck=22 Min=1 Sec=0
--> Titou/Malfurion Stormrage Mana=0 Hlt=21 Att=0 Arm=0 Hnd=6 Dck=23 Min=0 Sec=0

NEXT_TURN

Titou PLAY_CARD id=134 target=minion 'Arathi Weaponsmith'(119) // name='Naturalize' cost=1 text='Destroy a minion. Your opponent draws 2 cards.'
--> Titou/Malfurion Stormrage Mana=4 Hlt=21 Att=0 Arm=0 Hnd=6 Dck=22 Min=0 Sec=0
--> Didier/Garrosh Hellscream Mana=0 Hlt=25 Att=0 Arm=3 Hnd=8 Dck=20 Min=0 Sec=0

Titou USE_HERO_POWER power=''Shapeshift' power'
--> Titou/Malfurion Stormrage Mana=2 Hlt=21 Att=0 Arm=1 Hnd=6 Dck=22 Min=0 Sec=0
--> Didier/Garrosh Hellscream Mana=0 Hlt=25 Att=0 Arm=3 Hnd=8 Dck=20 Min=0 Sec=0

Titou ATTACK attacker=hero 'Malfurion Stormrage'(131) attacked=hero 'Garrosh Hellscream'(100)
--> Titou/Malfurion Stormrage Mana=2 Hlt=20 Att=0 Arm=0 Hnd=6 Dck=22 Min=0 Sec=0
--> Didier/Garrosh Hellscream Mana=0 Hlt=25 Att=0 Arm=2 Hnd=8 Dck=20 Min=0 Sec=0

NEXT_TURN

Didier PLAY_CARD id=126 position=0 // name='Gurubashi Berserker' cost=5 text='Whenever this minion takes damage, gain +3 Attack.'
--> Didier/Garrosh Hellscream Mana=0 Hlt=25 Att=0 Arm=2 Hnd=8 Dck=19 Min=1 Sec=0
--> Titou/Malfurion Stormrage Mana=2 Hlt=20 Att=0 Arm=0 Hnd=6 Dck=22 Min=0 Sec=0

Didier ATTACK attacker=hero 'Garrosh Hellscream'(100) attacked=hero 'Malfurion Stormrage'(131)
--> Didier/Garrosh Hellscream Mana=0 Hlt=25 Att=0 Arm=2 Hnd=8 Dck=19 Min=1 Sec=0
--> Titou/Malfurion Stormrage Mana=2 Hlt=18 Att=0 Arm=0 Hnd=6 Dck=22 Min=0 Sec=0

NEXT_TURN

Titou PLAY_CARD id=158 target=hero 'Malfurion Stormrage'(131) // name='Starfire' cost=6 text='Deal 5 damage. Draw a card.'
--> Titou/Malfurion Stormrage Mana=0 Hlt=13 Att=0 Arm=0 Hnd=7 Dck=20 Min=0 Sec=0
--> Didier/Garrosh Hellscream Mana=0 Hlt=25 Att=0 Arm=2 Hnd=8 Dck=19 Min=1 Sec=0

NEXT_TURN

Didier PLAY_CARD id=113 position=0 // name='Acolyte of Pain' cost=3 text='Whenever this minion takes damage, draw a card.'
--> Didier/Garrosh Hellscream Mana=3 Hlt=25 Att=0 Arm=2 Hnd=8 Dck=18 Min=2 Sec=0
--> Titou/Malfurion Stormrage Mana=0 Hlt=13 Att=0 Arm=0 Hnd=7 Dck=20 Min=0 Sec=0

Didier ATTACK attacker=minion 'Gurubashi Berserker'(126) attacked=hero 'Malfurion Stormrage'(131)
--> Didier/Garrosh Hellscream Mana=3 Hlt=25 Att=0 Arm=2 Hnd=8 Dck=18 Min=2 Sec=0
--> Titou/Malfurion Stormrage Mana=0 Hlt=11 Att=0 Arm=0 Hnd=7 Dck=20 Min=0 Sec=0

Didier PLAY_CARD id=112 position=0 // name='Acidic Swamp Ooze' cost=2 text='Battlecry: Destroy your opponent's weapon.'
--> Didier/Garrosh Hellscream Mana=1 Hlt=25 Att=0 Arm=2 Hnd=7 Dck=18 Min=3 Sec=0
--> Titou/Malfurion Stormrage Mana=0 Hlt=11 Att=0 Arm=0 Hnd=7 Dck=20 Min=0 Sec=0

NEXT_TURN

Titou PLAY_CARD id=144 target=minion 'Acolyte of Pain'(113) position=0 // name='Ironbeak Owl' cost=2 text='Battlecry: Silence a minion.'
--> Titou/Malfurion Stormrage Mana=5 Hlt=11 Att=0 Arm=0 Hnd=7 Dck=19 Min=1 Sec=0
--> Didier/Garrosh Hellscream Mana=1 Hlt=25 Att=0 Arm=2 Hnd=7 Dck=18 Min=3 Sec=0

Titou PLAY_CARD id=151 target=minion 'Acidic Swamp Ooze'(112) // name='Swipe' cost=4 text='Deal 4 damage to an enemy and 1 damage to all other enemies.'
--> Titou/Malfurion Stormrage Mana=1 Hlt=11 Att=0 Arm=0 Hnd=6 Dck=19 Min=1 Sec=0
--> Didier/Garrosh Hellscream Mana=1 Hlt=25 Att=0 Arm=2 Hnd=7 Dck=18 Min=2 Sec=0

Titou PLAY_CARD id=133 // name='Innervate' cost=0 text='Gain 2 Mana Crystals this turn only.'
--> Titou/Malfurion Stormrage Mana=3 Hlt=11 Att=0 Arm=0 Hnd=5 Dck=19 Min=1 Sec=0
--> Didier/Garrosh Hellscream Mana=1 Hlt=25 Att=0 Arm=2 Hnd=7 Dck=18 Min=2 Sec=0

Titou PLAY_CARD id=140 choice='Deal 3 damage to a minion' target=minion 'Ironbeak Owl'(144) // name='Wrath' cost=2 text='Choose One - Deal 3 damage to a minion; or 1 damage and draw a card.'
--> Titou/Malfurion Stormrage Mana=1 Hlt=11 Att=0 Arm=0 Hnd=4 Dck=19 Min=0 Sec=0
--> Didier/Garrosh Hellscream Mana=1 Hlt=25 Att=0 Arm=2 Hnd=7 Dck=18 Min=2 Sec=0

NEXT_TURN

Didier PLAY_CARD id=115 position=0 // name='Frothing Berserker' cost=3 text='Whenever a minion takes damage, gain +1 Attack.'
--> Didier/Garrosh Hellscream Mana=4 Hlt=25 Att=0 Arm=2 Hnd=7 Dck=17 Min=3 Sec=0
--> Titou/Malfurion Stormrage Mana=1 Hlt=11 Att=0 Arm=0 Hnd=4 Dck=19 Min=0 Sec=0

Didier USE_HERO_POWER power=''Armor Up!' power'
--> Didier/Garrosh Hellscream Mana=2 Hlt=25 Att=0 Arm=4 Hnd=7 Dck=17 Min=3 Sec=0
--> Titou/Malfurion Stormrage Mana=1 Hlt=11 Att=0 Arm=0 Hnd=4 Dck=19 Min=0 Sec=0

Didier ATTACK attacker=minion 'Gurubashi Berserker'(126) attacked=hero 'Malfurion Stormrage'(131)
--> Didier/Garrosh Hellscream Mana=2 Hlt=25 Att=0 Arm=4 Hnd=7 Dck=17 Min=3 Sec=0
--> Titou/Malfurion Stormrage Mana=1 Hlt=6 Att=0 Arm=0 Hnd=4 Dck=19 Min=0 Sec=0

Didier ATTACK attacker=minion 'Acolyte of Pain'(113) attacked=hero 'Malfurion Stormrage'(131)
--> Didier/Garrosh Hellscream Mana=2 Hlt=25 Att=0 Arm=4 Hnd=7 Dck=17 Min=3 Sec=0
--> Titou/Malfurion Stormrage Mana=1 Hlt=5 Att=0 Arm=0 Hnd=4 Dck=19 Min=0 Sec=0

NEXT_TURN

Titou PLAY_CARD id=136 // name='Claw' cost=1 text='Give your hero +2 Attack this turn and 2 Armor.'
--> Titou/Malfurion Stormrage Mana=7 Hlt=5 Att=0 Arm=2 Hnd=4 Dck=18 Min=0 Sec=0
--> Didier/Garrosh Hellscream Mana=2 Hlt=25 Att=0 Arm=4 Hnd=7 Dck=17 Min=3 Sec=0

Titou ATTACK attacker=hero 'Malfurion Stormrage'(131) attacked=minion 'Frothing Berserker'(115)
--> Titou/Malfurion Stormrage Mana=7 Hlt=5 Att=0 Arm=0 Hnd=4 Dck=18 Min=0 Sec=0
--> Didier/Garrosh Hellscream Mana=2 Hlt=25 Att=0 Arm=4 Hnd=7 Dck=17 Min=3 Sec=0

Titou PLAY_CARD id=139 choice='Deal 3 damage to a minion' target=minion 'Frothing Berserker'(115) // name='Wrath' cost=2 text='Choose One - Deal 3 damage to a minion; or 1 damage and draw a card.'
--> Titou/Malfurion Stormrage Mana=5 Hlt=5 Att=0 Arm=0 Hnd=3 Dck=18 Min=0 Sec=0
--> Didier/Garrosh Hellscream Mana=2 Hlt=25 Att=0 Arm=4 Hnd=7 Dck=17 Min=2 Sec=0

Titou USE_HERO_POWER power=''Shapeshift' power'
--> Titou/Malfurion Stormrage Mana=3 Hlt=5 Att=0 Arm=1 Hnd=3 Dck=18 Min=0 Sec=0
--> Didier/Garrosh Hellscream Mana=2 Hlt=25 Att=0 Arm=4 Hnd=7 Dck=17 Min=2 Sec=0

NEXT_TURN

Didier ATTACK attacker=minion 'Acolyte of Pain'(113) attacked=hero 'Malfurion Stormrage'(131)
--> Didier/Garrosh Hellscream Mana=8 Hlt=25 Att=0 Arm=4 Hnd=8 Dck=16 Min=2 Sec=0
--> Titou/Malfurion Stormrage Mana=3 Hlt=5 Att=0 Arm=0 Hnd=3 Dck=18 Min=0 Sec=0

Didier PLAY_CARD id=127 position=0 // name='Gurubashi Berserker' cost=5 text='Whenever this minion takes damage, gain +3 Attack.'
--> Didier/Garrosh Hellscream Mana=3 Hlt=25 Att=0 Arm=4 Hnd=7 Dck=16 Min=3 Sec=0
--> Titou/Malfurion Stormrage Mana=3 Hlt=5 Att=0 Arm=0 Hnd=3 Dck=18 Min=0 Sec=0

Didier USE_HERO_POWER power=''Armor Up!' power'
--> Didier/Garrosh Hellscream Mana=1 Hlt=25 Att=0 Arm=6 Hnd=7 Dck=16 Min=3 Sec=0
--> Titou/Malfurion Stormrage Mana=3 Hlt=5 Att=0 Arm=0 Hnd=3 Dck=18 Min=0 Sec=0

Didier ATTACK attacker=minion 'Gurubashi Berserker'(126) attacked=hero 'Malfurion Stormrage'(131)
--> Didier/Garrosh Hellscream Mana=1 Hlt=25 Att=0 Arm=6 Hnd=7 Dck=16 Min=3 Sec=0
--> Titou/Malfurion Stormrage Mana=3 Hlt=0 Att=0 Arm=0 Hnd=3 Dck=18 Min=0 Sec=0

Didier wins
Titou looses
