Active player = Titou
--> Titou/Malfurion Stormrage Mana=1 Hlt=30 Att=0 Arm=0 Hnd=4 Dck=26 Min=0 Sec=0
Opponent = Didier
--> Didier/Garrosh Hellscream Mana=0 Hlt=30 Att=0 Arm=0 Hnd=5 Dck=26 Min=0 Sec=0

NEXT_TURN

Didier PLAY_CARD id=162 // name='The Coin' cost=0 text='Gain 1 Mana Crystal this turn only.'
--> Didier/Garrosh Hellscream Mana=2 Hlt=30 Att=0 Arm=0 Hnd=5 Dck=25 Min=0 Sec=0
--> Titou/Malfurion Stormrage Mana=1 Hlt=30 Att=0 Arm=0 Hnd=4 Dck=26 Min=0 Sec=0

Didier PLAY_CARD id=110 // name='Heroic Strike' cost=2 text='Give your hero +4 Attack this turn.'
--> Didier/Garrosh Hellscream Mana=0 Hlt=30 Att=0 Arm=0 Hnd=4 Dck=25 Min=0 Sec=0
--> Titou/Malfurion Stormrage Mana=1 Hlt=30 Att=0 Arm=0 Hnd=4 Dck=26 Min=0 Sec=0

Didier ATTACK attacker=hero 'Garrosh Hellscream'(100) attacked=hero 'Malfurion Stormrage'(131)
--> Didier/Garrosh Hellscream Mana=0 Hlt=30 Att=0 Arm=0 Hnd=4 Dck=25 Min=0 Sec=0
--> Titou/Malfurion Stormrage Mana=1 Hlt=26 Att=0 Arm=0 Hnd=4 Dck=26 Min=0 Sec=0

NEXT_TURN

Titou USE_HERO_POWER power=''Shapeshift' power'
--> Titou/Malfurion Stormrage Mana=0 Hlt=26 Att=0 Arm=1 Hnd=5 Dck=25 Min=0 Sec=0
--> Didier/Garrosh Hellscream Mana=0 Hlt=30 Att=0 Arm=0 Hnd=4 Dck=25 Min=0 Sec=0

Titou ATTACK attacker=hero 'Malfurion Stormrage'(131) attacked=hero 'Garrosh Hellscream'(100)
--> Titou/Malfurion Stormrage Mana=0 Hlt=26 Att=0 Arm=1 Hnd=5 Dck=25 Min=0 Sec=0
--> Didier/Garrosh Hellscream Mana=0 Hlt=29 Att=0 Arm=0 Hnd=4 Dck=25 Min=0 Sec=0

NEXT_TURN

Didier USE_HERO_POWER power=''Armor Up!' power'
--> Didier/Garrosh Hellscream Mana=0 Hlt=29 Att=0 Arm=2 Hnd=5 Dck=24 Min=0 Sec=0
--> Titou/Malfurion Stormrage Mana=0 Hlt=26 Att=0 Arm=1 Hnd=5 Dck=25 Min=0 Sec=0

NEXT_TURN

Titou PLAY_CARD id=147 target=hero 'Malfurion Stormrage'(131) // name='Healing Touch' cost=3 text='Restore 8 Health.'
--> Titou/Malfurion Stormrage Mana=0 Hlt=30 Att=0 Arm=1 Hnd=5 Dck=24 Min=0 Sec=0
--> Didier/Garrosh Hellscream Mana=0 Hlt=29 Att=0 Arm=2 Hnd=5 Dck=24 Min=0 Sec=0

NEXT_TURN

Didier USE_HERO_POWER power=''Armor Up!' power'
--> Didier/Garrosh Hellscream Mana=1 Hlt=29 Att=0 Arm=4 Hnd=6 Dck=23 Min=0 Sec=0
--> Titou/Malfurion Stormrage Mana=0 Hlt=30 Att=0 Arm=1 Hnd=5 Dck=24 Min=0 Sec=0

Didier PLAY_CARD id=106 // name='Whirlwind' cost=1 text='Deal 1 damage to ALL minions.'
--> Didier/Garrosh Hellscream Mana=0 Hlt=29 Att=0 Arm=4 Hnd=5 Dck=23 Min=0 Sec=0
--> Titou/Malfurion Stormrage Mana=0 Hlt=30 Att=0 Arm=1 Hnd=5 Dck=24 Min=0 Sec=0

NEXT_TURN

Titou PLAY_CARD id=150 position=0 // name='Thrallmar Farseer' cost=3 text='Windfury'
--> Titou/Malfurion Stormrage Mana=1 Hlt=30 Att=0 Arm=1 Hnd=5 Dck=23 Min=1 Sec=0
--> Didier/Garrosh Hellscream Mana=0 Hlt=29 Att=0 Arm=4 Hnd=5 Dck=23 Min=0 Sec=0

Titou PLAY_CARD id=134 target=minion 'Thrallmar Farseer'(150) // name='Naturalize' cost=1 text='Destroy a minion. Your opponent draws 2 cards.'
--> Titou/Malfurion Stormrage Mana=0 Hlt=30 Att=0 Arm=1 Hnd=4 Dck=23 Min=0 Sec=0
--> Didier/Garrosh Hellscream Mana=0 Hlt=29 Att=0 Arm=4 Hnd=7 Dck=21 Min=0 Sec=0

NEXT_TURN

Didier PLAY_CARD id=117 position=0 // name='Thrallmar Farseer' cost=3 text='Windfury'
--> Didier/Garrosh Hellscream Mana=1 Hlt=29 Att=0 Arm=4 Hnd=7 Dck=20 Min=1 Sec=0
--> Titou/Malfurion Stormrage Mana=0 Hlt=30 Att=0 Arm=1 Hnd=4 Dck=23 Min=0 Sec=0

Didier PLAY_CARD id=111 target=minion 'Thrallmar Farseer'(117) // name='Shield Slam' cost=1 text='Deal 1 damage to a minion for each Armor you have.'
--> Didier/Garrosh Hellscream Mana=0 Hlt=29 Att=0 Arm=4 Hnd=6 Dck=20 Min=0 Sec=0
--> Titou/Malfurion Stormrage Mana=0 Hlt=30 Att=0 Arm=1 Hnd=4 Dck=23 Min=0 Sec=0

NEXT_TURN

Titou USE_HERO_POWER power=''Shapeshift' power'
--> Titou/Malfurion Stormrage Mana=3 Hlt=30 Att=0 Arm=2 Hnd=5 Dck=22 Min=0 Sec=0
--> Didier/Garrosh Hellscream Mana=0 Hlt=29 Att=0 Arm=4 Hnd=6 Dck=20 Min=0 Sec=0

Titou PLAY_CARD id=137 // name='Claw' cost=1 text='Give your hero +2 Attack this turn and 2 Armor.'
--> Titou/Malfurion Stormrage Mana=2 Hlt=30 Att=0 Arm=4 Hnd=4 Dck=22 Min=0 Sec=0
--> Didier/Garrosh Hellscream Mana=0 Hlt=29 Att=0 Arm=4 Hnd=6 Dck=20 Min=0 Sec=0

Titou ATTACK attacker=hero 'Malfurion Stormrage'(131) attacked=hero 'Garrosh Hellscream'(100)
--> Titou/Malfurion Stormrage Mana=2 Hlt=30 Att=0 Arm=4 Hnd=4 Dck=22 Min=0 Sec=0
--> Didier/Garrosh Hellscream Mana=0 Hlt=29 Att=0 Arm=1 Hnd=6 Dck=20 Min=0 Sec=0

NEXT_TURN

Didier USE_HERO_POWER power=''Armor Up!' power'
--> Didier/Garrosh Hellscream Mana=3 Hlt=29 Att=0 Arm=3 Hnd=7 Dck=19 Min=0 Sec=0
--> Titou/Malfurion Stormrage Mana=2 Hlt=30 Att=0 Arm=4 Hnd=4 Dck=22 Min=0 Sec=0

Didier PLAY_CARD id=116 position=0 // name='Tauren Warrior' cost=3 text='Taunt. Enrage: +3 Attack'
--> Didier/Garrosh Hellscream Mana=0 Hlt=29 Att=0 Arm=3 Hnd=6 Dck=19 Min=1 Sec=0
--> Titou/Malfurion Stormrage Mana=2 Hlt=30 Att=0 Arm=4 Hnd=4 Dck=22 Min=0 Sec=0

NEXT_TURN

Titou PLAY_CARD id=141 target=minion 'Tauren Warrior'(116) // name='Mark of the Wild' cost=2 text='Give a minion Taunt and +2/+2. (+2 Attack/+2 Health)'
--> Titou/Malfurion Stormrage Mana=4 Hlt=30 Att=0 Arm=4 Hnd=4 Dck=21 Min=0 Sec=0
--> Didier/Garrosh Hellscream Mana=0 Hlt=29 Att=0 Arm=3 Hnd=6 Dck=19 Min=1 Sec=0

Titou PLAY_CARD id=139 choice='Deal 3 damage to a minion' target=minion 'Tauren Warrior'(116) // name='Wrath' cost=2 text='Choose One - Deal 3 damage to a minion; or 1 damage and draw a card.'
--> Titou/Malfurion Stormrage Mana=2 Hlt=30 Att=0 Arm=4 Hnd=3 Dck=21 Min=0 Sec=0
--> Didier/Garrosh Hellscream Mana=0 Hlt=29 Att=0 Arm=3 Hnd=6 Dck=19 Min=1 Sec=0

Titou USE_HERO_POWER power=''Shapeshift' power'
--> Titou/Malfurion Stormrage Mana=0 Hlt=30 Att=0 Arm=5 Hnd=3 Dck=21 Min=0 Sec=0
--> Didier/Garrosh Hellscream Mana=0 Hlt=29 Att=0 Arm=3 Hnd=6 Dck=19 Min=1 Sec=0

Titou ATTACK attacker=hero 'Malfurion Stormrage'(131) attacked=minion 'Tauren Warrior'(116)
--> Titou/Malfurion Stormrage Mana=0 Hlt=28 Att=0 Arm=0 Hnd=3 Dck=21 Min=0 Sec=0
--> Didier/Garrosh Hellscream Mana=0 Hlt=29 Att=0 Arm=3 Hnd=6 Dck=19 Min=1 Sec=0

NEXT_TURN

Didier PLAY_CARD id=123 position=1 // name='Kor'kron Elite' cost=4 text='Charge'
--> Didier/Garrosh Hellscream Mana=2 Hlt=29 Att=0 Arm=3 Hnd=6 Dck=18 Min=2 Sec=0
--> Titou/Malfurion Stormrage Mana=0 Hlt=28 Att=0 Arm=0 Hnd=3 Dck=21 Min=0 Sec=0

Didier USE_HERO_POWER power=''Armor Up!' power'
--> Didier/Garrosh Hellscream Mana=0 Hlt=29 Att=0 Arm=5 Hnd=6 Dck=18 Min=2 Sec=0
--> Titou/Malfurion Stormrage Mana=0 Hlt=28 Att=0 Arm=0 Hnd=3 Dck=21 Min=0 Sec=0

Didier ATTACK attacker=minion 'Tauren Warrior'(116) attacked=hero 'Malfurion Stormrage'(131)
--> Didier/Garrosh Hellscream Mana=0 Hlt=29 Att=0 Arm=5 Hnd=6 Dck=18 Min=2 Sec=0
--> Titou/Malfurion Stormrage Mana=0 Hlt=21 Att=0 Arm=0 Hnd=3 Dck=21 Min=0 Sec=0

Didier ATTACK attacker=minion 'Kor'kron Elite'(123) attacked=hero 'Malfurion Stormrage'(131)
--> Didier/Garrosh Hellscream Mana=0 Hlt=29 Att=0 Arm=5 Hnd=6 Dck=18 Min=2 Sec=0
--> Titou/Malfurion Stormrage Mana=0 Hlt=17 Att=0 Arm=0 Hnd=3 Dck=21 Min=0 Sec=0

NEXT_TURN

Titou PLAY_CARD id=161 position=0 // name='Lord of the Arena' cost=6 text='Taunt'
--> Titou/Malfurion Stormrage Mana=1 Hlt=17 Att=0 Arm=0 Hnd=3 Dck=20 Min=1 Sec=0
--> Didier/Garrosh Hellscream Mana=0 Hlt=29 Att=0 Arm=5 Hnd=6 Dck=18 Min=2 Sec=0

NEXT_TURN

Didier PLAY_CARD id=129 target=minion 'Lord of the Arena'(161) position=1 // name='Frost Elemental' cost=6 text='Battlecry: Freeze a character.'
--> Didier/Garrosh Hellscream Mana=1 Hlt=29 Att=0 Arm=5 Hnd=6 Dck=17 Min=3 Sec=0
--> Titou/Malfurion Stormrage Mana=1 Hlt=17 Att=0 Arm=0 Hnd=3 Dck=20 Min=1 Sec=0

Didier ATTACK attacker=minion 'Kor'kron Elite'(123) attacked=minion 'Lord of the Arena'(161)
--> Didier/Garrosh Hellscream Mana=1 Hlt=29 Att=0 Arm=5 Hnd=6 Dck=17 Min=2 Sec=0
--> Titou/Malfurion Stormrage Mana=1 Hlt=17 Att=0 Arm=0 Hnd=3 Dck=20 Min=1 Sec=0

Didier ATTACK attacker=minion 'Tauren Warrior'(116) attacked=minion 'Lord of the Arena'(161)
--> Didier/Garrosh Hellscream Mana=1 Hlt=29 Att=0 Arm=5 Hnd=6 Dck=17 Min=1 Sec=0
--> Titou/Malfurion Stormrage Mana=1 Hlt=17 Att=0 Arm=0 Hnd=3 Dck=20 Min=0 Sec=0

NEXT_TURN

Titou PLAY_CARD id=157 choice='Charge' position=0 // name='Druid of the Claw' cost=5 text='Choose One - Charge; or +2 Health and Taunt.'
--> Titou/Malfurion Stormrage Mana=3 Hlt=17 Att=0 Arm=0 Hnd=3 Dck=19 Min=1 Sec=0
--> Didier/Garrosh Hellscream Mana=1 Hlt=29 Att=0 Arm=5 Hnd=6 Dck=17 Min=1 Sec=0

Titou PLAY_CARD id=145 position=0 // name='Acidic Swamp Ooze' cost=2 text='Battlecry: Destroy your opponent's weapon.'
--> Titou/Malfurion Stormrage Mana=1 Hlt=17 Att=0 Arm=0 Hnd=2 Dck=19 Min=2 Sec=0
--> Didier/Garrosh Hellscream Mana=1 Hlt=29 Att=0 Arm=5 Hnd=6 Dck=17 Min=1 Sec=0

Titou ATTACK attacker=minion 'Druid of the Claw'(157) attacked=hero 'Garrosh Hellscream'(100)
--> Titou/Malfurion Stormrage Mana=1 Hlt=17 Att=0 Arm=0 Hnd=2 Dck=19 Min=2 Sec=0
--> Didier/Garrosh Hellscream Mana=1 Hlt=29 Att=0 Arm=1 Hnd=6 Dck=17 Min=1 Sec=0

NEXT_TURN

Didier PLAY_CARD id=127 position=1 // name='Gurubashi Berserker' cost=5 text='Whenever this minion takes damage, gain +3 Attack.'
--> Didier/Garrosh Hellscream Mana=3 Hlt=29 Att=0 Arm=1 Hnd=6 Dck=16 Min=2 Sec=0
--> Titou/Malfurion Stormrage Mana=1 Hlt=17 Att=0 Arm=0 Hnd=2 Dck=19 Min=2 Sec=0

Didier ATTACK attacker=minion 'Frost Elemental'(129) attacked=hero 'Malfurion Stormrage'(131)
--> Didier/Garrosh Hellscream Mana=3 Hlt=29 Att=0 Arm=1 Hnd=6 Dck=16 Min=2 Sec=0
--> Titou/Malfurion Stormrage Mana=1 Hlt=12 Att=0 Arm=0 Hnd=2 Dck=19 Min=2 Sec=0

Didier USE_HERO_POWER power=''Armor Up!' power'
--> Didier/Garrosh Hellscream Mana=1 Hlt=29 Att=0 Arm=3 Hnd=6 Dck=16 Min=2 Sec=0
--> Titou/Malfurion Stormrage Mana=1 Hlt=12 Att=0 Arm=0 Hnd=2 Dck=19 Min=2 Sec=0

NEXT_TURN

Titou ATTACK attacker=minion 'Druid of the Claw'(157) attacked=minion 'Frost Elemental'(129)
--> Titou/Malfurion Stormrage Mana=9 Hlt=12 Att=0 Arm=0 Hnd=3 Dck=18 Min=1 Sec=0
--> Didier/Garrosh Hellscream Mana=1 Hlt=29 Att=0 Arm=3 Hnd=6 Dck=16 Min=2 Sec=0

Titou PLAY_CARD id=135 target=minion 'Acidic Swamp Ooze'(145) // name='Naturalize' cost=1 text='Destroy a minion. Your opponent draws 2 cards.'
--> Titou/Malfurion Stormrage Mana=8 Hlt=12 Att=0 Arm=0 Hnd=2 Dck=18 Min=0 Sec=0
--> Didier/Garrosh Hellscream Mana=1 Hlt=29 Att=0 Arm=3 Hnd=8 Dck=14 Min=2 Sec=0

Titou USE_HERO_POWER power=''Shapeshift' power'
--> Titou/Malfurion Stormrage Mana=6 Hlt=12 Att=0 Arm=1 Hnd=2 Dck=18 Min=0 Sec=0
--> Didier/Garrosh Hellscream Mana=1 Hlt=29 Att=0 Arm=3 Hnd=8 Dck=14 Min=2 Sec=0

Titou ATTACK attacker=hero 'Malfurion Stormrage'(131) attacked=hero 'Garrosh Hellscream'(100)
--> Titou/Malfurion Stormrage Mana=6 Hlt=12 Att=0 Arm=1 Hnd=2 Dck=18 Min=0 Sec=0
--> Didier/Garrosh Hellscream Mana=1 Hlt=29 Att=0 Arm=2 Hnd=8 Dck=14 Min=2 Sec=0

NEXT_TURN

Didier PLAY_CARD id=126 position=2 // name='Gurubashi Berserker' cost=5 text='Whenever this minion takes damage, gain +3 Attack.'
--> Didier/Garrosh Hellscream Mana=4 Hlt=29 Att=0 Arm=2 Hnd=8 Dck=13 Min=3 Sec=0
--> Titou/Malfurion Stormrage Mana=6 Hlt=12 Att=0 Arm=1 Hnd=2 Dck=18 Min=0 Sec=0

Didier PLAY_CARD id=121 position=1 // name='Cult Master' cost=4 text='Whenever one of your other minions dies, draw a card.'
--> Didier/Garrosh Hellscream Mana=0 Hlt=29 Att=0 Arm=2 Hnd=7 Dck=13 Min=4 Sec=0
--> Titou/Malfurion Stormrage Mana=6 Hlt=12 Att=0 Arm=1 Hnd=2 Dck=18 Min=0 Sec=0

Didier ATTACK attacker=minion 'Frost Elemental'(129) attacked=hero 'Malfurion Stormrage'(131)
--> Didier/Garrosh Hellscream Mana=0 Hlt=29 Att=0 Arm=2 Hnd=7 Dck=13 Min=4 Sec=0
--> Titou/Malfurion Stormrage Mana=6 Hlt=8 Att=0 Arm=0 Hnd=2 Dck=18 Min=0 Sec=0

Didier ATTACK attacker=minion 'Gurubashi Berserker'(127) attacked=hero 'Malfurion Stormrage'(131)
--> Didier/Garrosh Hellscream Mana=0 Hlt=29 Att=0 Arm=2 Hnd=7 Dck=13 Min=4 Sec=0
--> Titou/Malfurion Stormrage Mana=6 Hlt=6 Att=0 Arm=0 Hnd=2 Dck=18 Min=0 Sec=0

NEXT_TURN

Titou PLAY_CARD id=152 target=minion 'Gurubashi Berserker'(126) // name='Swipe' cost=4 text='Deal 4 damage to an enemy and 1 damage to all other enemies.'
--> Titou/Malfurion Stormrage Mana=6 Hlt=6 Att=0 Arm=0 Hnd=3 Dck=16 Min=0 Sec=0
--> Didier/Garrosh Hellscream Mana=0 Hlt=29 Att=0 Arm=2 Hnd=7 Dck=13 Min=3 Sec=0

Titou USE_HERO_POWER power=''Shapeshift' power'
--> Titou/Malfurion Stormrage Mana=4 Hlt=6 Att=0 Arm=1 Hnd=3 Dck=16 Min=0 Sec=0
--> Didier/Garrosh Hellscream Mana=0 Hlt=29 Att=0 Arm=2 Hnd=7 Dck=13 Min=3 Sec=0

Titou ATTACK attacker=hero 'Malfurion Stormrage'(131) attacked=hero 'Garrosh Hellscream'(100)
--> Titou/Malfurion Stormrage Mana=4 Hlt=6 Att=0 Arm=1 Hnd=3 Dck=16 Min=0 Sec=0
--> Didier/Garrosh Hellscream Mana=0 Hlt=29 Att=0 Arm=1 Hnd=7 Dck=13 Min=3 Sec=0

NEXT_TURN

Didier PLAY_CARD id=124 // name='Arcanite Reaper' cost=5 text='null'
--> Didier/Garrosh Hellscream Mana=5 Hlt=29 Att=0 Arm=1 Hnd=7 Dck=12 Min=3 Sec=0
--> Titou/Malfurion Stormrage Mana=4 Hlt=6 Att=0 Arm=1 Hnd=3 Dck=16 Min=0 Sec=0

Didier ATTACK attacker=hero 'Garrosh Hellscream'(100) attacked=hero 'Malfurion Stormrage'(131)
--> Didier/Garrosh Hellscream Mana=5 Hlt=29 Att=0 Arm=1 Hnd=7 Dck=12 Min=3 Sec=0
--> Titou/Malfurion Stormrage Mana=4 Hlt=2 Att=0 Arm=0 Hnd=3 Dck=16 Min=0 Sec=0

Didier PLAY_CARD id=119 position=0 // name='Arathi Weaponsmith' cost=4 text='Battlecry: Equip a 2/2 weapon.'
--> Didier/Garrosh Hellscream Mana=1 Hlt=29 Att=0 Arm=1 Hnd=6 Dck=12 Min=4 Sec=0
--> Titou/Malfurion Stormrage Mana=4 Hlt=2 Att=0 Arm=0 Hnd=3 Dck=16 Min=0 Sec=0

Didier ATTACK attacker=minion 'Gurubashi Berserker'(126) attacked=hero 'Malfurion Stormrage'(131)
--> Didier/Garrosh Hellscream Mana=1 Hlt=29 Att=0 Arm=1 Hnd=6 Dck=12 Min=4 Sec=0
--> Titou/Malfurion Stormrage Mana=4 Hlt=-3 Att=0 Arm=0 Hnd=3 Dck=16 Min=0 Sec=0

Didier wins
Titou looses
