Active player = Titou
--> Titou/Malfurion Stormrage Mana=1 Hlt=30 Att=0 Arm=0 Hnd=4 Dck=26 Min=0 Sec=0
Opponent = Didier
--> Didier/Garrosh Hellscream Mana=0 Hlt=30 Att=0 Arm=0 Hnd=5 Dck=26 Min=0 Sec=0

Titou PLAY_CARD id=137 // name='Claw' cost=1 text='Give your hero +2 Attack this turn and 2 Armor.'
--> Titou/Malfurion Stormrage Mana=0 Hlt=30 Att=0 Arm=2 Hnd=3 Dck=26 Min=0 Sec=0
--> Didier/Garrosh Hellscream Mana=0 Hlt=30 Att=0 Arm=0 Hnd=5 Dck=26 Min=0 Sec=0

Titou ATTACK attacker=hero 'Malfurion Stormrage'(131) attacked=hero 'Garrosh Hellscream'(100)
--> Titou/Malfurion Stormrage Mana=0 Hlt=30 Att=0 Arm=2 Hnd=3 Dck=26 Min=0 Sec=0
--> Didier/Garrosh Hellscream Mana=0 Hlt=28 Att=0 Arm=0 Hnd=5 Dck=26 Min=0 Sec=0

NEXT_TURN

Didier PLAY_CARD id=162 // name='The Coin' cost=0 text='Gain 1 Mana Crystal this turn only.'
--> Didier/Garrosh Hellscream Mana=2 Hlt=28 Att=0 Arm=0 Hnd=5 Dck=25 Min=0 Sec=0
--> Titou/Malfurion Stormrage Mana=0 Hlt=30 Att=0 Arm=2 Hnd=3 Dck=26 Min=0 Sec=0

Didier PLAY_CARD id=109 // name='Heroic Strike' cost=2 text='Give your hero +4 Attack this turn.'
--> Didier/Garrosh Hellscream Mana=0 Hlt=28 Att=0 Arm=0 Hnd=4 Dck=25 Min=0 Sec=0
--> Titou/Malfurion Stormrage Mana=0 Hlt=30 Att=0 Arm=2 Hnd=3 Dck=26 Min=0 Sec=0

Didier ATTACK attacker=hero 'Garrosh Hellscream'(100) attacked=hero 'Malfurion Stormrage'(131)
--> Didier/Garrosh Hellscream Mana=0 Hlt=28 Att=0 Arm=0 Hnd=4 Dck=25 Min=0 Sec=0
--> Titou/Malfurion Stormrage Mana=0 Hlt=28 Att=0 Arm=0 Hnd=3 Dck=26 Min=0 Sec=0

NEXT_TURN

Titou PLAY_CARD id=138 position=0 // name='Leper Gnome' cost=1 text='Deathrattle: Deal 2 damage to the enemy hero.'
--> Titou/Malfurion Stormrage Mana=1 Hlt=28 Att=0 Arm=0 Hnd=3 Dck=25 Min=1 Sec=0
--> Didier/Garrosh Hellscream Mana=0 Hlt=28 Att=0 Arm=0 Hnd=4 Dck=25 Min=0 Sec=0

Titou PLAY_CARD id=135 target=minion 'Leper Gnome'(138) // name='Naturalize' cost=1 text='Destroy a minion. Your opponent draws 2 cards.'
--> Titou/Malfurion Stormrage Mana=0 Hlt=28 Att=0 Arm=0 Hnd=2 Dck=25 Min=0 Sec=0
--> Didier/Garrosh Hellscream Mana=0 Hlt=26 Att=0 Arm=0 Hnd=6 Dck=23 Min=0 Sec=0

NEXT_TURN

Didier USE_HERO_POWER power=''Armor Up!' power'
--> Didier/Garrosh Hellscream Mana=0 Hlt=26 Att=0 Arm=2 Hnd=7 Dck=22 Min=0 Sec=0
--> Titou/Malfurion Stormrage Mana=0 Hlt=28 Att=0 Arm=0 Hnd=2 Dck=25 Min=0 Sec=0

NEXT_TURN

Titou USE_HERO_POWER power=''Shapeshift' power'
--> Titou/Malfurion Stormrage Mana=1 Hlt=28 Att=0 Arm=1 Hnd=3 Dck=24 Min=0 Sec=0
--> Didier/Garrosh Hellscream Mana=0 Hlt=26 Att=0 Arm=2 Hnd=7 Dck=22 Min=0 Sec=0

Titou ATTACK attacker=hero 'Malfurion Stormrage'(131) attacked=hero 'Garrosh Hellscream'(100)
--> Titou/Malfurion Stormrage Mana=1 Hlt=28 Att=0 Arm=1 Hnd=3 Dck=24 Min=0 Sec=0
--> Didier/Garrosh Hellscream Mana=0 Hlt=26 Att=0 Arm=1 Hnd=7 Dck=22 Min=0 Sec=0

NEXT_TURN

Didier USE_HERO_POWER power=''Armor Up!' power'
--> Didier/Garrosh Hellscream Mana=1 Hlt=26 Att=0 Arm=3 Hnd=8 Dck=21 Min=0 Sec=0
--> Titou/Malfurion Stormrage Mana=1 Hlt=28 Att=0 Arm=1 Hnd=3 Dck=24 Min=0 Sec=0

NEXT_TURN

Titou USE_HERO_POWER power=''Shapeshift' power'
--> Titou/Malfurion Stormrage Mana=2 Hlt=28 Att=0 Arm=2 Hnd=4 Dck=23 Min=0 Sec=0
--> Didier/Garrosh Hellscream Mana=1 Hlt=26 Att=0 Arm=3 Hnd=8 Dck=21 Min=0 Sec=0

Titou PLAY_CARD id=145 position=0 // name='Acidic Swamp Ooze' cost=2 text='Battlecry: Destroy your opponent's weapon.'
--> Titou/Malfurion Stormrage Mana=0 Hlt=28 Att=0 Arm=2 Hnd=3 Dck=23 Min=1 Sec=0
--> Didier/Garrosh Hellscream Mana=1 Hlt=26 Att=0 Arm=3 Hnd=8 Dck=21 Min=0 Sec=0

Titou ATTACK attacker=hero 'Malfurion Stormrage'(131) attacked=hero 'Garrosh Hellscream'(100)
--> Titou/Malfurion Stormrage Mana=0 Hlt=28 Att=0 Arm=2 Hnd=3 Dck=23 Min=1 Sec=0
--> Didier/Garrosh Hellscream Mana=1 Hlt=26 Att=0 Arm=2 Hnd=8 Dck=21 Min=0 Sec=0

NEXT_TURN

Didier PLAY_CARD id=123 position=0 // name='Kor'kron Elite' cost=4 text='Charge'
--> Didier/Garrosh Hellscream Mana=0 Hlt=26 Att=0 Arm=2 Hnd=8 Dck=20 Min=1 Sec=0
--> Titou/Malfurion Stormrage Mana=0 Hlt=28 Att=0 Arm=2 Hnd=3 Dck=23 Min=1 Sec=0

Didier ATTACK attacker=minion 'Kor'kron Elite'(123) attacked=hero 'Malfurion Stormrage'(131)
--> Didier/Garrosh Hellscream Mana=0 Hlt=26 Att=0 Arm=2 Hnd=8 Dck=20 Min=1 Sec=0
--> Titou/Malfurion Stormrage Mana=0 Hlt=26 Att=0 Arm=0 Hnd=3 Dck=23 Min=1 Sec=0

NEXT_TURN

Titou PLAY_CARD id=154 position=0 // name='Azure Drake' cost=5 text='Spell Damage +1. Battlecry: Draw a card.'
--> Titou/Malfurion Stormrage Mana=0 Hlt=26 Att=0 Arm=0 Hnd=4 Dck=21 Min=2 Sec=0
--> Didier/Garrosh Hellscream Mana=0 Hlt=26 Att=0 Arm=2 Hnd=8 Dck=20 Min=1 Sec=0

Titou ATTACK attacker=minion 'Acidic Swamp Ooze'(145) attacked=hero 'Garrosh Hellscream'(100)
--> Titou/Malfurion Stormrage Mana=0 Hlt=26 Att=0 Arm=0 Hnd=4 Dck=21 Min=2 Sec=0
--> Didier/Garrosh Hellscream Mana=0 Hlt=25 Att=0 Arm=0 Hnd=8 Dck=20 Min=1 Sec=0

NEXT_TURN

Didier ATTACK attacker=minion 'Kor'kron Elite'(123) attacked=hero 'Malfurion Stormrage'(131)
--> Didier/Garrosh Hellscream Mana=5 Hlt=25 Att=0 Arm=0 Hnd=9 Dck=19 Min=1 Sec=0
--> Titou/Malfurion Stormrage Mana=0 Hlt=22 Att=0 Arm=0 Hnd=4 Dck=21 Min=2 Sec=0

Didier PLAY_CARD id=121 position=0 // name='Cult Master' cost=4 text='Whenever one of your other minions dies, draw a card.'
--> Didier/Garrosh Hellscream Mana=1 Hlt=25 Att=0 Arm=0 Hnd=8 Dck=19 Min=2 Sec=0
--> Titou/Malfurion Stormrage Mana=0 Hlt=22 Att=0 Arm=0 Hnd=4 Dck=21 Min=2 Sec=0

NEXT_TURN

Titou PLAY_CARD id=139 choice='Deal 3 damage to a minion' target=minion 'Cult Master'(121) // name='Wrath' cost=2 text='Choose One - Deal 3 damage to a minion; or 1 damage and draw a card.'
--> Titou/Malfurion Stormrage Mana=4 Hlt=22 Att=0 Arm=0 Hnd=4 Dck=20 Min=2 Sec=0
--> Didier/Garrosh Hellscream Mana=1 Hlt=25 Att=0 Arm=0 Hnd=8 Dck=19 Min=1 Sec=0

Titou PLAY_CARD id=136 // name='Claw' cost=1 text='Give your hero +2 Attack this turn and 2 Armor.'
--> Titou/Malfurion Stormrage Mana=3 Hlt=22 Att=0 Arm=2 Hnd=3 Dck=20 Min=2 Sec=0
--> Didier/Garrosh Hellscream Mana=1 Hlt=25 Att=0 Arm=0 Hnd=8 Dck=19 Min=1 Sec=0

Titou ATTACK attacker=hero 'Malfurion Stormrage'(131) attacked=hero 'Garrosh Hellscream'(100)
--> Titou/Malfurion Stormrage Mana=3 Hlt=22 Att=0 Arm=2 Hnd=3 Dck=20 Min=2 Sec=0
--> Didier/Garrosh Hellscream Mana=1 Hlt=23 Att=0 Arm=0 Hnd=8 Dck=19 Min=1 Sec=0

Titou PLAY_CARD id=144 target=minion 'Acidic Swamp Ooze'(145) position=0 // name='Ironbeak Owl' cost=2 text='Battlecry: Silence a minion.'
--> Titou/Malfurion Stormrage Mana=1 Hlt=22 Att=0 Arm=2 Hnd=2 Dck=20 Min=3 Sec=0
--> Didier/Garrosh Hellscream Mana=1 Hlt=23 Att=0 Arm=0 Hnd=8 Dck=19 Min=1 Sec=0

Titou ATTACK attacker=minion 'Azure Drake'(154) attacked=hero 'Garrosh Hellscream'(100)
--> Titou/Malfurion Stormrage Mana=1 Hlt=22 Att=0 Arm=2 Hnd=2 Dck=20 Min=3 Sec=0
--> Didier/Garrosh Hellscream Mana=1 Hlt=19 Att=0 Arm=0 Hnd=8 Dck=19 Min=1 Sec=0

Titou ATTACK attacker=minion 'Acidic Swamp Ooze'(145) attacked=hero 'Garrosh Hellscream'(100)
--> Titou/Malfurion Stormrage Mana=1 Hlt=22 Att=0 Arm=2 Hnd=2 Dck=20 Min=3 Sec=0
--> Didier/Garrosh Hellscream Mana=1 Hlt=16 Att=0 Arm=0 Hnd=8 Dck=19 Min=1 Sec=0

NEXT_TURN

Didier PLAY_CARD id=120 position=1 // name='Cult Master' cost=4 text='Whenever one of your other minions dies, draw a card.'
--> Didier/Garrosh Hellscream Mana=2 Hlt=16 Att=0 Arm=0 Hnd=8 Dck=18 Min=2 Sec=0
--> Titou/Malfurion Stormrage Mana=1 Hlt=22 Att=0 Arm=2 Hnd=2 Dck=20 Min=3 Sec=0

Didier ATTACK attacker=minion 'Kor'kron Elite'(123) attacked=minion 'Acidic Swamp Ooze'(145)
--> Didier/Garrosh Hellscream Mana=2 Hlt=16 Att=0 Arm=0 Hnd=9 Dck=17 Min=1 Sec=0
--> Titou/Malfurion Stormrage Mana=1 Hlt=22 Att=0 Arm=2 Hnd=2 Dck=20 Min=2 Sec=0

Didier USE_HERO_POWER power=''Armor Up!' power'
--> Didier/Garrosh Hellscream Mana=0 Hlt=16 Att=0 Arm=2 Hnd=9 Dck=17 Min=1 Sec=0
--> Titou/Malfurion Stormrage Mana=1 Hlt=22 Att=0 Arm=2 Hnd=2 Dck=20 Min=2 Sec=0

NEXT_TURN

Titou PLAY_CARD id=161 position=1 // name='Lord of the Arena' cost=6 text='Taunt'
--> Titou/Malfurion Stormrage Mana=1 Hlt=22 Att=0 Arm=2 Hnd=2 Dck=19 Min=3 Sec=0
--> Didier/Garrosh Hellscream Mana=0 Hlt=16 Att=0 Arm=2 Hnd=9 Dck=17 Min=1 Sec=0

Titou ATTACK attacker=minion 'Ironbeak Owl'(144) attacked=minion 'Cult Master'(120)
--> Titou/Malfurion Stormrage Mana=1 Hlt=22 Att=0 Arm=2 Hnd=2 Dck=19 Min=2 Sec=0
--> Didier/Garrosh Hellscream Mana=0 Hlt=16 Att=0 Arm=2 Hnd=9 Dck=17 Min=0 Sec=0

Titou ATTACK attacker=minion 'Azure Drake'(154) attacked=hero 'Garrosh Hellscream'(100)
--> Titou/Malfurion Stormrage Mana=1 Hlt=22 Att=0 Arm=2 Hnd=2 Dck=19 Min=2 Sec=0
--> Didier/Garrosh Hellscream Mana=0 Hlt=14 Att=0 Arm=0 Hnd=9 Dck=17 Min=0 Sec=0

NEXT_TURN

Didier PLAY_CARD id=114 position=0 // name='Frothing Berserker' cost=3 text='Whenever a minion takes damage, gain +1 Attack.'
--> Didier/Garrosh Hellscream Mana=4 Hlt=14 Att=0 Arm=0 Hnd=9 Dck=16 Min=1 Sec=0
--> Titou/Malfurion Stormrage Mana=1 Hlt=22 Att=0 Arm=2 Hnd=2 Dck=19 Min=2 Sec=0

Didier USE_HERO_POWER power=''Armor Up!' power'
--> Didier/Garrosh Hellscream Mana=2 Hlt=14 Att=0 Arm=2 Hnd=9 Dck=16 Min=1 Sec=0
--> Titou/Malfurion Stormrage Mana=1 Hlt=22 Att=0 Arm=2 Hnd=2 Dck=19 Min=2 Sec=0

Didier PLAY_CARD id=110 // name='Heroic Strike' cost=2 text='Give your hero +4 Attack this turn.'
--> Didier/Garrosh Hellscream Mana=0 Hlt=14 Att=0 Arm=2 Hnd=8 Dck=16 Min=1 Sec=0
--> Titou/Malfurion Stormrage Mana=1 Hlt=22 Att=0 Arm=2 Hnd=2 Dck=19 Min=2 Sec=0

Didier ATTACK attacker=hero 'Garrosh Hellscream'(100) attacked=minion 'Lord of the Arena'(161)
--> Didier/Garrosh Hellscream Mana=0 Hlt=10 Att=0 Arm=0 Hnd=8 Dck=16 Min=1 Sec=0
--> Titou/Malfurion Stormrage Mana=1 Hlt=22 Att=0 Arm=2 Hnd=2 Dck=19 Min=2 Sec=0

NEXT_TURN

Titou PLAY_CARD id=158 target=hero 'Malfurion Stormrage'(131) // name='Starfire' cost=6 text='Deal 5 damage. Draw a card.'
--> Titou/Malfurion Stormrage Mana=2 Hlt=16 Att=0 Arm=2 Hnd=3 Dck=17 Min=2 Sec=0
--> Didier/Garrosh Hellscream Mana=0 Hlt=10 Att=0 Arm=0 Hnd=8 Dck=16 Min=1 Sec=0

Titou ATTACK attacker=minion 'Lord of the Arena'(161) attacked=hero 'Garrosh Hellscream'(100)
--> Titou/Malfurion Stormrage Mana=2 Hlt=16 Att=0 Arm=2 Hnd=3 Dck=17 Min=2 Sec=0
--> Didier/Garrosh Hellscream Mana=0 Hlt=4 Att=0 Arm=0 Hnd=8 Dck=16 Min=1 Sec=0

Titou ATTACK attacker=minion 'Azure Drake'(154) attacked=hero 'Garrosh Hellscream'(100)
--> Titou/Malfurion Stormrage Mana=2 Hlt=16 Att=0 Arm=2 Hnd=3 Dck=17 Min=2 Sec=0
--> Didier/Garrosh Hellscream Mana=0 Hlt=0 Att=0 Arm=0 Hnd=8 Dck=16 Min=1 Sec=0

Didier looses
Titou wins
