Active player = Titou
--> Titou/Malfurion Stormrage Mana=1 Hlt=30 Att=0 Arm=0 Hnd=4 Dck=26 Min=0 Sec=0
Opponent = Didier
--> Didier/Garrosh Hellscream Mana=0 Hlt=30 Att=0 Arm=0 Hnd=5 Dck=26 Min=0 Sec=0

Titou PLAY_CARD id=132 // name='Innervate' cost=0 text='Gain 2 Mana Crystals this turn only.'
--> Titou/Malfurion Stormrage Mana=3 Hlt=30 Att=0 Arm=0 Hnd=3 Dck=26 Min=0 Sec=0
--> Didier/Garrosh Hellscream Mana=0 Hlt=30 Att=0 Arm=0 Hnd=5 Dck=26 Min=0 Sec=0

Titou PLAY_CARD id=133 // name='Innervate' cost=0 text='Gain 2 Mana Crystals this turn only.'
--> Titou/Malfurion Stormrage Mana=5 Hlt=30 Att=0 Arm=0 Hnd=2 Dck=26 Min=0 Sec=0
--> Didier/Garrosh Hellscream Mana=0 Hlt=30 Att=0 Arm=0 Hnd=5 Dck=26 Min=0 Sec=0

Titou USE_HERO_POWER power=''Shapeshift' power'
--> Titou/Malfurion Stormrage Mana=3 Hlt=30 Att=0 Arm=1 Hnd=2 Dck=26 Min=0 Sec=0
--> Didier/Garrosh Hellscream Mana=0 Hlt=30 Att=0 Arm=0 Hnd=5 Dck=26 Min=0 Sec=0

Titou ATTACK attacker=hero 'Malfurion Stormrage'(131) attacked=hero 'Garrosh Hellscream'(100)
--> Titou/Malfurion Stormrage Mana=3 Hlt=30 Att=0 Arm=1 Hnd=2 Dck=26 Min=0 Sec=0
--> Didier/Garrosh Hellscream Mana=0 Hlt=29 Att=0 Arm=0 Hnd=5 Dck=26 Min=0 Sec=0

NEXT_TURN

Didier PLAY_CARD id=162 // name='The Coin' cost=0 text='Gain 1 Mana Crystal this turn only.'
--> Didier/Garrosh Hellscream Mana=2 Hlt=29 Att=0 Arm=0 Hnd=5 Dck=25 Min=0 Sec=0
--> Titou/Malfurion Stormrage Mana=3 Hlt=30 Att=0 Arm=1 Hnd=2 Dck=26 Min=0 Sec=0

Didier USE_HERO_POWER power=''Armor Up!' power'
--> Didier/Garrosh Hellscream Mana=0 Hlt=29 Att=0 Arm=2 Hnd=5 Dck=25 Min=0 Sec=0
--> Titou/Malfurion Stormrage Mana=3 Hlt=30 Att=0 Arm=1 Hnd=2 Dck=26 Min=0 Sec=0

NEXT_TURN

Titou USE_HERO_POWER power=''Shapeshift' power'
--> Titou/Malfurion Stormrage Mana=0 Hlt=30 Att=0 Arm=2 Hnd=3 Dck=25 Min=0 Sec=0
--> Didier/Garrosh Hellscream Mana=0 Hlt=29 Att=0 Arm=2 Hnd=5 Dck=25 Min=0 Sec=0

Titou ATTACK attacker=hero 'Malfurion Stormrage'(131) attacked=hero 'Garrosh Hellscream'(100)
--> Titou/Malfurion Stormrage Mana=0 Hlt=30 Att=0 Arm=2 Hnd=3 Dck=25 Min=0 Sec=0
--> Didier/Garrosh Hellscream Mana=0 Hlt=29 Att=0 Arm=1 Hnd=5 Dck=25 Min=0 Sec=0

NEXT_TURN

Didier PLAY_CARD id=108 // name='Fiery War Axe' cost=2 text='null'
--> Didier/Garrosh Hellscream Mana=0 Hlt=29 Att=0 Arm=1 Hnd=5 Dck=24 Min=0 Sec=0
--> Titou/Malfurion Stormrage Mana=0 Hlt=30 Att=0 Arm=2 Hnd=3 Dck=25 Min=0 Sec=0

Didier ATTACK attacker=hero 'Garrosh Hellscream'(100) attacked=hero 'Malfurion Stormrage'(131)
--> Didier/Garrosh Hellscream Mana=0 Hlt=29 Att=0 Arm=1 Hnd=5 Dck=24 Min=0 Sec=0
--> Titou/Malfurion Stormrage Mana=0 Hlt=29 Att=0 Arm=0 Hnd=3 Dck=25 Min=0 Sec=0

NEXT_TURN

Titou PLAY_CARD id=146 position=0 // name='Acidic Swamp Ooze' cost=2 text='Battlecry: Destroy your opponent's weapon.'
--> Titou/Malfurion Stormrage Mana=1 Hlt=29 Att=0 Arm=0 Hnd=3 Dck=24 Min=1 Sec=0
--> Didier/Garrosh Hellscream Mana=0 Hlt=29 Att=0 Arm=1 Hnd=5 Dck=24 Min=0 Sec=0

NEXT_TURN

Didier PLAY_CARD id=115 position=0 // name='Frothing Berserker' cost=3 text='Whenever a minion takes damage, gain +1 Attack.'
--> Didier/Garrosh Hellscream Mana=0 Hlt=29 Att=0 Arm=1 Hnd=5 Dck=23 Min=1 Sec=0
--> Titou/Malfurion Stormrage Mana=1 Hlt=29 Att=0 Arm=0 Hnd=3 Dck=24 Min=1 Sec=0

Didier PLAY_CARD id=101 target=minion 'Acidic Swamp Ooze'(146) // name='Inner Rage' cost=0 text='Deal 1 damage to a minion and give it +2 Attack.'
--> Didier/Garrosh Hellscream Mana=0 Hlt=29 Att=0 Arm=1 Hnd=4 Dck=23 Min=1 Sec=0
--> Titou/Malfurion Stormrage Mana=1 Hlt=29 Att=0 Arm=0 Hnd=3 Dck=24 Min=1 Sec=0

NEXT_TURN

Titou PLAY_CARD id=141 target=minion 'Acidic Swamp Ooze'(146) // name='Mark of the Wild' cost=2 text='Give a minion Taunt and +2/+2. (+2 Attack/+2 Health)'
--> Titou/Malfurion Stormrage Mana=2 Hlt=29 Att=0 Arm=0 Hnd=3 Dck=23 Min=1 Sec=0
--> Didier/Garrosh Hellscream Mana=0 Hlt=29 Att=0 Arm=1 Hnd=4 Dck=23 Min=1 Sec=0

Titou ATTACK attacker=minion 'Acidic Swamp Ooze'(146) attacked=hero 'Garrosh Hellscream'(100)
--> Titou/Malfurion Stormrage Mana=2 Hlt=29 Att=0 Arm=0 Hnd=3 Dck=23 Min=1 Sec=0
--> Didier/Garrosh Hellscream Mana=0 Hlt=23 Att=0 Arm=0 Hnd=4 Dck=23 Min=1 Sec=0

Titou USE_HERO_POWER power=''Shapeshift' power'
--> Titou/Malfurion Stormrage Mana=0 Hlt=29 Att=0 Arm=1 Hnd=3 Dck=23 Min=1 Sec=0
--> Didier/Garrosh Hellscream Mana=0 Hlt=23 Att=0 Arm=0 Hnd=4 Dck=23 Min=1 Sec=0

Titou ATTACK attacker=hero 'Malfurion Stormrage'(131) attacked=minion 'Frothing Berserker'(115)
--> Titou/Malfurion Stormrage Mana=0 Hlt=27 Att=0 Arm=0 Hnd=3 Dck=23 Min=1 Sec=0
--> Didier/Garrosh Hellscream Mana=0 Hlt=23 Att=0 Arm=0 Hnd=4 Dck=23 Min=1 Sec=0

NEXT_TURN

Didier PLAY_CARD id=110 // name='Heroic Strike' cost=2 text='Give your hero +4 Attack this turn.'
--> Didier/Garrosh Hellscream Mana=2 Hlt=23 Att=0 Arm=0 Hnd=4 Dck=22 Min=1 Sec=0
--> Titou/Malfurion Stormrage Mana=0 Hlt=27 Att=0 Arm=0 Hnd=3 Dck=23 Min=1 Sec=0

Didier ATTACK attacker=hero 'Garrosh Hellscream'(100) attacked=minion 'Acidic Swamp Ooze'(146)
--> Didier/Garrosh Hellscream Mana=2 Hlt=16 Att=0 Arm=0 Hnd=4 Dck=22 Min=1 Sec=0
--> Titou/Malfurion Stormrage Mana=0 Hlt=27 Att=0 Arm=0 Hnd=3 Dck=23 Min=0 Sec=0

Didier USE_HERO_POWER power=''Armor Up!' power'
--> Didier/Garrosh Hellscream Mana=0 Hlt=16 Att=0 Arm=2 Hnd=4 Dck=22 Min=1 Sec=0
--> Titou/Malfurion Stormrage Mana=0 Hlt=27 Att=0 Arm=0 Hnd=3 Dck=23 Min=0 Sec=0

Didier ATTACK attacker=minion 'Frothing Berserker'(115) attacked=hero 'Malfurion Stormrage'(131)
--> Didier/Garrosh Hellscream Mana=0 Hlt=16 Att=0 Arm=2 Hnd=4 Dck=22 Min=1 Sec=0
--> Titou/Malfurion Stormrage Mana=0 Hlt=22 Att=0 Arm=0 Hnd=3 Dck=23 Min=0 Sec=0

NEXT_TURN

Titou USE_HERO_POWER power=''Shapeshift' power'
--> Titou/Malfurion Stormrage Mana=3 Hlt=22 Att=0 Arm=1 Hnd=4 Dck=22 Min=0 Sec=0
--> Didier/Garrosh Hellscream Mana=0 Hlt=16 Att=0 Arm=2 Hnd=4 Dck=22 Min=1 Sec=0

Titou ATTACK attacker=hero 'Malfurion Stormrage'(131) attacked=hero 'Garrosh Hellscream'(100)
--> Titou/Malfurion Stormrage Mana=3 Hlt=22 Att=0 Arm=1 Hnd=4 Dck=22 Min=0 Sec=0
--> Didier/Garrosh Hellscream Mana=0 Hlt=16 Att=0 Arm=1 Hnd=4 Dck=22 Min=1 Sec=0

NEXT_TURN

Didier PLAY_CARD id=126 position=0 // name='Gurubashi Berserker' cost=5 text='Whenever this minion takes damage, gain +3 Attack.'
--> Didier/Garrosh Hellscream Mana=0 Hlt=16 Att=0 Arm=1 Hnd=4 Dck=21 Min=2 Sec=0
--> Titou/Malfurion Stormrage Mana=3 Hlt=22 Att=0 Arm=1 Hnd=4 Dck=22 Min=0 Sec=0

Didier ATTACK attacker=minion 'Frothing Berserker'(115) attacked=hero 'Malfurion Stormrage'(131)
--> Didier/Garrosh Hellscream Mana=0 Hlt=16 Att=0 Arm=1 Hnd=4 Dck=21 Min=2 Sec=0
--> Titou/Malfurion Stormrage Mana=3 Hlt=18 Att=0 Arm=0 Hnd=4 Dck=22 Min=0 Sec=0

NEXT_TURN

Titou PLAY_CARD id=152 target=minion 'Frothing Berserker'(115) // name='Swipe' cost=4 text='Deal 4 damage to an enemy and 1 damage to all other enemies.'
--> Titou/Malfurion Stormrage Mana=2 Hlt=18 Att=0 Arm=0 Hnd=4 Dck=21 Min=0 Sec=0
--> Didier/Garrosh Hellscream Mana=0 Hlt=16 Att=0 Arm=1 Hnd=4 Dck=21 Min=1 Sec=0

Titou USE_HERO_POWER power=''Shapeshift' power'
--> Titou/Malfurion Stormrage Mana=0 Hlt=18 Att=0 Arm=1 Hnd=4 Dck=21 Min=0 Sec=0
--> Didier/Garrosh Hellscream Mana=0 Hlt=16 Att=0 Arm=1 Hnd=4 Dck=21 Min=1 Sec=0

Titou ATTACK attacker=hero 'Malfurion Stormrage'(131) attacked=minion 'Gurubashi Berserker'(126)
--> Titou/Malfurion Stormrage Mana=0 Hlt=14 Att=0 Arm=0 Hnd=4 Dck=21 Min=0 Sec=0
--> Didier/Garrosh Hellscream Mana=0 Hlt=16 Att=0 Arm=1 Hnd=4 Dck=21 Min=1 Sec=0

NEXT_TURN

Didier USE_HERO_POWER power=''Armor Up!' power'
--> Didier/Garrosh Hellscream Mana=4 Hlt=16 Att=0 Arm=3 Hnd=5 Dck=20 Min=1 Sec=0
--> Titou/Malfurion Stormrage Mana=0 Hlt=14 Att=0 Arm=0 Hnd=4 Dck=21 Min=0 Sec=0

Didier PLAY_CARD id=118 position=0 // name='Arathi Weaponsmith' cost=4 text='Battlecry: Equip a 2/2 weapon.'
--> Didier/Garrosh Hellscream Mana=0 Hlt=16 Att=0 Arm=3 Hnd=4 Dck=20 Min=2 Sec=0
--> Titou/Malfurion Stormrage Mana=0 Hlt=14 Att=0 Arm=0 Hnd=4 Dck=21 Min=0 Sec=0

Didier ATTACK attacker=hero 'Garrosh Hellscream'(100) attacked=hero 'Malfurion Stormrage'(131)
--> Didier/Garrosh Hellscream Mana=0 Hlt=16 Att=0 Arm=3 Hnd=4 Dck=20 Min=2 Sec=0
--> Titou/Malfurion Stormrage Mana=0 Hlt=12 Att=0 Arm=0 Hnd=4 Dck=21 Min=0 Sec=0

Didier ATTACK attacker=minion 'Gurubashi Berserker'(126) attacked=hero 'Malfurion Stormrage'(131)
--> Didier/Garrosh Hellscream Mana=0 Hlt=16 Att=0 Arm=3 Hnd=4 Dck=20 Min=2 Sec=0
--> Titou/Malfurion Stormrage Mana=0 Hlt=4 Att=0 Arm=0 Hnd=4 Dck=21 Min=0 Sec=0

NEXT_TURN

Titou PLAY_CARD id=155 position=0 // name='Azure Drake' cost=5 text='Spell Damage +1. Battlecry: Draw a card.'
--> Titou/Malfurion Stormrage Mana=2 Hlt=4 Att=0 Arm=0 Hnd=5 Dck=19 Min=1 Sec=0
--> Didier/Garrosh Hellscream Mana=0 Hlt=16 Att=0 Arm=3 Hnd=4 Dck=20 Min=2 Sec=0

Titou PLAY_CARD id=139 choice='Deal 3 damage to a minion' target=minion 'Arathi Weaponsmith'(118) // name='Wrath' cost=2 text='Choose One - Deal 3 damage to a minion; or 1 damage and draw a card.'
--> Titou/Malfurion Stormrage Mana=0 Hlt=4 Att=0 Arm=0 Hnd=4 Dck=19 Min=1 Sec=0
--> Didier/Garrosh Hellscream Mana=0 Hlt=16 Att=0 Arm=3 Hnd=4 Dck=20 Min=1 Sec=0

NEXT_TURN

Didier PLAY_CARD id=114 position=0 // name='Frothing Berserker' cost=3 text='Whenever a minion takes damage, gain +1 Attack.'
--> Didier/Garrosh Hellscream Mana=4 Hlt=16 Att=0 Arm=3 Hnd=4 Dck=19 Min=2 Sec=0
--> Titou/Malfurion Stormrage Mana=0 Hlt=4 Att=0 Arm=0 Hnd=4 Dck=19 Min=1 Sec=0

Didier PLAY_CARD id=116 position=2 // name='Tauren Warrior' cost=3 text='Taunt. Enrage: +3 Attack'
--> Didier/Garrosh Hellscream Mana=1 Hlt=16 Att=0 Arm=3 Hnd=3 Dck=19 Min=3 Sec=0
--> Titou/Malfurion Stormrage Mana=0 Hlt=4 Att=0 Arm=0 Hnd=4 Dck=19 Min=1 Sec=0

Didier ATTACK attacker=minion 'Gurubashi Berserker'(126) attacked=hero 'Malfurion Stormrage'(131)
--> Didier/Garrosh Hellscream Mana=1 Hlt=16 Att=0 Arm=3 Hnd=3 Dck=19 Min=3 Sec=0
--> Titou/Malfurion Stormrage Mana=0 Hlt=-4 Att=0 Arm=0 Hnd=4 Dck=19 Min=1 Sec=0

Didier wins
Titou looses
