Active player = Titou
--> Titou/Malfurion Stormrage Mana=1 Hlt=30 Att=0 Arm=0 Hnd=4 Dck=26 Min=0 Sec=0
Opponent = Didier
--> Didier/Garrosh Hellscream Mana=0 Hlt=30 Att=0 Arm=0 Hnd=5 Dck=26 Min=0 Sec=0

Titou PLAY_CARD id=132 // name='Innervate' cost=0 text='Gain 2 Mana Crystals this turn only.'
--> Titou/Malfurion Stormrage Mana=3 Hlt=30 Att=0 Arm=0 Hnd=3 Dck=26 Min=0 Sec=0
--> Didier/Garrosh Hellscream Mana=0 Hlt=30 Att=0 Arm=0 Hnd=5 Dck=26 Min=0 Sec=0

Titou USE_HERO_POWER power=''Shapeshift' power'
--> Titou/Malfurion Stormrage Mana=1 Hlt=30 Att=0 Arm=1 Hnd=3 Dck=26 Min=0 Sec=0
--> Didier/Garrosh Hellscream Mana=0 Hlt=30 Att=0 Arm=0 Hnd=5 Dck=26 Min=0 Sec=0

Titou PLAY_CARD id=138 position=0 // name='Leper Gnome' cost=1 text='Deathrattle: Deal 2 damage to the enemy hero.'
--> Titou/Malfurion Stormrage Mana=0 Hlt=30 Att=0 Arm=1 Hnd=2 Dck=26 Min=1 Sec=0
--> Didier/Garrosh Hellscream Mana=0 Hlt=30 Att=0 Arm=0 Hnd=5 Dck=26 Min=0 Sec=0

Titou ATTACK attacker=hero 'Malfurion Stormrage'(131) attacked=hero 'Garrosh Hellscream'(100)
--> Titou/Malfurion Stormrage Mana=0 Hlt=30 Att=0 Arm=1 Hnd=2 Dck=26 Min=1 Sec=0
--> Didier/Garrosh Hellscream Mana=0 Hlt=29 Att=0 Arm=0 Hnd=5 Dck=26 Min=0 Sec=0

NEXT_TURN

Didier PLAY_CARD id=102 // name='Upgrade!' cost=1 text='If you have a weapon, give it +1/+1. Otherwise equip a 1/3 weapon.'
--> Didier/Garrosh Hellscream Mana=0 Hlt=29 Att=0 Arm=0 Hnd=5 Dck=25 Min=0 Sec=0
--> Titou/Malfurion Stormrage Mana=0 Hlt=30 Att=0 Arm=1 Hnd=2 Dck=26 Min=1 Sec=0

Didier ATTACK attacker=hero 'Garrosh Hellscream'(100) attacked=hero 'Malfurion Stormrage'(131)
--> Didier/Garrosh Hellscream Mana=0 Hlt=29 Att=0 Arm=0 Hnd=5 Dck=25 Min=0 Sec=0
--> Titou/Malfurion Stormrage Mana=0 Hlt=30 Att=0 Arm=0 Hnd=2 Dck=26 Min=1 Sec=0

Didier PLAY_CARD id=162 // name='The Coin' cost=0 text='Gain 1 Mana Crystal this turn only.'
--> Didier/Garrosh Hellscream Mana=1 Hlt=29 Att=0 Arm=0 Hnd=4 Dck=25 Min=0 Sec=0
--> Titou/Malfurion Stormrage Mana=0 Hlt=30 Att=0 Arm=0 Hnd=2 Dck=26 Min=1 Sec=0

NEXT_TURN

Titou USE_HERO_POWER power=''Shapeshift' power'
--> Titou/Malfurion Stormrage Mana=0 Hlt=30 Att=0 Arm=1 Hnd=3 Dck=25 Min=1 Sec=0
--> Didier/Garrosh Hellscream Mana=1 Hlt=29 Att=0 Arm=0 Hnd=4 Dck=25 Min=0 Sec=0

Titou PLAY_CARD id=133 // name='Innervate' cost=0 text='Gain 2 Mana Crystals this turn only.'
--> Titou/Malfurion Stormrage Mana=2 Hlt=30 Att=0 Arm=1 Hnd=2 Dck=25 Min=1 Sec=0
--> Didier/Garrosh Hellscream Mana=1 Hlt=29 Att=0 Arm=0 Hnd=4 Dck=25 Min=0 Sec=0

Titou ATTACK attacker=hero 'Malfurion Stormrage'(131) attacked=hero 'Garrosh Hellscream'(100)
--> Titou/Malfurion Stormrage Mana=2 Hlt=30 Att=0 Arm=0 Hnd=2 Dck=25 Min=1 Sec=0
--> Didier/Garrosh Hellscream Mana=1 Hlt=28 Att=0 Arm=0 Hnd=4 Dck=25 Min=0 Sec=0

Titou ATTACK attacker=minion 'Leper Gnome'(138) attacked=hero 'Garrosh Hellscream'(100)
--> Titou/Malfurion Stormrage Mana=2 Hlt=30 Att=0 Arm=0 Hnd=2 Dck=25 Min=0 Sec=0
--> Didier/Garrosh Hellscream Mana=1 Hlt=24 Att=0 Arm=0 Hnd=4 Dck=25 Min=0 Sec=0

NEXT_TURN

Didier USE_HERO_POWER power=''Armor Up!' power'
--> Didier/Garrosh Hellscream Mana=0 Hlt=24 Att=0 Arm=2 Hnd=5 Dck=24 Min=0 Sec=0
--> Titou/Malfurion Stormrage Mana=2 Hlt=30 Att=0 Arm=0 Hnd=2 Dck=25 Min=0 Sec=0

Didier ATTACK attacker=hero 'Garrosh Hellscream'(100) attacked=hero 'Malfurion Stormrage'(131)
--> Didier/Garrosh Hellscream Mana=0 Hlt=24 Att=0 Arm=2 Hnd=5 Dck=24 Min=0 Sec=0
--> Titou/Malfurion Stormrage Mana=2 Hlt=29 Att=0 Arm=0 Hnd=2 Dck=25 Min=0 Sec=0

NEXT_TURN

Titou USE_HERO_POWER power=''Shapeshift' power'
--> Titou/Malfurion Stormrage Mana=1 Hlt=29 Att=0 Arm=1 Hnd=3 Dck=24 Min=0 Sec=0
--> Didier/Garrosh Hellscream Mana=0 Hlt=24 Att=0 Arm=2 Hnd=5 Dck=24 Min=0 Sec=0

Titou ATTACK attacker=hero 'Malfurion Stormrage'(131) attacked=hero 'Garrosh Hellscream'(100)
--> Titou/Malfurion Stormrage Mana=1 Hlt=29 Att=0 Arm=0 Hnd=3 Dck=24 Min=0 Sec=0
--> Didier/Garrosh Hellscream Mana=0 Hlt=24 Att=0 Arm=1 Hnd=5 Dck=24 Min=0 Sec=0

NEXT_TURN

Didier PLAY_CARD id=113 position=0 // name='Acolyte of Pain' cost=3 text='Whenever this minion takes damage, draw a card.'
--> Didier/Garrosh Hellscream Mana=0 Hlt=24 Att=0 Arm=1 Hnd=5 Dck=23 Min=1 Sec=0
--> Titou/Malfurion Stormrage Mana=1 Hlt=29 Att=0 Arm=0 Hnd=3 Dck=24 Min=0 Sec=0

Didier ATTACK attacker=hero 'Garrosh Hellscream'(100) attacked=hero 'Malfurion Stormrage'(131)
--> Didier/Garrosh Hellscream Mana=0 Hlt=24 Att=0 Arm=1 Hnd=5 Dck=23 Min=1 Sec=0
--> Titou/Malfurion Stormrage Mana=1 Hlt=28 Att=0 Arm=0 Hnd=3 Dck=24 Min=0 Sec=0

NEXT_TURN

Titou PLAY_CARD id=140 choice='Deal 3 damage to a minion' target=minion 'Acolyte of Pain'(113) // name='Wrath' cost=2 text='Choose One - Deal 3 damage to a minion; or 1 damage and draw a card.'
--> Titou/Malfurion Stormrage Mana=2 Hlt=28 Att=0 Arm=0 Hnd=3 Dck=23 Min=0 Sec=0
--> Didier/Garrosh Hellscream Mana=0 Hlt=24 Att=0 Arm=1 Hnd=6 Dck=22 Min=0 Sec=0

Titou USE_HERO_POWER power=''Shapeshift' power'
--> Titou/Malfurion Stormrage Mana=0 Hlt=28 Att=0 Arm=1 Hnd=3 Dck=23 Min=0 Sec=0
--> Didier/Garrosh Hellscream Mana=0 Hlt=24 Att=0 Arm=1 Hnd=6 Dck=22 Min=0 Sec=0

Titou ATTACK attacker=hero 'Malfurion Stormrage'(131) attacked=hero 'Garrosh Hellscream'(100)
--> Titou/Malfurion Stormrage Mana=0 Hlt=28 Att=0 Arm=1 Hnd=3 Dck=23 Min=0 Sec=0
--> Didier/Garrosh Hellscream Mana=0 Hlt=24 Att=0 Arm=0 Hnd=6 Dck=22 Min=0 Sec=0

NEXT_TURN

Didier USE_HERO_POWER power=''Armor Up!' power'
--> Didier/Garrosh Hellscream Mana=2 Hlt=24 Att=0 Arm=2 Hnd=7 Dck=21 Min=0 Sec=0
--> Titou/Malfurion Stormrage Mana=0 Hlt=28 Att=0 Arm=1 Hnd=3 Dck=23 Min=0 Sec=0

Didier PLAY_CARD id=108 // name='Fiery War Axe' cost=2 text='null'
--> Didier/Garrosh Hellscream Mana=0 Hlt=24 Att=0 Arm=2 Hnd=6 Dck=21 Min=0 Sec=0
--> Titou/Malfurion Stormrage Mana=0 Hlt=28 Att=0 Arm=1 Hnd=3 Dck=23 Min=0 Sec=0

Didier ATTACK attacker=hero 'Garrosh Hellscream'(100) attacked=hero 'Malfurion Stormrage'(131)
--> Didier/Garrosh Hellscream Mana=0 Hlt=24 Att=0 Arm=2 Hnd=6 Dck=21 Min=0 Sec=0
--> Titou/Malfurion Stormrage Mana=0 Hlt=26 Att=0 Arm=0 Hnd=3 Dck=23 Min=0 Sec=0

NEXT_TURN

Titou USE_HERO_POWER power=''Shapeshift' power'
--> Titou/Malfurion Stormrage Mana=3 Hlt=26 Att=0 Arm=1 Hnd=4 Dck=22 Min=0 Sec=0
--> Didier/Garrosh Hellscream Mana=0 Hlt=24 Att=0 Arm=2 Hnd=6 Dck=21 Min=0 Sec=0

Titou ATTACK attacker=hero 'Malfurion Stormrage'(131) attacked=hero 'Garrosh Hellscream'(100)
--> Titou/Malfurion Stormrage Mana=3 Hlt=24 Att=0 Arm=0 Hnd=4 Dck=22 Min=0 Sec=0
--> Didier/Garrosh Hellscream Mana=0 Hlt=24 Att=0 Arm=1 Hnd=6 Dck=21 Min=0 Sec=0

NEXT_TURN

Didier PLAY_CARD id=128 target=hero 'Malfurion Stormrage'(131) position=0 // name='Stormpike Commando' cost=5 text='Battlecry: Deal 2 damage.'
--> Didier/Garrosh Hellscream Mana=0 Hlt=24 Att=0 Arm=1 Hnd=6 Dck=20 Min=1 Sec=0
--> Titou/Malfurion Stormrage Mana=3 Hlt=22 Att=0 Arm=0 Hnd=4 Dck=22 Min=0 Sec=0

Didier ATTACK attacker=hero 'Garrosh Hellscream'(100) attacked=hero 'Malfurion Stormrage'(131)
--> Didier/Garrosh Hellscream Mana=0 Hlt=24 Att=0 Arm=1 Hnd=6 Dck=20 Min=1 Sec=0
--> Titou/Malfurion Stormrage Mana=3 Hlt=19 Att=0 Arm=0 Hnd=4 Dck=22 Min=0 Sec=0

NEXT_TURN

Titou PLAY_CARD id=158 target=minion 'Stormpike Commando'(128) // name='Starfire' cost=6 text='Deal 5 damage. Draw a card.'
--> Titou/Malfurion Stormrage Mana=0 Hlt=19 Att=0 Arm=0 Hnd=5 Dck=20 Min=0 Sec=0
--> Didier/Garrosh Hellscream Mana=0 Hlt=24 Att=0 Arm=1 Hnd=6 Dck=20 Min=0 Sec=0

NEXT_TURN

Didier PLAY_CARD id=129 target=hero 'Garrosh Hellscream'(100) position=0 // name='Frost Elemental' cost=6 text='Battlecry: Freeze a character.'
--> Didier/Garrosh Hellscream Mana=0 Hlt=24 Att=0 Arm=1 Hnd=6 Dck=19 Min=1 Sec=0
--> Titou/Malfurion Stormrage Mana=0 Hlt=19 Att=0 Arm=0 Hnd=5 Dck=20 Min=0 Sec=0

NEXT_TURN

Titou PLAY_CARD id=134 target=minion 'Frost Elemental'(129) // name='Naturalize' cost=1 text='Destroy a minion. Your opponent draws 2 cards.'
--> Titou/Malfurion Stormrage Mana=6 Hlt=19 Att=0 Arm=0 Hnd=5 Dck=19 Min=0 Sec=0
--> Didier/Garrosh Hellscream Mana=0 Hlt=24 Att=0 Arm=1 Hnd=8 Dck=17 Min=0 Sec=0

Titou PLAY_CARD id=157 choice='Charge' position=0 // name='Druid of the Claw' cost=5 text='Choose One - Charge; or +2 Health and Taunt.'
--> Titou/Malfurion Stormrage Mana=1 Hlt=19 Att=0 Arm=0 Hnd=4 Dck=19 Min=1 Sec=0
--> Didier/Garrosh Hellscream Mana=0 Hlt=24 Att=0 Arm=1 Hnd=8 Dck=17 Min=0 Sec=0

Titou ATTACK attacker=minion 'Druid of the Claw'(157) attacked=hero 'Garrosh Hellscream'(100)
--> Titou/Malfurion Stormrage Mana=1 Hlt=19 Att=0 Arm=0 Hnd=4 Dck=19 Min=1 Sec=0
--> Didier/Garrosh Hellscream Mana=0 Hlt=21 Att=0 Arm=0 Hnd=8 Dck=17 Min=0 Sec=0

NEXT_TURN

Didier PLAY_CARD id=123 position=0 // name='Kor'kron Elite' cost=4 text='Charge'
--> Didier/Garrosh Hellscream Mana=3 Hlt=21 Att=0 Arm=0 Hnd=8 Dck=16 Min=1 Sec=0
--> Titou/Malfurion Stormrage Mana=1 Hlt=19 Att=0 Arm=0 Hnd=4 Dck=19 Min=1 Sec=0

Didier PLAY_CARD id=115 position=1 // name='Frothing Berserker' cost=3 text='Whenever a minion takes damage, gain +1 Attack.'
--> Didier/Garrosh Hellscream Mana=0 Hlt=21 Att=0 Arm=0 Hnd=7 Dck=16 Min=2 Sec=0
--> Titou/Malfurion Stormrage Mana=1 Hlt=19 Att=0 Arm=0 Hnd=4 Dck=19 Min=1 Sec=0

Didier PLAY_CARD id=101 target=minion 'Frothing Berserker'(115) // name='Inner Rage' cost=0 text='Deal 1 damage to a minion and give it +2 Attack.'
--> Didier/Garrosh Hellscream Mana=0 Hlt=21 Att=0 Arm=0 Hnd=6 Dck=16 Min=2 Sec=0
--> Titou/Malfurion Stormrage Mana=1 Hlt=19 Att=0 Arm=0 Hnd=4 Dck=19 Min=1 Sec=0

Didier ATTACK attacker=minion 'Kor'kron Elite'(123) attacked=hero 'Malfurion Stormrage'(131)
--> Didier/Garrosh Hellscream Mana=0 Hlt=21 Att=0 Arm=0 Hnd=6 Dck=16 Min=2 Sec=0
--> Titou/Malfurion Stormrage Mana=1 Hlt=15 Att=0 Arm=0 Hnd=4 Dck=19 Min=1 Sec=0

NEXT_TURN

Titou PLAY_CARD id=144 target=minion 'Kor'kron Elite'(123) position=1 // name='Ironbeak Owl' cost=2 text='Battlecry: Silence a minion.'
--> Titou/Malfurion Stormrage Mana=6 Hlt=15 Att=0 Arm=0 Hnd=4 Dck=18 Min=2 Sec=0
--> Didier/Garrosh Hellscream Mana=0 Hlt=21 Att=0 Arm=0 Hnd=6 Dck=16 Min=2 Sec=0

Titou PLAY_CARD id=155 position=0 // name='Azure Drake' cost=5 text='Spell Damage +1. Battlecry: Draw a card.'
--> Titou/Malfurion Stormrage Mana=1 Hlt=15 Att=0 Arm=0 Hnd=4 Dck=17 Min=3 Sec=0
--> Didier/Garrosh Hellscream Mana=0 Hlt=21 Att=0 Arm=0 Hnd=6 Dck=16 Min=2 Sec=0

Titou ATTACK attacker=minion 'Druid of the Claw'(157) attacked=hero 'Garrosh Hellscream'(100)
--> Titou/Malfurion Stormrage Mana=1 Hlt=15 Att=0 Arm=0 Hnd=4 Dck=17 Min=3 Sec=0
--> Didier/Garrosh Hellscream Mana=0 Hlt=17 Att=0 Arm=0 Hnd=6 Dck=16 Min=2 Sec=0

NEXT_TURN

Didier ATTACK attacker=minion 'Kor'kron Elite'(123) attacked=hero 'Malfurion Stormrage'(131)
--> Didier/Garrosh Hellscream Mana=8 Hlt=17 Att=0 Arm=0 Hnd=7 Dck=15 Min=2 Sec=0
--> Titou/Malfurion Stormrage Mana=1 Hlt=11 Att=0 Arm=0 Hnd=4 Dck=17 Min=3 Sec=0

Didier ATTACK attacker=minion 'Frothing Berserker'(115) attacked=minion 'Ironbeak Owl'(144)
--> Didier/Garrosh Hellscream Mana=8 Hlt=17 Att=0 Arm=0 Hnd=7 Dck=15 Min=2 Sec=0
--> Titou/Malfurion Stormrage Mana=1 Hlt=11 Att=0 Arm=0 Hnd=4 Dck=17 Min=2 Sec=0

Didier PLAY_CARD id=127 position=2 // name='Gurubashi Berserker' cost=5 text='Whenever this minion takes damage, gain +3 Attack.'
--> Didier/Garrosh Hellscream Mana=3 Hlt=17 Att=0 Arm=0 Hnd=6 Dck=15 Min=3 Sec=0
--> Titou/Malfurion Stormrage Mana=1 Hlt=11 Att=0 Arm=0 Hnd=4 Dck=17 Min=2 Sec=0

Didier USE_HERO_POWER power=''Armor Up!' power'
--> Didier/Garrosh Hellscream Mana=1 Hlt=17 Att=0 Arm=2 Hnd=6 Dck=15 Min=3 Sec=0
--> Titou/Malfurion Stormrage Mana=1 Hlt=11 Att=0 Arm=0 Hnd=4 Dck=17 Min=2 Sec=0

Didier PLAY_CARD id=105 // name='Whirlwind' cost=1 text='Deal 1 damage to ALL minions.'
--> Didier/Garrosh Hellscream Mana=0 Hlt=17 Att=0 Arm=2 Hnd=5 Dck=15 Min=2 Sec=0
--> Titou/Malfurion Stormrage Mana=1 Hlt=11 Att=0 Arm=0 Hnd=4 Dck=17 Min=2 Sec=0

NEXT_TURN

Titou PLAY_CARD id=146 position=1 // name='Acidic Swamp Ooze' cost=2 text='Battlecry: Destroy your opponent's weapon.'
--> Titou/Malfurion Stormrage Mana=7 Hlt=11 Att=0 Arm=0 Hnd=4 Dck=16 Min=3 Sec=0
--> Didier/Garrosh Hellscream Mana=0 Hlt=17 Att=0 Arm=2 Hnd=5 Dck=15 Min=2 Sec=0

Titou ATTACK attacker=minion 'Azure Drake'(155) attacked=minion 'Gurubashi Berserker'(127)
--> Titou/Malfurion Stormrage Mana=7 Hlt=11 Att=0 Arm=0 Hnd=4 Dck=16 Min=2 Sec=0
--> Didier/Garrosh Hellscream Mana=0 Hlt=17 Att=0 Arm=2 Hnd=5 Dck=15 Min=2 Sec=0

Titou PLAY_CARD id=159 target=minion 'Gurubashi Berserker'(127) // name='Starfire' cost=6 text='Deal 5 damage. Draw a card.'
--> Titou/Malfurion Stormrage Mana=1 Hlt=11 Att=0 Arm=0 Hnd=4 Dck=15 Min=2 Sec=0
--> Didier/Garrosh Hellscream Mana=0 Hlt=17 Att=0 Arm=2 Hnd=5 Dck=15 Min=1 Sec=0

Titou ATTACK attacker=minion 'Druid of the Claw'(157) attacked=hero 'Garrosh Hellscream'(100)
--> Titou/Malfurion Stormrage Mana=1 Hlt=11 Att=0 Arm=0 Hnd=4 Dck=15 Min=2 Sec=0
--> Didier/Garrosh Hellscream Mana=0 Hlt=15 Att=0 Arm=0 Hnd=5 Dck=15 Min=1 Sec=0

NEXT_TURN

Didier PLAY_CARD id=103 target=minion 'Druid of the Claw'(157) // name='Execute' cost=1 text='Destroy a damaged enemy minion.'
--> Didier/Garrosh Hellscream Mana=8 Hlt=15 Att=0 Arm=0 Hnd=5 Dck=14 Min=1 Sec=0
--> Titou/Malfurion Stormrage Mana=1 Hlt=11 Att=0 Arm=0 Hnd=4 Dck=15 Min=1 Sec=0

Didier PLAY_CARD id=130 position=0 // name='Stormwind Champion' cost=7 text='Your other minions have +1/+1.'
--> Didier/Garrosh Hellscream Mana=1 Hlt=15 Att=0 Arm=0 Hnd=4 Dck=14 Min=2 Sec=0
--> Titou/Malfurion Stormrage Mana=1 Hlt=11 Att=0 Arm=0 Hnd=4 Dck=15 Min=1 Sec=0

Didier ATTACK attacker=minion 'Kor'kron Elite'(123) attacked=hero 'Malfurion Stormrage'(131)
--> Didier/Garrosh Hellscream Mana=1 Hlt=15 Att=0 Arm=0 Hnd=4 Dck=14 Min=2 Sec=0
--> Titou/Malfurion Stormrage Mana=1 Hlt=6 Att=0 Arm=0 Hnd=4 Dck=15 Min=1 Sec=0

NEXT_TURN

Titou PLAY_CARD id=151 target=hero 'Garrosh Hellscream'(100) // name='Swipe' cost=4 text='Deal 4 damage to an enemy and 1 damage to all other enemies.'
--> Titou/Malfurion Stormrage Mana=6 Hlt=6 Att=0 Arm=0 Hnd=4 Dck=14 Min=1 Sec=0
--> Didier/Garrosh Hellscream Mana=1 Hlt=11 Att=0 Arm=0 Hnd=4 Dck=14 Min=2 Sec=0

Titou ATTACK attacker=minion 'Acidic Swamp Ooze'(146) attacked=minion 'Stormwind Champion'(130)
--> Titou/Malfurion Stormrage Mana=6 Hlt=6 Att=0 Arm=0 Hnd=4 Dck=14 Min=0 Sec=0
--> Didier/Garrosh Hellscream Mana=1 Hlt=11 Att=0 Arm=0 Hnd=4 Dck=14 Min=2 Sec=0

Titou PLAY_CARD id=160 // name='Force of Nature' cost=6 text='Summon three 2/2 Treants with Charge that die at the end of the turn.'
--> Titou/Malfurion Stormrage Mana=0 Hlt=6 Att=0 Arm=0 Hnd=3 Dck=14 Min=3 Sec=0
--> Didier/Garrosh Hellscream Mana=1 Hlt=11 Att=0 Arm=0 Hnd=4 Dck=14 Min=2 Sec=0

Titou ATTACK attacker=minion 'Treant'(167) attacked=minion 'Stormwind Champion'(130)
--> Titou/Malfurion Stormrage Mana=0 Hlt=6 Att=0 Arm=0 Hnd=3 Dck=14 Min=2 Sec=0
--> Didier/Garrosh Hellscream Mana=1 Hlt=11 Att=0 Arm=0 Hnd=4 Dck=14 Min=1 Sec=0

Titou ATTACK attacker=minion 'Treant'(166) attacked=minion 'Kor'kron Elite'(123)
--> Titou/Malfurion Stormrage Mana=0 Hlt=6 Att=0 Arm=0 Hnd=3 Dck=14 Min=1 Sec=0
--> Didier/Garrosh Hellscream Mana=1 Hlt=11 Att=0 Arm=0 Hnd=4 Dck=14 Min=0 Sec=0

Titou ATTACK attacker=minion 'Treant'(165) attacked=hero 'Garrosh Hellscream'(100)
--> Titou/Malfurion Stormrage Mana=0 Hlt=6 Att=0 Arm=0 Hnd=3 Dck=14 Min=1 Sec=0
--> Didier/Garrosh Hellscream Mana=1 Hlt=9 Att=0 Arm=0 Hnd=4 Dck=14 Min=0 Sec=0

NEXT_TURN

Didier PLAY_CARD id=107 // name='Fiery War Axe' cost=2 text='null'
--> Didier/Garrosh Hellscream Mana=8 Hlt=9 Att=0 Arm=0 Hnd=4 Dck=13 Min=0 Sec=0
--> Titou/Malfurion Stormrage Mana=0 Hlt=6 Att=0 Arm=0 Hnd=3 Dck=14 Min=0 Sec=0

Didier USE_HERO_POWER power=''Armor Up!' power'
--> Didier/Garrosh Hellscream Mana=6 Hlt=9 Att=0 Arm=2 Hnd=4 Dck=13 Min=0 Sec=0
--> Titou/Malfurion Stormrage Mana=0 Hlt=6 Att=0 Arm=0 Hnd=3 Dck=14 Min=0 Sec=0

Didier PLAY_CARD id=125 // name='Arcanite Reaper' cost=5 text='null'
--> Didier/Garrosh Hellscream Mana=1 Hlt=9 Att=0 Arm=2 Hnd=3 Dck=13 Min=0 Sec=0
--> Titou/Malfurion Stormrage Mana=0 Hlt=6 Att=0 Arm=0 Hnd=3 Dck=14 Min=0 Sec=0

Didier ATTACK attacker=hero 'Garrosh Hellscream'(100) attacked=hero 'Malfurion Stormrage'(131)
--> Didier/Garrosh Hellscream Mana=1 Hlt=9 Att=0 Arm=2 Hnd=3 Dck=13 Min=0 Sec=0
--> Titou/Malfurion Stormrage Mana=0 Hlt=1 Att=0 Arm=0 Hnd=3 Dck=14 Min=0 Sec=0

NEXT_TURN

Titou PLAY_CARD id=161 position=0 // name='Lord of the Arena' cost=6 text='Taunt'
--> Titou/Malfurion Stormrage Mana=4 Hlt=1 Att=0 Arm=0 Hnd=3 Dck=13 Min=1 Sec=0
--> Didier/Garrosh Hellscream Mana=1 Hlt=9 Att=0 Arm=2 Hnd=3 Dck=13 Min=0 Sec=0

Titou PLAY_CARD id=139 choice='Deal 3 damage to a minion' target=minion 'Lord of the Arena'(161) // name='Wrath' cost=2 text='Choose One - Deal 3 damage to a minion; or 1 damage and draw a card.'
--> Titou/Malfurion Stormrage Mana=2 Hlt=1 Att=0 Arm=0 Hnd=2 Dck=13 Min=1 Sec=0
--> Didier/Garrosh Hellscream Mana=1 Hlt=9 Att=0 Arm=2 Hnd=3 Dck=13 Min=0 Sec=0

Titou USE_HERO_POWER power=''Shapeshift' power'
--> Titou/Malfurion Stormrage Mana=0 Hlt=1 Att=0 Arm=1 Hnd=2 Dck=13 Min=1 Sec=0
--> Didier/Garrosh Hellscream Mana=1 Hlt=9 Att=0 Arm=2 Hnd=3 Dck=13 Min=0 Sec=0

Titou ATTACK attacker=hero 'Malfurion Stormrage'(131) attacked=hero 'Garrosh Hellscream'(100)
--> Titou/Malfurion Stormrage Mana=0 Hlt=-3 Att=0 Arm=0 Hnd=2 Dck=13 Min=1 Sec=0
--> Didier/Garrosh Hellscream Mana=1 Hlt=9 Att=0 Arm=1 Hnd=3 Dck=13 Min=0 Sec=0

Didier wins
Titou looses
