Active player = Titou
--> Titou/Malfurion Stormrage Mana=1 Hlt=30 Att=0 Arm=0 Hnd=4 Dck=26 Min=0 Sec=0
Opponent = Didier
--> Didier/Garrosh Hellscream Mana=0 Hlt=30 Att=0 Arm=0 Hnd=5 Dck=26 Min=0 Sec=0

NEXT_TURN

Didier PLAY_CARD id=162 // name='The Coin' cost=0 text='Gain 1 Mana Crystal this turn only.'
--> Didier/Garrosh Hellscream Mana=2 Hlt=30 Att=0 Arm=0 Hnd=5 Dck=25 Min=0 Sec=0
--> Titou/Malfurion Stormrage Mana=1 Hlt=30 Att=0 Arm=0 Hnd=4 Dck=26 Min=0 Sec=0

Didier PLAY_CARD id=105 // name='Whirlwind' cost=1 text='Deal 1 damage to ALL minions.'
--> Didier/Garrosh Hellscream Mana=1 Hlt=30 Att=0 Arm=0 Hnd=4 Dck=25 Min=0 Sec=0
--> Titou/Malfurion Stormrage Mana=1 Hlt=30 Att=0 Arm=0 Hnd=4 Dck=26 Min=0 Sec=0

NEXT_TURN

Titou USE_HERO_POWER power=''Shapeshift' power'
--> Titou/Malfurion Stormrage Mana=0 Hlt=30 Att=0 Arm=1 Hnd=5 Dck=25 Min=0 Sec=0
--> Didier/Garrosh Hellscream Mana=1 Hlt=30 Att=0 Arm=0 Hnd=4 Dck=25 Min=0 Sec=0

Titou ATTACK attacker=hero 'Malfurion Stormrage'(131) attacked=hero 'Garrosh Hellscream'(100)
--> Titou/Malfurion Stormrage Mana=0 Hlt=30 Att=0 Arm=1 Hnd=5 Dck=25 Min=0 Sec=0
--> Didier/Garrosh Hellscream Mana=1 Hlt=29 Att=0 Arm=0 Hnd=4 Dck=25 Min=0 Sec=0

NEXT_TURN

Didier USE_HERO_POWER power=''Armor Up!' power'
--> Didier/Garrosh Hellscream Mana=0 Hlt=29 Att=0 Arm=2 Hnd=5 Dck=24 Min=0 Sec=0
--> Titou/Malfurion Stormrage Mana=0 Hlt=30 Att=0 Arm=1 Hnd=5 Dck=25 Min=0 Sec=0

NEXT_TURN

Titou USE_HERO_POWER power=''Shapeshift' power'
--> Titou/Malfurion Stormrage Mana=1 Hlt=30 Att=0 Arm=2 Hnd=6 Dck=24 Min=0 Sec=0
--> Didier/Garrosh Hellscream Mana=0 Hlt=29 Att=0 Arm=2 Hnd=5 Dck=24 Min=0 Sec=0

Titou ATTACK attacker=hero 'Malfurion Stormrage'(131) attacked=hero 'Garrosh Hellscream'(100)
--> Titou/Malfurion Stormrage Mana=1 Hlt=30 Att=0 Arm=2 Hnd=6 Dck=24 Min=0 Sec=0
--> Didier/Garrosh Hellscream Mana=0 Hlt=29 Att=0 Arm=1 Hnd=5 Dck=24 Min=0 Sec=0

NEXT_TURN

Didier USE_HERO_POWER power=''Armor Up!' power'
--> Didier/Garrosh Hellscream Mana=1 Hlt=29 Att=0 Arm=3 Hnd=6 Dck=23 Min=0 Sec=0
--> Titou/Malfurion Stormrage Mana=1 Hlt=30 Att=0 Arm=2 Hnd=6 Dck=24 Min=0 Sec=0

NEXT_TURN

Titou USE_HERO_POWER power=''Shapeshift' power'
--> Titou/Malfurion Stormrage Mana=2 Hlt=30 Att=0 Arm=3 Hnd=7 Dck=23 Min=0 Sec=0
--> Didier/Garrosh Hellscream Mana=1 Hlt=29 Att=0 Arm=3 Hnd=6 Dck=23 Min=0 Sec=0

Titou ATTACK attacker=hero 'Malfurion Stormrage'(131) attacked=hero 'Garrosh Hellscream'(100)
--> Titou/Malfurion Stormrage Mana=2 Hlt=30 Att=0 Arm=3 Hnd=7 Dck=23 Min=0 Sec=0
--> Didier/Garrosh Hellscream Mana=1 Hlt=29 Att=0 Arm=2 Hnd=6 Dck=23 Min=0 Sec=0

NEXT_TURN

Didier PLAY_CARD id=119 position=0 // name='Arathi Weaponsmith' cost=4 text='Battlecry: Equip a 2/2 weapon.'
--> Didier/Garrosh Hellscream Mana=0 Hlt=29 Att=0 Arm=2 Hnd=6 Dck=22 Min=1 Sec=0
--> Titou/Malfurion Stormrage Mana=2 Hlt=30 Att=0 Arm=3 Hnd=7 Dck=23 Min=0 Sec=0

Didier ATTACK attacker=hero 'Garrosh Hellscream'(100) attacked=hero 'Malfurion Stormrage'(131)
--> Didier/Garrosh Hellscream Mana=0 Hlt=29 Att=0 Arm=2 Hnd=6 Dck=22 Min=1 Sec=0
--> Titou/Malfurion Stormrage Mana=2 Hlt=30 Att=0 Arm=1 Hnd=7 Dck=23 Min=0 Sec=0

NEXT_TURN

Titou USE_HERO_POWER power=''Shapeshift' power'
--> Titou/Malfurion Stormrage Mana=3 Hlt=30 Att=0 Arm=2 Hnd=8 Dck=22 Min=0 Sec=0
--> Didier/Garrosh Hellscream Mana=0 Hlt=29 Att=0 Arm=2 Hnd=6 Dck=22 Min=1 Sec=0

Titou PLAY_CARD id=141 target=minion 'Arathi Weaponsmith'(119) // name='Mark of the Wild' cost=2 text='Give a minion Taunt and +2/+2. (+2 Attack/+2 Health)'
--> Titou/Malfurion Stormrage Mana=1 Hlt=30 Att=0 Arm=2 Hnd=7 Dck=22 Min=0 Sec=0
--> Didier/Garrosh Hellscream Mana=0 Hlt=29 Att=0 Arm=2 Hnd=6 Dck=22 Min=1 Sec=0

Titou ATTACK attacker=hero 'Malfurion Stormrage'(131) attacked=minion 'Arathi Weaponsmith'(119)
--> Titou/Malfurion Stormrage Mana=1 Hlt=27 Att=0 Arm=0 Hnd=7 Dck=22 Min=0 Sec=0
--> Didier/Garrosh Hellscream Mana=0 Hlt=29 Att=0 Arm=2 Hnd=6 Dck=22 Min=1 Sec=0

NEXT_TURN

Didier PLAY_CARD id=118 position=1 // name='Arathi Weaponsmith' cost=4 text='Battlecry: Equip a 2/2 weapon.'
--> Didier/Garrosh Hellscream Mana=1 Hlt=29 Att=0 Arm=2 Hnd=6 Dck=21 Min=2 Sec=0
--> Titou/Malfurion Stormrage Mana=1 Hlt=27 Att=0 Arm=0 Hnd=7 Dck=22 Min=0 Sec=0

Didier ATTACK attacker=minion 'Arathi Weaponsmith'(119) attacked=hero 'Malfurion Stormrage'(131)
--> Didier/Garrosh Hellscream Mana=1 Hlt=29 Att=0 Arm=2 Hnd=6 Dck=21 Min=2 Sec=0
--> Titou/Malfurion Stormrage Mana=1 Hlt=22 Att=0 Arm=0 Hnd=7 Dck=22 Min=0 Sec=0

Didier PLAY_CARD id=111 target=minion 'Arathi Weaponsmith'(118) // name='Shield Slam' cost=1 text='Deal 1 damage to a minion for each Armor you have.'
--> Didier/Garrosh Hellscream Mana=0 Hlt=29 Att=0 Arm=2 Hnd=5 Dck=21 Min=2 Sec=0
--> Titou/Malfurion Stormrage Mana=1 Hlt=22 Att=0 Arm=0 Hnd=7 Dck=22 Min=0 Sec=0

Didier ATTACK attacker=hero 'Garrosh Hellscream'(100) attacked=hero 'Malfurion Stormrage'(131)
--> Didier/Garrosh Hellscream Mana=0 Hlt=29 Att=0 Arm=2 Hnd=5 Dck=21 Min=2 Sec=0
--> Titou/Malfurion Stormrage Mana=1 Hlt=20 Att=0 Arm=0 Hnd=7 Dck=22 Min=0 Sec=0

NEXT_TURN

Titou PLAY_CARD id=158 target=hero 'Garrosh Hellscream'(100) // name='Starfire' cost=6 text='Deal 5 damage. Draw a card.'
--> Titou/Malfurion Stormrage Mana=0 Hlt=20 Att=0 Arm=0 Hnd=8 Dck=20 Min=0 Sec=0
--> Didier/Garrosh Hellscream Mana=0 Hlt=24 Att=0 Arm=2 Hnd=5 Dck=21 Min=2 Sec=0

NEXT_TURN

Didier PLAY_CARD id=129 target=hero 'Malfurion Stormrage'(131) position=2 // name='Frost Elemental' cost=6 text='Battlecry: Freeze a character.'
--> Didier/Garrosh Hellscream Mana=0 Hlt=24 Att=0 Arm=2 Hnd=5 Dck=20 Min=3 Sec=0
--> Titou/Malfurion Stormrage Mana=0 Hlt=20 Att=0 Arm=0 Hnd=8 Dck=20 Min=0 Sec=0

Didier ATTACK attacker=minion 'Arathi Weaponsmith'(119) attacked=hero 'Malfurion Stormrage'(131)
--> Didier/Garrosh Hellscream Mana=0 Hlt=24 Att=0 Arm=2 Hnd=5 Dck=20 Min=3 Sec=0
--> Titou/Malfurion Stormrage Mana=0 Hlt=15 Att=0 Arm=0 Hnd=8 Dck=20 Min=0 Sec=0

Didier ATTACK attacker=hero 'Garrosh Hellscream'(100) attacked=hero 'Malfurion Stormrage'(131)
--> Didier/Garrosh Hellscream Mana=0 Hlt=24 Att=0 Arm=2 Hnd=5 Dck=20 Min=3 Sec=0
--> Titou/Malfurion Stormrage Mana=0 Hlt=13 Att=0 Arm=0 Hnd=8 Dck=20 Min=0 Sec=0

Didier ATTACK attacker=minion 'Arathi Weaponsmith'(118) attacked=hero 'Malfurion Stormrage'(131)
--> Didier/Garrosh Hellscream Mana=0 Hlt=24 Att=0 Arm=2 Hnd=5 Dck=20 Min=3 Sec=0
--> Titou/Malfurion Stormrage Mana=0 Hlt=10 Att=0 Arm=0 Hnd=8 Dck=20 Min=0 Sec=0

NEXT_TURN

Titou PLAY_CARD id=139 choice='Deal 3 damage to a minion' target=minion 'Arathi Weaponsmith'(118) // name='Wrath' cost=2 text='Choose One - Deal 3 damage to a minion; or 1 damage and draw a card.'
--> Titou/Malfurion Stormrage Mana=5 Hlt=10 Att=0 Arm=0 Hnd=8 Dck=19 Min=0 Sec=0
--> Didier/Garrosh Hellscream Mana=0 Hlt=24 Att=0 Arm=2 Hnd=5 Dck=20 Min=2 Sec=0

Titou PLAY_CARD id=147 target=minion 'Arathi Weaponsmith'(119) // name='Healing Touch' cost=3 text='Restore 8 Health.'
--> Titou/Malfurion Stormrage Mana=2 Hlt=10 Att=0 Arm=0 Hnd=7 Dck=19 Min=0 Sec=0
--> Didier/Garrosh Hellscream Mana=0 Hlt=24 Att=0 Arm=2 Hnd=5 Dck=20 Min=2 Sec=0

Titou USE_HERO_POWER power=''Shapeshift' power'
--> Titou/Malfurion Stormrage Mana=0 Hlt=10 Att=0 Arm=1 Hnd=7 Dck=19 Min=0 Sec=0
--> Didier/Garrosh Hellscream Mana=0 Hlt=24 Att=0 Arm=2 Hnd=5 Dck=20 Min=2 Sec=0

NEXT_TURN

Didier PLAY_CARD id=121 position=1 // name='Cult Master' cost=4 text='Whenever one of your other minions dies, draw a card.'
--> Didier/Garrosh Hellscream Mana=3 Hlt=24 Att=0 Arm=2 Hnd=5 Dck=19 Min=3 Sec=0
--> Titou/Malfurion Stormrage Mana=0 Hlt=10 Att=0 Arm=1 Hnd=7 Dck=19 Min=0 Sec=0

Didier ATTACK attacker=minion 'Arathi Weaponsmith'(119) attacked=hero 'Malfurion Stormrage'(131)
--> Didier/Garrosh Hellscream Mana=3 Hlt=24 Att=0 Arm=2 Hnd=5 Dck=19 Min=3 Sec=0
--> Titou/Malfurion Stormrage Mana=0 Hlt=6 Att=0 Arm=0 Hnd=7 Dck=19 Min=0 Sec=0

Didier ATTACK attacker=minion 'Frost Elemental'(129) attacked=hero 'Malfurion Stormrage'(131)
--> Didier/Garrosh Hellscream Mana=3 Hlt=24 Att=0 Arm=2 Hnd=5 Dck=19 Min=3 Sec=0
--> Titou/Malfurion Stormrage Mana=0 Hlt=1 Att=0 Arm=0 Hnd=7 Dck=19 Min=0 Sec=0

Didier USE_HERO_POWER power=''Armor Up!' power'
--> Didier/Garrosh Hellscream Mana=1 Hlt=24 Att=0 Arm=4 Hnd=5 Dck=19 Min=3 Sec=0
--> Titou/Malfurion Stormrage Mana=0 Hlt=1 Att=0 Arm=0 Hnd=7 Dck=19 Min=0 Sec=0

NEXT_TURN

Titou USE_HERO_POWER power=''Shapeshift' power'
--> Titou/Malfurion Stormrage Mana=6 Hlt=1 Att=0 Arm=1 Hnd=8 Dck=18 Min=0 Sec=0
--> Didier/Garrosh Hellscream Mana=1 Hlt=24 Att=0 Arm=4 Hnd=5 Dck=19 Min=3 Sec=0

Titou PLAY_CARD id=138 position=0 // name='Leper Gnome' cost=1 text='Deathrattle: Deal 2 damage to the enemy hero.'
--> Titou/Malfurion Stormrage Mana=5 Hlt=1 Att=0 Arm=1 Hnd=7 Dck=18 Min=1 Sec=0
--> Didier/Garrosh Hellscream Mana=1 Hlt=24 Att=0 Arm=4 Hnd=5 Dck=19 Min=3 Sec=0

Titou PLAY_CARD id=154 position=0 // name='Azure Drake' cost=5 text='Spell Damage +1. Battlecry: Draw a card.'
--> Titou/Malfurion Stormrage Mana=0 Hlt=1 Att=0 Arm=1 Hnd=7 Dck=17 Min=2 Sec=0
--> Didier/Garrosh Hellscream Mana=1 Hlt=24 Att=0 Arm=4 Hnd=5 Dck=19 Min=3 Sec=0

Titou ATTACK attacker=hero 'Malfurion Stormrage'(131) attacked=minion 'Arathi Weaponsmith'(119)
--> Titou/Malfurion Stormrage Mana=0 Hlt=-3 Att=0 Arm=0 Hnd=7 Dck=17 Min=2 Sec=0
--> Didier/Garrosh Hellscream Mana=1 Hlt=24 Att=0 Arm=4 Hnd=5 Dck=19 Min=3 Sec=0

Didier wins
Titou looses
