Active player = Titou
--> Titou/Malfurion Stormrage Mana=1 Hlt=30 Att=0 Arm=0 Hnd=4 Dck=26 Min=0 Sec=0
Opponent = Didier
--> Didier/Garrosh Hellscream Mana=0 Hlt=30 Att=0 Arm=0 Hnd=5 Dck=26 Min=0 Sec=0

NEXT_TURN

Didier PLAY_CARD id=162 // name='The Coin' cost=0 text='Gain 1 Mana Crystal this turn only.'
--> Didier/Garrosh Hellscream Mana=2 Hlt=30 Att=0 Arm=0 Hnd=5 Dck=25 Min=0 Sec=0
--> Titou/Malfurion Stormrage Mana=1 Hlt=30 Att=0 Arm=0 Hnd=4 Dck=26 Min=0 Sec=0

Didier PLAY_CARD id=107 // name='Fiery War Axe' cost=2 text='null'
--> Didier/Garrosh Hellscream Mana=0 Hlt=30 Att=0 Arm=0 Hnd=4 Dck=25 Min=0 Sec=0
--> Titou/Malfurion Stormrage Mana=1 Hlt=30 Att=0 Arm=0 Hnd=4 Dck=26 Min=0 Sec=0

Didier ATTACK attacker=hero 'Garrosh Hellscream'(100) attacked=hero 'Malfurion Stormrage'(131)
--> Didier/Garrosh Hellscream Mana=0 Hlt=30 Att=0 Arm=0 Hnd=4 Dck=25 Min=0 Sec=0
--> Titou/Malfurion Stormrage Mana=1 Hlt=27 Att=0 Arm=0 Hnd=4 Dck=26 Min=0 Sec=0

NEXT_TURN

Titou USE_HERO_POWER power=''Shapeshift' power'
--> Titou/Malfurion Stormrage Mana=0 Hlt=27 Att=0 Arm=1 Hnd=5 Dck=25 Min=0 Sec=0
--> Didier/Garrosh Hellscream Mana=0 Hlt=30 Att=0 Arm=0 Hnd=4 Dck=25 Min=0 Sec=0

Titou ATTACK attacker=hero 'Malfurion Stormrage'(131) attacked=hero 'Garrosh Hellscream'(100)
--> Titou/Malfurion Stormrage Mana=0 Hlt=25 Att=0 Arm=0 Hnd=5 Dck=25 Min=0 Sec=0
--> Didier/Garrosh Hellscream Mana=0 Hlt=29 Att=0 Arm=0 Hnd=4 Dck=25 Min=0 Sec=0

NEXT_TURN

Didier PLAY_CARD id=106 // name='Whirlwind' cost=1 text='Deal 1 damage to ALL minions.'
--> Didier/Garrosh Hellscream Mana=1 Hlt=29 Att=0 Arm=0 Hnd=4 Dck=24 Min=0 Sec=0
--> Titou/Malfurion Stormrage Mana=0 Hlt=25 Att=0 Arm=0 Hnd=5 Dck=25 Min=0 Sec=0

Didier ATTACK attacker=hero 'Garrosh Hellscream'(100) attacked=hero 'Malfurion Stormrage'(131)
--> Didier/Garrosh Hellscream Mana=1 Hlt=29 Att=0 Arm=0 Hnd=4 Dck=24 Min=0 Sec=0
--> Titou/Malfurion Stormrage Mana=0 Hlt=22 Att=0 Arm=0 Hnd=5 Dck=25 Min=0 Sec=0

NEXT_TURN

Titou USE_HERO_POWER power=''Shapeshift' power'
--> Titou/Malfurion Stormrage Mana=1 Hlt=22 Att=0 Arm=1 Hnd=6 Dck=24 Min=0 Sec=0
--> Didier/Garrosh Hellscream Mana=1 Hlt=29 Att=0 Arm=0 Hnd=4 Dck=24 Min=0 Sec=0

Titou ATTACK attacker=hero 'Malfurion Stormrage'(131) attacked=hero 'Garrosh Hellscream'(100)
--> Titou/Malfurion Stormrage Mana=1 Hlt=22 Att=0 Arm=1 Hnd=6 Dck=24 Min=0 Sec=0
--> Didier/Garrosh Hellscream Mana=1 Hlt=28 Att=0 Arm=0 Hnd=4 Dck=24 Min=0 Sec=0

NEXT_TURN

Didier USE_HERO_POWER power=''Armor Up!' power'
--> Didier/Garrosh Hellscream Mana=1 Hlt=28 Att=0 Arm=2 Hnd=5 Dck=23 Min=0 Sec=0
--> Titou/Malfurion Stormrage Mana=1 Hlt=22 Att=0 Arm=1 Hnd=6 Dck=24 Min=0 Sec=0

Didier PLAY_CARD id=105 // name='Whirlwind' cost=1 text='Deal 1 damage to ALL minions.'
--> Didier/Garrosh Hellscream Mana=0 Hlt=28 Att=0 Arm=2 Hnd=4 Dck=23 Min=0 Sec=0
--> Titou/Malfurion Stormrage Mana=1 Hlt=22 Att=0 Arm=1 Hnd=6 Dck=24 Min=0 Sec=0

NEXT_TURN

Titou PLAY_CARD id=147 target=hero 'Malfurion Stormrage'(131) // name='Healing Touch' cost=3 text='Restore 8 Health.'
--> Titou/Malfurion Stormrage Mana=1 Hlt=30 Att=0 Arm=1 Hnd=6 Dck=23 Min=0 Sec=0
--> Didier/Garrosh Hellscream Mana=0 Hlt=28 Att=0 Arm=2 Hnd=4 Dck=23 Min=0 Sec=0

NEXT_TURN

Didier USE_HERO_POWER power=''Armor Up!' power'
--> Didier/Garrosh Hellscream Mana=2 Hlt=28 Att=0 Arm=4 Hnd=5 Dck=22 Min=0 Sec=0
--> Titou/Malfurion Stormrage Mana=1 Hlt=30 Att=0 Arm=1 Hnd=6 Dck=23 Min=0 Sec=0

Didier PLAY_CARD id=109 // name='Heroic Strike' cost=2 text='Give your hero +4 Attack this turn.'
--> Didier/Garrosh Hellscream Mana=0 Hlt=28 Att=0 Arm=4 Hnd=4 Dck=22 Min=0 Sec=0
--> Titou/Malfurion Stormrage Mana=1 Hlt=30 Att=0 Arm=1 Hnd=6 Dck=23 Min=0 Sec=0

Didier ATTACK attacker=hero 'Garrosh Hellscream'(100) attacked=hero 'Malfurion Stormrage'(131)
--> Didier/Garrosh Hellscream Mana=0 Hlt=28 Att=0 Arm=4 Hnd=4 Dck=22 Min=0 Sec=0
--> Titou/Malfurion Stormrage Mana=1 Hlt=27 Att=0 Arm=0 Hnd=6 Dck=23 Min=0 Sec=0

NEXT_TURN

Titou USE_HERO_POWER power=''Shapeshift' power'
--> Titou/Malfurion Stormrage Mana=3 Hlt=27 Att=0 Arm=1 Hnd=7 Dck=22 Min=0 Sec=0
--> Didier/Garrosh Hellscream Mana=0 Hlt=28 Att=0 Arm=4 Hnd=4 Dck=22 Min=0 Sec=0

Titou PLAY_CARD id=133 // name='Innervate' cost=0 text='Gain 2 Mana Crystals this turn only.'
--> Titou/Malfurion Stormrage Mana=5 Hlt=27 Att=0 Arm=1 Hnd=6 Dck=22 Min=0 Sec=0
--> Didier/Garrosh Hellscream Mana=0 Hlt=28 Att=0 Arm=4 Hnd=4 Dck=22 Min=0 Sec=0

Titou ATTACK attacker=hero 'Malfurion Stormrage'(131) attacked=hero 'Garrosh Hellscream'(100)
--> Titou/Malfurion Stormrage Mana=5 Hlt=27 Att=0 Arm=1 Hnd=6 Dck=22 Min=0 Sec=0
--> Didier/Garrosh Hellscream Mana=0 Hlt=28 Att=0 Arm=3 Hnd=4 Dck=22 Min=0 Sec=0

Titou PLAY_CARD id=150 position=0 // name='Thrallmar Farseer' cost=3 text='Windfury'
--> Titou/Malfurion Stormrage Mana=2 Hlt=27 Att=0 Arm=1 Hnd=5 Dck=22 Min=1 Sec=0
--> Didier/Garrosh Hellscream Mana=0 Hlt=28 Att=0 Arm=3 Hnd=4 Dck=22 Min=0 Sec=0

Titou PLAY_CARD id=140 choice='Deal 3 damage to a minion' target=minion 'Thrallmar Farseer'(150) // name='Wrath' cost=2 text='Choose One - Deal 3 damage to a minion; or 1 damage and draw a card.'
--> Titou/Malfurion Stormrage Mana=0 Hlt=27 Att=0 Arm=1 Hnd=4 Dck=22 Min=0 Sec=0
--> Didier/Garrosh Hellscream Mana=0 Hlt=28 Att=0 Arm=3 Hnd=4 Dck=22 Min=0 Sec=0

NEXT_TURN

Didier PLAY_CARD id=128 target=hero 'Garrosh Hellscream'(100) position=0 // name='Stormpike Commando' cost=5 text='Battlecry: Deal 2 damage.'
--> Didier/Garrosh Hellscream Mana=0 Hlt=26 Att=0 Arm=3 Hnd=4 Dck=21 Min=1 Sec=0
--> Titou/Malfurion Stormrage Mana=0 Hlt=27 Att=0 Arm=1 Hnd=4 Dck=22 Min=0 Sec=0

NEXT_TURN

Titou USE_HERO_POWER power=''Shapeshift' power'
--> Titou/Malfurion Stormrage Mana=4 Hlt=27 Att=0 Arm=2 Hnd=5 Dck=21 Min=0 Sec=0
--> Didier/Garrosh Hellscream Mana=0 Hlt=26 Att=0 Arm=3 Hnd=4 Dck=21 Min=1 Sec=0

Titou PLAY_CARD id=139 choice='Deal 3 damage to a minion' target=minion 'Stormpike Commando'(128) // name='Wrath' cost=2 text='Choose One - Deal 3 damage to a minion; or 1 damage and draw a card.'
--> Titou/Malfurion Stormrage Mana=2 Hlt=27 Att=0 Arm=2 Hnd=4 Dck=21 Min=0 Sec=0
--> Didier/Garrosh Hellscream Mana=0 Hlt=26 Att=0 Arm=3 Hnd=4 Dck=21 Min=0 Sec=0

Titou ATTACK attacker=hero 'Malfurion Stormrage'(131) attacked=hero 'Garrosh Hellscream'(100)
--> Titou/Malfurion Stormrage Mana=2 Hlt=27 Att=0 Arm=2 Hnd=4 Dck=21 Min=0 Sec=0
--> Didier/Garrosh Hellscream Mana=0 Hlt=26 Att=0 Arm=2 Hnd=4 Dck=21 Min=0 Sec=0

NEXT_TURN

Didier PLAY_CARD id=126 position=0 // name='Gurubashi Berserker' cost=5 text='Whenever this minion takes damage, gain +3 Attack.'
--> Didier/Garrosh Hellscream Mana=1 Hlt=26 Att=0 Arm=2 Hnd=4 Dck=20 Min=1 Sec=0
--> Titou/Malfurion Stormrage Mana=2 Hlt=27 Att=0 Arm=2 Hnd=4 Dck=21 Min=0 Sec=0

NEXT_TURN

Titou PLAY_CARD id=158 target=hero 'Garrosh Hellscream'(100) // name='Starfire' cost=6 text='Deal 5 damage. Draw a card.'
--> Titou/Malfurion Stormrage Mana=1 Hlt=27 Att=0 Arm=2 Hnd=5 Dck=19 Min=0 Sec=0
--> Didier/Garrosh Hellscream Mana=1 Hlt=21 Att=0 Arm=2 Hnd=4 Dck=20 Min=1 Sec=0

Titou PLAY_CARD id=132 // name='Innervate' cost=0 text='Gain 2 Mana Crystals this turn only.'
--> Titou/Malfurion Stormrage Mana=3 Hlt=27 Att=0 Arm=2 Hnd=4 Dck=19 Min=0 Sec=0
--> Didier/Garrosh Hellscream Mana=1 Hlt=21 Att=0 Arm=2 Hnd=4 Dck=20 Min=1 Sec=0

Titou USE_HERO_POWER power=''Shapeshift' power'
--> Titou/Malfurion Stormrage Mana=1 Hlt=27 Att=0 Arm=3 Hnd=4 Dck=19 Min=0 Sec=0
--> Didier/Garrosh Hellscream Mana=1 Hlt=21 Att=0 Arm=2 Hnd=4 Dck=20 Min=1 Sec=0

Titou ATTACK attacker=hero 'Malfurion Stormrage'(131) attacked=minion 'Gurubashi Berserker'(126)
--> Titou/Malfurion Stormrage Mana=1 Hlt=27 Att=0 Arm=1 Hnd=4 Dck=19 Min=0 Sec=0
--> Didier/Garrosh Hellscream Mana=1 Hlt=21 Att=0 Arm=2 Hnd=4 Dck=20 Min=1 Sec=0

NEXT_TURN

Didier PLAY_CARD id=130 position=1 // name='Stormwind Champion' cost=7 text='Your other minions have +1/+1.'
--> Didier/Garrosh Hellscream Mana=0 Hlt=21 Att=0 Arm=2 Hnd=4 Dck=19 Min=2 Sec=0
--> Titou/Malfurion Stormrage Mana=1 Hlt=27 Att=0 Arm=1 Hnd=4 Dck=19 Min=0 Sec=0

Didier ATTACK attacker=minion 'Gurubashi Berserker'(126) attacked=hero 'Malfurion Stormrage'(131)
--> Didier/Garrosh Hellscream Mana=0 Hlt=21 Att=0 Arm=2 Hnd=4 Dck=19 Min=2 Sec=0
--> Titou/Malfurion Stormrage Mana=1 Hlt=22 Att=0 Arm=0 Hnd=4 Dck=19 Min=0 Sec=0

NEXT_TURN

Titou PLAY_CARD id=152 target=minion 'Stormwind Champion'(130) // name='Swipe' cost=4 text='Deal 4 damage to an enemy and 1 damage to all other enemies.'
--> Titou/Malfurion Stormrage Mana=4 Hlt=22 Att=0 Arm=0 Hnd=4 Dck=18 Min=0 Sec=0
--> Didier/Garrosh Hellscream Mana=0 Hlt=21 Att=0 Arm=2 Hnd=4 Dck=19 Min=2 Sec=0

Titou USE_HERO_POWER power=''Shapeshift' power'
--> Titou/Malfurion Stormrage Mana=2 Hlt=22 Att=0 Arm=1 Hnd=4 Dck=18 Min=0 Sec=0
--> Didier/Garrosh Hellscream Mana=0 Hlt=21 Att=0 Arm=2 Hnd=4 Dck=19 Min=2 Sec=0

Titou ATTACK attacker=hero 'Malfurion Stormrage'(131) attacked=minion 'Gurubashi Berserker'(126)
--> Titou/Malfurion Stormrage Mana=2 Hlt=14 Att=0 Arm=0 Hnd=4 Dck=18 Min=0 Sec=0
--> Didier/Garrosh Hellscream Mana=0 Hlt=21 Att=0 Arm=2 Hnd=4 Dck=19 Min=2 Sec=0

Titou PLAY_CARD id=137 // name='Claw' cost=1 text='Give your hero +2 Attack this turn and 2 Armor.'
--> Titou/Malfurion Stormrage Mana=1 Hlt=14 Att=0 Arm=2 Hnd=3 Dck=18 Min=0 Sec=0
--> Didier/Garrosh Hellscream Mana=0 Hlt=21 Att=0 Arm=2 Hnd=4 Dck=19 Min=2 Sec=0

NEXT_TURN

Didier PLAY_CARD id=120 position=0 // name='Cult Master' cost=4 text='Whenever one of your other minions dies, draw a card.'
--> Didier/Garrosh Hellscream Mana=4 Hlt=21 Att=0 Arm=2 Hnd=4 Dck=18 Min=3 Sec=0
--> Titou/Malfurion Stormrage Mana=1 Hlt=14 Att=0 Arm=2 Hnd=3 Dck=18 Min=0 Sec=0

Didier PLAY_CARD id=123 position=2 // name='Kor'kron Elite' cost=4 text='Charge'
--> Didier/Garrosh Hellscream Mana=0 Hlt=21 Att=0 Arm=2 Hnd=3 Dck=18 Min=4 Sec=0
--> Titou/Malfurion Stormrage Mana=1 Hlt=14 Att=0 Arm=2 Hnd=3 Dck=18 Min=0 Sec=0

Didier ATTACK attacker=minion 'Kor'kron Elite'(123) attacked=hero 'Malfurion Stormrage'(131)
--> Didier/Garrosh Hellscream Mana=0 Hlt=21 Att=0 Arm=2 Hnd=3 Dck=18 Min=4 Sec=0
--> Titou/Malfurion Stormrage Mana=1 Hlt=11 Att=0 Arm=0 Hnd=3 Dck=18 Min=0 Sec=0

Didier ATTACK attacker=minion 'Gurubashi Berserker'(126) attacked=hero 'Malfurion Stormrage'(131)
--> Didier/Garrosh Hellscream Mana=0 Hlt=21 Att=0 Arm=2 Hnd=3 Dck=18 Min=4 Sec=0
--> Titou/Malfurion Stormrage Mana=1 Hlt=-1 Att=0 Arm=0 Hnd=3 Dck=18 Min=0 Sec=0

Didier wins
Titou looses
