Active player = Titou
--> Titou/Malfurion Stormrage Mana=1 Hlt=30 Att=0 Arm=0 Hnd=4 Dck=26 Min=0 Sec=0
Opponent = Didier
--> Didier/Garrosh Hellscream Mana=0 Hlt=30 Att=0 Arm=0 Hnd=5 Dck=26 Min=0 Sec=0

Titou PLAY_CARD id=137 // name='Claw' cost=1 text='Give your hero +2 Attack this turn and 2 Armor.'
--> Titou/Malfurion Stormrage Mana=0 Hlt=30 Att=0 Arm=2 Hnd=3 Dck=26 Min=0 Sec=0
--> Didier/Garrosh Hellscream Mana=0 Hlt=30 Att=0 Arm=0 Hnd=5 Dck=26 Min=0 Sec=0

Titou ATTACK attacker=hero 'Malfurion Stormrage'(131) attacked=hero 'Garrosh Hellscream'(100)
--> Titou/Malfurion Stormrage Mana=0 Hlt=30 Att=0 Arm=2 Hnd=3 Dck=26 Min=0 Sec=0
--> Didier/Garrosh Hellscream Mana=0 Hlt=28 Att=0 Arm=0 Hnd=5 Dck=26 Min=0 Sec=0

NEXT_TURN

Didier PLAY_CARD id=162 // name='The Coin' cost=0 text='Gain 1 Mana Crystal this turn only.'
--> Didier/Garrosh Hellscream Mana=2 Hlt=28 Att=0 Arm=0 Hnd=5 Dck=25 Min=0 Sec=0
--> Titou/Malfurion Stormrage Mana=0 Hlt=30 Att=0 Arm=2 Hnd=3 Dck=26 Min=0 Sec=0

Didier PLAY_CARD id=107 // name='Fiery War Axe' cost=2 text='null'
--> Didier/Garrosh Hellscream Mana=0 Hlt=28 Att=0 Arm=0 Hnd=4 Dck=25 Min=0 Sec=0
--> Titou/Malfurion Stormrage Mana=0 Hlt=30 Att=0 Arm=2 Hnd=3 Dck=26 Min=0 Sec=0

Didier ATTACK attacker=hero 'Garrosh Hellscream'(100) attacked=hero 'Malfurion Stormrage'(131)
--> Didier/Garrosh Hellscream Mana=0 Hlt=28 Att=0 Arm=0 Hnd=4 Dck=25 Min=0 Sec=0
--> Titou/Malfurion Stormrage Mana=0 Hlt=29 Att=0 Arm=0 Hnd=3 Dck=26 Min=0 Sec=0

NEXT_TURN

Titou USE_HERO_POWER power=''Shapeshift' power'
--> Titou/Malfurion Stormrage Mana=0 Hlt=29 Att=0 Arm=1 Hnd=4 Dck=25 Min=0 Sec=0
--> Didier/Garrosh Hellscream Mana=0 Hlt=28 Att=0 Arm=0 Hnd=4 Dck=25 Min=0 Sec=0

Titou ATTACK attacker=hero 'Malfurion Stormrage'(131) attacked=hero 'Garrosh Hellscream'(100)
--> Titou/Malfurion Stormrage Mana=0 Hlt=27 Att=0 Arm=0 Hnd=4 Dck=25 Min=0 Sec=0
--> Didier/Garrosh Hellscream Mana=0 Hlt=27 Att=0 Arm=0 Hnd=4 Dck=25 Min=0 Sec=0

NEXT_TURN

Didier ATTACK attacker=hero 'Garrosh Hellscream'(100) attacked=hero 'Malfurion Stormrage'(131)
--> Didier/Garrosh Hellscream Mana=2 Hlt=27 Att=0 Arm=0 Hnd=5 Dck=24 Min=0 Sec=0
--> Titou/Malfurion Stormrage Mana=0 Hlt=24 Att=0 Arm=0 Hnd=4 Dck=25 Min=0 Sec=0

Didier USE_HERO_POWER power=''Armor Up!' power'
--> Didier/Garrosh Hellscream Mana=0 Hlt=27 Att=0 Arm=2 Hnd=5 Dck=24 Min=0 Sec=0
--> Titou/Malfurion Stormrage Mana=0 Hlt=24 Att=0 Arm=0 Hnd=4 Dck=25 Min=0 Sec=0

NEXT_TURN

Titou USE_HERO_POWER power=''Shapeshift' power'
--> Titou/Malfurion Stormrage Mana=1 Hlt=24 Att=0 Arm=1 Hnd=5 Dck=24 Min=0 Sec=0
--> Didier/Garrosh Hellscream Mana=0 Hlt=27 Att=0 Arm=2 Hnd=5 Dck=24 Min=0 Sec=0

Titou ATTACK attacker=hero 'Malfurion Stormrage'(131) attacked=hero 'Garrosh Hellscream'(100)
--> Titou/Malfurion Stormrage Mana=1 Hlt=24 Att=0 Arm=1 Hnd=5 Dck=24 Min=0 Sec=0
--> Didier/Garrosh Hellscream Mana=0 Hlt=27 Att=0 Arm=1 Hnd=5 Dck=24 Min=0 Sec=0

NEXT_TURN

Didier PLAY_CARD id=116 position=0 // name='Tauren Warrior' cost=3 text='Taunt. Enrage: +3 Attack'
--> Didier/Garrosh Hellscream Mana=0 Hlt=27 Att=0 Arm=1 Hnd=5 Dck=23 Min=1 Sec=0
--> Titou/Malfurion Stormrage Mana=1 Hlt=24 Att=0 Arm=1 Hnd=5 Dck=24 Min=0 Sec=0

NEXT_TURN

Titou PLAY_CARD id=151 target=minion 'Tauren Warrior'(116) // name='Swipe' cost=4 text='Deal 4 damage to an enemy and 1 damage to all other enemies.'
--> Titou/Malfurion Stormrage Mana=0 Hlt=24 Att=0 Arm=1 Hnd=5 Dck=23 Min=0 Sec=0
--> Didier/Garrosh Hellscream Mana=0 Hlt=27 Att=0 Arm=1 Hnd=5 Dck=23 Min=0 Sec=0

NEXT_TURN

Didier PLAY_CARD id=123 position=0 // name='Kor'kron Elite' cost=4 text='Charge'
--> Didier/Garrosh Hellscream Mana=0 Hlt=27 Att=0 Arm=1 Hnd=5 Dck=22 Min=1 Sec=0
--> Titou/Malfurion Stormrage Mana=0 Hlt=24 Att=0 Arm=1 Hnd=5 Dck=23 Min=0 Sec=0

Didier ATTACK attacker=minion 'Kor'kron Elite'(123) attacked=hero 'Malfurion Stormrage'(131)
--> Didier/Garrosh Hellscream Mana=0 Hlt=27 Att=0 Arm=1 Hnd=5 Dck=22 Min=1 Sec=0
--> Titou/Malfurion Stormrage Mana=0 Hlt=21 Att=0 Arm=0 Hnd=5 Dck=23 Min=0 Sec=0

NEXT_TURN

Titou PLAY_CARD id=144 target=minion 'Kor'kron Elite'(123) position=0 // name='Ironbeak Owl' cost=2 text='Battlecry: Silence a minion.'
--> Titou/Malfurion Stormrage Mana=3 Hlt=21 Att=0 Arm=0 Hnd=5 Dck=22 Min=1 Sec=0
--> Didier/Garrosh Hellscream Mana=0 Hlt=27 Att=0 Arm=1 Hnd=5 Dck=22 Min=1 Sec=0

Titou USE_HERO_POWER power=''Shapeshift' power'
--> Titou/Malfurion Stormrage Mana=1 Hlt=21 Att=0 Arm=1 Hnd=5 Dck=22 Min=1 Sec=0
--> Didier/Garrosh Hellscream Mana=0 Hlt=27 Att=0 Arm=1 Hnd=5 Dck=22 Min=1 Sec=0

Titou ATTACK attacker=hero 'Malfurion Stormrage'(131) attacked=hero 'Garrosh Hellscream'(100)
--> Titou/Malfurion Stormrage Mana=1 Hlt=21 Att=0 Arm=1 Hnd=5 Dck=22 Min=1 Sec=0
--> Didier/Garrosh Hellscream Mana=0 Hlt=27 Att=0 Arm=0 Hnd=5 Dck=22 Min=1 Sec=0

NEXT_TURN

Didier PLAY_CARD id=119 position=1 // name='Arathi Weaponsmith' cost=4 text='Battlecry: Equip a 2/2 weapon.'
--> Didier/Garrosh Hellscream Mana=1 Hlt=27 Att=0 Arm=0 Hnd=5 Dck=21 Min=2 Sec=0
--> Titou/Malfurion Stormrage Mana=1 Hlt=21 Att=0 Arm=1 Hnd=5 Dck=22 Min=1 Sec=0

Didier ATTACK attacker=hero 'Garrosh Hellscream'(100) attacked=minion 'Ironbeak Owl'(144)
--> Didier/Garrosh Hellscream Mana=1 Hlt=25 Att=0 Arm=0 Hnd=5 Dck=21 Min=2 Sec=0
--> Titou/Malfurion Stormrage Mana=1 Hlt=21 Att=0 Arm=1 Hnd=5 Dck=22 Min=0 Sec=0

Didier ATTACK attacker=minion 'Kor'kron Elite'(123) attacked=hero 'Malfurion Stormrage'(131)
--> Didier/Garrosh Hellscream Mana=1 Hlt=25 Att=0 Arm=0 Hnd=5 Dck=21 Min=2 Sec=0
--> Titou/Malfurion Stormrage Mana=1 Hlt=18 Att=0 Arm=0 Hnd=5 Dck=22 Min=0 Sec=0

NEXT_TURN

Titou PLAY_CARD id=147 target=minion 'Kor'kron Elite'(123) // name='Healing Touch' cost=3 text='Restore 8 Health.'
--> Titou/Malfurion Stormrage Mana=3 Hlt=18 Att=0 Arm=0 Hnd=5 Dck=21 Min=0 Sec=0
--> Didier/Garrosh Hellscream Mana=1 Hlt=25 Att=0 Arm=0 Hnd=5 Dck=21 Min=2 Sec=0

Titou PLAY_CARD id=140 choice='Deal 3 damage to a minion' target=minion 'Arathi Weaponsmith'(119) // name='Wrath' cost=2 text='Choose One - Deal 3 damage to a minion; or 1 damage and draw a card.'
--> Titou/Malfurion Stormrage Mana=1 Hlt=18 Att=0 Arm=0 Hnd=4 Dck=21 Min=0 Sec=0
--> Didier/Garrosh Hellscream Mana=1 Hlt=25 Att=0 Arm=0 Hnd=5 Dck=21 Min=1 Sec=0

NEXT_TURN

Didier PLAY_CARD id=127 position=1 // name='Gurubashi Berserker' cost=5 text='Whenever this minion takes damage, gain +3 Attack.'
--> Didier/Garrosh Hellscream Mana=1 Hlt=25 Att=0 Arm=0 Hnd=5 Dck=20 Min=2 Sec=0
--> Titou/Malfurion Stormrage Mana=1 Hlt=18 Att=0 Arm=0 Hnd=4 Dck=21 Min=0 Sec=0

Didier ATTACK attacker=minion 'Kor'kron Elite'(123) attacked=hero 'Malfurion Stormrage'(131)
--> Didier/Garrosh Hellscream Mana=1 Hlt=25 Att=0 Arm=0 Hnd=5 Dck=20 Min=2 Sec=0
--> Titou/Malfurion Stormrage Mana=1 Hlt=14 Att=0 Arm=0 Hnd=4 Dck=21 Min=0 Sec=0

Didier ATTACK attacker=hero 'Garrosh Hellscream'(100) attacked=hero 'Malfurion Stormrage'(131)
--> Didier/Garrosh Hellscream Mana=1 Hlt=25 Att=0 Arm=0 Hnd=5 Dck=20 Min=2 Sec=0
--> Titou/Malfurion Stormrage Mana=1 Hlt=12 Att=0 Arm=0 Hnd=4 Dck=21 Min=0 Sec=0

NEXT_TURN

Titou PLAY_CARD id=154 position=0 // name='Azure Drake' cost=5 text='Spell Damage +1. Battlecry: Draw a card.'
--> Titou/Malfurion Stormrage Mana=2 Hlt=12 Att=0 Arm=0 Hnd=5 Dck=19 Min=1 Sec=0
--> Didier/Garrosh Hellscream Mana=1 Hlt=25 Att=0 Arm=0 Hnd=5 Dck=20 Min=2 Sec=0

Titou USE_HERO_POWER power=''Shapeshift' power'
--> Titou/Malfurion Stormrage Mana=0 Hlt=12 Att=0 Arm=1 Hnd=5 Dck=19 Min=1 Sec=0
--> Didier/Garrosh Hellscream Mana=1 Hlt=25 Att=0 Arm=0 Hnd=5 Dck=20 Min=2 Sec=0

Titou ATTACK attacker=hero 'Malfurion Stormrage'(131) attacked=hero 'Garrosh Hellscream'(100)
--> Titou/Malfurion Stormrage Mana=0 Hlt=12 Att=0 Arm=1 Hnd=5 Dck=19 Min=1 Sec=0
--> Didier/Garrosh Hellscream Mana=1 Hlt=24 Att=0 Arm=0 Hnd=5 Dck=20 Min=2 Sec=0

Titou PLAY_CARD id=132 // name='Innervate' cost=0 text='Gain 2 Mana Crystals this turn only.'
--> Titou/Malfurion Stormrage Mana=2 Hlt=12 Att=0 Arm=1 Hnd=4 Dck=19 Min=1 Sec=0
--> Didier/Garrosh Hellscream Mana=1 Hlt=24 Att=0 Arm=0 Hnd=5 Dck=20 Min=2 Sec=0

NEXT_TURN

Didier PLAY_CARD id=126 position=0 // name='Gurubashi Berserker' cost=5 text='Whenever this minion takes damage, gain +3 Attack.'
--> Didier/Garrosh Hellscream Mana=2 Hlt=24 Att=0 Arm=0 Hnd=5 Dck=19 Min=3 Sec=0
--> Titou/Malfurion Stormrage Mana=2 Hlt=12 Att=0 Arm=1 Hnd=4 Dck=19 Min=1 Sec=0

Didier USE_HERO_POWER power=''Armor Up!' power'
--> Didier/Garrosh Hellscream Mana=0 Hlt=24 Att=0 Arm=2 Hnd=5 Dck=19 Min=3 Sec=0
--> Titou/Malfurion Stormrage Mana=2 Hlt=12 Att=0 Arm=1 Hnd=4 Dck=19 Min=1 Sec=0

Didier ATTACK attacker=minion 'Gurubashi Berserker'(127) attacked=hero 'Malfurion Stormrage'(131)
--> Didier/Garrosh Hellscream Mana=0 Hlt=24 Att=0 Arm=2 Hnd=5 Dck=19 Min=3 Sec=0
--> Titou/Malfurion Stormrage Mana=2 Hlt=11 Att=0 Arm=0 Hnd=4 Dck=19 Min=1 Sec=0

Didier ATTACK attacker=minion 'Kor'kron Elite'(123) attacked=minion 'Azure Drake'(154)
--> Didier/Garrosh Hellscream Mana=0 Hlt=24 Att=0 Arm=2 Hnd=5 Dck=19 Min=2 Sec=0
--> Titou/Malfurion Stormrage Mana=2 Hlt=11 Att=0 Arm=0 Hnd=4 Dck=19 Min=0 Sec=0

NEXT_TURN

Titou PLAY_CARD id=159 target=hero 'Garrosh Hellscream'(100) // name='Starfire' cost=6 text='Deal 5 damage. Draw a card.'
--> Titou/Malfurion Stormrage Mana=2 Hlt=11 Att=0 Arm=0 Hnd=5 Dck=17 Min=0 Sec=0
--> Didier/Garrosh Hellscream Mana=0 Hlt=19 Att=0 Arm=2 Hnd=5 Dck=19 Min=2 Sec=0

Titou USE_HERO_POWER power=''Shapeshift' power'
--> Titou/Malfurion Stormrage Mana=0 Hlt=11 Att=0 Arm=1 Hnd=5 Dck=17 Min=0 Sec=0
--> Didier/Garrosh Hellscream Mana=0 Hlt=19 Att=0 Arm=2 Hnd=5 Dck=19 Min=2 Sec=0

Titou ATTACK attacker=hero 'Malfurion Stormrage'(131) attacked=minion 'Gurubashi Berserker'(127)
--> Titou/Malfurion Stormrage Mana=0 Hlt=10 Att=0 Arm=0 Hnd=5 Dck=17 Min=0 Sec=0
--> Didier/Garrosh Hellscream Mana=0 Hlt=19 Att=0 Arm=2 Hnd=5 Dck=19 Min=2 Sec=0

NEXT_TURN

Didier PLAY_CARD id=121 position=2 // name='Cult Master' cost=4 text='Whenever one of your other minions dies, draw a card.'
--> Didier/Garrosh Hellscream Mana=4 Hlt=19 Att=0 Arm=2 Hnd=5 Dck=18 Min=3 Sec=0
--> Titou/Malfurion Stormrage Mana=0 Hlt=10 Att=0 Arm=0 Hnd=5 Dck=17 Min=0 Sec=0

Didier ATTACK attacker=minion 'Gurubashi Berserker'(127) attacked=hero 'Malfurion Stormrage'(131)
--> Didier/Garrosh Hellscream Mana=4 Hlt=19 Att=0 Arm=2 Hnd=5 Dck=18 Min=3 Sec=0
--> Titou/Malfurion Stormrage Mana=0 Hlt=5 Att=0 Arm=0 Hnd=5 Dck=17 Min=0 Sec=0

Didier USE_HERO_POWER power=''Armor Up!' power'
--> Didier/Garrosh Hellscream Mana=2 Hlt=19 Att=0 Arm=4 Hnd=5 Dck=18 Min=3 Sec=0
--> Titou/Malfurion Stormrage Mana=0 Hlt=5 Att=0 Arm=0 Hnd=5 Dck=17 Min=0 Sec=0

Didier ATTACK attacker=minion 'Gurubashi Berserker'(126) attacked=hero 'Malfurion Stormrage'(131)
--> Didier/Garrosh Hellscream Mana=2 Hlt=19 Att=0 Arm=4 Hnd=5 Dck=18 Min=3 Sec=0
--> Titou/Malfurion Stormrage Mana=0 Hlt=3 Att=0 Arm=0 Hnd=5 Dck=17 Min=0 Sec=0

Didier PLAY_CARD id=109 // name='Heroic Strike' cost=2 text='Give your hero +4 Attack this turn.'
--> Didier/Garrosh Hellscream Mana=0 Hlt=19 Att=0 Arm=4 Hnd=4 Dck=18 Min=3 Sec=0
--> Titou/Malfurion Stormrage Mana=0 Hlt=3 Att=0 Arm=0 Hnd=5 Dck=17 Min=0 Sec=0

Didier ATTACK attacker=hero 'Garrosh Hellscream'(100) attacked=hero 'Malfurion Stormrage'(131)
--> Didier/Garrosh Hellscream Mana=0 Hlt=19 Att=0 Arm=4 Hnd=4 Dck=18 Min=3 Sec=0
--> Titou/Malfurion Stormrage Mana=0 Hlt=-1 Att=0 Arm=0 Hnd=5 Dck=17 Min=0 Sec=0

Didier wins
Titou looses
