Active player = Titou
--> Titou/Malfurion Stormrage Mana=1 Hlt=30 Att=0 Arm=0 Hnd=4 Dck=26 Min=0 Sec=0
Opponent = Didier
--> Didier/Garrosh Hellscream Mana=0 Hlt=30 Att=0 Arm=0 Hnd=5 Dck=26 Min=0 Sec=0

Titou PLAY_CARD id=137 // name='Claw' cost=1 text='Give your hero +2 Attack this turn and 2 Armor.'
--> Titou/Malfurion Stormrage Mana=0 Hlt=30 Att=0 Arm=2 Hnd=3 Dck=26 Min=0 Sec=0
--> Didier/Garrosh Hellscream Mana=0 Hlt=30 Att=0 Arm=0 Hnd=5 Dck=26 Min=0 Sec=0

Titou ATTACK attacker=hero 'Malfurion Stormrage'(131) attacked=hero 'Garrosh Hellscream'(100)
--> Titou/Malfurion Stormrage Mana=0 Hlt=30 Att=0 Arm=2 Hnd=3 Dck=26 Min=0 Sec=0
--> Didier/Garrosh Hellscream Mana=0 Hlt=28 Att=0 Arm=0 Hnd=5 Dck=26 Min=0 Sec=0

NEXT_TURN

Didier PLAY_CARD id=162 // name='The Coin' cost=0 text='Gain 1 Mana Crystal this turn only.'
--> Didier/Garrosh Hellscream Mana=2 Hlt=28 Att=0 Arm=0 Hnd=5 Dck=25 Min=0 Sec=0
--> Titou/Malfurion Stormrage Mana=0 Hlt=30 Att=0 Arm=2 Hnd=3 Dck=26 Min=0 Sec=0

Didier PLAY_CARD id=110 // name='Heroic Strike' cost=2 text='Give your hero +4 Attack this turn.'
--> Didier/Garrosh Hellscream Mana=0 Hlt=28 Att=0 Arm=0 Hnd=4 Dck=25 Min=0 Sec=0
--> Titou/Malfurion Stormrage Mana=0 Hlt=30 Att=0 Arm=2 Hnd=3 Dck=26 Min=0 Sec=0

Didier ATTACK attacker=hero 'Garrosh Hellscream'(100) attacked=hero 'Malfurion Stormrage'(131)
--> Didier/Garrosh Hellscream Mana=0 Hlt=28 Att=0 Arm=0 Hnd=4 Dck=25 Min=0 Sec=0
--> Titou/Malfurion Stormrage Mana=0 Hlt=28 Att=0 Arm=0 Hnd=3 Dck=26 Min=0 Sec=0

NEXT_TURN

Titou PLAY_CARD id=136 // name='Claw' cost=1 text='Give your hero +2 Attack this turn and 2 Armor.'
--> Titou/Malfurion Stormrage Mana=1 Hlt=28 Att=0 Arm=2 Hnd=3 Dck=25 Min=0 Sec=0
--> Didier/Garrosh Hellscream Mana=0 Hlt=28 Att=0 Arm=0 Hnd=4 Dck=25 Min=0 Sec=0

Titou ATTACK attacker=hero 'Malfurion Stormrage'(131) attacked=hero 'Garrosh Hellscream'(100)
--> Titou/Malfurion Stormrage Mana=1 Hlt=28 Att=0 Arm=2 Hnd=3 Dck=25 Min=0 Sec=0
--> Didier/Garrosh Hellscream Mana=0 Hlt=26 Att=0 Arm=0 Hnd=4 Dck=25 Min=0 Sec=0

NEXT_TURN

Didier PLAY_CARD id=102 // name='Upgrade!' cost=1 text='If you have a weapon, give it +1/+1. Otherwise equip a 1/3 weapon.'
--> Didier/Garrosh Hellscream Mana=1 Hlt=26 Att=0 Arm=0 Hnd=4 Dck=24 Min=0 Sec=0
--> Titou/Malfurion Stormrage Mana=1 Hlt=28 Att=0 Arm=2 Hnd=3 Dck=25 Min=0 Sec=0

Didier ATTACK attacker=hero 'Garrosh Hellscream'(100) attacked=hero 'Malfurion Stormrage'(131)
--> Didier/Garrosh Hellscream Mana=1 Hlt=26 Att=0 Arm=0 Hnd=4 Dck=24 Min=0 Sec=0
--> Titou/Malfurion Stormrage Mana=1 Hlt=28 Att=0 Arm=1 Hnd=3 Dck=25 Min=0 Sec=0

NEXT_TURN

Titou PLAY_CARD id=150 position=0 // name='Thrallmar Farseer' cost=3 text='Windfury'
--> Titou/Malfurion Stormrage Mana=0 Hlt=28 Att=0 Arm=1 Hnd=3 Dck=24 Min=1 Sec=0
--> Didier/Garrosh Hellscream Mana=1 Hlt=26 Att=0 Arm=0 Hnd=4 Dck=24 Min=0 Sec=0

NEXT_TURN

Didier USE_HERO_POWER power=''Armor Up!' power'
--> Didier/Garrosh Hellscream Mana=1 Hlt=26 Att=0 Arm=2 Hnd=5 Dck=23 Min=0 Sec=0
--> Titou/Malfurion Stormrage Mana=0 Hlt=28 Att=0 Arm=1 Hnd=3 Dck=24 Min=1 Sec=0

Didier ATTACK attacker=hero 'Garrosh Hellscream'(100) attacked=hero 'Malfurion Stormrage'(131)
--> Didier/Garrosh Hellscream Mana=1 Hlt=26 Att=0 Arm=2 Hnd=5 Dck=23 Min=0 Sec=0
--> Titou/Malfurion Stormrage Mana=0 Hlt=28 Att=0 Arm=0 Hnd=3 Dck=24 Min=1 Sec=0

Didier PLAY_CARD id=105 // name='Whirlwind' cost=1 text='Deal 1 damage to ALL minions.'
--> Didier/Garrosh Hellscream Mana=0 Hlt=26 Att=0 Arm=2 Hnd=4 Dck=23 Min=0 Sec=0
--> Titou/Malfurion Stormrage Mana=0 Hlt=28 Att=0 Arm=0 Hnd=3 Dck=24 Min=1 Sec=0

NEXT_TURN

Titou ATTACK attacker=minion 'Thrallmar Farseer'(150) attacked=hero 'Garrosh Hellscream'(100)
--> Titou/Malfurion Stormrage Mana=4 Hlt=28 Att=0 Arm=0 Hnd=4 Dck=23 Min=1 Sec=0
--> Didier/Garrosh Hellscream Mana=0 Hlt=26 Att=0 Arm=0 Hnd=4 Dck=23 Min=0 Sec=0

Titou PLAY_CARD id=148 position=1 // name='Wolfrider' cost=3 text='Charge'
--> Titou/Malfurion Stormrage Mana=1 Hlt=28 Att=0 Arm=0 Hnd=3 Dck=23 Min=2 Sec=0
--> Didier/Garrosh Hellscream Mana=0 Hlt=26 Att=0 Arm=0 Hnd=4 Dck=23 Min=0 Sec=0

Titou PLAY_CARD id=135 target=minion 'Thrallmar Farseer'(150) // name='Naturalize' cost=1 text='Destroy a minion. Your opponent draws 2 cards.'
--> Titou/Malfurion Stormrage Mana=0 Hlt=28 Att=0 Arm=0 Hnd=2 Dck=23 Min=1 Sec=0
--> Didier/Garrosh Hellscream Mana=0 Hlt=26 Att=0 Arm=0 Hnd=6 Dck=21 Min=0 Sec=0

Titou ATTACK attacker=minion 'Wolfrider'(148) attacked=hero 'Garrosh Hellscream'(100)
--> Titou/Malfurion Stormrage Mana=0 Hlt=28 Att=0 Arm=0 Hnd=2 Dck=23 Min=0 Sec=0
--> Didier/Garrosh Hellscream Mana=0 Hlt=23 Att=0 Arm=0 Hnd=6 Dck=21 Min=0 Sec=0

NEXT_TURN

Didier PLAY_CARD id=117 position=0 // name='Thrallmar Farseer' cost=3 text='Windfury'
--> Didier/Garrosh Hellscream Mana=1 Hlt=23 Att=0 Arm=0 Hnd=6 Dck=20 Min=1 Sec=0
--> Titou/Malfurion Stormrage Mana=0 Hlt=28 Att=0 Arm=0 Hnd=2 Dck=23 Min=0 Sec=0

Didier ATTACK attacker=hero 'Garrosh Hellscream'(100) attacked=hero 'Malfurion Stormrage'(131)
--> Didier/Garrosh Hellscream Mana=1 Hlt=23 Att=0 Arm=0 Hnd=6 Dck=20 Min=1 Sec=0
--> Titou/Malfurion Stormrage Mana=0 Hlt=27 Att=0 Arm=0 Hnd=2 Dck=23 Min=0 Sec=0

NEXT_TURN

Titou PLAY_CARD id=147 target=hero 'Malfurion Stormrage'(131) // name='Healing Touch' cost=3 text='Restore 8 Health.'
--> Titou/Malfurion Stormrage Mana=2 Hlt=30 Att=0 Arm=0 Hnd=2 Dck=22 Min=0 Sec=0
--> Didier/Garrosh Hellscream Mana=1 Hlt=23 Att=0 Arm=0 Hnd=6 Dck=20 Min=1 Sec=0

Titou USE_HERO_POWER power=''Shapeshift' power'
--> Titou/Malfurion Stormrage Mana=0 Hlt=30 Att=0 Arm=1 Hnd=2 Dck=22 Min=0 Sec=0
--> Didier/Garrosh Hellscream Mana=1 Hlt=23 Att=0 Arm=0 Hnd=6 Dck=20 Min=1 Sec=0

Titou ATTACK attacker=hero 'Malfurion Stormrage'(131) attacked=hero 'Garrosh Hellscream'(100)
--> Titou/Malfurion Stormrage Mana=0 Hlt=30 Att=0 Arm=1 Hnd=2 Dck=22 Min=0 Sec=0
--> Didier/Garrosh Hellscream Mana=1 Hlt=22 Att=0 Arm=0 Hnd=6 Dck=20 Min=1 Sec=0

NEXT_TURN

Didier PLAY_CARD id=127 position=1 // name='Gurubashi Berserker' cost=5 text='Whenever this minion takes damage, gain +3 Attack.'
--> Didier/Garrosh Hellscream Mana=0 Hlt=22 Att=0 Arm=0 Hnd=6 Dck=19 Min=2 Sec=0
--> Titou/Malfurion Stormrage Mana=0 Hlt=30 Att=0 Arm=1 Hnd=2 Dck=22 Min=0 Sec=0

Didier ATTACK attacker=minion 'Thrallmar Farseer'(117) attacked=hero 'Malfurion Stormrage'(131)
--> Didier/Garrosh Hellscream Mana=0 Hlt=22 Att=0 Arm=0 Hnd=6 Dck=19 Min=2 Sec=0
--> Titou/Malfurion Stormrage Mana=0 Hlt=29 Att=0 Arm=0 Hnd=2 Dck=22 Min=0 Sec=0

Didier ATTACK attacker=minion 'Thrallmar Farseer'(117) attacked=hero 'Malfurion Stormrage'(131)
--> Didier/Garrosh Hellscream Mana=0 Hlt=22 Att=0 Arm=0 Hnd=6 Dck=19 Min=2 Sec=0
--> Titou/Malfurion Stormrage Mana=0 Hlt=27 Att=0 Arm=0 Hnd=2 Dck=22 Min=0 Sec=0

NEXT_TURN

Titou PLAY_CARD id=159 target=minion 'Gurubashi Berserker'(127) // name='Starfire' cost=6 text='Deal 5 damage. Draw a card.'
--> Titou/Malfurion Stormrage Mana=0 Hlt=27 Att=0 Arm=0 Hnd=3 Dck=20 Min=0 Sec=0
--> Didier/Garrosh Hellscream Mana=0 Hlt=22 Att=0 Arm=0 Hnd=6 Dck=19 Min=2 Sec=0

NEXT_TURN

Didier PLAY_CARD id=129 target=minion 'Gurubashi Berserker'(127) position=1 // name='Frost Elemental' cost=6 text='Battlecry: Freeze a character.'
--> Didier/Garrosh Hellscream Mana=0 Hlt=22 Att=0 Arm=0 Hnd=6 Dck=18 Min=3 Sec=0
--> Titou/Malfurion Stormrage Mana=0 Hlt=27 Att=0 Arm=0 Hnd=3 Dck=20 Min=0 Sec=0

Didier ATTACK attacker=minion 'Thrallmar Farseer'(117) attacked=hero 'Malfurion Stormrage'(131)
--> Didier/Garrosh Hellscream Mana=0 Hlt=22 Att=0 Arm=0 Hnd=6 Dck=18 Min=3 Sec=0
--> Titou/Malfurion Stormrage Mana=0 Hlt=25 Att=0 Arm=0 Hnd=3 Dck=20 Min=0 Sec=0

Didier ATTACK attacker=minion 'Thrallmar Farseer'(117) attacked=hero 'Malfurion Stormrage'(131)
--> Didier/Garrosh Hellscream Mana=0 Hlt=22 Att=0 Arm=0 Hnd=6 Dck=18 Min=3 Sec=0
--> Titou/Malfurion Stormrage Mana=0 Hlt=23 Att=0 Arm=0 Hnd=3 Dck=20 Min=0 Sec=0

NEXT_TURN

Titou PLAY_CARD id=161 position=0 // name='Lord of the Arena' cost=6 text='Taunt'
--> Titou/Malfurion Stormrage Mana=1 Hlt=23 Att=0 Arm=0 Hnd=3 Dck=19 Min=1 Sec=0
--> Didier/Garrosh Hellscream Mana=0 Hlt=22 Att=0 Arm=0 Hnd=6 Dck=18 Min=3 Sec=0

Titou PLAY_CARD id=132 // name='Innervate' cost=0 text='Gain 2 Mana Crystals this turn only.'
--> Titou/Malfurion Stormrage Mana=3 Hlt=23 Att=0 Arm=0 Hnd=2 Dck=19 Min=1 Sec=0
--> Didier/Garrosh Hellscream Mana=0 Hlt=22 Att=0 Arm=0 Hnd=6 Dck=18 Min=3 Sec=0

Titou USE_HERO_POWER power=''Shapeshift' power'
--> Titou/Malfurion Stormrage Mana=1 Hlt=23 Att=0 Arm=1 Hnd=2 Dck=19 Min=1 Sec=0
--> Didier/Garrosh Hellscream Mana=0 Hlt=22 Att=0 Arm=0 Hnd=6 Dck=18 Min=3 Sec=0

Titou ATTACK attacker=hero 'Malfurion Stormrage'(131) attacked=minion 'Thrallmar Farseer'(117)
--> Titou/Malfurion Stormrage Mana=1 Hlt=22 Att=0 Arm=0 Hnd=2 Dck=19 Min=1 Sec=0
--> Didier/Garrosh Hellscream Mana=0 Hlt=22 Att=0 Arm=0 Hnd=6 Dck=18 Min=3 Sec=0

NEXT_TURN

Didier PLAY_CARD id=126 position=1 // name='Gurubashi Berserker' cost=5 text='Whenever this minion takes damage, gain +3 Attack.'
--> Didier/Garrosh Hellscream Mana=2 Hlt=22 Att=0 Arm=0 Hnd=6 Dck=17 Min=4 Sec=0
--> Titou/Malfurion Stormrage Mana=1 Hlt=22 Att=0 Arm=0 Hnd=2 Dck=19 Min=1 Sec=0

Didier ATTACK attacker=minion 'Frost Elemental'(129) attacked=minion 'Lord of the Arena'(161)
--> Didier/Garrosh Hellscream Mana=2 Hlt=22 Att=0 Arm=0 Hnd=6 Dck=17 Min=3 Sec=0
--> Titou/Malfurion Stormrage Mana=1 Hlt=22 Att=0 Arm=0 Hnd=2 Dck=19 Min=0 Sec=0

Didier USE_HERO_POWER power=''Armor Up!' power'
--> Didier/Garrosh Hellscream Mana=0 Hlt=22 Att=0 Arm=2 Hnd=6 Dck=17 Min=3 Sec=0
--> Titou/Malfurion Stormrage Mana=1 Hlt=22 Att=0 Arm=0 Hnd=2 Dck=19 Min=0 Sec=0

Didier ATTACK attacker=minion 'Gurubashi Berserker'(127) attacked=hero 'Malfurion Stormrage'(131)
--> Didier/Garrosh Hellscream Mana=0 Hlt=22 Att=0 Arm=2 Hnd=6 Dck=17 Min=3 Sec=0
--> Titou/Malfurion Stormrage Mana=1 Hlt=17 Att=0 Arm=0 Hnd=2 Dck=19 Min=0 Sec=0

Didier ATTACK attacker=minion 'Thrallmar Farseer'(117) attacked=hero 'Malfurion Stormrage'(131)
--> Didier/Garrosh Hellscream Mana=0 Hlt=22 Att=0 Arm=2 Hnd=6 Dck=17 Min=3 Sec=0
--> Titou/Malfurion Stormrage Mana=1 Hlt=15 Att=0 Arm=0 Hnd=2 Dck=19 Min=0 Sec=0

Didier ATTACK attacker=minion 'Thrallmar Farseer'(117) attacked=hero 'Malfurion Stormrage'(131)
--> Didier/Garrosh Hellscream Mana=0 Hlt=22 Att=0 Arm=2 Hnd=6 Dck=17 Min=3 Sec=0
--> Titou/Malfurion Stormrage Mana=1 Hlt=13 Att=0 Arm=0 Hnd=2 Dck=19 Min=0 Sec=0

NEXT_TURN

Titou PLAY_CARD id=152 target=minion 'Thrallmar Farseer'(117) // name='Swipe' cost=4 text='Deal 4 damage to an enemy and 1 damage to all other enemies.'
--> Titou/Malfurion Stormrage Mana=4 Hlt=13 Att=0 Arm=0 Hnd=2 Dck=18 Min=0 Sec=0
--> Didier/Garrosh Hellscream Mana=0 Hlt=22 Att=0 Arm=2 Hnd=6 Dck=17 Min=2 Sec=0

Titou USE_HERO_POWER power=''Shapeshift' power'
--> Titou/Malfurion Stormrage Mana=2 Hlt=13 Att=0 Arm=1 Hnd=2 Dck=18 Min=0 Sec=0
--> Didier/Garrosh Hellscream Mana=0 Hlt=22 Att=0 Arm=2 Hnd=6 Dck=17 Min=2 Sec=0

Titou ATTACK attacker=hero 'Malfurion Stormrage'(131) attacked=minion 'Gurubashi Berserker'(126)
--> Titou/Malfurion Stormrage Mana=2 Hlt=9 Att=0 Arm=0 Hnd=2 Dck=18 Min=0 Sec=0
--> Didier/Garrosh Hellscream Mana=0 Hlt=22 Att=0 Arm=2 Hnd=6 Dck=17 Min=2 Sec=0

NEXT_TURN

Didier PLAY_CARD id=130 position=0 // name='Stormwind Champion' cost=7 text='Your other minions have +1/+1.'
--> Didier/Garrosh Hellscream Mana=1 Hlt=22 Att=0 Arm=2 Hnd=6 Dck=16 Min=3 Sec=0
--> Titou/Malfurion Stormrage Mana=2 Hlt=9 Att=0 Arm=0 Hnd=2 Dck=18 Min=0 Sec=0

Didier PLAY_CARD id=111 target=minion 'Gurubashi Berserker'(127) // name='Shield Slam' cost=1 text='Deal 1 damage to a minion for each Armor you have.'
--> Didier/Garrosh Hellscream Mana=0 Hlt=22 Att=0 Arm=2 Hnd=5 Dck=16 Min=2 Sec=0
--> Titou/Malfurion Stormrage Mana=2 Hlt=9 Att=0 Arm=0 Hnd=2 Dck=18 Min=0 Sec=0

Didier ATTACK attacker=minion 'Gurubashi Berserker'(126) attacked=hero 'Malfurion Stormrage'(131)
--> Didier/Garrosh Hellscream Mana=0 Hlt=22 Att=0 Arm=2 Hnd=5 Dck=16 Min=2 Sec=0
--> Titou/Malfurion Stormrage Mana=2 Hlt=0 Att=0 Arm=0 Hnd=2 Dck=18 Min=0 Sec=0

Didier wins
Titou looses
