Active player = Titou
--> Titou/Malfurion Stormrage Mana=1 Hlt=30 Att=0 Arm=0 Hnd=4 Dck=26 Min=0 Sec=0
Opponent = Didier
--> Didier/Garrosh Hellscream Mana=0 Hlt=30 Att=0 Arm=0 Hnd=5 Dck=26 Min=0 Sec=0

Titou PLAY_CARD id=138 position=0 // name='Leper Gnome' cost=1 text='Deathrattle: Deal 2 damage to the enemy hero.'
--> Titou/Malfurion Stormrage Mana=0 Hlt=30 Att=0 Arm=0 Hnd=3 Dck=26 Min=1 Sec=0
--> Didier/Garrosh Hellscream Mana=0 Hlt=30 Att=0 Arm=0 Hnd=5 Dck=26 Min=0 Sec=0

NEXT_TURN

Didier PLAY_CARD id=162 // name='The Coin' cost=0 text='Gain 1 Mana Crystal this turn only.'
--> Didier/Garrosh Hellscream Mana=2 Hlt=30 Att=0 Arm=0 Hnd=5 Dck=25 Min=0 Sec=0
--> Titou/Malfurion Stormrage Mana=0 Hlt=30 Att=0 Arm=0 Hnd=3 Dck=26 Min=1 Sec=0

Didier PLAY_CARD id=110 // name='Heroic Strike' cost=2 text='Give your hero +4 Attack this turn.'
--> Didier/Garrosh Hellscream Mana=0 Hlt=30 Att=0 Arm=0 Hnd=4 Dck=25 Min=0 Sec=0
--> Titou/Malfurion Stormrage Mana=0 Hlt=30 Att=0 Arm=0 Hnd=3 Dck=26 Min=1 Sec=0

Didier ATTACK attacker=hero 'Garrosh Hellscream'(100) attacked=hero 'Malfurion Stormrage'(131)
--> Didier/Garrosh Hellscream Mana=0 Hlt=30 Att=0 Arm=0 Hnd=4 Dck=25 Min=0 Sec=0
--> Titou/Malfurion Stormrage Mana=0 Hlt=26 Att=0 Arm=0 Hnd=3 Dck=26 Min=1 Sec=0

NEXT_TURN

Titou PLAY_CARD id=141 target=minion 'Leper Gnome'(138) // name='Mark of the Wild' cost=2 text='Give a minion Taunt and +2/+2. (+2 Attack/+2 Health)'
--> Titou/Malfurion Stormrage Mana=0 Hlt=26 Att=0 Arm=0 Hnd=3 Dck=25 Min=1 Sec=0
--> Didier/Garrosh Hellscream Mana=0 Hlt=30 Att=0 Arm=0 Hnd=4 Dck=25 Min=0 Sec=0

Titou ATTACK attacker=minion 'Leper Gnome'(138) attacked=hero 'Garrosh Hellscream'(100)
--> Titou/Malfurion Stormrage Mana=0 Hlt=26 Att=0 Arm=0 Hnd=3 Dck=25 Min=1 Sec=0
--> Didier/Garrosh Hellscream Mana=0 Hlt=26 Att=0 Arm=0 Hnd=4 Dck=25 Min=0 Sec=0

NEXT_TURN

Didier PLAY_CARD id=106 // name='Whirlwind' cost=1 text='Deal 1 damage to ALL minions.'
--> Didier/Garrosh Hellscream Mana=1 Hlt=26 Att=0 Arm=0 Hnd=4 Dck=24 Min=0 Sec=0
--> Titou/Malfurion Stormrage Mana=0 Hlt=26 Att=0 Arm=0 Hnd=3 Dck=25 Min=1 Sec=0

Didier PLAY_CARD id=102 // name='Upgrade!' cost=1 text='If you have a weapon, give it +1/+1. Otherwise equip a 1/3 weapon.'
--> Didier/Garrosh Hellscream Mana=0 Hlt=26 Att=0 Arm=0 Hnd=3 Dck=24 Min=0 Sec=0
--> Titou/Malfurion Stormrage Mana=0 Hlt=26 Att=0 Arm=0 Hnd=3 Dck=25 Min=1 Sec=0

Didier ATTACK attacker=hero 'Garrosh Hellscream'(100) attacked=minion 'Leper Gnome'(138)
--> Didier/Garrosh Hellscream Mana=0 Hlt=22 Att=0 Arm=0 Hnd=3 Dck=24 Min=0 Sec=0
--> Titou/Malfurion Stormrage Mana=0 Hlt=26 Att=0 Arm=0 Hnd=3 Dck=25 Min=1 Sec=0

NEXT_TURN

Titou PLAY_CARD id=137 // name='Claw' cost=1 text='Give your hero +2 Attack this turn and 2 Armor.'
--> Titou/Malfurion Stormrage Mana=2 Hlt=26 Att=0 Arm=2 Hnd=3 Dck=24 Min=1 Sec=0
--> Didier/Garrosh Hellscream Mana=0 Hlt=22 Att=0 Arm=0 Hnd=3 Dck=24 Min=0 Sec=0

Titou ATTACK attacker=hero 'Malfurion Stormrage'(131) attacked=hero 'Garrosh Hellscream'(100)
--> Titou/Malfurion Stormrage Mana=2 Hlt=26 Att=0 Arm=1 Hnd=3 Dck=24 Min=1 Sec=0
--> Didier/Garrosh Hellscream Mana=0 Hlt=20 Att=0 Arm=0 Hnd=3 Dck=24 Min=0 Sec=0

Titou USE_HERO_POWER power=''Shapeshift' power'
--> Titou/Malfurion Stormrage Mana=0 Hlt=26 Att=0 Arm=2 Hnd=3 Dck=24 Min=1 Sec=0
--> Didier/Garrosh Hellscream Mana=0 Hlt=20 Att=0 Arm=0 Hnd=3 Dck=24 Min=0 Sec=0

Titou ATTACK attacker=minion 'Leper Gnome'(138) attacked=hero 'Garrosh Hellscream'(100)
--> Titou/Malfurion Stormrage Mana=0 Hlt=26 Att=0 Arm=2 Hnd=3 Dck=24 Min=0 Sec=0
--> Didier/Garrosh Hellscream Mana=0 Hlt=14 Att=0 Arm=0 Hnd=3 Dck=24 Min=0 Sec=0

NEXT_TURN

Didier PLAY_CARD id=116 position=0 // name='Tauren Warrior' cost=3 text='Taunt. Enrage: +3 Attack'
--> Didier/Garrosh Hellscream Mana=0 Hlt=14 Att=0 Arm=0 Hnd=3 Dck=23 Min=1 Sec=0
--> Titou/Malfurion Stormrage Mana=0 Hlt=26 Att=0 Arm=2 Hnd=3 Dck=24 Min=0 Sec=0

Didier ATTACK attacker=hero 'Garrosh Hellscream'(100) attacked=hero 'Malfurion Stormrage'(131)
--> Didier/Garrosh Hellscream Mana=0 Hlt=14 Att=0 Arm=0 Hnd=3 Dck=23 Min=1 Sec=0
--> Titou/Malfurion Stormrage Mana=0 Hlt=26 Att=0 Arm=1 Hnd=3 Dck=24 Min=0 Sec=0

NEXT_TURN

Titou PLAY_CARD id=152 target=hero 'Garrosh Hellscream'(100) // name='Swipe' cost=4 text='Deal 4 damage to an enemy and 1 damage to all other enemies.'
--> Titou/Malfurion Stormrage Mana=0 Hlt=26 Att=0 Arm=1 Hnd=3 Dck=23 Min=0 Sec=0
--> Didier/Garrosh Hellscream Mana=0 Hlt=10 Att=0 Arm=0 Hnd=3 Dck=23 Min=1 Sec=0

Titou PLAY_CARD id=132 // name='Innervate' cost=0 text='Gain 2 Mana Crystals this turn only.'
--> Titou/Malfurion Stormrage Mana=2 Hlt=26 Att=0 Arm=1 Hnd=2 Dck=23 Min=0 Sec=0
--> Didier/Garrosh Hellscream Mana=0 Hlt=10 Att=0 Arm=0 Hnd=3 Dck=23 Min=1 Sec=0

Titou USE_HERO_POWER power=''Shapeshift' power'
--> Titou/Malfurion Stormrage Mana=0 Hlt=26 Att=0 Arm=2 Hnd=2 Dck=23 Min=0 Sec=0
--> Didier/Garrosh Hellscream Mana=0 Hlt=10 Att=0 Arm=0 Hnd=3 Dck=23 Min=1 Sec=0

Titou ATTACK attacker=hero 'Malfurion Stormrage'(131) attacked=minion 'Tauren Warrior'(116)
--> Titou/Malfurion Stormrage Mana=0 Hlt=23 Att=0 Arm=0 Hnd=2 Dck=23 Min=0 Sec=0
--> Didier/Garrosh Hellscream Mana=0 Hlt=10 Att=0 Arm=0 Hnd=3 Dck=23 Min=1 Sec=0

NEXT_TURN

Didier PLAY_CARD id=122 position=0 // name='Kor'kron Elite' cost=4 text='Charge'
--> Didier/Garrosh Hellscream Mana=0 Hlt=10 Att=0 Arm=0 Hnd=3 Dck=22 Min=2 Sec=0
--> Titou/Malfurion Stormrage Mana=0 Hlt=23 Att=0 Arm=0 Hnd=2 Dck=23 Min=0 Sec=0

Didier ATTACK attacker=minion 'Tauren Warrior'(116) attacked=hero 'Malfurion Stormrage'(131)
--> Didier/Garrosh Hellscream Mana=0 Hlt=10 Att=0 Arm=0 Hnd=3 Dck=22 Min=2 Sec=0
--> Titou/Malfurion Stormrage Mana=0 Hlt=18 Att=0 Arm=0 Hnd=2 Dck=23 Min=0 Sec=0

Didier ATTACK attacker=hero 'Garrosh Hellscream'(100) attacked=hero 'Malfurion Stormrage'(131)
--> Didier/Garrosh Hellscream Mana=0 Hlt=10 Att=0 Arm=0 Hnd=3 Dck=22 Min=2 Sec=0
--> Titou/Malfurion Stormrage Mana=0 Hlt=17 Att=0 Arm=0 Hnd=2 Dck=23 Min=0 Sec=0

Didier ATTACK attacker=minion 'Kor'kron Elite'(122) attacked=hero 'Malfurion Stormrage'(131)
--> Didier/Garrosh Hellscream Mana=0 Hlt=10 Att=0 Arm=0 Hnd=3 Dck=22 Min=2 Sec=0
--> Titou/Malfurion Stormrage Mana=0 Hlt=13 Att=0 Arm=0 Hnd=2 Dck=23 Min=0 Sec=0

NEXT_TURN

Titou PLAY_CARD id=135 target=minion 'Tauren Warrior'(116) // name='Naturalize' cost=1 text='Destroy a minion. Your opponent draws 2 cards.'
--> Titou/Malfurion Stormrage Mana=4 Hlt=13 Att=0 Arm=0 Hnd=2 Dck=22 Min=0 Sec=0
--> Didier/Garrosh Hellscream Mana=0 Hlt=10 Att=0 Arm=0 Hnd=5 Dck=20 Min=1 Sec=0

Titou USE_HERO_POWER power=''Shapeshift' power'
--> Titou/Malfurion Stormrage Mana=2 Hlt=13 Att=0 Arm=1 Hnd=2 Dck=22 Min=0 Sec=0
--> Didier/Garrosh Hellscream Mana=0 Hlt=10 Att=0 Arm=0 Hnd=5 Dck=20 Min=1 Sec=0

Titou ATTACK attacker=hero 'Malfurion Stormrage'(131) attacked=hero 'Garrosh Hellscream'(100)
--> Titou/Malfurion Stormrage Mana=2 Hlt=13 Att=0 Arm=1 Hnd=2 Dck=22 Min=0 Sec=0
--> Didier/Garrosh Hellscream Mana=0 Hlt=9 Att=0 Arm=0 Hnd=5 Dck=20 Min=1 Sec=0

NEXT_TURN

Didier PLAY_CARD id=117 position=1 // name='Thrallmar Farseer' cost=3 text='Windfury'
--> Didier/Garrosh Hellscream Mana=2 Hlt=9 Att=0 Arm=0 Hnd=5 Dck=19 Min=2 Sec=0
--> Titou/Malfurion Stormrage Mana=2 Hlt=13 Att=0 Arm=1 Hnd=2 Dck=22 Min=0 Sec=0

Didier PLAY_CARD id=109 // name='Heroic Strike' cost=2 text='Give your hero +4 Attack this turn.'
--> Didier/Garrosh Hellscream Mana=0 Hlt=9 Att=0 Arm=0 Hnd=4 Dck=19 Min=2 Sec=0
--> Titou/Malfurion Stormrage Mana=2 Hlt=13 Att=0 Arm=1 Hnd=2 Dck=22 Min=0 Sec=0

Didier ATTACK attacker=hero 'Garrosh Hellscream'(100) attacked=hero 'Malfurion Stormrage'(131)
--> Didier/Garrosh Hellscream Mana=0 Hlt=9 Att=0 Arm=0 Hnd=4 Dck=19 Min=2 Sec=0
--> Titou/Malfurion Stormrage Mana=2 Hlt=10 Att=0 Arm=0 Hnd=2 Dck=22 Min=0 Sec=0

Didier PLAY_CARD id=101 target=minion 'Thrallmar Farseer'(117) // name='Inner Rage' cost=0 text='Deal 1 damage to a minion and give it +2 Attack.'
--> Didier/Garrosh Hellscream Mana=0 Hlt=9 Att=0 Arm=0 Hnd=3 Dck=19 Min=2 Sec=0
--> Titou/Malfurion Stormrage Mana=2 Hlt=10 Att=0 Arm=0 Hnd=2 Dck=22 Min=0 Sec=0

Didier ATTACK attacker=minion 'Kor'kron Elite'(122) attacked=hero 'Malfurion Stormrage'(131)
--> Didier/Garrosh Hellscream Mana=0 Hlt=9 Att=0 Arm=0 Hnd=3 Dck=19 Min=2 Sec=0
--> Titou/Malfurion Stormrage Mana=2 Hlt=6 Att=0 Arm=0 Hnd=2 Dck=22 Min=0 Sec=0

NEXT_TURN

Titou PLAY_CARD id=148 position=0 // name='Wolfrider' cost=3 text='Charge'
--> Titou/Malfurion Stormrage Mana=3 Hlt=6 Att=0 Arm=0 Hnd=2 Dck=21 Min=1 Sec=0
--> Didier/Garrosh Hellscream Mana=0 Hlt=9 Att=0 Arm=0 Hnd=3 Dck=19 Min=2 Sec=0

Titou ATTACK attacker=minion 'Wolfrider'(148) attacked=hero 'Garrosh Hellscream'(100)
--> Titou/Malfurion Stormrage Mana=3 Hlt=6 Att=0 Arm=0 Hnd=2 Dck=21 Min=1 Sec=0
--> Didier/Garrosh Hellscream Mana=0 Hlt=6 Att=0 Arm=0 Hnd=3 Dck=19 Min=2 Sec=0

Titou USE_HERO_POWER power=''Shapeshift' power'
--> Titou/Malfurion Stormrage Mana=1 Hlt=6 Att=0 Arm=1 Hnd=2 Dck=21 Min=1 Sec=0
--> Didier/Garrosh Hellscream Mana=0 Hlt=6 Att=0 Arm=0 Hnd=3 Dck=19 Min=2 Sec=0

Titou ATTACK attacker=hero 'Malfurion Stormrage'(131) attacked=minion 'Thrallmar Farseer'(117)
--> Titou/Malfurion Stormrage Mana=1 Hlt=3 Att=0 Arm=0 Hnd=2 Dck=21 Min=1 Sec=0
--> Didier/Garrosh Hellscream Mana=0 Hlt=6 Att=0 Arm=0 Hnd=3 Dck=19 Min=2 Sec=0

NEXT_TURN

Didier PLAY_CARD id=113 position=0 // name='Acolyte of Pain' cost=3 text='Whenever this minion takes damage, draw a card.'
--> Didier/Garrosh Hellscream Mana=3 Hlt=6 Att=0 Arm=0 Hnd=3 Dck=18 Min=3 Sec=0
--> Titou/Malfurion Stormrage Mana=1 Hlt=3 Att=0 Arm=0 Hnd=2 Dck=21 Min=1 Sec=0

Didier PLAY_CARD id=112 position=2 // name='Acidic Swamp Ooze' cost=2 text='Battlecry: Destroy your opponent's weapon.'
--> Didier/Garrosh Hellscream Mana=1 Hlt=6 Att=0 Arm=0 Hnd=2 Dck=18 Min=4 Sec=0
--> Titou/Malfurion Stormrage Mana=1 Hlt=3 Att=0 Arm=0 Hnd=2 Dck=21 Min=1 Sec=0

Didier ATTACK attacker=minion 'Thrallmar Farseer'(117) attacked=minion 'Wolfrider'(148)
--> Didier/Garrosh Hellscream Mana=1 Hlt=6 Att=0 Arm=0 Hnd=2 Dck=18 Min=3 Sec=0
--> Titou/Malfurion Stormrage Mana=1 Hlt=3 Att=0 Arm=0 Hnd=2 Dck=21 Min=0 Sec=0

Didier ATTACK attacker=minion 'Kor'kron Elite'(122) attacked=hero 'Malfurion Stormrage'(131)
--> Didier/Garrosh Hellscream Mana=1 Hlt=6 Att=0 Arm=0 Hnd=2 Dck=18 Min=3 Sec=0
--> Titou/Malfurion Stormrage Mana=1 Hlt=-1 Att=0 Arm=0 Hnd=2 Dck=21 Min=0 Sec=0

Didier wins
Titou looses
