Active player = Titou
--> Titou/Malfurion Stormrage Mana=1 Hlt=30 Att=0 Arm=0 Hnd=4 Dck=26 Min=0 Sec=0
Opponent = Didier
--> Didier/Garrosh Hellscream Mana=0 Hlt=30 Att=0 Arm=0 Hnd=5 Dck=26 Min=0 Sec=0

NEXT_TURN

Didier PLAY_CARD id=162 // name='The Coin' cost=0 text='Gain 1 Mana Crystal this turn only.'
--> Didier/Garrosh Hellscream Mana=2 Hlt=30 Att=0 Arm=0 Hnd=5 Dck=25 Min=0 Sec=0
--> Titou/Malfurion Stormrage Mana=1 Hlt=30 Att=0 Arm=0 Hnd=4 Dck=26 Min=0 Sec=0

Didier USE_HERO_POWER power=''Armor Up!' power'
--> Didier/Garrosh Hellscream Mana=0 Hlt=30 Att=0 Arm=2 Hnd=5 Dck=25 Min=0 Sec=0
--> Titou/Malfurion Stormrage Mana=1 Hlt=30 Att=0 Arm=0 Hnd=4 Dck=26 Min=0 Sec=0

NEXT_TURN

Titou USE_HERO_POWER power=''Shapeshift' power'
--> Titou/Malfurion Stormrage Mana=0 Hlt=30 Att=0 Arm=1 Hnd=5 Dck=25 Min=0 Sec=0
--> Didier/Garrosh Hellscream Mana=0 Hlt=30 Att=0 Arm=2 Hnd=5 Dck=25 Min=0 Sec=0

Titou ATTACK attacker=hero 'Malfurion Stormrage'(131) attacked=hero 'Garrosh Hellscream'(100)
--> Titou/Malfurion Stormrage Mana=0 Hlt=30 Att=0 Arm=1 Hnd=5 Dck=25 Min=0 Sec=0
--> Didier/Garrosh Hellscream Mana=0 Hlt=30 Att=0 Arm=1 Hnd=5 Dck=25 Min=0 Sec=0

NEXT_TURN

Didier USE_HERO_POWER power=''Armor Up!' power'
--> Didier/Garrosh Hellscream Mana=0 Hlt=30 Att=0 Arm=3 Hnd=6 Dck=24 Min=0 Sec=0
--> Titou/Malfurion Stormrage Mana=0 Hlt=30 Att=0 Arm=1 Hnd=5 Dck=25 Min=0 Sec=0

NEXT_TURN

Titou USE_HERO_POWER power=''Shapeshift' power'
--> Titou/Malfurion Stormrage Mana=1 Hlt=30 Att=0 Arm=2 Hnd=6 Dck=24 Min=0 Sec=0
--> Didier/Garrosh Hellscream Mana=0 Hlt=30 Att=0 Arm=3 Hnd=6 Dck=24 Min=0 Sec=0

Titou PLAY_CARD id=138 position=0 // name='Leper Gnome' cost=1 text='Deathrattle: Deal 2 damage to the enemy hero.'
--> Titou/Malfurion Stormrage Mana=0 Hlt=30 Att=0 Arm=2 Hnd=5 Dck=24 Min=1 Sec=0
--> Didier/Garrosh Hellscream Mana=0 Hlt=30 Att=0 Arm=3 Hnd=6 Dck=24 Min=0 Sec=0

Titou ATTACK attacker=hero 'Malfurion Stormrage'(131) attacked=hero 'Garrosh Hellscream'(100)
--> Titou/Malfurion Stormrage Mana=0 Hlt=30 Att=0 Arm=2 Hnd=5 Dck=24 Min=1 Sec=0
--> Didier/Garrosh Hellscream Mana=0 Hlt=30 Att=0 Arm=2 Hnd=6 Dck=24 Min=0 Sec=0

NEXT_TURN

Didier USE_HERO_POWER power=''Armor Up!' power'
--> Didier/Garrosh Hellscream Mana=1 Hlt=30 Att=0 Arm=4 Hnd=7 Dck=23 Min=0 Sec=0
--> Titou/Malfurion Stormrage Mana=0 Hlt=30 Att=0 Arm=2 Hnd=5 Dck=24 Min=1 Sec=0

Didier PLAY_CARD id=102 // name='Upgrade!' cost=1 text='If you have a weapon, give it +1/+1. Otherwise equip a 1/3 weapon.'
--> Didier/Garrosh Hellscream Mana=0 Hlt=30 Att=0 Arm=4 Hnd=6 Dck=23 Min=0 Sec=0
--> Titou/Malfurion Stormrage Mana=0 Hlt=30 Att=0 Arm=2 Hnd=5 Dck=24 Min=1 Sec=0

Didier ATTACK attacker=hero 'Garrosh Hellscream'(100) attacked=hero 'Malfurion Stormrage'(131)
--> Didier/Garrosh Hellscream Mana=0 Hlt=30 Att=0 Arm=4 Hnd=6 Dck=23 Min=0 Sec=0
--> Titou/Malfurion Stormrage Mana=0 Hlt=30 Att=0 Arm=1 Hnd=5 Dck=24 Min=1 Sec=0

NEXT_TURN

Titou PLAY_CARD id=149 position=0 // name='Thrallmar Farseer' cost=3 text='Windfury'
--> Titou/Malfurion Stormrage Mana=1 Hlt=30 Att=0 Arm=1 Hnd=5 Dck=23 Min=2 Sec=0
--> Didier/Garrosh Hellscream Mana=0 Hlt=30 Att=0 Arm=4 Hnd=6 Dck=23 Min=0 Sec=0

Titou PLAY_CARD id=135 target=minion 'Thrallmar Farseer'(149) // name='Naturalize' cost=1 text='Destroy a minion. Your opponent draws 2 cards.'
--> Titou/Malfurion Stormrage Mana=0 Hlt=30 Att=0 Arm=1 Hnd=4 Dck=23 Min=1 Sec=0
--> Didier/Garrosh Hellscream Mana=0 Hlt=30 Att=0 Arm=4 Hnd=8 Dck=21 Min=0 Sec=0

Titou ATTACK attacker=minion 'Leper Gnome'(138) attacked=hero 'Garrosh Hellscream'(100)
--> Titou/Malfurion Stormrage Mana=0 Hlt=30 Att=0 Arm=1 Hnd=4 Dck=23 Min=0 Sec=0
--> Didier/Garrosh Hellscream Mana=0 Hlt=28 Att=0 Arm=2 Hnd=8 Dck=21 Min=0 Sec=0

NEXT_TURN

Didier PLAY_CARD id=119 position=0 // name='Arathi Weaponsmith' cost=4 text='Battlecry: Equip a 2/2 weapon.'
--> Didier/Garrosh Hellscream Mana=0 Hlt=28 Att=0 Arm=2 Hnd=8 Dck=20 Min=1 Sec=0
--> Titou/Malfurion Stormrage Mana=0 Hlt=30 Att=0 Arm=1 Hnd=4 Dck=23 Min=0 Sec=0

Didier ATTACK attacker=hero 'Garrosh Hellscream'(100) attacked=hero 'Malfurion Stormrage'(131)
--> Didier/Garrosh Hellscream Mana=0 Hlt=28 Att=0 Arm=2 Hnd=8 Dck=20 Min=1 Sec=0
--> Titou/Malfurion Stormrage Mana=0 Hlt=29 Att=0 Arm=0 Hnd=4 Dck=23 Min=0 Sec=0

NEXT_TURN

Titou USE_HERO_POWER power=''Shapeshift' power'
--> Titou/Malfurion Stormrage Mana=3 Hlt=29 Att=0 Arm=1 Hnd=5 Dck=22 Min=0 Sec=0
--> Didier/Garrosh Hellscream Mana=0 Hlt=28 Att=0 Arm=2 Hnd=8 Dck=20 Min=1 Sec=0

Titou ATTACK attacker=hero 'Malfurion Stormrage'(131) attacked=hero 'Garrosh Hellscream'(100)
--> Titou/Malfurion Stormrage Mana=3 Hlt=28 Att=0 Arm=0 Hnd=5 Dck=22 Min=0 Sec=0
--> Didier/Garrosh Hellscream Mana=0 Hlt=28 Att=0 Arm=1 Hnd=8 Dck=20 Min=1 Sec=0

NEXT_TURN

Didier PLAY_CARD id=115 position=1 // name='Frothing Berserker' cost=3 text='Whenever a minion takes damage, gain +1 Attack.'
--> Didier/Garrosh Hellscream Mana=2 Hlt=28 Att=0 Arm=1 Hnd=8 Dck=19 Min=2 Sec=0
--> Titou/Malfurion Stormrage Mana=3 Hlt=28 Att=0 Arm=0 Hnd=5 Dck=22 Min=0 Sec=0

Didier PLAY_CARD id=107 // name='Fiery War Axe' cost=2 text='null'
--> Didier/Garrosh Hellscream Mana=0 Hlt=28 Att=0 Arm=1 Hnd=7 Dck=19 Min=2 Sec=0
--> Titou/Malfurion Stormrage Mana=3 Hlt=28 Att=0 Arm=0 Hnd=5 Dck=22 Min=0 Sec=0

Didier ATTACK attacker=hero 'Garrosh Hellscream'(100) attacked=hero 'Malfurion Stormrage'(131)
--> Didier/Garrosh Hellscream Mana=0 Hlt=28 Att=0 Arm=1 Hnd=7 Dck=19 Min=2 Sec=0
--> Titou/Malfurion Stormrage Mana=3 Hlt=25 Att=0 Arm=0 Hnd=5 Dck=22 Min=0 Sec=0

Didier ATTACK attacker=minion 'Arathi Weaponsmith'(119) attacked=hero 'Malfurion Stormrage'(131)
--> Didier/Garrosh Hellscream Mana=0 Hlt=28 Att=0 Arm=1 Hnd=7 Dck=19 Min=2 Sec=0
--> Titou/Malfurion Stormrage Mana=3 Hlt=22 Att=0 Arm=0 Hnd=5 Dck=22 Min=0 Sec=0

NEXT_TURN

Titou PLAY_CARD id=159 target=minion 'Frothing Berserker'(115) // name='Starfire' cost=6 text='Deal 5 damage. Draw a card.'
--> Titou/Malfurion Stormrage Mana=0 Hlt=22 Att=0 Arm=0 Hnd=6 Dck=20 Min=0 Sec=0
--> Didier/Garrosh Hellscream Mana=0 Hlt=28 Att=0 Arm=1 Hnd=7 Dck=19 Min=1 Sec=0

NEXT_TURN

Didier PLAY_CARD id=109 // name='Heroic Strike' cost=2 text='Give your hero +4 Attack this turn.'
--> Didier/Garrosh Hellscream Mana=4 Hlt=28 Att=0 Arm=1 Hnd=7 Dck=18 Min=1 Sec=0
--> Titou/Malfurion Stormrage Mana=0 Hlt=22 Att=0 Arm=0 Hnd=6 Dck=20 Min=0 Sec=0

Didier USE_HERO_POWER power=''Armor Up!' power'
--> Didier/Garrosh Hellscream Mana=2 Hlt=28 Att=0 Arm=3 Hnd=7 Dck=18 Min=1 Sec=0
--> Titou/Malfurion Stormrage Mana=0 Hlt=22 Att=0 Arm=0 Hnd=6 Dck=20 Min=0 Sec=0

Didier PLAY_CARD id=111 target=minion 'Arathi Weaponsmith'(119) // name='Shield Slam' cost=1 text='Deal 1 damage to a minion for each Armor you have.'
--> Didier/Garrosh Hellscream Mana=1 Hlt=28 Att=0 Arm=3 Hnd=6 Dck=18 Min=0 Sec=0
--> Titou/Malfurion Stormrage Mana=0 Hlt=22 Att=0 Arm=0 Hnd=6 Dck=20 Min=0 Sec=0

Didier ATTACK attacker=hero 'Garrosh Hellscream'(100) attacked=hero 'Malfurion Stormrage'(131)
--> Didier/Garrosh Hellscream Mana=1 Hlt=28 Att=0 Arm=3 Hnd=6 Dck=18 Min=0 Sec=0
--> Titou/Malfurion Stormrage Mana=0 Hlt=15 Att=0 Arm=0 Hnd=6 Dck=20 Min=0 Sec=0

NEXT_TURN

Titou PLAY_CARD id=158 target=hero 'Malfurion Stormrage'(131) // name='Starfire' cost=6 text='Deal 5 damage. Draw a card.'
--> Titou/Malfurion Stormrage Mana=1 Hlt=10 Att=0 Arm=0 Hnd=7 Dck=18 Min=0 Sec=0
--> Didier/Garrosh Hellscream Mana=1 Hlt=28 Att=0 Arm=3 Hnd=6 Dck=18 Min=0 Sec=0

Titou PLAY_CARD id=137 // name='Claw' cost=1 text='Give your hero +2 Attack this turn and 2 Armor.'
--> Titou/Malfurion Stormrage Mana=0 Hlt=10 Att=0 Arm=2 Hnd=6 Dck=18 Min=0 Sec=0
--> Didier/Garrosh Hellscream Mana=1 Hlt=28 Att=0 Arm=3 Hnd=6 Dck=18 Min=0 Sec=0

Titou ATTACK attacker=hero 'Malfurion Stormrage'(131) attacked=hero 'Garrosh Hellscream'(100)
--> Titou/Malfurion Stormrage Mana=0 Hlt=10 Att=0 Arm=2 Hnd=6 Dck=18 Min=0 Sec=0
--> Didier/Garrosh Hellscream Mana=1 Hlt=28 Att=0 Arm=1 Hnd=6 Dck=18 Min=0 Sec=0

NEXT_TURN

Didier PLAY_CARD id=122 position=0 // name='Kor'kron Elite' cost=4 text='Charge'
--> Didier/Garrosh Hellscream Mana=3 Hlt=28 Att=0 Arm=1 Hnd=6 Dck=17 Min=1 Sec=0
--> Titou/Malfurion Stormrage Mana=0 Hlt=10 Att=0 Arm=2 Hnd=6 Dck=18 Min=0 Sec=0

Didier PLAY_CARD id=110 // name='Heroic Strike' cost=2 text='Give your hero +4 Attack this turn.'
--> Didier/Garrosh Hellscream Mana=1 Hlt=28 Att=0 Arm=1 Hnd=5 Dck=17 Min=1 Sec=0
--> Titou/Malfurion Stormrage Mana=0 Hlt=10 Att=0 Arm=2 Hnd=6 Dck=18 Min=0 Sec=0

Didier ATTACK attacker=minion 'Kor'kron Elite'(122) attacked=hero 'Malfurion Stormrage'(131)
--> Didier/Garrosh Hellscream Mana=1 Hlt=28 Att=0 Arm=1 Hnd=5 Dck=17 Min=1 Sec=0
--> Titou/Malfurion Stormrage Mana=0 Hlt=8 Att=0 Arm=0 Hnd=6 Dck=18 Min=0 Sec=0

Didier ATTACK attacker=hero 'Garrosh Hellscream'(100) attacked=hero 'Malfurion Stormrage'(131)
--> Didier/Garrosh Hellscream Mana=1 Hlt=28 Att=0 Arm=1 Hnd=5 Dck=17 Min=1 Sec=0
--> Titou/Malfurion Stormrage Mana=0 Hlt=4 Att=0 Arm=0 Hnd=6 Dck=18 Min=0 Sec=0

NEXT_TURN

Titou USE_HERO_POWER power=''Shapeshift' power'
--> Titou/Malfurion Stormrage Mana=6 Hlt=4 Att=0 Arm=1 Hnd=7 Dck=17 Min=0 Sec=0
--> Didier/Garrosh Hellscream Mana=1 Hlt=28 Att=0 Arm=1 Hnd=5 Dck=17 Min=1 Sec=0

Titou PLAY_CARD id=151 target=minion 'Kor'kron Elite'(122) // name='Swipe' cost=4 text='Deal 4 damage to an enemy and 1 damage to all other enemies.'
--> Titou/Malfurion Stormrage Mana=2 Hlt=4 Att=0 Arm=1 Hnd=6 Dck=17 Min=0 Sec=0
--> Didier/Garrosh Hellscream Mana=1 Hlt=28 Att=0 Arm=1 Hnd=5 Dck=17 Min=0 Sec=0

Titou PLAY_CARD id=146 position=0 // name='Acidic Swamp Ooze' cost=2 text='Battlecry: Destroy your opponent's weapon.'
--> Titou/Malfurion Stormrage Mana=0 Hlt=4 Att=0 Arm=1 Hnd=5 Dck=17 Min=1 Sec=0
--> Didier/Garrosh Hellscream Mana=1 Hlt=28 Att=0 Arm=1 Hnd=5 Dck=17 Min=0 Sec=0

Titou ATTACK attacker=hero 'Malfurion Stormrage'(131) attacked=hero 'Garrosh Hellscream'(100)
--> Titou/Malfurion Stormrage Mana=0 Hlt=4 Att=0 Arm=1 Hnd=5 Dck=17 Min=1 Sec=0
--> Didier/Garrosh Hellscream Mana=1 Hlt=28 Att=0 Arm=0 Hnd=5 Dck=17 Min=0 Sec=0

NEXT_TURN

Didier PLAY_CARD id=121 position=0 // name='Cult Master' cost=4 text='Whenever one of your other minions dies, draw a card.'
--> Didier/Garrosh Hellscream Mana=4 Hlt=28 Att=0 Arm=0 Hnd=5 Dck=16 Min=1 Sec=0
--> Titou/Malfurion Stormrage Mana=0 Hlt=4 Att=0 Arm=1 Hnd=5 Dck=17 Min=1 Sec=0

Didier PLAY_CARD id=120 position=0 // name='Cult Master' cost=4 text='Whenever one of your other minions dies, draw a card.'
--> Didier/Garrosh Hellscream Mana=0 Hlt=28 Att=0 Arm=0 Hnd=4 Dck=16 Min=2 Sec=0
--> Titou/Malfurion Stormrage Mana=0 Hlt=4 Att=0 Arm=1 Hnd=5 Dck=17 Min=1 Sec=0

NEXT_TURN

Titou PLAY_CARD id=155 position=0 // name='Azure Drake' cost=5 text='Spell Damage +1. Battlecry: Draw a card.'
--> Titou/Malfurion Stormrage Mana=4 Hlt=4 Att=0 Arm=1 Hnd=6 Dck=15 Min=2 Sec=0
--> Didier/Garrosh Hellscream Mana=0 Hlt=28 Att=0 Arm=0 Hnd=4 Dck=16 Min=2 Sec=0

Titou PLAY_CARD id=139 choice='Deal 3 damage to a minion' target=minion 'Cult Master'(120) // name='Wrath' cost=2 text='Choose One - Deal 3 damage to a minion; or 1 damage and draw a card.'
--> Titou/Malfurion Stormrage Mana=2 Hlt=4 Att=0 Arm=1 Hnd=6 Dck=14 Min=2 Sec=0
--> Didier/Garrosh Hellscream Mana=0 Hlt=28 Att=0 Arm=0 Hnd=4 Dck=16 Min=1 Sec=0

Titou USE_HERO_POWER power=''Shapeshift' power'
--> Titou/Malfurion Stormrage Mana=0 Hlt=4 Att=0 Arm=2 Hnd=6 Dck=14 Min=2 Sec=0
--> Didier/Garrosh Hellscream Mana=0 Hlt=28 Att=0 Arm=0 Hnd=4 Dck=16 Min=1 Sec=0

Titou ATTACK attacker=hero 'Malfurion Stormrage'(131) attacked=minion 'Cult Master'(121)
--> Titou/Malfurion Stormrage Mana=0 Hlt=2 Att=0 Arm=0 Hnd=6 Dck=14 Min=2 Sec=0
--> Didier/Garrosh Hellscream Mana=0 Hlt=28 Att=0 Arm=0 Hnd=4 Dck=16 Min=1 Sec=0

Titou ATTACK attacker=minion 'Acidic Swamp Ooze'(146) attacked=hero 'Garrosh Hellscream'(100)
--> Titou/Malfurion Stormrage Mana=0 Hlt=2 Att=0 Arm=0 Hnd=6 Dck=14 Min=2 Sec=0
--> Didier/Garrosh Hellscream Mana=0 Hlt=25 Att=0 Arm=0 Hnd=4 Dck=16 Min=1 Sec=0

NEXT_TURN

Didier PLAY_CARD id=129 target=hero 'Garrosh Hellscream'(100) position=1 // name='Frost Elemental' cost=6 text='Battlecry: Freeze a character.'
--> Didier/Garrosh Hellscream Mana=3 Hlt=25 Att=0 Arm=0 Hnd=4 Dck=15 Min=2 Sec=0
--> Titou/Malfurion Stormrage Mana=0 Hlt=2 Att=0 Arm=0 Hnd=6 Dck=14 Min=2 Sec=0

Didier PLAY_CARD id=116 position=0 // name='Tauren Warrior' cost=3 text='Taunt. Enrage: +3 Attack'
--> Didier/Garrosh Hellscream Mana=0 Hlt=25 Att=0 Arm=0 Hnd=3 Dck=15 Min=3 Sec=0
--> Titou/Malfurion Stormrage Mana=0 Hlt=2 Att=0 Arm=0 Hnd=6 Dck=14 Min=2 Sec=0

Didier ATTACK attacker=minion 'Cult Master'(121) attacked=minion 'Azure Drake'(155)
--> Didier/Garrosh Hellscream Mana=0 Hlt=25 Att=0 Arm=0 Hnd=3 Dck=15 Min=2 Sec=0
--> Titou/Malfurion Stormrage Mana=0 Hlt=2 Att=0 Arm=0 Hnd=6 Dck=14 Min=1 Sec=0

NEXT_TURN

Titou PLAY_CARD id=144 target=minion 'Acidic Swamp Ooze'(146) position=1 // name='Ironbeak Owl' cost=2 text='Battlecry: Silence a minion.'
--> Titou/Malfurion Stormrage Mana=8 Hlt=2 Att=0 Arm=0 Hnd=6 Dck=13 Min=2 Sec=0
--> Didier/Garrosh Hellscream Mana=0 Hlt=25 Att=0 Arm=0 Hnd=3 Dck=15 Min=2 Sec=0

Titou PLAY_CARD id=147 target=minion 'Frost Elemental'(129) // name='Healing Touch' cost=3 text='Restore 8 Health.'
--> Titou/Malfurion Stormrage Mana=5 Hlt=2 Att=0 Arm=0 Hnd=5 Dck=13 Min=2 Sec=0
--> Didier/Garrosh Hellscream Mana=0 Hlt=25 Att=0 Arm=0 Hnd=3 Dck=15 Min=2 Sec=0

Titou PLAY_CARD id=154 position=1 // name='Azure Drake' cost=5 text='Spell Damage +1. Battlecry: Draw a card.'
--> Titou/Malfurion Stormrage Mana=0 Hlt=2 Att=0 Arm=0 Hnd=5 Dck=12 Min=3 Sec=0
--> Didier/Garrosh Hellscream Mana=0 Hlt=25 Att=0 Arm=0 Hnd=3 Dck=15 Min=2 Sec=0

Titou ATTACK attacker=minion 'Acidic Swamp Ooze'(146) attacked=minion 'Tauren Warrior'(116)
--> Titou/Malfurion Stormrage Mana=0 Hlt=2 Att=0 Arm=0 Hnd=5 Dck=12 Min=2 Sec=0
--> Didier/Garrosh Hellscream Mana=0 Hlt=25 Att=0 Arm=0 Hnd=3 Dck=15 Min=1 Sec=0

NEXT_TURN

Didier ATTACK attacker=minion 'Frost Elemental'(129) attacked=hero 'Malfurion Stormrage'(131)
--> Didier/Garrosh Hellscream Mana=10 Hlt=25 Att=0 Arm=0 Hnd=4 Dck=14 Min=1 Sec=0
--> Titou/Malfurion Stormrage Mana=0 Hlt=-3 Att=0 Arm=0 Hnd=5 Dck=12 Min=2 Sec=0

Didier wins
Titou looses
