Active player = Titou
--> Titou/Malfurion Stormrage Mana=1 Hlt=30 Att=0 Arm=0 Hnd=4 Dck=26 Min=0 Sec=0
Opponent = Didier
--> Didier/Garrosh Hellscream Mana=0 Hlt=30 Att=0 Arm=0 Hnd=5 Dck=26 Min=0 Sec=0

NEXT_TURN

Didier PLAY_CARD id=162 // name='The Coin' cost=0 text='Gain 1 Mana Crystal this turn only.'
--> Didier/Garrosh Hellscream Mana=2 Hlt=30 Att=0 Arm=0 Hnd=5 Dck=25 Min=0 Sec=0
--> Titou/Malfurion Stormrage Mana=1 Hlt=30 Att=0 Arm=0 Hnd=4 Dck=26 Min=0 Sec=0

Didier USE_HERO_POWER power=''Armor Up!' power'
--> Didier/Garrosh Hellscream Mana=0 Hlt=30 Att=0 Arm=2 Hnd=5 Dck=25 Min=0 Sec=0
--> Titou/Malfurion Stormrage Mana=1 Hlt=30 Att=0 Arm=0 Hnd=4 Dck=26 Min=0 Sec=0

NEXT_TURN

Titou USE_HERO_POWER power=''Shapeshift' power'
--> Titou/Malfurion Stormrage Mana=0 Hlt=30 Att=0 Arm=1 Hnd=5 Dck=25 Min=0 Sec=0
--> Didier/Garrosh Hellscream Mana=0 Hlt=30 Att=0 Arm=2 Hnd=5 Dck=25 Min=0 Sec=0

Titou ATTACK attacker=hero 'Malfurion Stormrage'(131) attacked=hero 'Garrosh Hellscream'(100)
--> Titou/Malfurion Stormrage Mana=0 Hlt=30 Att=0 Arm=1 Hnd=5 Dck=25 Min=0 Sec=0
--> Didier/Garrosh Hellscream Mana=0 Hlt=30 Att=0 Arm=1 Hnd=5 Dck=25 Min=0 Sec=0

NEXT_TURN

Didier USE_HERO_POWER power=''Armor Up!' power'
--> Didier/Garrosh Hellscream Mana=0 Hlt=30 Att=0 Arm=3 Hnd=6 Dck=24 Min=0 Sec=0
--> Titou/Malfurion Stormrage Mana=0 Hlt=30 Att=0 Arm=1 Hnd=5 Dck=25 Min=0 Sec=0

NEXT_TURN

Titou USE_HERO_POWER power=''Shapeshift' power'
--> Titou/Malfurion Stormrage Mana=1 Hlt=30 Att=0 Arm=2 Hnd=6 Dck=24 Min=0 Sec=0
--> Didier/Garrosh Hellscream Mana=0 Hlt=30 Att=0 Arm=3 Hnd=6 Dck=24 Min=0 Sec=0

Titou ATTACK attacker=hero 'Malfurion Stormrage'(131) attacked=hero 'Garrosh Hellscream'(100)
--> Titou/Malfurion Stormrage Mana=1 Hlt=30 Att=0 Arm=2 Hnd=6 Dck=24 Min=0 Sec=0
--> Didier/Garrosh Hellscream Mana=0 Hlt=30 Att=0 Arm=2 Hnd=6 Dck=24 Min=0 Sec=0

Titou PLAY_CARD id=133 // name='Innervate' cost=0 text='Gain 2 Mana Crystals this turn only.'
--> Titou/Malfurion Stormrage Mana=3 Hlt=30 Att=0 Arm=2 Hnd=5 Dck=24 Min=0 Sec=0
--> Didier/Garrosh Hellscream Mana=0 Hlt=30 Att=0 Arm=2 Hnd=6 Dck=24 Min=0 Sec=0

Titou PLAY_CARD id=150 position=0 // name='Thrallmar Farseer' cost=3 text='Windfury'
--> Titou/Malfurion Stormrage Mana=0 Hlt=30 Att=0 Arm=2 Hnd=4 Dck=24 Min=1 Sec=0
--> Didier/Garrosh Hellscream Mana=0 Hlt=30 Att=0 Arm=2 Hnd=6 Dck=24 Min=0 Sec=0

NEXT_TURN

Didier PLAY_CARD id=115 position=0 // name='Frothing Berserker' cost=3 text='Whenever a minion takes damage, gain +1 Attack.'
--> Didier/Garrosh Hellscream Mana=0 Hlt=30 Att=0 Arm=2 Hnd=6 Dck=23 Min=1 Sec=0
--> Titou/Malfurion Stormrage Mana=0 Hlt=30 Att=0 Arm=2 Hnd=4 Dck=24 Min=1 Sec=0

NEXT_TURN

Titou ATTACK attacker=minion 'Thrallmar Farseer'(150) attacked=hero 'Garrosh Hellscream'(100)
--> Titou/Malfurion Stormrage Mana=4 Hlt=30 Att=0 Arm=2 Hnd=5 Dck=23 Min=1 Sec=0
--> Didier/Garrosh Hellscream Mana=0 Hlt=30 Att=0 Arm=0 Hnd=6 Dck=23 Min=1 Sec=0

Titou PLAY_CARD id=149 position=0 // name='Thrallmar Farseer' cost=3 text='Windfury'
--> Titou/Malfurion Stormrage Mana=1 Hlt=30 Att=0 Arm=2 Hnd=4 Dck=23 Min=2 Sec=0
--> Didier/Garrosh Hellscream Mana=0 Hlt=30 Att=0 Arm=0 Hnd=6 Dck=23 Min=1 Sec=0

Titou ATTACK attacker=minion 'Thrallmar Farseer'(150) attacked=minion 'Frothing Berserker'(115)
--> Titou/Malfurion Stormrage Mana=1 Hlt=30 Att=0 Arm=2 Hnd=4 Dck=23 Min=2 Sec=0
--> Didier/Garrosh Hellscream Mana=0 Hlt=30 Att=0 Arm=0 Hnd=6 Dck=23 Min=1 Sec=0

NEXT_TURN

Didier ATTACK attacker=minion 'Frothing Berserker'(115) attacked=minion 'Thrallmar Farseer'(150)
--> Didier/Garrosh Hellscream Mana=4 Hlt=30 Att=0 Arm=0 Hnd=7 Dck=22 Min=0 Sec=0
--> Titou/Malfurion Stormrage Mana=1 Hlt=30 Att=0 Arm=2 Hnd=4 Dck=23 Min=1 Sec=0

Didier PLAY_CARD id=112 position=0 // name='Acidic Swamp Ooze' cost=2 text='Battlecry: Destroy your opponent's weapon.'
--> Didier/Garrosh Hellscream Mana=2 Hlt=30 Att=0 Arm=0 Hnd=6 Dck=22 Min=1 Sec=0
--> Titou/Malfurion Stormrage Mana=1 Hlt=30 Att=0 Arm=2 Hnd=4 Dck=23 Min=1 Sec=0

Didier USE_HERO_POWER power=''Armor Up!' power'
--> Didier/Garrosh Hellscream Mana=0 Hlt=30 Att=0 Arm=2 Hnd=6 Dck=22 Min=1 Sec=0
--> Titou/Malfurion Stormrage Mana=1 Hlt=30 Att=0 Arm=2 Hnd=4 Dck=23 Min=1 Sec=0

NEXT_TURN

Titou PLAY_CARD id=152 target=minion 'Acidic Swamp Ooze'(112) // name='Swipe' cost=4 text='Deal 4 damage to an enemy and 1 damage to all other enemies.'
--> Titou/Malfurion Stormrage Mana=1 Hlt=30 Att=0 Arm=2 Hnd=4 Dck=22 Min=1 Sec=0
--> Didier/Garrosh Hellscream Mana=0 Hlt=30 Att=0 Arm=2 Hnd=6 Dck=22 Min=0 Sec=0

Titou ATTACK attacker=minion 'Thrallmar Farseer'(149) attacked=hero 'Garrosh Hellscream'(100)
--> Titou/Malfurion Stormrage Mana=1 Hlt=30 Att=0 Arm=2 Hnd=4 Dck=22 Min=1 Sec=0
--> Didier/Garrosh Hellscream Mana=0 Hlt=30 Att=0 Arm=0 Hnd=6 Dck=22 Min=0 Sec=0

Titou ATTACK attacker=minion 'Thrallmar Farseer'(149) attacked=hero 'Garrosh Hellscream'(100)
--> Titou/Malfurion Stormrage Mana=1 Hlt=30 Att=0 Arm=2 Hnd=4 Dck=22 Min=1 Sec=0
--> Didier/Garrosh Hellscream Mana=0 Hlt=28 Att=0 Arm=0 Hnd=6 Dck=22 Min=0 Sec=0

NEXT_TURN

Didier PLAY_CARD id=121 position=0 // name='Cult Master' cost=4 text='Whenever one of your other minions dies, draw a card.'
--> Didier/Garrosh Hellscream Mana=1 Hlt=28 Att=0 Arm=0 Hnd=6 Dck=21 Min=1 Sec=0
--> Titou/Malfurion Stormrage Mana=1 Hlt=30 Att=0 Arm=2 Hnd=4 Dck=22 Min=1 Sec=0

Didier PLAY_CARD id=101 target=minion 'Thrallmar Farseer'(149) // name='Inner Rage' cost=0 text='Deal 1 damage to a minion and give it +2 Attack.'
--> Didier/Garrosh Hellscream Mana=1 Hlt=28 Att=0 Arm=0 Hnd=5 Dck=21 Min=1 Sec=0
--> Titou/Malfurion Stormrage Mana=1 Hlt=30 Att=0 Arm=2 Hnd=4 Dck=22 Min=1 Sec=0

NEXT_TURN

Titou USE_HERO_POWER power=''Shapeshift' power'
--> Titou/Malfurion Stormrage Mana=4 Hlt=30 Att=0 Arm=3 Hnd=5 Dck=21 Min=1 Sec=0
--> Didier/Garrosh Hellscream Mana=1 Hlt=28 Att=0 Arm=0 Hnd=5 Dck=21 Min=1 Sec=0

Titou ATTACK attacker=minion 'Thrallmar Farseer'(149) attacked=hero 'Garrosh Hellscream'(100)
--> Titou/Malfurion Stormrage Mana=4 Hlt=30 Att=0 Arm=3 Hnd=5 Dck=21 Min=1 Sec=0
--> Didier/Garrosh Hellscream Mana=1 Hlt=24 Att=0 Arm=0 Hnd=5 Dck=21 Min=1 Sec=0

Titou ATTACK attacker=hero 'Malfurion Stormrage'(131) attacked=hero 'Garrosh Hellscream'(100)
--> Titou/Malfurion Stormrage Mana=4 Hlt=30 Att=0 Arm=3 Hnd=5 Dck=21 Min=1 Sec=0
--> Didier/Garrosh Hellscream Mana=1 Hlt=23 Att=0 Arm=0 Hnd=5 Dck=21 Min=1 Sec=0

Titou ATTACK attacker=minion 'Thrallmar Farseer'(149) attacked=hero 'Garrosh Hellscream'(100)
--> Titou/Malfurion Stormrage Mana=4 Hlt=30 Att=0 Arm=3 Hnd=5 Dck=21 Min=1 Sec=0
--> Didier/Garrosh Hellscream Mana=1 Hlt=19 Att=0 Arm=0 Hnd=5 Dck=21 Min=1 Sec=0

Titou PLAY_CARD id=151 target=minion 'Cult Master'(121) // name='Swipe' cost=4 text='Deal 4 damage to an enemy and 1 damage to all other enemies.'
--> Titou/Malfurion Stormrage Mana=0 Hlt=30 Att=0 Arm=3 Hnd=4 Dck=21 Min=1 Sec=0
--> Didier/Garrosh Hellscream Mana=1 Hlt=19 Att=0 Arm=0 Hnd=5 Dck=21 Min=0 Sec=0

NEXT_TURN

Didier PLAY_CARD id=109 // name='Heroic Strike' cost=2 text='Give your hero +4 Attack this turn.'
--> Didier/Garrosh Hellscream Mana=4 Hlt=19 Att=0 Arm=0 Hnd=5 Dck=20 Min=0 Sec=0
--> Titou/Malfurion Stormrage Mana=0 Hlt=30 Att=0 Arm=3 Hnd=4 Dck=21 Min=1 Sec=0

Didier PLAY_CARD id=113 position=0 // name='Acolyte of Pain' cost=3 text='Whenever this minion takes damage, draw a card.'
--> Didier/Garrosh Hellscream Mana=1 Hlt=19 Att=0 Arm=0 Hnd=4 Dck=20 Min=1 Sec=0
--> Titou/Malfurion Stormrage Mana=0 Hlt=30 Att=0 Arm=3 Hnd=4 Dck=21 Min=1 Sec=0

Didier ATTACK attacker=hero 'Garrosh Hellscream'(100) attacked=minion 'Thrallmar Farseer'(149)
--> Didier/Garrosh Hellscream Mana=1 Hlt=15 Att=0 Arm=0 Hnd=4 Dck=20 Min=1 Sec=0
--> Titou/Malfurion Stormrage Mana=0 Hlt=30 Att=0 Arm=3 Hnd=4 Dck=21 Min=0 Sec=0

NEXT_TURN

Titou PLAY_CARD id=154 position=0 // name='Azure Drake' cost=5 text='Spell Damage +1. Battlecry: Draw a card.'
--> Titou/Malfurion Stormrage Mana=2 Hlt=30 Att=0 Arm=3 Hnd=5 Dck=19 Min=1 Sec=0
--> Didier/Garrosh Hellscream Mana=1 Hlt=15 Att=0 Arm=0 Hnd=4 Dck=20 Min=1 Sec=0

Titou PLAY_CARD id=145 position=1 // name='Acidic Swamp Ooze' cost=2 text='Battlecry: Destroy your opponent's weapon.'
--> Titou/Malfurion Stormrage Mana=0 Hlt=30 Att=0 Arm=3 Hnd=4 Dck=19 Min=2 Sec=0
--> Didier/Garrosh Hellscream Mana=1 Hlt=15 Att=0 Arm=0 Hnd=4 Dck=20 Min=1 Sec=0

NEXT_TURN

Didier USE_HERO_POWER power=''Armor Up!' power'
--> Didier/Garrosh Hellscream Mana=5 Hlt=15 Att=0 Arm=2 Hnd=5 Dck=19 Min=1 Sec=0
--> Titou/Malfurion Stormrage Mana=0 Hlt=30 Att=0 Arm=3 Hnd=4 Dck=19 Min=2 Sec=0

Didier ATTACK attacker=minion 'Acolyte of Pain'(113) attacked=minion 'Acidic Swamp Ooze'(145)
--> Didier/Garrosh Hellscream Mana=5 Hlt=15 Att=0 Arm=2 Hnd=6 Dck=18 Min=0 Sec=0
--> Titou/Malfurion Stormrage Mana=0 Hlt=30 Att=0 Arm=3 Hnd=4 Dck=19 Min=2 Sec=0

Didier PLAY_CARD id=118 position=0 // name='Arathi Weaponsmith' cost=4 text='Battlecry: Equip a 2/2 weapon.'
--> Didier/Garrosh Hellscream Mana=1 Hlt=15 Att=0 Arm=2 Hnd=5 Dck=18 Min=1 Sec=0
--> Titou/Malfurion Stormrage Mana=0 Hlt=30 Att=0 Arm=3 Hnd=4 Dck=19 Min=2 Sec=0

Didier ATTACK attacker=hero 'Garrosh Hellscream'(100) attacked=hero 'Malfurion Stormrage'(131)
--> Didier/Garrosh Hellscream Mana=1 Hlt=15 Att=0 Arm=2 Hnd=5 Dck=18 Min=1 Sec=0
--> Titou/Malfurion Stormrage Mana=0 Hlt=30 Att=0 Arm=1 Hnd=4 Dck=19 Min=2 Sec=0

NEXT_TURN

Titou ATTACK attacker=minion 'Azure Drake'(154) attacked=hero 'Garrosh Hellscream'(100)
--> Titou/Malfurion Stormrage Mana=8 Hlt=30 Att=0 Arm=1 Hnd=5 Dck=18 Min=2 Sec=0
--> Didier/Garrosh Hellscream Mana=1 Hlt=13 Att=0 Arm=0 Hnd=5 Dck=18 Min=1 Sec=0

Titou ATTACK attacker=minion 'Acidic Swamp Ooze'(145) attacked=minion 'Arathi Weaponsmith'(118)
--> Titou/Malfurion Stormrage Mana=8 Hlt=30 Att=0 Arm=1 Hnd=5 Dck=18 Min=1 Sec=0
--> Didier/Garrosh Hellscream Mana=1 Hlt=13 Att=0 Arm=0 Hnd=5 Dck=18 Min=0 Sec=0

Titou PLAY_CARD id=158 target=hero 'Garrosh Hellscream'(100) // name='Starfire' cost=6 text='Deal 5 damage. Draw a card.'
--> Titou/Malfurion Stormrage Mana=2 Hlt=30 Att=0 Arm=1 Hnd=5 Dck=17 Min=1 Sec=0
--> Didier/Garrosh Hellscream Mana=1 Hlt=7 Att=0 Arm=0 Hnd=5 Dck=18 Min=0 Sec=0

Titou PLAY_CARD id=137 // name='Claw' cost=1 text='Give your hero +2 Attack this turn and 2 Armor.'
--> Titou/Malfurion Stormrage Mana=1 Hlt=30 Att=0 Arm=3 Hnd=4 Dck=17 Min=1 Sec=0
--> Didier/Garrosh Hellscream Mana=1 Hlt=7 Att=0 Arm=0 Hnd=5 Dck=18 Min=0 Sec=0

Titou ATTACK attacker=hero 'Malfurion Stormrage'(131) attacked=hero 'Garrosh Hellscream'(100)
--> Titou/Malfurion Stormrage Mana=1 Hlt=30 Att=0 Arm=1 Hnd=4 Dck=17 Min=1 Sec=0
--> Didier/Garrosh Hellscream Mana=1 Hlt=5 Att=0 Arm=0 Hnd=5 Dck=18 Min=0 Sec=0

NEXT_TURN

Didier ATTACK attacker=hero 'Garrosh Hellscream'(100) attacked=hero 'Malfurion Stormrage'(131)
--> Didier/Garrosh Hellscream Mana=8 Hlt=5 Att=0 Arm=0 Hnd=6 Dck=17 Min=0 Sec=0
--> Titou/Malfurion Stormrage Mana=1 Hlt=29 Att=0 Arm=0 Hnd=4 Dck=17 Min=1 Sec=0

Didier PLAY_CARD id=114 position=0 // name='Frothing Berserker' cost=3 text='Whenever a minion takes damage, gain +1 Attack.'
--> Didier/Garrosh Hellscream Mana=5 Hlt=5 Att=0 Arm=0 Hnd=5 Dck=17 Min=1 Sec=0
--> Titou/Malfurion Stormrage Mana=1 Hlt=29 Att=0 Arm=0 Hnd=4 Dck=17 Min=1 Sec=0

Didier PLAY_CARD id=122 position=0 // name='Kor'kron Elite' cost=4 text='Charge'
--> Didier/Garrosh Hellscream Mana=1 Hlt=5 Att=0 Arm=0 Hnd=4 Dck=17 Min=2 Sec=0
--> Titou/Malfurion Stormrage Mana=1 Hlt=29 Att=0 Arm=0 Hnd=4 Dck=17 Min=1 Sec=0

Didier ATTACK attacker=minion 'Kor'kron Elite'(122) attacked=minion 'Azure Drake'(154)
--> Didier/Garrosh Hellscream Mana=1 Hlt=5 Att=0 Arm=0 Hnd=4 Dck=17 Min=1 Sec=0
--> Titou/Malfurion Stormrage Mana=1 Hlt=29 Att=0 Arm=0 Hnd=4 Dck=17 Min=0 Sec=0

NEXT_TURN

Titou USE_HERO_POWER power=''Shapeshift' power'
--> Titou/Malfurion Stormrage Mana=7 Hlt=29 Att=0 Arm=1 Hnd=5 Dck=16 Min=0 Sec=0
--> Didier/Garrosh Hellscream Mana=1 Hlt=5 Att=0 Arm=0 Hnd=4 Dck=17 Min=1 Sec=0

Titou PLAY_CARD id=161 position=0 // name='Lord of the Arena' cost=6 text='Taunt'
--> Titou/Malfurion Stormrage Mana=1 Hlt=29 Att=0 Arm=1 Hnd=4 Dck=16 Min=1 Sec=0
--> Didier/Garrosh Hellscream Mana=1 Hlt=5 Att=0 Arm=0 Hnd=4 Dck=17 Min=1 Sec=0

Titou ATTACK attacker=hero 'Malfurion Stormrage'(131) attacked=minion 'Frothing Berserker'(114)
--> Titou/Malfurion Stormrage Mana=1 Hlt=26 Att=0 Arm=0 Hnd=4 Dck=16 Min=1 Sec=0
--> Didier/Garrosh Hellscream Mana=1 Hlt=5 Att=0 Arm=0 Hnd=4 Dck=17 Min=1 Sec=0

NEXT_TURN

Didier PLAY_CARD id=110 // name='Heroic Strike' cost=2 text='Give your hero +4 Attack this turn.'
--> Didier/Garrosh Hellscream Mana=7 Hlt=5 Att=0 Arm=0 Hnd=4 Dck=16 Min=1 Sec=0
--> Titou/Malfurion Stormrage Mana=1 Hlt=26 Att=0 Arm=0 Hnd=4 Dck=16 Min=1 Sec=0

Didier PLAY_CARD id=108 // name='Fiery War Axe' cost=2 text='null'
--> Didier/Garrosh Hellscream Mana=5 Hlt=5 Att=0 Arm=0 Hnd=3 Dck=16 Min=1 Sec=0
--> Titou/Malfurion Stormrage Mana=1 Hlt=26 Att=0 Arm=0 Hnd=4 Dck=16 Min=1 Sec=0

Didier ATTACK attacker=minion 'Frothing Berserker'(114) attacked=minion 'Lord of the Arena'(161)
--> Didier/Garrosh Hellscream Mana=5 Hlt=5 Att=0 Arm=0 Hnd=3 Dck=16 Min=0 Sec=0
--> Titou/Malfurion Stormrage Mana=1 Hlt=26 Att=0 Arm=0 Hnd=4 Dck=16 Min=0 Sec=0

Didier PLAY_CARD id=123 position=0 // name='Kor'kron Elite' cost=4 text='Charge'
--> Didier/Garrosh Hellscream Mana=1 Hlt=5 Att=0 Arm=0 Hnd=2 Dck=16 Min=1 Sec=0
--> Titou/Malfurion Stormrage Mana=1 Hlt=26 Att=0 Arm=0 Hnd=4 Dck=16 Min=0 Sec=0

Didier ATTACK attacker=minion 'Kor'kron Elite'(123) attacked=hero 'Malfurion Stormrage'(131)
--> Didier/Garrosh Hellscream Mana=1 Hlt=5 Att=0 Arm=0 Hnd=2 Dck=16 Min=1 Sec=0
--> Titou/Malfurion Stormrage Mana=1 Hlt=22 Att=0 Arm=0 Hnd=4 Dck=16 Min=0 Sec=0

Didier ATTACK attacker=hero 'Garrosh Hellscream'(100) attacked=hero 'Malfurion Stormrage'(131)
--> Didier/Garrosh Hellscream Mana=1 Hlt=5 Att=0 Arm=0 Hnd=2 Dck=16 Min=1 Sec=0
--> Titou/Malfurion Stormrage Mana=1 Hlt=15 Att=0 Arm=0 Hnd=4 Dck=16 Min=0 Sec=0

NEXT_TURN

Titou PLAY_CARD id=140 choice='Deal 3 damage to a minion' target=minion 'Kor'kron Elite'(123) // name='Wrath' cost=2 text='Choose One - Deal 3 damage to a minion; or 1 damage and draw a card.'
--> Titou/Malfurion Stormrage Mana=8 Hlt=15 Att=0 Arm=0 Hnd=4 Dck=15 Min=0 Sec=0
--> Didier/Garrosh Hellscream Mana=1 Hlt=5 Att=0 Arm=0 Hnd=2 Dck=16 Min=0 Sec=0

Titou PLAY_CARD id=160 // name='Force of Nature' cost=6 text='Summon three 2/2 Treants with Charge that die at the end of the turn.'
--> Titou/Malfurion Stormrage Mana=2 Hlt=15 Att=0 Arm=0 Hnd=3 Dck=15 Min=3 Sec=0
--> Didier/Garrosh Hellscream Mana=1 Hlt=5 Att=0 Arm=0 Hnd=2 Dck=16 Min=0 Sec=0

Titou ATTACK attacker=minion 'Treant'(165) attacked=hero 'Garrosh Hellscream'(100)
--> Titou/Malfurion Stormrage Mana=2 Hlt=15 Att=0 Arm=0 Hnd=3 Dck=15 Min=2 Sec=0
--> Didier/Garrosh Hellscream Mana=1 Hlt=3 Att=0 Arm=0 Hnd=2 Dck=16 Min=0 Sec=0

Titou PLAY_CARD id=144 target=minion 'Treant'(166) position=0 // name='Ironbeak Owl' cost=2 text='Battlecry: Silence a minion.'
--> Titou/Malfurion Stormrage Mana=0 Hlt=15 Att=0 Arm=0 Hnd=2 Dck=15 Min=3 Sec=0
--> Didier/Garrosh Hellscream Mana=1 Hlt=3 Att=0 Arm=0 Hnd=2 Dck=16 Min=0 Sec=0

Titou ATTACK attacker=minion 'Treant'(167) attacked=hero 'Garrosh Hellscream'(100)
--> Titou/Malfurion Stormrage Mana=0 Hlt=15 Att=0 Arm=0 Hnd=2 Dck=15 Min=2 Sec=0
--> Didier/Garrosh Hellscream Mana=1 Hlt=1 Att=0 Arm=0 Hnd=2 Dck=16 Min=0 Sec=0

NEXT_TURN

Didier PLAY_CARD id=120 position=0 // name='Cult Master' cost=4 text='Whenever one of your other minions dies, draw a card.'
--> Didier/Garrosh Hellscream Mana=6 Hlt=1 Att=0 Arm=0 Hnd=2 Dck=15 Min=1 Sec=0
--> Titou/Malfurion Stormrage Mana=0 Hlt=15 Att=0 Arm=0 Hnd=2 Dck=15 Min=2 Sec=0

Didier ATTACK attacker=hero 'Garrosh Hellscream'(100) attacked=minion 'Treant'(166)
--> Didier/Garrosh Hellscream Mana=6 Hlt=-1 Att=0 Arm=0 Hnd=2 Dck=15 Min=1 Sec=0
--> Titou/Malfurion Stormrage Mana=0 Hlt=15 Att=0 Arm=0 Hnd=2 Dck=15 Min=1 Sec=0

Didier looses
Titou wins
