Active player = Titou
--> Titou/Malfurion Stormrage Mana=1 Hlt=30 Att=0 Arm=0 Hnd=4 Dck=26 Min=0 Sec=0
Opponent = Didier
--> Didier/Garrosh Hellscream Mana=0 Hlt=30 Att=0 Arm=0 Hnd=5 Dck=26 Min=0 Sec=0

Titou PLAY_CARD id=137 // name='Claw' cost=1 text='Give your hero +2 Attack this turn and 2 Armor.'
--> Titou/Malfurion Stormrage Mana=0 Hlt=30 Att=0 Arm=2 Hnd=3 Dck=26 Min=0 Sec=0
--> Didier/Garrosh Hellscream Mana=0 Hlt=30 Att=0 Arm=0 Hnd=5 Dck=26 Min=0 Sec=0

Titou ATTACK attacker=hero 'Malfurion Stormrage'(131) attacked=hero 'Garrosh Hellscream'(100)
--> Titou/Malfurion Stormrage Mana=0 Hlt=30 Att=0 Arm=2 Hnd=3 Dck=26 Min=0 Sec=0
--> Didier/Garrosh Hellscream Mana=0 Hlt=28 Att=0 Arm=0 Hnd=5 Dck=26 Min=0 Sec=0

NEXT_TURN

Didier PLAY_CARD id=102 // name='Upgrade!' cost=1 text='If you have a weapon, give it +1/+1. Otherwise equip a 1/3 weapon.'
--> Didier/Garrosh Hellscream Mana=0 Hlt=28 Att=0 Arm=0 Hnd=5 Dck=25 Min=0 Sec=0
--> Titou/Malfurion Stormrage Mana=0 Hlt=30 Att=0 Arm=2 Hnd=3 Dck=26 Min=0 Sec=0

Didier ATTACK attacker=hero 'Garrosh Hellscream'(100) attacked=hero 'Malfurion Stormrage'(131)
--> Didier/Garrosh Hellscream Mana=0 Hlt=28 Att=0 Arm=0 Hnd=5 Dck=25 Min=0 Sec=0
--> Titou/Malfurion Stormrage Mana=0 Hlt=30 Att=0 Arm=1 Hnd=3 Dck=26 Min=0 Sec=0

Didier PLAY_CARD id=162 // name='The Coin' cost=0 text='Gain 1 Mana Crystal this turn only.'
--> Didier/Garrosh Hellscream Mana=1 Hlt=28 Att=0 Arm=0 Hnd=4 Dck=25 Min=0 Sec=0
--> Titou/Malfurion Stormrage Mana=0 Hlt=30 Att=0 Arm=1 Hnd=3 Dck=26 Min=0 Sec=0

NEXT_TURN

Titou USE_HERO_POWER power=''Shapeshift' power'
--> Titou/Malfurion Stormrage Mana=0 Hlt=30 Att=0 Arm=2 Hnd=4 Dck=25 Min=0 Sec=0
--> Didier/Garrosh Hellscream Mana=1 Hlt=28 Att=0 Arm=0 Hnd=4 Dck=25 Min=0 Sec=0

Titou ATTACK attacker=hero 'Malfurion Stormrage'(131) attacked=hero 'Garrosh Hellscream'(100)
--> Titou/Malfurion Stormrage Mana=0 Hlt=30 Att=0 Arm=1 Hnd=4 Dck=25 Min=0 Sec=0
--> Didier/Garrosh Hellscream Mana=1 Hlt=27 Att=0 Arm=0 Hnd=4 Dck=25 Min=0 Sec=0

NEXT_TURN

Didier PLAY_CARD id=110 // name='Heroic Strike' cost=2 text='Give your hero +4 Attack this turn.'
--> Didier/Garrosh Hellscream Mana=0 Hlt=27 Att=0 Arm=0 Hnd=4 Dck=24 Min=0 Sec=0
--> Titou/Malfurion Stormrage Mana=0 Hlt=30 Att=0 Arm=1 Hnd=4 Dck=25 Min=0 Sec=0

Didier ATTACK attacker=hero 'Garrosh Hellscream'(100) attacked=hero 'Malfurion Stormrage'(131)
--> Didier/Garrosh Hellscream Mana=0 Hlt=27 Att=0 Arm=0 Hnd=4 Dck=24 Min=0 Sec=0
--> Titou/Malfurion Stormrage Mana=0 Hlt=26 Att=0 Arm=0 Hnd=4 Dck=25 Min=0 Sec=0

NEXT_TURN

Titou PLAY_CARD id=149 position=0 // name='Thrallmar Farseer' cost=3 text='Windfury'
--> Titou/Malfurion Stormrage Mana=0 Hlt=26 Att=0 Arm=0 Hnd=4 Dck=24 Min=1 Sec=0
--> Didier/Garrosh Hellscream Mana=0 Hlt=27 Att=0 Arm=0 Hnd=4 Dck=24 Min=0 Sec=0

NEXT_TURN

Didier ATTACK attacker=hero 'Garrosh Hellscream'(100) attacked=minion 'Thrallmar Farseer'(149)
--> Didier/Garrosh Hellscream Mana=3 Hlt=25 Att=0 Arm=0 Hnd=5 Dck=23 Min=0 Sec=0
--> Titou/Malfurion Stormrage Mana=0 Hlt=26 Att=0 Arm=0 Hnd=4 Dck=24 Min=1 Sec=0

Didier PLAY_CARD id=104 target=minion 'Thrallmar Farseer'(149) // name='Execute' cost=1 text='Destroy a damaged enemy minion.'
--> Didier/Garrosh Hellscream Mana=2 Hlt=25 Att=0 Arm=0 Hnd=4 Dck=23 Min=0 Sec=0
--> Titou/Malfurion Stormrage Mana=0 Hlt=26 Att=0 Arm=0 Hnd=4 Dck=24 Min=0 Sec=0

Didier USE_HERO_POWER power=''Armor Up!' power'
--> Didier/Garrosh Hellscream Mana=0 Hlt=25 Att=0 Arm=2 Hnd=4 Dck=23 Min=0 Sec=0
--> Titou/Malfurion Stormrage Mana=0 Hlt=26 Att=0 Arm=0 Hnd=4 Dck=24 Min=0 Sec=0

NEXT_TURN

Titou PLAY_CARD id=136 // name='Claw' cost=1 text='Give your hero +2 Attack this turn and 2 Armor.'
--> Titou/Malfurion Stormrage Mana=3 Hlt=26 Att=0 Arm=2 Hnd=4 Dck=23 Min=0 Sec=0
--> Didier/Garrosh Hellscream Mana=0 Hlt=25 Att=0 Arm=2 Hnd=4 Dck=23 Min=0 Sec=0

Titou USE_HERO_POWER power=''Shapeshift' power'
--> Titou/Malfurion Stormrage Mana=1 Hlt=26 Att=0 Arm=3 Hnd=4 Dck=23 Min=0 Sec=0
--> Didier/Garrosh Hellscream Mana=0 Hlt=25 Att=0 Arm=2 Hnd=4 Dck=23 Min=0 Sec=0

Titou ATTACK attacker=hero 'Malfurion Stormrage'(131) attacked=hero 'Garrosh Hellscream'(100)
--> Titou/Malfurion Stormrage Mana=1 Hlt=26 Att=0 Arm=3 Hnd=4 Dck=23 Min=0 Sec=0
--> Didier/Garrosh Hellscream Mana=0 Hlt=24 Att=0 Arm=0 Hnd=4 Dck=23 Min=0 Sec=0

NEXT_TURN

Didier USE_HERO_POWER power=''Armor Up!' power'
--> Didier/Garrosh Hellscream Mana=2 Hlt=24 Att=0 Arm=2 Hnd=5 Dck=22 Min=0 Sec=0
--> Titou/Malfurion Stormrage Mana=1 Hlt=26 Att=0 Arm=3 Hnd=4 Dck=23 Min=0 Sec=0

Didier PLAY_CARD id=112 position=0 // name='Acidic Swamp Ooze' cost=2 text='Battlecry: Destroy your opponent's weapon.'
--> Didier/Garrosh Hellscream Mana=0 Hlt=24 Att=0 Arm=2 Hnd=4 Dck=22 Min=1 Sec=0
--> Titou/Malfurion Stormrage Mana=1 Hlt=26 Att=0 Arm=3 Hnd=4 Dck=23 Min=0 Sec=0

NEXT_TURN

Titou PLAY_CARD id=157 choice='Charge' position=0 // name='Druid of the Claw' cost=5 text='Choose One - Charge; or +2 Health and Taunt.'
--> Titou/Malfurion Stormrage Mana=0 Hlt=26 Att=0 Arm=3 Hnd=4 Dck=22 Min=1 Sec=0
--> Didier/Garrosh Hellscream Mana=0 Hlt=24 Att=0 Arm=2 Hnd=4 Dck=22 Min=1 Sec=0

Titou ATTACK attacker=minion 'Druid of the Claw'(157) attacked=minion 'Acidic Swamp Ooze'(112)
--> Titou/Malfurion Stormrage Mana=0 Hlt=26 Att=0 Arm=3 Hnd=4 Dck=22 Min=1 Sec=0
--> Didier/Garrosh Hellscream Mana=0 Hlt=24 Att=0 Arm=2 Hnd=4 Dck=22 Min=0 Sec=0

NEXT_TURN

Didier PLAY_CARD id=108 // name='Fiery War Axe' cost=2 text='null'
--> Didier/Garrosh Hellscream Mana=3 Hlt=24 Att=0 Arm=2 Hnd=4 Dck=21 Min=0 Sec=0
--> Titou/Malfurion Stormrage Mana=0 Hlt=26 Att=0 Arm=3 Hnd=4 Dck=22 Min=1 Sec=0

Didier USE_HERO_POWER power=''Armor Up!' power'
--> Didier/Garrosh Hellscream Mana=1 Hlt=24 Att=0 Arm=4 Hnd=4 Dck=21 Min=0 Sec=0
--> Titou/Malfurion Stormrage Mana=0 Hlt=26 Att=0 Arm=3 Hnd=4 Dck=22 Min=1 Sec=0

Didier ATTACK attacker=hero 'Garrosh Hellscream'(100) attacked=minion 'Druid of the Claw'(157)
--> Didier/Garrosh Hellscream Mana=1 Hlt=24 Att=0 Arm=0 Hnd=4 Dck=21 Min=0 Sec=0
--> Titou/Malfurion Stormrage Mana=0 Hlt=26 Att=0 Arm=3 Hnd=4 Dck=22 Min=0 Sec=0

NEXT_TURN

Titou PLAY_CARD id=161 position=0 // name='Lord of the Arena' cost=6 text='Taunt'
--> Titou/Malfurion Stormrage Mana=0 Hlt=26 Att=0 Arm=3 Hnd=4 Dck=21 Min=1 Sec=0
--> Didier/Garrosh Hellscream Mana=1 Hlt=24 Att=0 Arm=0 Hnd=4 Dck=21 Min=0 Sec=0

NEXT_TURN

Didier USE_HERO_POWER power=''Armor Up!' power'
--> Didier/Garrosh Hellscream Mana=4 Hlt=24 Att=0 Arm=2 Hnd=5 Dck=20 Min=0 Sec=0
--> Titou/Malfurion Stormrage Mana=0 Hlt=26 Att=0 Arm=3 Hnd=4 Dck=21 Min=1 Sec=0

Didier PLAY_CARD id=121 position=0 // name='Cult Master' cost=4 text='Whenever one of your other minions dies, draw a card.'
--> Didier/Garrosh Hellscream Mana=0 Hlt=24 Att=0 Arm=2 Hnd=4 Dck=20 Min=1 Sec=0
--> Titou/Malfurion Stormrage Mana=0 Hlt=26 Att=0 Arm=3 Hnd=4 Dck=21 Min=1 Sec=0

Didier ATTACK attacker=hero 'Garrosh Hellscream'(100) attacked=minion 'Lord of the Arena'(161)
--> Didier/Garrosh Hellscream Mana=0 Hlt=20 Att=0 Arm=0 Hnd=4 Dck=20 Min=1 Sec=0
--> Titou/Malfurion Stormrage Mana=0 Hlt=26 Att=0 Arm=3 Hnd=4 Dck=21 Min=1 Sec=0

NEXT_TURN

Titou PLAY_CARD id=146 position=1 // name='Acidic Swamp Ooze' cost=2 text='Battlecry: Destroy your opponent's weapon.'
--> Titou/Malfurion Stormrage Mana=5 Hlt=26 Att=0 Arm=3 Hnd=4 Dck=20 Min=2 Sec=0
--> Didier/Garrosh Hellscream Mana=0 Hlt=20 Att=0 Arm=0 Hnd=4 Dck=20 Min=1 Sec=0

Titou PLAY_CARD id=141 target=minion 'Acidic Swamp Ooze'(146) // name='Mark of the Wild' cost=2 text='Give a minion Taunt and +2/+2. (+2 Attack/+2 Health)'
--> Titou/Malfurion Stormrage Mana=3 Hlt=26 Att=0 Arm=3 Hnd=3 Dck=20 Min=2 Sec=0
--> Didier/Garrosh Hellscream Mana=0 Hlt=20 Att=0 Arm=0 Hnd=4 Dck=20 Min=1 Sec=0

Titou PLAY_CARD id=140 choice='Deal 3 damage to a minion' target=minion 'Acidic Swamp Ooze'(146) // name='Wrath' cost=2 text='Choose One - Deal 3 damage to a minion; or 1 damage and draw a card.'
--> Titou/Malfurion Stormrage Mana=1 Hlt=26 Att=0 Arm=3 Hnd=2 Dck=20 Min=2 Sec=0
--> Didier/Garrosh Hellscream Mana=0 Hlt=20 Att=0 Arm=0 Hnd=4 Dck=20 Min=1 Sec=0

Titou ATTACK attacker=minion 'Lord of the Arena'(161) attacked=minion 'Cult Master'(121)
--> Titou/Malfurion Stormrage Mana=1 Hlt=26 Att=0 Arm=3 Hnd=2 Dck=20 Min=1 Sec=0
--> Didier/Garrosh Hellscream Mana=0 Hlt=20 Att=0 Arm=0 Hnd=4 Dck=20 Min=0 Sec=0

Titou PLAY_CARD id=138 position=0 // name='Leper Gnome' cost=1 text='Deathrattle: Deal 2 damage to the enemy hero.'
--> Titou/Malfurion Stormrage Mana=0 Hlt=26 Att=0 Arm=3 Hnd=1 Dck=20 Min=2 Sec=0
--> Didier/Garrosh Hellscream Mana=0 Hlt=20 Att=0 Arm=0 Hnd=4 Dck=20 Min=0 Sec=0

NEXT_TURN

Didier PLAY_CARD id=114 position=0 // name='Frothing Berserker' cost=3 text='Whenever a minion takes damage, gain +1 Attack.'
--> Didier/Garrosh Hellscream Mana=4 Hlt=20 Att=0 Arm=0 Hnd=4 Dck=19 Min=1 Sec=0
--> Titou/Malfurion Stormrage Mana=0 Hlt=26 Att=0 Arm=3 Hnd=1 Dck=20 Min=2 Sec=0

Didier USE_HERO_POWER power=''Armor Up!' power'
--> Didier/Garrosh Hellscream Mana=2 Hlt=20 Att=0 Arm=2 Hnd=4 Dck=19 Min=1 Sec=0
--> Titou/Malfurion Stormrage Mana=0 Hlt=26 Att=0 Arm=3 Hnd=1 Dck=20 Min=2 Sec=0

Didier PLAY_CARD id=109 // name='Heroic Strike' cost=2 text='Give your hero +4 Attack this turn.'
--> Didier/Garrosh Hellscream Mana=0 Hlt=20 Att=0 Arm=2 Hnd=3 Dck=19 Min=1 Sec=0
--> Titou/Malfurion Stormrage Mana=0 Hlt=26 Att=0 Arm=3 Hnd=1 Dck=20 Min=2 Sec=0

Didier ATTACK attacker=hero 'Garrosh Hellscream'(100) attacked=minion 'Acidic Swamp Ooze'(146)
--> Didier/Garrosh Hellscream Mana=0 Hlt=17 Att=0 Arm=0 Hnd=3 Dck=19 Min=1 Sec=0
--> Titou/Malfurion Stormrage Mana=0 Hlt=26 Att=0 Arm=3 Hnd=1 Dck=20 Min=1 Sec=0

NEXT_TURN

Titou PLAY_CARD id=156 choice='Charge' position=1 // name='Druid of the Claw' cost=5 text='Choose One - Charge; or +2 Health and Taunt.'
--> Titou/Malfurion Stormrage Mana=3 Hlt=26 Att=0 Arm=3 Hnd=1 Dck=19 Min=2 Sec=0
--> Didier/Garrosh Hellscream Mana=0 Hlt=17 Att=0 Arm=0 Hnd=3 Dck=19 Min=1 Sec=0

Titou ATTACK attacker=minion 'Leper Gnome'(138) attacked=hero 'Garrosh Hellscream'(100)
--> Titou/Malfurion Stormrage Mana=3 Hlt=26 Att=0 Arm=3 Hnd=1 Dck=19 Min=2 Sec=0
--> Didier/Garrosh Hellscream Mana=0 Hlt=15 Att=0 Arm=0 Hnd=3 Dck=19 Min=1 Sec=0

Titou USE_HERO_POWER power=''Shapeshift' power'
--> Titou/Malfurion Stormrage Mana=1 Hlt=26 Att=0 Arm=4 Hnd=1 Dck=19 Min=2 Sec=0
--> Didier/Garrosh Hellscream Mana=0 Hlt=15 Att=0 Arm=0 Hnd=3 Dck=19 Min=1 Sec=0

Titou ATTACK attacker=hero 'Malfurion Stormrage'(131) attacked=minion 'Frothing Berserker'(114)
--> Titou/Malfurion Stormrage Mana=1 Hlt=26 Att=0 Arm=1 Hnd=1 Dck=19 Min=2 Sec=0
--> Didier/Garrosh Hellscream Mana=0 Hlt=15 Att=0 Arm=0 Hnd=3 Dck=19 Min=1 Sec=0

Titou ATTACK attacker=minion 'Druid of the Claw'(156) attacked=minion 'Frothing Berserker'(114)
--> Titou/Malfurion Stormrage Mana=1 Hlt=26 Att=0 Arm=1 Hnd=1 Dck=19 Min=1 Sec=0
--> Didier/Garrosh Hellscream Mana=0 Hlt=15 Att=0 Arm=0 Hnd=3 Dck=19 Min=0 Sec=0

NEXT_TURN

Didier PLAY_CARD id=123 position=0 // name='Kor'kron Elite' cost=4 text='Charge'
--> Didier/Garrosh Hellscream Mana=4 Hlt=15 Att=0 Arm=0 Hnd=3 Dck=18 Min=1 Sec=0
--> Titou/Malfurion Stormrage Mana=1 Hlt=26 Att=0 Arm=1 Hnd=1 Dck=19 Min=1 Sec=0

Didier ATTACK attacker=minion 'Kor'kron Elite'(123) attacked=hero 'Malfurion Stormrage'(131)
--> Didier/Garrosh Hellscream Mana=4 Hlt=15 Att=0 Arm=0 Hnd=3 Dck=18 Min=1 Sec=0
--> Titou/Malfurion Stormrage Mana=1 Hlt=23 Att=0 Arm=0 Hnd=1 Dck=19 Min=1 Sec=0

Didier USE_HERO_POWER power=''Armor Up!' power'
--> Didier/Garrosh Hellscream Mana=2 Hlt=15 Att=0 Arm=2 Hnd=3 Dck=18 Min=1 Sec=0
--> Titou/Malfurion Stormrage Mana=1 Hlt=23 Att=0 Arm=0 Hnd=1 Dck=19 Min=1 Sec=0

Didier PLAY_CARD id=111 target=minion 'Leper Gnome'(138) // name='Shield Slam' cost=1 text='Deal 1 damage to a minion for each Armor you have.'
--> Didier/Garrosh Hellscream Mana=1 Hlt=13 Att=0 Arm=2 Hnd=2 Dck=18 Min=1 Sec=0
--> Titou/Malfurion Stormrage Mana=1 Hlt=23 Att=0 Arm=0 Hnd=1 Dck=19 Min=0 Sec=0

NEXT_TURN

Titou PLAY_CARD id=135 target=minion 'Kor'kron Elite'(123) // name='Naturalize' cost=1 text='Destroy a minion. Your opponent draws 2 cards.'
--> Titou/Malfurion Stormrage Mana=8 Hlt=23 Att=0 Arm=0 Hnd=1 Dck=18 Min=0 Sec=0
--> Didier/Garrosh Hellscream Mana=1 Hlt=13 Att=0 Arm=2 Hnd=4 Dck=16 Min=0 Sec=0

Titou USE_HERO_POWER power=''Shapeshift' power'
--> Titou/Malfurion Stormrage Mana=6 Hlt=23 Att=0 Arm=1 Hnd=1 Dck=18 Min=0 Sec=0
--> Didier/Garrosh Hellscream Mana=1 Hlt=13 Att=0 Arm=2 Hnd=4 Dck=16 Min=0 Sec=0

Titou ATTACK attacker=hero 'Malfurion Stormrage'(131) attacked=hero 'Garrosh Hellscream'(100)
--> Titou/Malfurion Stormrage Mana=6 Hlt=23 Att=0 Arm=1 Hnd=1 Dck=18 Min=0 Sec=0
--> Didier/Garrosh Hellscream Mana=1 Hlt=13 Att=0 Arm=1 Hnd=4 Dck=16 Min=0 Sec=0

NEXT_TURN

Didier PLAY_CARD id=125 // name='Arcanite Reaper' cost=5 text='null'
--> Didier/Garrosh Hellscream Mana=4 Hlt=13 Att=0 Arm=1 Hnd=4 Dck=15 Min=0 Sec=0
--> Titou/Malfurion Stormrage Mana=6 Hlt=23 Att=0 Arm=1 Hnd=1 Dck=18 Min=0 Sec=0

Didier PLAY_CARD id=120 position=0 // name='Cult Master' cost=4 text='Whenever one of your other minions dies, draw a card.'
--> Didier/Garrosh Hellscream Mana=0 Hlt=13 Att=0 Arm=1 Hnd=3 Dck=15 Min=1 Sec=0
--> Titou/Malfurion Stormrage Mana=6 Hlt=23 Att=0 Arm=1 Hnd=1 Dck=18 Min=0 Sec=0

Didier PLAY_CARD id=101 target=minion 'Cult Master'(120) // name='Inner Rage' cost=0 text='Deal 1 damage to a minion and give it +2 Attack.'
--> Didier/Garrosh Hellscream Mana=0 Hlt=13 Att=0 Arm=1 Hnd=2 Dck=15 Min=1 Sec=0
--> Titou/Malfurion Stormrage Mana=6 Hlt=23 Att=0 Arm=1 Hnd=1 Dck=18 Min=0 Sec=0

Didier ATTACK attacker=hero 'Garrosh Hellscream'(100) attacked=hero 'Malfurion Stormrage'(131)
--> Didier/Garrosh Hellscream Mana=0 Hlt=13 Att=0 Arm=1 Hnd=2 Dck=15 Min=1 Sec=0
--> Titou/Malfurion Stormrage Mana=6 Hlt=19 Att=0 Arm=0 Hnd=1 Dck=18 Min=0 Sec=0

NEXT_TURN

Titou PLAY_CARD id=155 position=0 // name='Azure Drake' cost=5 text='Spell Damage +1. Battlecry: Draw a card.'
--> Titou/Malfurion Stormrage Mana=5 Hlt=19 Att=0 Arm=0 Hnd=2 Dck=16 Min=1 Sec=0
--> Didier/Garrosh Hellscream Mana=0 Hlt=13 Att=0 Arm=1 Hnd=2 Dck=15 Min=1 Sec=0

Titou USE_HERO_POWER power=''Shapeshift' power'
--> Titou/Malfurion Stormrage Mana=3 Hlt=19 Att=0 Arm=1 Hnd=2 Dck=16 Min=1 Sec=0
--> Didier/Garrosh Hellscream Mana=0 Hlt=13 Att=0 Arm=1 Hnd=2 Dck=15 Min=1 Sec=0

Titou ATTACK attacker=hero 'Malfurion Stormrage'(131) attacked=hero 'Garrosh Hellscream'(100)
--> Titou/Malfurion Stormrage Mana=3 Hlt=15 Att=0 Arm=0 Hnd=2 Dck=16 Min=1 Sec=0
--> Didier/Garrosh Hellscream Mana=0 Hlt=13 Att=0 Arm=0 Hnd=2 Dck=15 Min=1 Sec=0

NEXT_TURN

Didier PLAY_CARD id=130 position=1 // name='Stormwind Champion' cost=7 text='Your other minions have +1/+1.'
--> Didier/Garrosh Hellscream Mana=3 Hlt=13 Att=0 Arm=0 Hnd=2 Dck=14 Min=2 Sec=0
--> Titou/Malfurion Stormrage Mana=3 Hlt=15 Att=0 Arm=0 Hnd=2 Dck=16 Min=1 Sec=0

Didier PLAY_CARD id=106 // name='Whirlwind' cost=1 text='Deal 1 damage to ALL minions.'
--> Didier/Garrosh Hellscream Mana=2 Hlt=13 Att=0 Arm=0 Hnd=1 Dck=14 Min=2 Sec=0
--> Titou/Malfurion Stormrage Mana=3 Hlt=15 Att=0 Arm=0 Hnd=2 Dck=16 Min=1 Sec=0

Didier ATTACK attacker=minion 'Cult Master'(120) attacked=hero 'Malfurion Stormrage'(131)
--> Didier/Garrosh Hellscream Mana=2 Hlt=13 Att=0 Arm=0 Hnd=1 Dck=14 Min=2 Sec=0
--> Titou/Malfurion Stormrage Mana=3 Hlt=8 Att=0 Arm=0 Hnd=2 Dck=16 Min=1 Sec=0

Didier ATTACK attacker=hero 'Garrosh Hellscream'(100) attacked=hero 'Malfurion Stormrage'(131)
--> Didier/Garrosh Hellscream Mana=2 Hlt=13 Att=0 Arm=0 Hnd=1 Dck=14 Min=2 Sec=0
--> Titou/Malfurion Stormrage Mana=3 Hlt=3 Att=0 Arm=0 Hnd=2 Dck=16 Min=1 Sec=0

Didier USE_HERO_POWER power=''Armor Up!' power'
--> Didier/Garrosh Hellscream Mana=0 Hlt=13 Att=0 Arm=2 Hnd=1 Dck=14 Min=2 Sec=0
--> Titou/Malfurion Stormrage Mana=3 Hlt=3 Att=0 Arm=0 Hnd=2 Dck=16 Min=1 Sec=0

NEXT_TURN

Titou PLAY_CARD id=148 position=1 // name='Wolfrider' cost=3 text='Charge'
--> Titou/Malfurion Stormrage Mana=7 Hlt=3 Att=0 Arm=0 Hnd=2 Dck=15 Min=2 Sec=0
--> Didier/Garrosh Hellscream Mana=0 Hlt=13 Att=0 Arm=2 Hnd=1 Dck=14 Min=2 Sec=0

Titou ATTACK attacker=minion 'Wolfrider'(148) attacked=hero 'Garrosh Hellscream'(100)
--> Titou/Malfurion Stormrage Mana=7 Hlt=3 Att=0 Arm=0 Hnd=2 Dck=15 Min=2 Sec=0
--> Didier/Garrosh Hellscream Mana=0 Hlt=12 Att=0 Arm=0 Hnd=1 Dck=14 Min=2 Sec=0

Titou ATTACK attacker=minion 'Azure Drake'(155) attacked=hero 'Garrosh Hellscream'(100)
--> Titou/Malfurion Stormrage Mana=7 Hlt=3 Att=0 Arm=0 Hnd=2 Dck=15 Min=2 Sec=0
--> Didier/Garrosh Hellscream Mana=0 Hlt=8 Att=0 Arm=0 Hnd=1 Dck=14 Min=2 Sec=0

Titou USE_HERO_POWER power=''Shapeshift' power'
--> Titou/Malfurion Stormrage Mana=5 Hlt=3 Att=0 Arm=1 Hnd=2 Dck=15 Min=2 Sec=0
--> Didier/Garrosh Hellscream Mana=0 Hlt=8 Att=0 Arm=0 Hnd=1 Dck=14 Min=2 Sec=0

Titou ATTACK attacker=hero 'Malfurion Stormrage'(131) attacked=hero 'Garrosh Hellscream'(100)
--> Titou/Malfurion Stormrage Mana=5 Hlt=3 Att=0 Arm=1 Hnd=2 Dck=15 Min=2 Sec=0
--> Didier/Garrosh Hellscream Mana=0 Hlt=7 Att=0 Arm=0 Hnd=1 Dck=14 Min=2 Sec=0

NEXT_TURN

Didier PLAY_CARD id=129 target=minion 'Stormwind Champion'(130) position=0 // name='Frost Elemental' cost=6 text='Battlecry: Freeze a character.'
--> Didier/Garrosh Hellscream Mana=4 Hlt=7 Att=0 Arm=0 Hnd=1 Dck=13 Min=3 Sec=0
--> Titou/Malfurion Stormrage Mana=5 Hlt=3 Att=0 Arm=1 Hnd=2 Dck=15 Min=2 Sec=0

Didier PLAY_CARD id=117 position=0 // name='Thrallmar Farseer' cost=3 text='Windfury'
--> Didier/Garrosh Hellscream Mana=1 Hlt=7 Att=0 Arm=0 Hnd=0 Dck=13 Min=4 Sec=0
--> Titou/Malfurion Stormrage Mana=5 Hlt=3 Att=0 Arm=1 Hnd=2 Dck=15 Min=2 Sec=0

Didier ATTACK attacker=minion 'Cult Master'(120) attacked=minion 'Azure Drake'(155)
--> Didier/Garrosh Hellscream Mana=1 Hlt=7 Att=0 Arm=0 Hnd=0 Dck=13 Min=3 Sec=0
--> Titou/Malfurion Stormrage Mana=5 Hlt=3 Att=0 Arm=1 Hnd=2 Dck=15 Min=1 Sec=0

NEXT_TURN

Titou PLAY_CARD id=139 choice='Deal 3 damage to a minion' target=minion 'Frost Elemental'(129) // name='Wrath' cost=2 text='Choose One - Deal 3 damage to a minion; or 1 damage and draw a card.'
--> Titou/Malfurion Stormrage Mana=8 Hlt=3 Att=0 Arm=1 Hnd=2 Dck=14 Min=1 Sec=0
--> Didier/Garrosh Hellscream Mana=1 Hlt=7 Att=0 Arm=0 Hnd=0 Dck=13 Min=3 Sec=0

Titou USE_HERO_POWER power=''Shapeshift' power'
--> Titou/Malfurion Stormrage Mana=6 Hlt=3 Att=0 Arm=2 Hnd=2 Dck=14 Min=1 Sec=0
--> Didier/Garrosh Hellscream Mana=1 Hlt=7 Att=0 Arm=0 Hnd=0 Dck=13 Min=3 Sec=0

Titou ATTACK attacker=minion 'Wolfrider'(148) attacked=minion 'Stormwind Champion'(130)
--> Titou/Malfurion Stormrage Mana=6 Hlt=3 Att=0 Arm=2 Hnd=2 Dck=14 Min=0 Sec=0
--> Didier/Garrosh Hellscream Mana=1 Hlt=7 Att=0 Arm=0 Hnd=0 Dck=13 Min=3 Sec=0

Titou ATTACK attacker=hero 'Malfurion Stormrage'(131) attacked=minion 'Frost Elemental'(129)
--> Titou/Malfurion Stormrage Mana=6 Hlt=-1 Att=0 Arm=0 Hnd=2 Dck=14 Min=0 Sec=0
--> Didier/Garrosh Hellscream Mana=1 Hlt=7 Att=0 Arm=0 Hnd=0 Dck=13 Min=3 Sec=0

Didier wins
Titou looses
