Active player = Titou
--> Titou/Malfurion Stormrage Mana=1 Hlt=30 Att=0 Arm=0 Hnd=4 Dck=26 Min=0 Sec=0
Opponent = Didier
--> Didier/Garrosh Hellscream Mana=0 Hlt=30 Att=0 Arm=0 Hnd=5 Dck=26 Min=0 Sec=0

Titou PLAY_CARD id=138 position=0 // name='Leper Gnome' cost=1 text='Deathrattle: Deal 2 damage to the enemy hero.'
--> Titou/Malfurion Stormrage Mana=0 Hlt=30 Att=0 Arm=0 Hnd=3 Dck=26 Min=1 Sec=0
--> Didier/Garrosh Hellscream Mana=0 Hlt=30 Att=0 Arm=0 Hnd=5 Dck=26 Min=0 Sec=0

NEXT_TURN

Didier PLAY_CARD id=162 // name='The Coin' cost=0 text='Gain 1 Mana Crystal this turn only.'
--> Didier/Garrosh Hellscream Mana=2 Hlt=30 Att=0 Arm=0 Hnd=5 Dck=25 Min=0 Sec=0
--> Titou/Malfurion Stormrage Mana=0 Hlt=30 Att=0 Arm=0 Hnd=3 Dck=26 Min=1 Sec=0

Didier PLAY_CARD id=110 // name='Heroic Strike' cost=2 text='Give your hero +4 Attack this turn.'
--> Didier/Garrosh Hellscream Mana=0 Hlt=30 Att=0 Arm=0 Hnd=4 Dck=25 Min=0 Sec=0
--> Titou/Malfurion Stormrage Mana=0 Hlt=30 Att=0 Arm=0 Hnd=3 Dck=26 Min=1 Sec=0

Didier ATTACK attacker=hero 'Garrosh Hellscream'(100) attacked=hero 'Malfurion Stormrage'(131)
--> Didier/Garrosh Hellscream Mana=0 Hlt=30 Att=0 Arm=0 Hnd=4 Dck=25 Min=0 Sec=0
--> Titou/Malfurion Stormrage Mana=0 Hlt=26 Att=0 Arm=0 Hnd=3 Dck=26 Min=1 Sec=0

NEXT_TURN

Titou PLAY_CARD id=144 target=minion 'Leper Gnome'(138) position=0 // name='Ironbeak Owl' cost=2 text='Battlecry: Silence a minion.'
--> Titou/Malfurion Stormrage Mana=0 Hlt=26 Att=0 Arm=0 Hnd=3 Dck=25 Min=2 Sec=0
--> Didier/Garrosh Hellscream Mana=0 Hlt=30 Att=0 Arm=0 Hnd=4 Dck=25 Min=0 Sec=0

Titou ATTACK attacker=minion 'Leper Gnome'(138) attacked=hero 'Garrosh Hellscream'(100)
--> Titou/Malfurion Stormrage Mana=0 Hlt=26 Att=0 Arm=0 Hnd=3 Dck=25 Min=2 Sec=0
--> Didier/Garrosh Hellscream Mana=0 Hlt=28 Att=0 Arm=0 Hnd=4 Dck=25 Min=0 Sec=0

NEXT_TURN

Didier USE_HERO_POWER power=''Armor Up!' power'
--> Didier/Garrosh Hellscream Mana=0 Hlt=28 Att=0 Arm=2 Hnd=5 Dck=24 Min=0 Sec=0
--> Titou/Malfurion Stormrage Mana=0 Hlt=26 Att=0 Arm=0 Hnd=3 Dck=25 Min=2 Sec=0

NEXT_TURN

Titou PLAY_CARD id=134 target=minion 'Leper Gnome'(138) // name='Naturalize' cost=1 text='Destroy a minion. Your opponent draws 2 cards.'
--> Titou/Malfurion Stormrage Mana=2 Hlt=26 Att=0 Arm=0 Hnd=3 Dck=24 Min=1 Sec=0
--> Didier/Garrosh Hellscream Mana=0 Hlt=28 Att=0 Arm=2 Hnd=7 Dck=22 Min=0 Sec=0

Titou ATTACK attacker=minion 'Ironbeak Owl'(144) attacked=hero 'Garrosh Hellscream'(100)
--> Titou/Malfurion Stormrage Mana=2 Hlt=26 Att=0 Arm=0 Hnd=3 Dck=24 Min=1 Sec=0
--> Didier/Garrosh Hellscream Mana=0 Hlt=28 Att=0 Arm=0 Hnd=7 Dck=22 Min=0 Sec=0

Titou USE_HERO_POWER power=''Shapeshift' power'
--> Titou/Malfurion Stormrage Mana=0 Hlt=26 Att=0 Arm=1 Hnd=3 Dck=24 Min=1 Sec=0
--> Didier/Garrosh Hellscream Mana=0 Hlt=28 Att=0 Arm=0 Hnd=7 Dck=22 Min=0 Sec=0

Titou ATTACK attacker=hero 'Malfurion Stormrage'(131) attacked=hero 'Garrosh Hellscream'(100)
--> Titou/Malfurion Stormrage Mana=0 Hlt=26 Att=0 Arm=1 Hnd=3 Dck=24 Min=1 Sec=0
--> Didier/Garrosh Hellscream Mana=0 Hlt=27 Att=0 Arm=0 Hnd=7 Dck=22 Min=0 Sec=0

NEXT_TURN

Didier USE_HERO_POWER power=''Armor Up!' power'
--> Didier/Garrosh Hellscream Mana=1 Hlt=27 Att=0 Arm=2 Hnd=8 Dck=21 Min=0 Sec=0
--> Titou/Malfurion Stormrage Mana=0 Hlt=26 Att=0 Arm=1 Hnd=3 Dck=24 Min=1 Sec=0

Didier PLAY_CARD id=101 target=minion 'Ironbeak Owl'(144) // name='Inner Rage' cost=0 text='Deal 1 damage to a minion and give it +2 Attack.'
--> Didier/Garrosh Hellscream Mana=1 Hlt=27 Att=0 Arm=2 Hnd=7 Dck=21 Min=0 Sec=0
--> Titou/Malfurion Stormrage Mana=0 Hlt=26 Att=0 Arm=1 Hnd=3 Dck=24 Min=0 Sec=0

NEXT_TURN

Titou USE_HERO_POWER power=''Shapeshift' power'
--> Titou/Malfurion Stormrage Mana=2 Hlt=26 Att=0 Arm=2 Hnd=4 Dck=23 Min=0 Sec=0
--> Didier/Garrosh Hellscream Mana=1 Hlt=27 Att=0 Arm=2 Hnd=7 Dck=21 Min=0 Sec=0

Titou ATTACK attacker=hero 'Malfurion Stormrage'(131) attacked=hero 'Garrosh Hellscream'(100)
--> Titou/Malfurion Stormrage Mana=2 Hlt=26 Att=0 Arm=2 Hnd=4 Dck=23 Min=0 Sec=0
--> Didier/Garrosh Hellscream Mana=1 Hlt=27 Att=0 Arm=1 Hnd=7 Dck=21 Min=0 Sec=0

NEXT_TURN

Didier PLAY_CARD id=117 position=0 // name='Thrallmar Farseer' cost=3 text='Windfury'
--> Didier/Garrosh Hellscream Mana=1 Hlt=27 Att=0 Arm=1 Hnd=7 Dck=20 Min=1 Sec=0
--> Titou/Malfurion Stormrage Mana=2 Hlt=26 Att=0 Arm=2 Hnd=4 Dck=23 Min=0 Sec=0

NEXT_TURN

Titou USE_HERO_POWER power=''Shapeshift' power'
--> Titou/Malfurion Stormrage Mana=3 Hlt=26 Att=0 Arm=3 Hnd=5 Dck=22 Min=0 Sec=0
--> Didier/Garrosh Hellscream Mana=1 Hlt=27 Att=0 Arm=1 Hnd=7 Dck=20 Min=1 Sec=0

Titou ATTACK attacker=hero 'Malfurion Stormrage'(131) attacked=hero 'Garrosh Hellscream'(100)
--> Titou/Malfurion Stormrage Mana=3 Hlt=26 Att=0 Arm=3 Hnd=5 Dck=22 Min=0 Sec=0
--> Didier/Garrosh Hellscream Mana=1 Hlt=27 Att=0 Arm=0 Hnd=7 Dck=20 Min=1 Sec=0

NEXT_TURN

Didier PLAY_CARD id=120 position=0 // name='Cult Master' cost=4 text='Whenever one of your other minions dies, draw a card.'
--> Didier/Garrosh Hellscream Mana=1 Hlt=27 Att=0 Arm=0 Hnd=7 Dck=19 Min=2 Sec=0
--> Titou/Malfurion Stormrage Mana=3 Hlt=26 Att=0 Arm=3 Hnd=5 Dck=22 Min=0 Sec=0

Didier ATTACK attacker=minion 'Thrallmar Farseer'(117) attacked=hero 'Malfurion Stormrage'(131)
--> Didier/Garrosh Hellscream Mana=1 Hlt=27 Att=0 Arm=0 Hnd=7 Dck=19 Min=2 Sec=0
--> Titou/Malfurion Stormrage Mana=3 Hlt=26 Att=0 Arm=1 Hnd=5 Dck=22 Min=0 Sec=0

Didier ATTACK attacker=minion 'Thrallmar Farseer'(117) attacked=hero 'Malfurion Stormrage'(131)
--> Didier/Garrosh Hellscream Mana=1 Hlt=27 Att=0 Arm=0 Hnd=7 Dck=19 Min=2 Sec=0
--> Titou/Malfurion Stormrage Mana=3 Hlt=25 Att=0 Arm=0 Hnd=5 Dck=22 Min=0 Sec=0

NEXT_TURN

Titou PLAY_CARD id=158 target=minion 'Cult Master'(120) // name='Starfire' cost=6 text='Deal 5 damage. Draw a card.'
--> Titou/Malfurion Stormrage Mana=0 Hlt=25 Att=0 Arm=0 Hnd=6 Dck=20 Min=0 Sec=0
--> Didier/Garrosh Hellscream Mana=1 Hlt=27 Att=0 Arm=0 Hnd=7 Dck=19 Min=1 Sec=0

NEXT_TURN

Didier PLAY_CARD id=122 position=1 // name='Kor'kron Elite' cost=4 text='Charge'
--> Didier/Garrosh Hellscream Mana=2 Hlt=27 Att=0 Arm=0 Hnd=7 Dck=18 Min=2 Sec=0
--> Titou/Malfurion Stormrage Mana=0 Hlt=25 Att=0 Arm=0 Hnd=6 Dck=20 Min=0 Sec=0

Didier USE_HERO_POWER power=''Armor Up!' power'
--> Didier/Garrosh Hellscream Mana=0 Hlt=27 Att=0 Arm=2 Hnd=7 Dck=18 Min=2 Sec=0
--> Titou/Malfurion Stormrage Mana=0 Hlt=25 Att=0 Arm=0 Hnd=6 Dck=20 Min=0 Sec=0

Didier ATTACK attacker=minion 'Kor'kron Elite'(122) attacked=hero 'Malfurion Stormrage'(131)
--> Didier/Garrosh Hellscream Mana=0 Hlt=27 Att=0 Arm=2 Hnd=7 Dck=18 Min=2 Sec=0
--> Titou/Malfurion Stormrage Mana=0 Hlt=21 Att=0 Arm=0 Hnd=6 Dck=20 Min=0 Sec=0

Didier ATTACK attacker=minion 'Thrallmar Farseer'(117) attacked=hero 'Malfurion Stormrage'(131)
--> Didier/Garrosh Hellscream Mana=0 Hlt=27 Att=0 Arm=2 Hnd=7 Dck=18 Min=2 Sec=0
--> Titou/Malfurion Stormrage Mana=0 Hlt=19 Att=0 Arm=0 Hnd=6 Dck=20 Min=0 Sec=0

Didier ATTACK attacker=minion 'Thrallmar Farseer'(117) attacked=hero 'Malfurion Stormrage'(131)
--> Didier/Garrosh Hellscream Mana=0 Hlt=27 Att=0 Arm=2 Hnd=7 Dck=18 Min=2 Sec=0
--> Titou/Malfurion Stormrage Mana=0 Hlt=17 Att=0 Arm=0 Hnd=6 Dck=20 Min=0 Sec=0

NEXT_TURN

Titou PLAY_CARD id=160 // name='Force of Nature' cost=6 text='Summon three 2/2 Treants with Charge that die at the end of the turn.'
--> Titou/Malfurion Stormrage Mana=1 Hlt=17 Att=0 Arm=0 Hnd=6 Dck=19 Min=3 Sec=0
--> Didier/Garrosh Hellscream Mana=0 Hlt=27 Att=0 Arm=2 Hnd=7 Dck=18 Min=2 Sec=0

Titou ATTACK attacker=minion 'Treant'(163) attacked=hero 'Garrosh Hellscream'(100)
--> Titou/Malfurion Stormrage Mana=1 Hlt=17 Att=0 Arm=0 Hnd=6 Dck=19 Min=3 Sec=0
--> Didier/Garrosh Hellscream Mana=0 Hlt=27 Att=0 Arm=0 Hnd=7 Dck=18 Min=2 Sec=0

Titou ATTACK attacker=minion 'Treant'(164) attacked=minion 'Thrallmar Farseer'(117)
--> Titou/Malfurion Stormrage Mana=1 Hlt=17 Att=0 Arm=0 Hnd=6 Dck=19 Min=2 Sec=0
--> Didier/Garrosh Hellscream Mana=0 Hlt=27 Att=0 Arm=0 Hnd=7 Dck=18 Min=2 Sec=0

Titou ATTACK attacker=minion 'Treant'(165) attacked=minion 'Kor'kron Elite'(122)
--> Titou/Malfurion Stormrage Mana=1 Hlt=17 Att=0 Arm=0 Hnd=6 Dck=19 Min=1 Sec=0
--> Didier/Garrosh Hellscream Mana=0 Hlt=27 Att=0 Arm=0 Hnd=7 Dck=18 Min=2 Sec=0

NEXT_TURN

Didier PLAY_CARD id=106 // name='Whirlwind' cost=1 text='Deal 1 damage to ALL minions.'
--> Didier/Garrosh Hellscream Mana=6 Hlt=27 Att=0 Arm=0 Hnd=7 Dck=17 Min=0 Sec=0
--> Titou/Malfurion Stormrage Mana=1 Hlt=17 Att=0 Arm=0 Hnd=6 Dck=19 Min=0 Sec=0

Didier USE_HERO_POWER power=''Armor Up!' power'
--> Didier/Garrosh Hellscream Mana=4 Hlt=27 Att=0 Arm=2 Hnd=7 Dck=17 Min=0 Sec=0
--> Titou/Malfurion Stormrage Mana=1 Hlt=17 Att=0 Arm=0 Hnd=6 Dck=19 Min=0 Sec=0

Didier PLAY_CARD id=113 position=0 // name='Acolyte of Pain' cost=3 text='Whenever this minion takes damage, draw a card.'
--> Didier/Garrosh Hellscream Mana=1 Hlt=27 Att=0 Arm=2 Hnd=6 Dck=17 Min=1 Sec=0
--> Titou/Malfurion Stormrage Mana=1 Hlt=17 Att=0 Arm=0 Hnd=6 Dck=19 Min=0 Sec=0

NEXT_TURN

Titou PLAY_CARD id=152 target=hero 'Garrosh Hellscream'(100) // name='Swipe' cost=4 text='Deal 4 damage to an enemy and 1 damage to all other enemies.'
--> Titou/Malfurion Stormrage Mana=4 Hlt=17 Att=0 Arm=0 Hnd=6 Dck=18 Min=0 Sec=0
--> Didier/Garrosh Hellscream Mana=1 Hlt=23 Att=0 Arm=2 Hnd=7 Dck=16 Min=1 Sec=0

Titou PLAY_CARD id=147 target=hero 'Garrosh Hellscream'(100) // name='Healing Touch' cost=3 text='Restore 8 Health.'
--> Titou/Malfurion Stormrage Mana=1 Hlt=17 Att=0 Arm=0 Hnd=5 Dck=18 Min=0 Sec=0
--> Didier/Garrosh Hellscream Mana=1 Hlt=30 Att=0 Arm=2 Hnd=7 Dck=16 Min=1 Sec=0

NEXT_TURN

Didier PLAY_CARD id=128 target=minion 'Acolyte of Pain'(113) position=0 // name='Stormpike Commando' cost=5 text='Battlecry: Deal 2 damage.'
--> Didier/Garrosh Hellscream Mana=3 Hlt=30 Att=0 Arm=2 Hnd=8 Dck=14 Min=1 Sec=0
--> Titou/Malfurion Stormrage Mana=1 Hlt=17 Att=0 Arm=0 Hnd=5 Dck=18 Min=0 Sec=0

Didier USE_HERO_POWER power=''Armor Up!' power'
--> Didier/Garrosh Hellscream Mana=1 Hlt=30 Att=0 Arm=4 Hnd=8 Dck=14 Min=1 Sec=0
--> Titou/Malfurion Stormrage Mana=1 Hlt=17 Att=0 Arm=0 Hnd=5 Dck=18 Min=0 Sec=0

NEXT_TURN

Titou USE_HERO_POWER power=''Shapeshift' power'
--> Titou/Malfurion Stormrage Mana=7 Hlt=17 Att=0 Arm=1 Hnd=6 Dck=17 Min=0 Sec=0
--> Didier/Garrosh Hellscream Mana=1 Hlt=30 Att=0 Arm=4 Hnd=8 Dck=14 Min=1 Sec=0

Titou ATTACK attacker=hero 'Malfurion Stormrage'(131) attacked=minion 'Stormpike Commando'(128)
--> Titou/Malfurion Stormrage Mana=7 Hlt=14 Att=0 Arm=0 Hnd=6 Dck=17 Min=0 Sec=0
--> Didier/Garrosh Hellscream Mana=1 Hlt=30 Att=0 Arm=4 Hnd=8 Dck=14 Min=1 Sec=0

Titou PLAY_CARD id=139 choice='Deal 3 damage to a minion' target=minion 'Stormpike Commando'(128) // name='Wrath' cost=2 text='Choose One - Deal 3 damage to a minion; or 1 damage and draw a card.'
--> Titou/Malfurion Stormrage Mana=5 Hlt=14 Att=0 Arm=0 Hnd=5 Dck=17 Min=0 Sec=0
--> Didier/Garrosh Hellscream Mana=1 Hlt=30 Att=0 Arm=4 Hnd=8 Dck=14 Min=0 Sec=0

Titou PLAY_CARD id=155 position=0 // name='Azure Drake' cost=5 text='Spell Damage +1. Battlecry: Draw a card.'
--> Titou/Malfurion Stormrage Mana=0 Hlt=14 Att=0 Arm=0 Hnd=5 Dck=16 Min=1 Sec=0
--> Didier/Garrosh Hellscream Mana=1 Hlt=30 Att=0 Arm=4 Hnd=8 Dck=14 Min=0 Sec=0

NEXT_TURN

Didier PLAY_CARD id=127 position=0 // name='Gurubashi Berserker' cost=5 text='Whenever this minion takes damage, gain +3 Attack.'
--> Didier/Garrosh Hellscream Mana=4 Hlt=30 Att=0 Arm=4 Hnd=8 Dck=13 Min=1 Sec=0
--> Titou/Malfurion Stormrage Mana=0 Hlt=14 Att=0 Arm=0 Hnd=5 Dck=16 Min=1 Sec=0

Didier PLAY_CARD id=118 position=1 // name='Arathi Weaponsmith' cost=4 text='Battlecry: Equip a 2/2 weapon.'
--> Didier/Garrosh Hellscream Mana=0 Hlt=30 Att=0 Arm=4 Hnd=7 Dck=13 Min=2 Sec=0
--> Titou/Malfurion Stormrage Mana=0 Hlt=14 Att=0 Arm=0 Hnd=5 Dck=16 Min=1 Sec=0

Didier ATTACK attacker=hero 'Garrosh Hellscream'(100) attacked=minion 'Azure Drake'(155)
--> Didier/Garrosh Hellscream Mana=0 Hlt=30 Att=0 Arm=0 Hnd=7 Dck=13 Min=2 Sec=0
--> Titou/Malfurion Stormrage Mana=0 Hlt=14 Att=0 Arm=0 Hnd=5 Dck=16 Min=1 Sec=0

NEXT_TURN

Titou PLAY_CARD id=140 choice='Deal 3 damage to a minion' target=minion 'Gurubashi Berserker'(127) // name='Wrath' cost=2 text='Choose One - Deal 3 damage to a minion; or 1 damage and draw a card.'
--> Titou/Malfurion Stormrage Mana=8 Hlt=14 Att=0 Arm=0 Hnd=5 Dck=15 Min=1 Sec=0
--> Didier/Garrosh Hellscream Mana=0 Hlt=30 Att=0 Arm=0 Hnd=7 Dck=13 Min=2 Sec=0

Titou ATTACK attacker=minion 'Azure Drake'(155) attacked=minion 'Gurubashi Berserker'(127)
--> Titou/Malfurion Stormrage Mana=8 Hlt=14 Att=0 Arm=0 Hnd=5 Dck=15 Min=0 Sec=0
--> Didier/Garrosh Hellscream Mana=0 Hlt=30 Att=0 Arm=0 Hnd=7 Dck=13 Min=1 Sec=0

Titou PLAY_CARD id=150 position=0 // name='Thrallmar Farseer' cost=3 text='Windfury'
--> Titou/Malfurion Stormrage Mana=5 Hlt=14 Att=0 Arm=0 Hnd=4 Dck=15 Min=1 Sec=0
--> Didier/Garrosh Hellscream Mana=0 Hlt=30 Att=0 Arm=0 Hnd=7 Dck=13 Min=1 Sec=0

Titou PLAY_CARD id=146 position=1 // name='Acidic Swamp Ooze' cost=2 text='Battlecry: Destroy your opponent's weapon.'
--> Titou/Malfurion Stormrage Mana=3 Hlt=14 Att=0 Arm=0 Hnd=3 Dck=15 Min=2 Sec=0
--> Didier/Garrosh Hellscream Mana=0 Hlt=30 Att=0 Arm=0 Hnd=7 Dck=13 Min=1 Sec=0

Titou USE_HERO_POWER power=''Shapeshift' power'
--> Titou/Malfurion Stormrage Mana=1 Hlt=14 Att=0 Arm=1 Hnd=3 Dck=15 Min=2 Sec=0
--> Didier/Garrosh Hellscream Mana=0 Hlt=30 Att=0 Arm=0 Hnd=7 Dck=13 Min=1 Sec=0

Titou ATTACK attacker=hero 'Malfurion Stormrage'(131) attacked=minion 'Arathi Weaponsmith'(118)
--> Titou/Malfurion Stormrage Mana=1 Hlt=12 Att=0 Arm=0 Hnd=3 Dck=15 Min=2 Sec=0
--> Didier/Garrosh Hellscream Mana=0 Hlt=30 Att=0 Arm=0 Hnd=7 Dck=13 Min=1 Sec=0

NEXT_TURN

Didier PLAY_CARD id=129 target=hero 'Malfurion Stormrage'(131) position=1 // name='Frost Elemental' cost=6 text='Battlecry: Freeze a character.'
--> Didier/Garrosh Hellscream Mana=4 Hlt=30 Att=0 Arm=0 Hnd=7 Dck=12 Min=2 Sec=0
--> Titou/Malfurion Stormrage Mana=1 Hlt=12 Att=0 Arm=0 Hnd=3 Dck=15 Min=2 Sec=0

Didier ATTACK attacker=minion 'Arathi Weaponsmith'(118) attacked=minion 'Thrallmar Farseer'(150)
--> Didier/Garrosh Hellscream Mana=4 Hlt=30 Att=0 Arm=0 Hnd=7 Dck=12 Min=1 Sec=0
--> Titou/Malfurion Stormrage Mana=1 Hlt=12 Att=0 Arm=0 Hnd=3 Dck=15 Min=1 Sec=0

Didier PLAY_CARD id=119 position=0 // name='Arathi Weaponsmith' cost=4 text='Battlecry: Equip a 2/2 weapon.'
--> Didier/Garrosh Hellscream Mana=0 Hlt=30 Att=0 Arm=0 Hnd=6 Dck=12 Min=2 Sec=0
--> Titou/Malfurion Stormrage Mana=1 Hlt=12 Att=0 Arm=0 Hnd=3 Dck=15 Min=1 Sec=0

Didier ATTACK attacker=hero 'Garrosh Hellscream'(100) attacked=minion 'Acidic Swamp Ooze'(146)
--> Didier/Garrosh Hellscream Mana=0 Hlt=27 Att=0 Arm=0 Hnd=6 Dck=12 Min=2 Sec=0
--> Titou/Malfurion Stormrage Mana=1 Hlt=12 Att=0 Arm=0 Hnd=3 Dck=15 Min=0 Sec=0

NEXT_TURN

Titou USE_HERO_POWER power=''Shapeshift' power'
--> Titou/Malfurion Stormrage Mana=8 Hlt=12 Att=0 Arm=1 Hnd=4 Dck=14 Min=0 Sec=0
--> Didier/Garrosh Hellscream Mana=0 Hlt=27 Att=0 Arm=0 Hnd=6 Dck=12 Min=2 Sec=0

Titou PLAY_CARD id=156 choice='Charge' position=0 // name='Druid of the Claw' cost=5 text='Choose One - Charge; or +2 Health and Taunt.'
--> Titou/Malfurion Stormrage Mana=3 Hlt=12 Att=0 Arm=1 Hnd=3 Dck=14 Min=1 Sec=0
--> Didier/Garrosh Hellscream Mana=0 Hlt=27 Att=0 Arm=0 Hnd=6 Dck=12 Min=2 Sec=0

Titou PLAY_CARD id=148 position=1 // name='Wolfrider' cost=3 text='Charge'
--> Titou/Malfurion Stormrage Mana=0 Hlt=12 Att=0 Arm=1 Hnd=2 Dck=14 Min=2 Sec=0
--> Didier/Garrosh Hellscream Mana=0 Hlt=27 Att=0 Arm=0 Hnd=6 Dck=12 Min=2 Sec=0

Titou ATTACK attacker=minion 'Druid of the Claw'(156) attacked=minion 'Arathi Weaponsmith'(119)
--> Titou/Malfurion Stormrage Mana=0 Hlt=12 Att=0 Arm=1 Hnd=2 Dck=14 Min=2 Sec=0
--> Didier/Garrosh Hellscream Mana=0 Hlt=27 Att=0 Arm=0 Hnd=6 Dck=12 Min=1 Sec=0

Titou ATTACK attacker=minion 'Wolfrider'(148) attacked=hero 'Garrosh Hellscream'(100)
--> Titou/Malfurion Stormrage Mana=0 Hlt=12 Att=0 Arm=1 Hnd=2 Dck=14 Min=1 Sec=0
--> Didier/Garrosh Hellscream Mana=0 Hlt=24 Att=0 Arm=0 Hnd=6 Dck=12 Min=1 Sec=0

NEXT_TURN

Didier PLAY_CARD id=125 // name='Arcanite Reaper' cost=5 text='null'
--> Didier/Garrosh Hellscream Mana=5 Hlt=24 Att=0 Arm=0 Hnd=6 Dck=11 Min=1 Sec=0
--> Titou/Malfurion Stormrage Mana=0 Hlt=12 Att=0 Arm=1 Hnd=2 Dck=14 Min=1 Sec=0

Didier PLAY_CARD id=112 position=1 // name='Acidic Swamp Ooze' cost=2 text='Battlecry: Destroy your opponent's weapon.'
--> Didier/Garrosh Hellscream Mana=3 Hlt=24 Att=0 Arm=0 Hnd=5 Dck=11 Min=2 Sec=0
--> Titou/Malfurion Stormrage Mana=0 Hlt=12 Att=0 Arm=1 Hnd=2 Dck=14 Min=1 Sec=0

Didier PLAY_CARD id=116 position=2 // name='Tauren Warrior' cost=3 text='Taunt. Enrage: +3 Attack'
--> Didier/Garrosh Hellscream Mana=0 Hlt=24 Att=0 Arm=0 Hnd=4 Dck=11 Min=3 Sec=0
--> Titou/Malfurion Stormrage Mana=0 Hlt=12 Att=0 Arm=1 Hnd=2 Dck=14 Min=1 Sec=0

Didier ATTACK attacker=minion 'Frost Elemental'(129) attacked=hero 'Malfurion Stormrage'(131)
--> Didier/Garrosh Hellscream Mana=0 Hlt=24 Att=0 Arm=0 Hnd=4 Dck=11 Min=3 Sec=0
--> Titou/Malfurion Stormrage Mana=0 Hlt=8 Att=0 Arm=0 Hnd=2 Dck=14 Min=1 Sec=0

Didier ATTACK attacker=hero 'Garrosh Hellscream'(100) attacked=minion 'Druid of the Claw'(156)
--> Didier/Garrosh Hellscream Mana=0 Hlt=20 Att=0 Arm=0 Hnd=4 Dck=11 Min=3 Sec=0
--> Titou/Malfurion Stormrage Mana=0 Hlt=8 Att=0 Arm=0 Hnd=2 Dck=14 Min=0 Sec=0

NEXT_TURN

Titou PLAY_CARD id=137 // name='Claw' cost=1 text='Give your hero +2 Attack this turn and 2 Armor.'
--> Titou/Malfurion Stormrage Mana=9 Hlt=8 Att=0 Arm=2 Hnd=2 Dck=13 Min=0 Sec=0
--> Didier/Garrosh Hellscream Mana=0 Hlt=20 Att=0 Arm=0 Hnd=4 Dck=11 Min=3 Sec=0

Titou ATTACK attacker=hero 'Malfurion Stormrage'(131) attacked=minion 'Tauren Warrior'(116)
--> Titou/Malfurion Stormrage Mana=9 Hlt=8 Att=0 Arm=0 Hnd=2 Dck=13 Min=0 Sec=0
--> Didier/Garrosh Hellscream Mana=0 Hlt=20 Att=0 Arm=0 Hnd=4 Dck=11 Min=3 Sec=0

Titou USE_HERO_POWER power=''Shapeshift' power'
--> Titou/Malfurion Stormrage Mana=7 Hlt=8 Att=0 Arm=1 Hnd=2 Dck=13 Min=0 Sec=0
--> Didier/Garrosh Hellscream Mana=0 Hlt=20 Att=0 Arm=0 Hnd=4 Dck=11 Min=3 Sec=0

Titou PLAY_CARD id=157 choice='Charge' position=0 // name='Druid of the Claw' cost=5 text='Choose One - Charge; or +2 Health and Taunt.'
--> Titou/Malfurion Stormrage Mana=2 Hlt=8 Att=0 Arm=1 Hnd=1 Dck=13 Min=1 Sec=0
--> Didier/Garrosh Hellscream Mana=0 Hlt=20 Att=0 Arm=0 Hnd=4 Dck=11 Min=3 Sec=0

Titou ATTACK attacker=minion 'Druid of the Claw'(157) attacked=minion 'Tauren Warrior'(116)
--> Titou/Malfurion Stormrage Mana=2 Hlt=8 Att=0 Arm=1 Hnd=1 Dck=13 Min=0 Sec=0
--> Didier/Garrosh Hellscream Mana=0 Hlt=20 Att=0 Arm=0 Hnd=4 Dck=11 Min=2 Sec=0

NEXT_TURN

Didier PLAY_CARD id=115 position=0 // name='Frothing Berserker' cost=3 text='Whenever a minion takes damage, gain +1 Attack.'
--> Didier/Garrosh Hellscream Mana=7 Hlt=20 Att=0 Arm=0 Hnd=4 Dck=10 Min=3 Sec=0
--> Titou/Malfurion Stormrage Mana=2 Hlt=8 Att=0 Arm=1 Hnd=1 Dck=13 Min=0 Sec=0

Didier PLAY_CARD id=123 position=0 // name='Kor'kron Elite' cost=4 text='Charge'
--> Didier/Garrosh Hellscream Mana=3 Hlt=20 Att=0 Arm=0 Hnd=3 Dck=10 Min=4 Sec=0
--> Titou/Malfurion Stormrage Mana=2 Hlt=8 Att=0 Arm=1 Hnd=1 Dck=13 Min=0 Sec=0

Didier ATTACK attacker=minion 'Acidic Swamp Ooze'(112) attacked=hero 'Malfurion Stormrage'(131)
--> Didier/Garrosh Hellscream Mana=3 Hlt=20 Att=0 Arm=0 Hnd=3 Dck=10 Min=4 Sec=0
--> Titou/Malfurion Stormrage Mana=2 Hlt=6 Att=0 Arm=0 Hnd=1 Dck=13 Min=0 Sec=0

Didier ATTACK attacker=hero 'Garrosh Hellscream'(100) attacked=hero 'Malfurion Stormrage'(131)
--> Didier/Garrosh Hellscream Mana=3 Hlt=20 Att=0 Arm=0 Hnd=3 Dck=10 Min=4 Sec=0
--> Titou/Malfurion Stormrage Mana=2 Hlt=1 Att=0 Arm=0 Hnd=1 Dck=13 Min=0 Sec=0

Didier USE_HERO_POWER power=''Armor Up!' power'
--> Didier/Garrosh Hellscream Mana=1 Hlt=20 Att=0 Arm=2 Hnd=3 Dck=10 Min=4 Sec=0
--> Titou/Malfurion Stormrage Mana=2 Hlt=1 Att=0 Arm=0 Hnd=1 Dck=13 Min=0 Sec=0

Didier ATTACK attacker=minion 'Frost Elemental'(129) attacked=hero 'Malfurion Stormrage'(131)
--> Didier/Garrosh Hellscream Mana=1 Hlt=20 Att=0 Arm=2 Hnd=3 Dck=10 Min=4 Sec=0
--> Titou/Malfurion Stormrage Mana=2 Hlt=-4 Att=0 Arm=0 Hnd=1 Dck=13 Min=0 Sec=0

Didier wins
Titou looses
