Active player = Titou
--> Titou/Malfurion Stormrage Mana=1 Hlt=30 Att=0 Arm=0 Hnd=4 Dck=26 Min=0 Sec=0
Opponent = Didier
--> Didier/Garrosh Hellscream Mana=0 Hlt=30 Att=0 Arm=0 Hnd=5 Dck=26 Min=0 Sec=0

NEXT_TURN

Didier PLAY_CARD id=162 // name='The Coin' cost=0 text='Gain 1 Mana Crystal this turn only.'
--> Didier/Garrosh Hellscream Mana=2 Hlt=30 Att=0 Arm=0 Hnd=5 Dck=25 Min=0 Sec=0
--> Titou/Malfurion Stormrage Mana=1 Hlt=30 Att=0 Arm=0 Hnd=4 Dck=26 Min=0 Sec=0

Didier PLAY_CARD id=110 // name='Heroic Strike' cost=2 text='Give your hero +4 Attack this turn.'
--> Didier/Garrosh Hellscream Mana=0 Hlt=30 Att=0 Arm=0 Hnd=4 Dck=25 Min=0 Sec=0
--> Titou/Malfurion Stormrage Mana=1 Hlt=30 Att=0 Arm=0 Hnd=4 Dck=26 Min=0 Sec=0

Didier ATTACK attacker=hero 'Garrosh Hellscream'(100) attacked=hero 'Malfurion Stormrage'(131)
--> Didier/Garrosh Hellscream Mana=0 Hlt=30 Att=0 Arm=0 Hnd=4 Dck=25 Min=0 Sec=0
--> Titou/Malfurion Stormrage Mana=1 Hlt=26 Att=0 Arm=0 Hnd=4 Dck=26 Min=0 Sec=0

NEXT_TURN

Titou USE_HERO_POWER power=''Shapeshift' power'
--> Titou/Malfurion Stormrage Mana=0 Hlt=26 Att=0 Arm=1 Hnd=5 Dck=25 Min=0 Sec=0
--> Didier/Garrosh Hellscream Mana=0 Hlt=30 Att=0 Arm=0 Hnd=4 Dck=25 Min=0 Sec=0

Titou ATTACK attacker=hero 'Malfurion Stormrage'(131) attacked=hero 'Garrosh Hellscream'(100)
--> Titou/Malfurion Stormrage Mana=0 Hlt=26 Att=0 Arm=1 Hnd=5 Dck=25 Min=0 Sec=0
--> Didier/Garrosh Hellscream Mana=0 Hlt=29 Att=0 Arm=0 Hnd=4 Dck=25 Min=0 Sec=0

NEXT_TURN

Didier USE_HERO_POWER power=''Armor Up!' power'
--> Didier/Garrosh Hellscream Mana=0 Hlt=29 Att=0 Arm=2 Hnd=5 Dck=24 Min=0 Sec=0
--> Titou/Malfurion Stormrage Mana=0 Hlt=26 Att=0 Arm=1 Hnd=5 Dck=25 Min=0 Sec=0

NEXT_TURN

Titou PLAY_CARD id=148 position=0 // name='Wolfrider' cost=3 text='Charge'
--> Titou/Malfurion Stormrage Mana=0 Hlt=26 Att=0 Arm=1 Hnd=5 Dck=24 Min=1 Sec=0
--> Didier/Garrosh Hellscream Mana=0 Hlt=29 Att=0 Arm=2 Hnd=5 Dck=24 Min=0 Sec=0

Titou ATTACK attacker=minion 'Wolfrider'(148) attacked=hero 'Garrosh Hellscream'(100)
--> Titou/Malfurion Stormrage Mana=0 Hlt=26 Att=0 Arm=1 Hnd=5 Dck=24 Min=1 Sec=0
--> Didier/Garrosh Hellscream Mana=0 Hlt=28 Att=0 Arm=0 Hnd=5 Dck=24 Min=0 Sec=0

NEXT_TURN

Didier PLAY_CARD id=101 target=minion 'Wolfrider'(148) // name='Inner Rage' cost=0 text='Deal 1 damage to a minion and give it +2 Attack.'
--> Didier/Garrosh Hellscream Mana=3 Hlt=28 Att=0 Arm=0 Hnd=5 Dck=23 Min=0 Sec=0
--> Titou/Malfurion Stormrage Mana=0 Hlt=26 Att=0 Arm=1 Hnd=5 Dck=24 Min=0 Sec=0

Didier USE_HERO_POWER power=''Armor Up!' power'
--> Didier/Garrosh Hellscream Mana=1 Hlt=28 Att=0 Arm=2 Hnd=5 Dck=23 Min=0 Sec=0
--> Titou/Malfurion Stormrage Mana=0 Hlt=26 Att=0 Arm=1 Hnd=5 Dck=24 Min=0 Sec=0

NEXT_TURN

Titou PLAY_CARD id=136 // name='Claw' cost=1 text='Give your hero +2 Attack this turn and 2 Armor.'
--> Titou/Malfurion Stormrage Mana=3 Hlt=26 Att=0 Arm=3 Hnd=5 Dck=23 Min=0 Sec=0
--> Didier/Garrosh Hellscream Mana=1 Hlt=28 Att=0 Arm=2 Hnd=5 Dck=23 Min=0 Sec=0

Titou USE_HERO_POWER power=''Shapeshift' power'
--> Titou/Malfurion Stormrage Mana=1 Hlt=26 Att=0 Arm=4 Hnd=5 Dck=23 Min=0 Sec=0
--> Didier/Garrosh Hellscream Mana=1 Hlt=28 Att=0 Arm=2 Hnd=5 Dck=23 Min=0 Sec=0

Titou ATTACK attacker=hero 'Malfurion Stormrage'(131) attacked=hero 'Garrosh Hellscream'(100)
--> Titou/Malfurion Stormrage Mana=1 Hlt=26 Att=0 Arm=4 Hnd=5 Dck=23 Min=0 Sec=0
--> Didier/Garrosh Hellscream Mana=1 Hlt=27 Att=0 Arm=0 Hnd=5 Dck=23 Min=0 Sec=0

NEXT_TURN

Didier PLAY_CARD id=114 position=0 // name='Frothing Berserker' cost=3 text='Whenever a minion takes damage, gain +1 Attack.'
--> Didier/Garrosh Hellscream Mana=1 Hlt=27 Att=0 Arm=0 Hnd=5 Dck=22 Min=1 Sec=0
--> Titou/Malfurion Stormrage Mana=1 Hlt=26 Att=0 Arm=4 Hnd=5 Dck=23 Min=0 Sec=0

NEXT_TURN

Titou PLAY_CARD id=156 choice='Charge' position=0 // name='Druid of the Claw' cost=5 text='Choose One - Charge; or +2 Health and Taunt.'
--> Titou/Malfurion Stormrage Mana=0 Hlt=26 Att=0 Arm=4 Hnd=5 Dck=22 Min=1 Sec=0
--> Didier/Garrosh Hellscream Mana=1 Hlt=27 Att=0 Arm=0 Hnd=5 Dck=22 Min=1 Sec=0

Titou ATTACK attacker=minion 'Druid of the Claw'(156) attacked=hero 'Garrosh Hellscream'(100)
--> Titou/Malfurion Stormrage Mana=0 Hlt=26 Att=0 Arm=4 Hnd=5 Dck=22 Min=1 Sec=0
--> Didier/Garrosh Hellscream Mana=1 Hlt=23 Att=0 Arm=0 Hnd=5 Dck=22 Min=1 Sec=0

NEXT_TURN

Didier PLAY_CARD id=128 target=minion 'Frothing Berserker'(114) position=0 // name='Stormpike Commando' cost=5 text='Battlecry: Deal 2 damage.'
--> Didier/Garrosh Hellscream Mana=0 Hlt=23 Att=0 Arm=0 Hnd=5 Dck=21 Min=2 Sec=0
--> Titou/Malfurion Stormrage Mana=0 Hlt=26 Att=0 Arm=4 Hnd=5 Dck=22 Min=1 Sec=0

Didier ATTACK attacker=minion 'Frothing Berserker'(114) attacked=hero 'Malfurion Stormrage'(131)
--> Didier/Garrosh Hellscream Mana=0 Hlt=23 Att=0 Arm=0 Hnd=5 Dck=21 Min=2 Sec=0
--> Titou/Malfurion Stormrage Mana=0 Hlt=26 Att=0 Arm=1 Hnd=5 Dck=22 Min=1 Sec=0

NEXT_TURN

Titou ATTACK attacker=minion 'Druid of the Claw'(156) attacked=minion 'Stormpike Commando'(128)
--> Titou/Malfurion Stormrage Mana=6 Hlt=26 Att=0 Arm=1 Hnd=6 Dck=21 Min=0 Sec=0
--> Didier/Garrosh Hellscream Mana=0 Hlt=23 Att=0 Arm=0 Hnd=5 Dck=21 Min=1 Sec=0

Titou PLAY_CARD id=151 target=hero 'Garrosh Hellscream'(100) // name='Swipe' cost=4 text='Deal 4 damage to an enemy and 1 damage to all other enemies.'
--> Titou/Malfurion Stormrage Mana=2 Hlt=26 Att=0 Arm=1 Hnd=5 Dck=21 Min=0 Sec=0
--> Didier/Garrosh Hellscream Mana=0 Hlt=19 Att=0 Arm=0 Hnd=5 Dck=21 Min=1 Sec=0

Titou USE_HERO_POWER power=''Shapeshift' power'
--> Titou/Malfurion Stormrage Mana=0 Hlt=26 Att=0 Arm=2 Hnd=5 Dck=21 Min=0 Sec=0
--> Didier/Garrosh Hellscream Mana=0 Hlt=19 Att=0 Arm=0 Hnd=5 Dck=21 Min=1 Sec=0

Titou ATTACK attacker=hero 'Malfurion Stormrage'(131) attacked=minion 'Frothing Berserker'(114)
--> Titou/Malfurion Stormrage Mana=0 Hlt=22 Att=0 Arm=0 Hnd=5 Dck=21 Min=0 Sec=0
--> Didier/Garrosh Hellscream Mana=0 Hlt=19 Att=0 Arm=0 Hnd=5 Dck=21 Min=0 Sec=0

Titou PLAY_CARD id=132 // name='Innervate' cost=0 text='Gain 2 Mana Crystals this turn only.'
--> Titou/Malfurion Stormrage Mana=2 Hlt=22 Att=0 Arm=0 Hnd=4 Dck=21 Min=0 Sec=0
--> Didier/Garrosh Hellscream Mana=0 Hlt=19 Att=0 Arm=0 Hnd=5 Dck=21 Min=0 Sec=0

NEXT_TURN

Didier PLAY_CARD id=122 position=0 // name='Kor'kron Elite' cost=4 text='Charge'
--> Didier/Garrosh Hellscream Mana=2 Hlt=19 Att=0 Arm=0 Hnd=5 Dck=20 Min=1 Sec=0
--> Titou/Malfurion Stormrage Mana=2 Hlt=22 Att=0 Arm=0 Hnd=4 Dck=21 Min=0 Sec=0

Didier ATTACK attacker=minion 'Kor'kron Elite'(122) attacked=hero 'Malfurion Stormrage'(131)
--> Didier/Garrosh Hellscream Mana=2 Hlt=19 Att=0 Arm=0 Hnd=5 Dck=20 Min=1 Sec=0
--> Titou/Malfurion Stormrage Mana=2 Hlt=18 Att=0 Arm=0 Hnd=4 Dck=21 Min=0 Sec=0

Didier PLAY_CARD id=109 // name='Heroic Strike' cost=2 text='Give your hero +4 Attack this turn.'
--> Didier/Garrosh Hellscream Mana=0 Hlt=19 Att=0 Arm=0 Hnd=4 Dck=20 Min=1 Sec=0
--> Titou/Malfurion Stormrage Mana=2 Hlt=18 Att=0 Arm=0 Hnd=4 Dck=21 Min=0 Sec=0

Didier ATTACK attacker=hero 'Garrosh Hellscream'(100) attacked=hero 'Malfurion Stormrage'(131)
--> Didier/Garrosh Hellscream Mana=0 Hlt=19 Att=0 Arm=0 Hnd=4 Dck=20 Min=1 Sec=0
--> Titou/Malfurion Stormrage Mana=2 Hlt=14 Att=0 Arm=0 Hnd=4 Dck=21 Min=0 Sec=0

NEXT_TURN

Titou PLAY_CARD id=140 choice='Deal 3 damage to a minion' target=minion 'Kor'kron Elite'(122) // name='Wrath' cost=2 text='Choose One - Deal 3 damage to a minion; or 1 damage and draw a card.'
--> Titou/Malfurion Stormrage Mana=5 Hlt=14 Att=0 Arm=0 Hnd=4 Dck=20 Min=0 Sec=0
--> Didier/Garrosh Hellscream Mana=0 Hlt=19 Att=0 Arm=0 Hnd=4 Dck=20 Min=0 Sec=0

Titou USE_HERO_POWER power=''Shapeshift' power'
--> Titou/Malfurion Stormrage Mana=3 Hlt=14 Att=0 Arm=1 Hnd=4 Dck=20 Min=0 Sec=0
--> Didier/Garrosh Hellscream Mana=0 Hlt=19 Att=0 Arm=0 Hnd=4 Dck=20 Min=0 Sec=0

Titou ATTACK attacker=hero 'Malfurion Stormrage'(131) attacked=hero 'Garrosh Hellscream'(100)
--> Titou/Malfurion Stormrage Mana=3 Hlt=14 Att=0 Arm=1 Hnd=4 Dck=20 Min=0 Sec=0
--> Didier/Garrosh Hellscream Mana=0 Hlt=18 Att=0 Arm=0 Hnd=4 Dck=20 Min=0 Sec=0

NEXT_TURN

Didier USE_HERO_POWER power=''Armor Up!' power'
--> Didier/Garrosh Hellscream Mana=5 Hlt=18 Att=0 Arm=2 Hnd=5 Dck=19 Min=0 Sec=0
--> Titou/Malfurion Stormrage Mana=3 Hlt=14 Att=0 Arm=1 Hnd=4 Dck=20 Min=0 Sec=0

Didier PLAY_CARD id=125 // name='Arcanite Reaper' cost=5 text='null'
--> Didier/Garrosh Hellscream Mana=0 Hlt=18 Att=0 Arm=2 Hnd=4 Dck=19 Min=0 Sec=0
--> Titou/Malfurion Stormrage Mana=3 Hlt=14 Att=0 Arm=1 Hnd=4 Dck=20 Min=0 Sec=0

Didier ATTACK attacker=hero 'Garrosh Hellscream'(100) attacked=hero 'Malfurion Stormrage'(131)
--> Didier/Garrosh Hellscream Mana=0 Hlt=18 Att=0 Arm=2 Hnd=4 Dck=19 Min=0 Sec=0
--> Titou/Malfurion Stormrage Mana=3 Hlt=10 Att=0 Arm=0 Hnd=4 Dck=20 Min=0 Sec=0

NEXT_TURN

Titou PLAY_CARD id=158 target=hero 'Malfurion Stormrage'(131) // name='Starfire' cost=6 text='Deal 5 damage. Draw a card.'
--> Titou/Malfurion Stormrage Mana=2 Hlt=5 Att=0 Arm=0 Hnd=5 Dck=18 Min=0 Sec=0
--> Didier/Garrosh Hellscream Mana=0 Hlt=18 Att=0 Arm=2 Hnd=4 Dck=19 Min=0 Sec=0

Titou PLAY_CARD id=144 position=0 // name='Ironbeak Owl' cost=2 text='Battlecry: Silence a minion.'
--> Titou/Malfurion Stormrage Mana=0 Hlt=5 Att=0 Arm=0 Hnd=4 Dck=18 Min=1 Sec=0
--> Didier/Garrosh Hellscream Mana=0 Hlt=18 Att=0 Arm=2 Hnd=4 Dck=19 Min=0 Sec=0

NEXT_TURN

Didier PLAY_CARD id=115 position=0 // name='Frothing Berserker' cost=3 text='Whenever a minion takes damage, gain +1 Attack.'
--> Didier/Garrosh Hellscream Mana=5 Hlt=18 Att=0 Arm=2 Hnd=4 Dck=18 Min=1 Sec=0
--> Titou/Malfurion Stormrage Mana=0 Hlt=5 Att=0 Arm=0 Hnd=4 Dck=18 Min=1 Sec=0

Didier PLAY_CARD id=124 // name='Arcanite Reaper' cost=5 text='null'
--> Didier/Garrosh Hellscream Mana=0 Hlt=18 Att=0 Arm=2 Hnd=3 Dck=18 Min=1 Sec=0
--> Titou/Malfurion Stormrage Mana=0 Hlt=5 Att=0 Arm=0 Hnd=4 Dck=18 Min=1 Sec=0

Didier ATTACK attacker=hero 'Garrosh Hellscream'(100) attacked=hero 'Malfurion Stormrage'(131)
--> Didier/Garrosh Hellscream Mana=0 Hlt=18 Att=0 Arm=2 Hnd=3 Dck=18 Min=1 Sec=0
--> Titou/Malfurion Stormrage Mana=0 Hlt=0 Att=0 Arm=0 Hnd=4 Dck=18 Min=1 Sec=0

Didier wins
Titou looses
