Active player = Titou
--> Titou/Malfurion Stormrage Mana=1 Hlt=30 Att=0 Arm=0 Hnd=4 Dck=26 Min=0 Sec=0
Opponent = Didier
--> Didier/Garrosh Hellscream Mana=0 Hlt=30 Att=0 Arm=0 Hnd=5 Dck=26 Min=0 Sec=0

Titou PLAY_CARD id=132 // name='Innervate' cost=0 text='Gain 2 Mana Crystals this turn only.'
--> Titou/Malfurion Stormrage Mana=3 Hlt=30 Att=0 Arm=0 Hnd=3 Dck=26 Min=0 Sec=0
--> Didier/Garrosh Hellscream Mana=0 Hlt=30 Att=0 Arm=0 Hnd=5 Dck=26 Min=0 Sec=0

Titou PLAY_CARD id=144 position=0 // name='Ironbeak Owl' cost=2 text='Battlecry: Silence a minion.'
--> Titou/Malfurion Stormrage Mana=1 Hlt=30 Att=0 Arm=0 Hnd=2 Dck=26 Min=1 Sec=0
--> Didier/Garrosh Hellscream Mana=0 Hlt=30 Att=0 Arm=0 Hnd=5 Dck=26 Min=0 Sec=0

NEXT_TURN

Didier PLAY_CARD id=162 // name='The Coin' cost=0 text='Gain 1 Mana Crystal this turn only.'
--> Didier/Garrosh Hellscream Mana=2 Hlt=30 Att=0 Arm=0 Hnd=5 Dck=25 Min=0 Sec=0
--> Titou/Malfurion Stormrage Mana=1 Hlt=30 Att=0 Arm=0 Hnd=2 Dck=26 Min=1 Sec=0

Didier PLAY_CARD id=109 // name='Heroic Strike' cost=2 text='Give your hero +4 Attack this turn.'
--> Didier/Garrosh Hellscream Mana=0 Hlt=30 Att=0 Arm=0 Hnd=4 Dck=25 Min=0 Sec=0
--> Titou/Malfurion Stormrage Mana=1 Hlt=30 Att=0 Arm=0 Hnd=2 Dck=26 Min=1 Sec=0

Didier ATTACK attacker=hero 'Garrosh Hellscream'(100) attacked=hero 'Malfurion Stormrage'(131)
--> Didier/Garrosh Hellscream Mana=0 Hlt=30 Att=0 Arm=0 Hnd=4 Dck=25 Min=0 Sec=0
--> Titou/Malfurion Stormrage Mana=1 Hlt=26 Att=0 Arm=0 Hnd=2 Dck=26 Min=1 Sec=0

NEXT_TURN

Titou USE_HERO_POWER power=''Shapeshift' power'
--> Titou/Malfurion Stormrage Mana=0 Hlt=26 Att=0 Arm=1 Hnd=3 Dck=25 Min=1 Sec=0
--> Didier/Garrosh Hellscream Mana=0 Hlt=30 Att=0 Arm=0 Hnd=4 Dck=25 Min=0 Sec=0

Titou ATTACK attacker=minion 'Ironbeak Owl'(144) attacked=hero 'Garrosh Hellscream'(100)
--> Titou/Malfurion Stormrage Mana=0 Hlt=26 Att=0 Arm=1 Hnd=3 Dck=25 Min=1 Sec=0
--> Didier/Garrosh Hellscream Mana=0 Hlt=28 Att=0 Arm=0 Hnd=4 Dck=25 Min=0 Sec=0

Titou ATTACK attacker=hero 'Malfurion Stormrage'(131) attacked=hero 'Garrosh Hellscream'(100)
--> Titou/Malfurion Stormrage Mana=0 Hlt=26 Att=0 Arm=1 Hnd=3 Dck=25 Min=1 Sec=0
--> Didier/Garrosh Hellscream Mana=0 Hlt=27 Att=0 Arm=0 Hnd=4 Dck=25 Min=0 Sec=0

NEXT_TURN

Didier USE_HERO_POWER power=''Armor Up!' power'
--> Didier/Garrosh Hellscream Mana=0 Hlt=27 Att=0 Arm=2 Hnd=5 Dck=24 Min=0 Sec=0
--> Titou/Malfurion Stormrage Mana=0 Hlt=26 Att=0 Arm=1 Hnd=3 Dck=25 Min=1 Sec=0

NEXT_TURN

Titou USE_HERO_POWER power=''Shapeshift' power'
--> Titou/Malfurion Stormrage Mana=1 Hlt=26 Att=0 Arm=2 Hnd=4 Dck=24 Min=1 Sec=0
--> Didier/Garrosh Hellscream Mana=0 Hlt=27 Att=0 Arm=2 Hnd=5 Dck=24 Min=0 Sec=0

Titou ATTACK attacker=hero 'Malfurion Stormrage'(131) attacked=hero 'Garrosh Hellscream'(100)
--> Titou/Malfurion Stormrage Mana=1 Hlt=26 Att=0 Arm=2 Hnd=4 Dck=24 Min=1 Sec=0
--> Didier/Garrosh Hellscream Mana=0 Hlt=27 Att=0 Arm=1 Hnd=5 Dck=24 Min=0 Sec=0

Titou ATTACK attacker=minion 'Ironbeak Owl'(144) attacked=hero 'Garrosh Hellscream'(100)
--> Titou/Malfurion Stormrage Mana=1 Hlt=26 Att=0 Arm=2 Hnd=4 Dck=24 Min=1 Sec=0
--> Didier/Garrosh Hellscream Mana=0 Hlt=26 Att=0 Arm=0 Hnd=5 Dck=24 Min=0 Sec=0

Titou PLAY_CARD id=137 // name='Claw' cost=1 text='Give your hero +2 Attack this turn and 2 Armor.'
--> Titou/Malfurion Stormrage Mana=0 Hlt=26 Att=0 Arm=4 Hnd=3 Dck=24 Min=1 Sec=0
--> Didier/Garrosh Hellscream Mana=0 Hlt=26 Att=0 Arm=0 Hnd=5 Dck=24 Min=0 Sec=0

NEXT_TURN

Didier PLAY_CARD id=106 // name='Whirlwind' cost=1 text='Deal 1 damage to ALL minions.'
--> Didier/Garrosh Hellscream Mana=2 Hlt=26 Att=0 Arm=0 Hnd=5 Dck=23 Min=0 Sec=0
--> Titou/Malfurion Stormrage Mana=0 Hlt=26 Att=0 Arm=4 Hnd=3 Dck=24 Min=0 Sec=0

Didier USE_HERO_POWER power=''Armor Up!' power'
--> Didier/Garrosh Hellscream Mana=0 Hlt=26 Att=0 Arm=2 Hnd=5 Dck=23 Min=0 Sec=0
--> Titou/Malfurion Stormrage Mana=0 Hlt=26 Att=0 Arm=4 Hnd=3 Dck=24 Min=0 Sec=0

NEXT_TURN

Titou PLAY_CARD id=150 position=0 // name='Thrallmar Farseer' cost=3 text='Windfury'
--> Titou/Malfurion Stormrage Mana=1 Hlt=26 Att=0 Arm=4 Hnd=3 Dck=23 Min=1 Sec=0
--> Didier/Garrosh Hellscream Mana=0 Hlt=26 Att=0 Arm=2 Hnd=5 Dck=23 Min=0 Sec=0

NEXT_TURN

Didier PLAY_CARD id=122 position=0 // name='Kor'kron Elite' cost=4 text='Charge'
--> Didier/Garrosh Hellscream Mana=0 Hlt=26 Att=0 Arm=2 Hnd=5 Dck=22 Min=1 Sec=0
--> Titou/Malfurion Stormrage Mana=1 Hlt=26 Att=0 Arm=4 Hnd=3 Dck=23 Min=1 Sec=0

Didier ATTACK attacker=minion 'Kor'kron Elite'(122) attacked=minion 'Thrallmar Farseer'(150)
--> Didier/Garrosh Hellscream Mana=0 Hlt=26 Att=0 Arm=2 Hnd=5 Dck=22 Min=1 Sec=0
--> Titou/Malfurion Stormrage Mana=1 Hlt=26 Att=0 Arm=4 Hnd=3 Dck=23 Min=0 Sec=0

NEXT_TURN

Titou PLAY_CARD id=154 position=0 // name='Azure Drake' cost=5 text='Spell Damage +1. Battlecry: Draw a card.'
--> Titou/Malfurion Stormrage Mana=0 Hlt=26 Att=0 Arm=4 Hnd=4 Dck=21 Min=1 Sec=0
--> Didier/Garrosh Hellscream Mana=0 Hlt=26 Att=0 Arm=2 Hnd=5 Dck=22 Min=1 Sec=0

NEXT_TURN

Didier PLAY_CARD id=119 position=0 // name='Arathi Weaponsmith' cost=4 text='Battlecry: Equip a 2/2 weapon.'
--> Didier/Garrosh Hellscream Mana=1 Hlt=26 Att=0 Arm=2 Hnd=5 Dck=21 Min=2 Sec=0
--> Titou/Malfurion Stormrage Mana=0 Hlt=26 Att=0 Arm=4 Hnd=4 Dck=21 Min=1 Sec=0

Didier ATTACK attacker=minion 'Kor'kron Elite'(122) attacked=minion 'Azure Drake'(154)
--> Didier/Garrosh Hellscream Mana=1 Hlt=26 Att=0 Arm=2 Hnd=5 Dck=21 Min=1 Sec=0
--> Titou/Malfurion Stormrage Mana=0 Hlt=26 Att=0 Arm=4 Hnd=4 Dck=21 Min=0 Sec=0

Didier ATTACK attacker=hero 'Garrosh Hellscream'(100) attacked=hero 'Malfurion Stormrage'(131)
--> Didier/Garrosh Hellscream Mana=1 Hlt=26 Att=0 Arm=2 Hnd=5 Dck=21 Min=1 Sec=0
--> Titou/Malfurion Stormrage Mana=0 Hlt=26 Att=0 Arm=2 Hnd=4 Dck=21 Min=0 Sec=0

NEXT_TURN

Titou PLAY_CARD id=135 target=minion 'Arathi Weaponsmith'(119) // name='Naturalize' cost=1 text='Destroy a minion. Your opponent draws 2 cards.'
--> Titou/Malfurion Stormrage Mana=5 Hlt=26 Att=0 Arm=2 Hnd=4 Dck=20 Min=0 Sec=0
--> Didier/Garrosh Hellscream Mana=1 Hlt=26 Att=0 Arm=2 Hnd=7 Dck=19 Min=0 Sec=0

Titou USE_HERO_POWER power=''Shapeshift' power'
--> Titou/Malfurion Stormrage Mana=3 Hlt=26 Att=0 Arm=3 Hnd=4 Dck=20 Min=0 Sec=0
--> Didier/Garrosh Hellscream Mana=1 Hlt=26 Att=0 Arm=2 Hnd=7 Dck=19 Min=0 Sec=0

Titou ATTACK attacker=hero 'Malfurion Stormrage'(131) attacked=hero 'Garrosh Hellscream'(100)
--> Titou/Malfurion Stormrage Mana=3 Hlt=26 Att=0 Arm=1 Hnd=4 Dck=20 Min=0 Sec=0
--> Didier/Garrosh Hellscream Mana=1 Hlt=26 Att=0 Arm=1 Hnd=7 Dck=19 Min=0 Sec=0

NEXT_TURN

Didier PLAY_CARD id=128 target=hero 'Malfurion Stormrage'(131) position=0 // name='Stormpike Commando' cost=5 text='Battlecry: Deal 2 damage.'
--> Didier/Garrosh Hellscream Mana=1 Hlt=26 Att=0 Arm=1 Hnd=7 Dck=18 Min=1 Sec=0
--> Titou/Malfurion Stormrage Mana=3 Hlt=24 Att=0 Arm=1 Hnd=4 Dck=20 Min=0 Sec=0

Didier PLAY_CARD id=111 target=minion 'Stormpike Commando'(128) // name='Shield Slam' cost=1 text='Deal 1 damage to a minion for each Armor you have.'
--> Didier/Garrosh Hellscream Mana=0 Hlt=26 Att=0 Arm=1 Hnd=6 Dck=18 Min=1 Sec=0
--> Titou/Malfurion Stormrage Mana=3 Hlt=24 Att=0 Arm=1 Hnd=4 Dck=20 Min=0 Sec=0

Didier PLAY_CARD id=101 target=minion 'Stormpike Commando'(128) // name='Inner Rage' cost=0 text='Deal 1 damage to a minion and give it +2 Attack.'
--> Didier/Garrosh Hellscream Mana=0 Hlt=26 Att=0 Arm=1 Hnd=5 Dck=18 Min=0 Sec=0
--> Titou/Malfurion Stormrage Mana=3 Hlt=24 Att=0 Arm=1 Hnd=4 Dck=20 Min=0 Sec=0

Didier ATTACK attacker=hero 'Garrosh Hellscream'(100) attacked=hero 'Malfurion Stormrage'(131)
--> Didier/Garrosh Hellscream Mana=0 Hlt=26 Att=0 Arm=1 Hnd=5 Dck=18 Min=0 Sec=0
--> Titou/Malfurion Stormrage Mana=3 Hlt=23 Att=0 Arm=0 Hnd=4 Dck=20 Min=0 Sec=0

NEXT_TURN

Titou PLAY_CARD id=159 target=hero 'Garrosh Hellscream'(100) // name='Starfire' cost=6 text='Deal 5 damage. Draw a card.'
--> Titou/Malfurion Stormrage Mana=1 Hlt=23 Att=0 Arm=0 Hnd=5 Dck=18 Min=0 Sec=0
--> Didier/Garrosh Hellscream Mana=0 Hlt=21 Att=0 Arm=1 Hnd=5 Dck=18 Min=0 Sec=0

NEXT_TURN

Didier PLAY_CARD id=130 position=0 // name='Stormwind Champion' cost=7 text='Your other minions have +1/+1.'
--> Didier/Garrosh Hellscream Mana=0 Hlt=21 Att=0 Arm=1 Hnd=5 Dck=17 Min=1 Sec=0
--> Titou/Malfurion Stormrage Mana=1 Hlt=23 Att=0 Arm=0 Hnd=5 Dck=18 Min=0 Sec=0

NEXT_TURN

Titou PLAY_CARD id=156 choice='Charge' position=0 // name='Druid of the Claw' cost=5 text='Choose One - Charge; or +2 Health and Taunt.'
--> Titou/Malfurion Stormrage Mana=3 Hlt=23 Att=0 Arm=0 Hnd=5 Dck=17 Min=1 Sec=0
--> Didier/Garrosh Hellscream Mana=0 Hlt=21 Att=0 Arm=1 Hnd=5 Dck=17 Min=1 Sec=0

Titou PLAY_CARD id=134 target=minion 'Stormwind Champion'(130) // name='Naturalize' cost=1 text='Destroy a minion. Your opponent draws 2 cards.'
--> Titou/Malfurion Stormrage Mana=2 Hlt=23 Att=0 Arm=0 Hnd=4 Dck=17 Min=1 Sec=0
--> Didier/Garrosh Hellscream Mana=0 Hlt=21 Att=0 Arm=1 Hnd=7 Dck=15 Min=0 Sec=0

Titou PLAY_CARD id=136 // name='Claw' cost=1 text='Give your hero +2 Attack this turn and 2 Armor.'
--> Titou/Malfurion Stormrage Mana=1 Hlt=23 Att=0 Arm=2 Hnd=3 Dck=17 Min=1 Sec=0
--> Didier/Garrosh Hellscream Mana=0 Hlt=21 Att=0 Arm=1 Hnd=7 Dck=15 Min=0 Sec=0

Titou ATTACK attacker=hero 'Malfurion Stormrage'(131) attacked=hero 'Garrosh Hellscream'(100)
--> Titou/Malfurion Stormrage Mana=1 Hlt=23 Att=0 Arm=2 Hnd=3 Dck=17 Min=1 Sec=0
--> Didier/Garrosh Hellscream Mana=0 Hlt=20 Att=0 Arm=0 Hnd=7 Dck=15 Min=0 Sec=0

Titou ATTACK attacker=minion 'Druid of the Claw'(156) attacked=hero 'Garrosh Hellscream'(100)
--> Titou/Malfurion Stormrage Mana=1 Hlt=23 Att=0 Arm=2 Hnd=3 Dck=17 Min=1 Sec=0
--> Didier/Garrosh Hellscream Mana=0 Hlt=16 Att=0 Arm=0 Hnd=7 Dck=15 Min=0 Sec=0

NEXT_TURN

Didier USE_HERO_POWER power=''Armor Up!' power'
--> Didier/Garrosh Hellscream Mana=6 Hlt=16 Att=0 Arm=2 Hnd=8 Dck=14 Min=0 Sec=0
--> Titou/Malfurion Stormrage Mana=1 Hlt=23 Att=0 Arm=2 Hnd=3 Dck=17 Min=1 Sec=0

Didier PLAY_CARD id=107 // name='Fiery War Axe' cost=2 text='null'
--> Didier/Garrosh Hellscream Mana=4 Hlt=16 Att=0 Arm=2 Hnd=7 Dck=14 Min=0 Sec=0
--> Titou/Malfurion Stormrage Mana=1 Hlt=23 Att=0 Arm=2 Hnd=3 Dck=17 Min=1 Sec=0

Didier PLAY_CARD id=118 position=0 // name='Arathi Weaponsmith' cost=4 text='Battlecry: Equip a 2/2 weapon.'
--> Didier/Garrosh Hellscream Mana=0 Hlt=16 Att=0 Arm=2 Hnd=6 Dck=14 Min=1 Sec=0
--> Titou/Malfurion Stormrage Mana=1 Hlt=23 Att=0 Arm=2 Hnd=3 Dck=17 Min=1 Sec=0

Didier ATTACK attacker=hero 'Garrosh Hellscream'(100) attacked=minion 'Druid of the Claw'(156)
--> Didier/Garrosh Hellscream Mana=0 Hlt=14 Att=0 Arm=0 Hnd=6 Dck=14 Min=1 Sec=0
--> Titou/Malfurion Stormrage Mana=1 Hlt=23 Att=0 Arm=2 Hnd=3 Dck=17 Min=1 Sec=0

NEXT_TURN

Titou PLAY_CARD id=155 position=1 // name='Azure Drake' cost=5 text='Spell Damage +1. Battlecry: Draw a card.'
--> Titou/Malfurion Stormrage Mana=4 Hlt=23 Att=0 Arm=2 Hnd=4 Dck=15 Min=2 Sec=0
--> Didier/Garrosh Hellscream Mana=0 Hlt=14 Att=0 Arm=0 Hnd=6 Dck=14 Min=1 Sec=0

Titou PLAY_CARD id=145 position=2 // name='Acidic Swamp Ooze' cost=2 text='Battlecry: Destroy your opponent's weapon.'
--> Titou/Malfurion Stormrage Mana=2 Hlt=23 Att=0 Arm=2 Hnd=3 Dck=15 Min=3 Sec=0
--> Didier/Garrosh Hellscream Mana=0 Hlt=14 Att=0 Arm=0 Hnd=6 Dck=14 Min=1 Sec=0

Titou ATTACK attacker=minion 'Druid of the Claw'(156) attacked=hero 'Garrosh Hellscream'(100)
--> Titou/Malfurion Stormrage Mana=2 Hlt=23 Att=0 Arm=2 Hnd=3 Dck=15 Min=3 Sec=0
--> Didier/Garrosh Hellscream Mana=0 Hlt=10 Att=0 Arm=0 Hnd=6 Dck=14 Min=1 Sec=0

Titou USE_HERO_POWER power=''Shapeshift' power'
--> Titou/Malfurion Stormrage Mana=0 Hlt=23 Att=0 Arm=3 Hnd=3 Dck=15 Min=3 Sec=0
--> Didier/Garrosh Hellscream Mana=0 Hlt=10 Att=0 Arm=0 Hnd=6 Dck=14 Min=1 Sec=0

Titou ATTACK attacker=hero 'Malfurion Stormrage'(131) attacked=hero 'Garrosh Hellscream'(100)
--> Titou/Malfurion Stormrage Mana=0 Hlt=23 Att=0 Arm=3 Hnd=3 Dck=15 Min=3 Sec=0
--> Didier/Garrosh Hellscream Mana=0 Hlt=9 Att=0 Arm=0 Hnd=6 Dck=14 Min=1 Sec=0

NEXT_TURN

Didier PLAY_CARD id=123 position=1 // name='Kor'kron Elite' cost=4 text='Charge'
--> Didier/Garrosh Hellscream Mana=5 Hlt=9 Att=0 Arm=0 Hnd=6 Dck=13 Min=2 Sec=0
--> Titou/Malfurion Stormrage Mana=0 Hlt=23 Att=0 Arm=3 Hnd=3 Dck=15 Min=3 Sec=0

Didier PLAY_CARD id=124 // name='Arcanite Reaper' cost=5 text='null'
--> Didier/Garrosh Hellscream Mana=0 Hlt=9 Att=0 Arm=0 Hnd=5 Dck=13 Min=2 Sec=0
--> Titou/Malfurion Stormrage Mana=0 Hlt=23 Att=0 Arm=3 Hnd=3 Dck=15 Min=3 Sec=0

Didier ATTACK attacker=minion 'Arathi Weaponsmith'(118) attacked=minion 'Acidic Swamp Ooze'(145)
--> Didier/Garrosh Hellscream Mana=0 Hlt=9 Att=0 Arm=0 Hnd=5 Dck=13 Min=1 Sec=0
--> Titou/Malfurion Stormrage Mana=0 Hlt=23 Att=0 Arm=3 Hnd=3 Dck=15 Min=2 Sec=0

Didier ATTACK attacker=minion 'Kor'kron Elite'(123) attacked=minion 'Azure Drake'(155)
--> Didier/Garrosh Hellscream Mana=0 Hlt=9 Att=0 Arm=0 Hnd=5 Dck=13 Min=0 Sec=0
--> Titou/Malfurion Stormrage Mana=0 Hlt=23 Att=0 Arm=3 Hnd=3 Dck=15 Min=1 Sec=0

Didier ATTACK attacker=hero 'Garrosh Hellscream'(100) attacked=minion 'Druid of the Claw'(156)
--> Didier/Garrosh Hellscream Mana=0 Hlt=5 Att=0 Arm=0 Hnd=5 Dck=13 Min=0 Sec=0
--> Titou/Malfurion Stormrage Mana=0 Hlt=23 Att=0 Arm=3 Hnd=3 Dck=15 Min=0 Sec=0

NEXT_TURN

Titou PLAY_CARD id=158 target=hero 'Malfurion Stormrage'(131) // name='Starfire' cost=6 text='Deal 5 damage. Draw a card.'
--> Titou/Malfurion Stormrage Mana=4 Hlt=18 Att=0 Arm=3 Hnd=4 Dck=13 Min=0 Sec=0
--> Didier/Garrosh Hellscream Mana=0 Hlt=5 Att=0 Arm=0 Hnd=5 Dck=13 Min=0 Sec=0

Titou USE_HERO_POWER power=''Shapeshift' power'
--> Titou/Malfurion Stormrage Mana=2 Hlt=18 Att=0 Arm=4 Hnd=4 Dck=13 Min=0 Sec=0
--> Didier/Garrosh Hellscream Mana=0 Hlt=5 Att=0 Arm=0 Hnd=5 Dck=13 Min=0 Sec=0

Titou ATTACK attacker=hero 'Malfurion Stormrage'(131) attacked=hero 'Garrosh Hellscream'(100)
--> Titou/Malfurion Stormrage Mana=2 Hlt=17 Att=0 Arm=0 Hnd=4 Dck=13 Min=0 Sec=0
--> Didier/Garrosh Hellscream Mana=0 Hlt=4 Att=0 Arm=0 Hnd=5 Dck=13 Min=0 Sec=0

Titou PLAY_CARD id=138 position=0 // name='Leper Gnome' cost=1 text='Deathrattle: Deal 2 damage to the enemy hero.'
--> Titou/Malfurion Stormrage Mana=1 Hlt=17 Att=0 Arm=0 Hnd=3 Dck=13 Min=1 Sec=0
--> Didier/Garrosh Hellscream Mana=0 Hlt=4 Att=0 Arm=0 Hnd=5 Dck=13 Min=0 Sec=0

NEXT_TURN

Didier PLAY_CARD id=117 position=0 // name='Thrallmar Farseer' cost=3 text='Windfury'
--> Didier/Garrosh Hellscream Mana=7 Hlt=4 Att=0 Arm=0 Hnd=5 Dck=12 Min=1 Sec=0
--> Titou/Malfurion Stormrage Mana=1 Hlt=17 Att=0 Arm=0 Hnd=3 Dck=13 Min=1 Sec=0

Didier ATTACK attacker=hero 'Garrosh Hellscream'(100) attacked=minion 'Leper Gnome'(138)
--> Didier/Garrosh Hellscream Mana=7 Hlt=0 Att=0 Arm=0 Hnd=5 Dck=12 Min=1 Sec=0
--> Titou/Malfurion Stormrage Mana=1 Hlt=17 Att=0 Arm=0 Hnd=3 Dck=13 Min=0 Sec=0

Didier looses
Titou wins
