Active player = Titou
--> Titou/Malfurion Stormrage Mana=1 Hlt=30 Att=0 Arm=0 Hnd=4 Dck=26 Min=0 Sec=0
Opponent = Didier
--> Didier/Garrosh Hellscream Mana=0 Hlt=30 Att=0 Arm=0 Hnd=5 Dck=26 Min=0 Sec=0

NEXT_TURN

Didier PLAY_CARD id=162 // name='The Coin' cost=0 text='Gain 1 Mana Crystal this turn only.'
--> Didier/Garrosh Hellscream Mana=2 Hlt=30 Att=0 Arm=0 Hnd=5 Dck=25 Min=0 Sec=0
--> Titou/Malfurion Stormrage Mana=1 Hlt=30 Att=0 Arm=0 Hnd=4 Dck=26 Min=0 Sec=0

Didier USE_HERO_POWER power=''Armor Up!' power'
--> Didier/Garrosh Hellscream Mana=0 Hlt=30 Att=0 Arm=2 Hnd=5 Dck=25 Min=0 Sec=0
--> Titou/Malfurion Stormrage Mana=1 Hlt=30 Att=0 Arm=0 Hnd=4 Dck=26 Min=0 Sec=0

NEXT_TURN

Titou USE_HERO_POWER power=''Shapeshift' power'
--> Titou/Malfurion Stormrage Mana=0 Hlt=30 Att=0 Arm=1 Hnd=5 Dck=25 Min=0 Sec=0
--> Didier/Garrosh Hellscream Mana=0 Hlt=30 Att=0 Arm=2 Hnd=5 Dck=25 Min=0 Sec=0

Titou ATTACK attacker=hero 'Malfurion Stormrage'(131) attacked=hero 'Garrosh Hellscream'(100)
--> Titou/Malfurion Stormrage Mana=0 Hlt=30 Att=0 Arm=1 Hnd=5 Dck=25 Min=0 Sec=0
--> Didier/Garrosh Hellscream Mana=0 Hlt=30 Att=0 Arm=1 Hnd=5 Dck=25 Min=0 Sec=0

NEXT_TURN

Didier USE_HERO_POWER power=''Armor Up!' power'
--> Didier/Garrosh Hellscream Mana=0 Hlt=30 Att=0 Arm=3 Hnd=6 Dck=24 Min=0 Sec=0
--> Titou/Malfurion Stormrage Mana=0 Hlt=30 Att=0 Arm=1 Hnd=5 Dck=25 Min=0 Sec=0

NEXT_TURN

Titou USE_HERO_POWER power=''Shapeshift' power'
--> Titou/Malfurion Stormrage Mana=1 Hlt=30 Att=0 Arm=2 Hnd=6 Dck=24 Min=0 Sec=0
--> Didier/Garrosh Hellscream Mana=0 Hlt=30 Att=0 Arm=3 Hnd=6 Dck=24 Min=0 Sec=0

Titou ATTACK attacker=hero 'Malfurion Stormrage'(131) attacked=hero 'Garrosh Hellscream'(100)
--> Titou/Malfurion Stormrage Mana=1 Hlt=30 Att=0 Arm=2 Hnd=6 Dck=24 Min=0 Sec=0
--> Didier/Garrosh Hellscream Mana=0 Hlt=30 Att=0 Arm=2 Hnd=6 Dck=24 Min=0 Sec=0

NEXT_TURN

Didier PLAY_CARD id=115 position=0 // name='Frothing Berserker' cost=3 text='Whenever a minion takes damage, gain +1 Attack.'
--> Didier/Garrosh Hellscream Mana=0 Hlt=30 Att=0 Arm=2 Hnd=6 Dck=23 Min=1 Sec=0
--> Titou/Malfurion Stormrage Mana=1 Hlt=30 Att=0 Arm=2 Hnd=6 Dck=24 Min=0 Sec=0

NEXT_TURN

Titou PLAY_CARD id=150 position=0 // name='Thrallmar Farseer' cost=3 text='Windfury'
--> Titou/Malfurion Stormrage Mana=1 Hlt=30 Att=0 Arm=2 Hnd=6 Dck=23 Min=1 Sec=0
--> Didier/Garrosh Hellscream Mana=0 Hlt=30 Att=0 Arm=2 Hnd=6 Dck=23 Min=1 Sec=0

Titou PLAY_CARD id=135 target=minion 'Frothing Berserker'(115) // name='Naturalize' cost=1 text='Destroy a minion. Your opponent draws 2 cards.'
--> Titou/Malfurion Stormrage Mana=0 Hlt=30 Att=0 Arm=2 Hnd=5 Dck=23 Min=1 Sec=0
--> Didier/Garrosh Hellscream Mana=0 Hlt=30 Att=0 Arm=2 Hnd=8 Dck=21 Min=0 Sec=0

NEXT_TURN

Didier USE_HERO_POWER power=''Armor Up!' power'
--> Didier/Garrosh Hellscream Mana=2 Hlt=30 Att=0 Arm=4 Hnd=9 Dck=20 Min=0 Sec=0
--> Titou/Malfurion Stormrage Mana=0 Hlt=30 Att=0 Arm=2 Hnd=5 Dck=23 Min=1 Sec=0

Didier PLAY_CARD id=107 // name='Fiery War Axe' cost=2 text='null'
--> Didier/Garrosh Hellscream Mana=0 Hlt=30 Att=0 Arm=4 Hnd=8 Dck=20 Min=0 Sec=0
--> Titou/Malfurion Stormrage Mana=0 Hlt=30 Att=0 Arm=2 Hnd=5 Dck=23 Min=1 Sec=0

Didier ATTACK attacker=hero 'Garrosh Hellscream'(100) attacked=minion 'Thrallmar Farseer'(150)
--> Didier/Garrosh Hellscream Mana=0 Hlt=30 Att=0 Arm=2 Hnd=8 Dck=20 Min=0 Sec=0
--> Titou/Malfurion Stormrage Mana=0 Hlt=30 Att=0 Arm=2 Hnd=5 Dck=23 Min=0 Sec=0

NEXT_TURN

Titou USE_HERO_POWER power=''Shapeshift' power'
--> Titou/Malfurion Stormrage Mana=3 Hlt=30 Att=0 Arm=3 Hnd=6 Dck=22 Min=0 Sec=0
--> Didier/Garrosh Hellscream Mana=0 Hlt=30 Att=0 Arm=2 Hnd=8 Dck=20 Min=0 Sec=0

Titou ATTACK attacker=hero 'Malfurion Stormrage'(131) attacked=hero 'Garrosh Hellscream'(100)
--> Titou/Malfurion Stormrage Mana=3 Hlt=30 Att=0 Arm=0 Hnd=6 Dck=22 Min=0 Sec=0
--> Didier/Garrosh Hellscream Mana=0 Hlt=30 Att=0 Arm=1 Hnd=8 Dck=20 Min=0 Sec=0

NEXT_TURN

Didier PLAY_CARD id=113 position=0 // name='Acolyte of Pain' cost=3 text='Whenever this minion takes damage, draw a card.'
--> Didier/Garrosh Hellscream Mana=2 Hlt=30 Att=0 Arm=1 Hnd=8 Dck=19 Min=1 Sec=0
--> Titou/Malfurion Stormrage Mana=3 Hlt=30 Att=0 Arm=0 Hnd=6 Dck=22 Min=0 Sec=0

Didier PLAY_CARD id=111 target=minion 'Acolyte of Pain'(113) // name='Shield Slam' cost=1 text='Deal 1 damage to a minion for each Armor you have.'
--> Didier/Garrosh Hellscream Mana=1 Hlt=30 Att=0 Arm=1 Hnd=8 Dck=18 Min=1 Sec=0
--> Titou/Malfurion Stormrage Mana=3 Hlt=30 Att=0 Arm=0 Hnd=6 Dck=22 Min=0 Sec=0

Didier PLAY_CARD id=105 // name='Whirlwind' cost=1 text='Deal 1 damage to ALL minions.'
--> Didier/Garrosh Hellscream Mana=0 Hlt=30 Att=0 Arm=1 Hnd=8 Dck=17 Min=1 Sec=0
--> Titou/Malfurion Stormrage Mana=3 Hlt=30 Att=0 Arm=0 Hnd=6 Dck=22 Min=0 Sec=0

Didier ATTACK attacker=hero 'Garrosh Hellscream'(100) attacked=hero 'Malfurion Stormrage'(131)
--> Didier/Garrosh Hellscream Mana=0 Hlt=30 Att=0 Arm=1 Hnd=8 Dck=17 Min=1 Sec=0
--> Titou/Malfurion Stormrage Mana=3 Hlt=27 Att=0 Arm=0 Hnd=6 Dck=22 Min=0 Sec=0

NEXT_TURN

Titou USE_HERO_POWER power=''Shapeshift' power'
--> Titou/Malfurion Stormrage Mana=4 Hlt=27 Att=0 Arm=1 Hnd=7 Dck=21 Min=0 Sec=0
--> Didier/Garrosh Hellscream Mana=0 Hlt=30 Att=0 Arm=1 Hnd=8 Dck=17 Min=1 Sec=0

Titou ATTACK attacker=hero 'Malfurion Stormrage'(131) attacked=minion 'Acolyte of Pain'(113)
--> Titou/Malfurion Stormrage Mana=4 Hlt=27 Att=0 Arm=0 Hnd=7 Dck=21 Min=0 Sec=0
--> Didier/Garrosh Hellscream Mana=0 Hlt=30 Att=0 Arm=1 Hnd=9 Dck=16 Min=0 Sec=0

NEXT_TURN

Didier PLAY_CARD id=124 // name='Arcanite Reaper' cost=5 text='null'
--> Didier/Garrosh Hellscream Mana=1 Hlt=30 Att=0 Arm=1 Hnd=9 Dck=15 Min=0 Sec=0
--> Titou/Malfurion Stormrage Mana=4 Hlt=27 Att=0 Arm=0 Hnd=7 Dck=21 Min=0 Sec=0

Didier PLAY_CARD id=102 // name='Upgrade!' cost=1 text='If you have a weapon, give it +1/+1. Otherwise equip a 1/3 weapon.'
--> Didier/Garrosh Hellscream Mana=0 Hlt=30 Att=0 Arm=1 Hnd=8 Dck=15 Min=0 Sec=0
--> Titou/Malfurion Stormrage Mana=4 Hlt=27 Att=0 Arm=0 Hnd=7 Dck=21 Min=0 Sec=0

Didier ATTACK attacker=hero 'Garrosh Hellscream'(100) attacked=hero 'Malfurion Stormrage'(131)
--> Didier/Garrosh Hellscream Mana=0 Hlt=30 Att=0 Arm=1 Hnd=8 Dck=15 Min=0 Sec=0
--> Titou/Malfurion Stormrage Mana=4 Hlt=21 Att=0 Arm=0 Hnd=7 Dck=21 Min=0 Sec=0

NEXT_TURN

Titou PLAY_CARD id=159 target=hero 'Malfurion Stormrage'(131) // name='Starfire' cost=6 text='Deal 5 damage. Draw a card.'
--> Titou/Malfurion Stormrage Mana=1 Hlt=16 Att=0 Arm=0 Hnd=8 Dck=19 Min=0 Sec=0
--> Didier/Garrosh Hellscream Mana=0 Hlt=30 Att=0 Arm=1 Hnd=8 Dck=15 Min=0 Sec=0

NEXT_TURN

Didier PLAY_CARD id=114 position=0 // name='Frothing Berserker' cost=3 text='Whenever a minion takes damage, gain +1 Attack.'
--> Didier/Garrosh Hellscream Mana=4 Hlt=30 Att=0 Arm=1 Hnd=8 Dck=14 Min=1 Sec=0
--> Titou/Malfurion Stormrage Mana=1 Hlt=16 Att=0 Arm=0 Hnd=8 Dck=19 Min=0 Sec=0

Didier USE_HERO_POWER power=''Armor Up!' power'
--> Didier/Garrosh Hellscream Mana=2 Hlt=30 Att=0 Arm=3 Hnd=8 Dck=14 Min=1 Sec=0
--> Titou/Malfurion Stormrage Mana=1 Hlt=16 Att=0 Arm=0 Hnd=8 Dck=19 Min=0 Sec=0

Didier PLAY_CARD id=112 position=0 // name='Acidic Swamp Ooze' cost=2 text='Battlecry: Destroy your opponent's weapon.'
--> Didier/Garrosh Hellscream Mana=0 Hlt=30 Att=0 Arm=3 Hnd=7 Dck=14 Min=2 Sec=0
--> Titou/Malfurion Stormrage Mana=1 Hlt=16 Att=0 Arm=0 Hnd=8 Dck=19 Min=0 Sec=0

Didier ATTACK attacker=hero 'Garrosh Hellscream'(100) attacked=hero 'Malfurion Stormrage'(131)
--> Didier/Garrosh Hellscream Mana=0 Hlt=30 Att=0 Arm=3 Hnd=7 Dck=14 Min=2 Sec=0
--> Titou/Malfurion Stormrage Mana=1 Hlt=10 Att=0 Arm=0 Hnd=8 Dck=19 Min=0 Sec=0

NEXT_TURN

Titou PLAY_CARD id=144 target=minion 'Acidic Swamp Ooze'(112) position=0 // name='Ironbeak Owl' cost=2 text='Battlecry: Silence a minion.'
--> Titou/Malfurion Stormrage Mana=6 Hlt=10 Att=0 Arm=0 Hnd=8 Dck=18 Min=1 Sec=0
--> Didier/Garrosh Hellscream Mana=0 Hlt=30 Att=0 Arm=3 Hnd=7 Dck=14 Min=2 Sec=0

Titou PLAY_CARD id=154 position=1 // name='Azure Drake' cost=5 text='Spell Damage +1. Battlecry: Draw a card.'
--> Titou/Malfurion Stormrage Mana=1 Hlt=10 Att=0 Arm=0 Hnd=8 Dck=17 Min=2 Sec=0
--> Didier/Garrosh Hellscream Mana=0 Hlt=30 Att=0 Arm=3 Hnd=7 Dck=14 Min=2 Sec=0

Titou PLAY_CARD id=138 position=1 // name='Leper Gnome' cost=1 text='Deathrattle: Deal 2 damage to the enemy hero.'
--> Titou/Malfurion Stormrage Mana=0 Hlt=10 Att=0 Arm=0 Hnd=7 Dck=17 Min=3 Sec=0
--> Didier/Garrosh Hellscream Mana=0 Hlt=30 Att=0 Arm=3 Hnd=7 Dck=14 Min=2 Sec=0

NEXT_TURN

Didier PLAY_CARD id=117 position=0 // name='Thrallmar Farseer' cost=3 text='Windfury'
--> Didier/Garrosh Hellscream Mana=5 Hlt=30 Att=0 Arm=3 Hnd=7 Dck=13 Min=3 Sec=0
--> Titou/Malfurion Stormrage Mana=0 Hlt=10 Att=0 Arm=0 Hnd=7 Dck=17 Min=3 Sec=0

Didier PLAY_CARD id=106 // name='Whirlwind' cost=1 text='Deal 1 damage to ALL minions.'
--> Didier/Garrosh Hellscream Mana=4 Hlt=28 Att=0 Arm=3 Hnd=6 Dck=13 Min=3 Sec=0
--> Titou/Malfurion Stormrage Mana=0 Hlt=10 Att=0 Arm=0 Hnd=7 Dck=17 Min=1 Sec=0

Didier ATTACK attacker=minion 'Frothing Berserker'(114) attacked=hero 'Malfurion Stormrage'(131)
--> Didier/Garrosh Hellscream Mana=4 Hlt=28 Att=0 Arm=3 Hnd=6 Dck=13 Min=3 Sec=0
--> Titou/Malfurion Stormrage Mana=0 Hlt=2 Att=0 Arm=0 Hnd=7 Dck=17 Min=1 Sec=0

Didier PLAY_CARD id=121 position=3 // name='Cult Master' cost=4 text='Whenever one of your other minions dies, draw a card.'
--> Didier/Garrosh Hellscream Mana=0 Hlt=28 Att=0 Arm=3 Hnd=5 Dck=13 Min=4 Sec=0
--> Titou/Malfurion Stormrage Mana=0 Hlt=2 Att=0 Arm=0 Hnd=7 Dck=17 Min=1 Sec=0

Didier ATTACK attacker=hero 'Garrosh Hellscream'(100) attacked=minion 'Azure Drake'(154)
--> Didier/Garrosh Hellscream Mana=0 Hlt=27 Att=0 Arm=0 Hnd=5 Dck=13 Min=4 Sec=0
--> Titou/Malfurion Stormrage Mana=0 Hlt=2 Att=0 Arm=0 Hnd=7 Dck=17 Min=0 Sec=0

Didier ATTACK attacker=minion 'Acidic Swamp Ooze'(112) attacked=hero 'Malfurion Stormrage'(131)
--> Didier/Garrosh Hellscream Mana=0 Hlt=27 Att=0 Arm=0 Hnd=5 Dck=13 Min=4 Sec=0
--> Titou/Malfurion Stormrage Mana=0 Hlt=-1 Att=0 Arm=0 Hnd=7 Dck=17 Min=0 Sec=0

Didier wins
Titou looses
