Active player = Titou
--> Titou/Malfurion Stormrage Mana=1 Hlt=30 Att=0 Arm=0 Hnd=4 Dck=26 Min=0 Sec=0
Opponent = Didier
--> Didier/Garrosh Hellscream Mana=0 Hlt=30 Att=0 Arm=0 Hnd=5 Dck=26 Min=0 Sec=0

NEXT_TURN

Didier PLAY_CARD id=162 // name='The Coin' cost=0 text='Gain 1 Mana Crystal this turn only.'
--> Didier/Garrosh Hellscream Mana=2 Hlt=30 Att=0 Arm=0 Hnd=5 Dck=25 Min=0 Sec=0
--> Titou/Malfurion Stormrage Mana=1 Hlt=30 Att=0 Arm=0 Hnd=4 Dck=26 Min=0 Sec=0

Didier USE_HERO_POWER power=''Armor Up!' power'
--> Didier/Garrosh Hellscream Mana=0 Hlt=30 Att=0 Arm=2 Hnd=5 Dck=25 Min=0 Sec=0
--> Titou/Malfurion Stormrage Mana=1 Hlt=30 Att=0 Arm=0 Hnd=4 Dck=26 Min=0 Sec=0

NEXT_TURN

Titou USE_HERO_POWER power=''Shapeshift' power'
--> Titou/Malfurion Stormrage Mana=0 Hlt=30 Att=0 Arm=1 Hnd=5 Dck=25 Min=0 Sec=0
--> Didier/Garrosh Hellscream Mana=0 Hlt=30 Att=0 Arm=2 Hnd=5 Dck=25 Min=0 Sec=0

Titou ATTACK attacker=hero 'Malfurion Stormrage'(131) attacked=hero 'Garrosh Hellscream'(100)
--> Titou/Malfurion Stormrage Mana=0 Hlt=30 Att=0 Arm=1 Hnd=5 Dck=25 Min=0 Sec=0
--> Didier/Garrosh Hellscream Mana=0 Hlt=30 Att=0 Arm=1 Hnd=5 Dck=25 Min=0 Sec=0

NEXT_TURN

Didier PLAY_CARD id=102 // name='Upgrade!' cost=1 text='If you have a weapon, give it +1/+1. Otherwise equip a 1/3 weapon.'
--> Didier/Garrosh Hellscream Mana=1 Hlt=30 Att=0 Arm=1 Hnd=5 Dck=24 Min=0 Sec=0
--> Titou/Malfurion Stormrage Mana=0 Hlt=30 Att=0 Arm=1 Hnd=5 Dck=25 Min=0 Sec=0

Didier ATTACK attacker=hero 'Garrosh Hellscream'(100) attacked=hero 'Malfurion Stormrage'(131)
--> Didier/Garrosh Hellscream Mana=1 Hlt=30 Att=0 Arm=1 Hnd=5 Dck=24 Min=0 Sec=0
--> Titou/Malfurion Stormrage Mana=0 Hlt=30 Att=0 Arm=0 Hnd=5 Dck=25 Min=0 Sec=0

NEXT_TURN

Titou PLAY_CARD id=148 position=0 // name='Wolfrider' cost=3 text='Charge'
--> Titou/Malfurion Stormrage Mana=0 Hlt=30 Att=0 Arm=0 Hnd=5 Dck=24 Min=1 Sec=0
--> Didier/Garrosh Hellscream Mana=1 Hlt=30 Att=0 Arm=1 Hnd=5 Dck=24 Min=0 Sec=0

Titou ATTACK attacker=minion 'Wolfrider'(148) attacked=hero 'Garrosh Hellscream'(100)
--> Titou/Malfurion Stormrage Mana=0 Hlt=30 Att=0 Arm=0 Hnd=5 Dck=24 Min=0 Sec=0
--> Didier/Garrosh Hellscream Mana=1 Hlt=28 Att=0 Arm=0 Hnd=5 Dck=24 Min=0 Sec=0

NEXT_TURN

Didier PLAY_CARD id=105 // name='Whirlwind' cost=1 text='Deal 1 damage to ALL minions.'
--> Didier/Garrosh Hellscream Mana=2 Hlt=28 Att=0 Arm=0 Hnd=5 Dck=23 Min=0 Sec=0
--> Titou/Malfurion Stormrage Mana=0 Hlt=30 Att=0 Arm=0 Hnd=5 Dck=24 Min=0 Sec=0

Didier USE_HERO_POWER power=''Armor Up!' power'
--> Didier/Garrosh Hellscream Mana=0 Hlt=28 Att=0 Arm=2 Hnd=5 Dck=23 Min=0 Sec=0
--> Titou/Malfurion Stormrage Mana=0 Hlt=30 Att=0 Arm=0 Hnd=5 Dck=24 Min=0 Sec=0

Didier ATTACK attacker=hero 'Garrosh Hellscream'(100) attacked=hero 'Malfurion Stormrage'(131)
--> Didier/Garrosh Hellscream Mana=0 Hlt=28 Att=0 Arm=2 Hnd=5 Dck=23 Min=0 Sec=0
--> Titou/Malfurion Stormrage Mana=0 Hlt=29 Att=0 Arm=0 Hnd=5 Dck=24 Min=0 Sec=0

NEXT_TURN

Titou PLAY_CARD id=152 target=hero 'Garrosh Hellscream'(100) // name='Swipe' cost=4 text='Deal 4 damage to an enemy and 1 damage to all other enemies.'
--> Titou/Malfurion Stormrage Mana=0 Hlt=29 Att=0 Arm=0 Hnd=5 Dck=23 Min=0 Sec=0
--> Didier/Garrosh Hellscream Mana=0 Hlt=24 Att=0 Arm=2 Hnd=5 Dck=23 Min=0 Sec=0

NEXT_TURN

Didier PLAY_CARD id=117 position=0 // name='Thrallmar Farseer' cost=3 text='Windfury'
--> Didier/Garrosh Hellscream Mana=1 Hlt=24 Att=0 Arm=2 Hnd=5 Dck=22 Min=1 Sec=0
--> Titou/Malfurion Stormrage Mana=0 Hlt=29 Att=0 Arm=0 Hnd=5 Dck=23 Min=0 Sec=0

Didier ATTACK attacker=hero 'Garrosh Hellscream'(100) attacked=hero 'Malfurion Stormrage'(131)
--> Didier/Garrosh Hellscream Mana=1 Hlt=24 Att=0 Arm=2 Hnd=5 Dck=22 Min=1 Sec=0
--> Titou/Malfurion Stormrage Mana=0 Hlt=28 Att=0 Arm=0 Hnd=5 Dck=23 Min=0 Sec=0

NEXT_TURN

Titou PLAY_CARD id=140 choice='Deal 3 damage to a minion' target=minion 'Thrallmar Farseer'(117) // name='Wrath' cost=2 text='Choose One - Deal 3 damage to a minion; or 1 damage and draw a card.'
--> Titou/Malfurion Stormrage Mana=3 Hlt=28 Att=0 Arm=0 Hnd=5 Dck=22 Min=0 Sec=0
--> Didier/Garrosh Hellscream Mana=1 Hlt=24 Att=0 Arm=2 Hnd=5 Dck=22 Min=0 Sec=0

Titou PLAY_CARD id=149 position=0 // name='Thrallmar Farseer' cost=3 text='Windfury'
--> Titou/Malfurion Stormrage Mana=0 Hlt=28 Att=0 Arm=0 Hnd=4 Dck=22 Min=1 Sec=0
--> Didier/Garrosh Hellscream Mana=1 Hlt=24 Att=0 Arm=2 Hnd=5 Dck=22 Min=0 Sec=0

NEXT_TURN

Didier PLAY_CARD id=115 position=0 // name='Frothing Berserker' cost=3 text='Whenever a minion takes damage, gain +1 Attack.'
--> Didier/Garrosh Hellscream Mana=2 Hlt=24 Att=0 Arm=2 Hnd=5 Dck=21 Min=1 Sec=0
--> Titou/Malfurion Stormrage Mana=0 Hlt=28 Att=0 Arm=0 Hnd=4 Dck=22 Min=1 Sec=0

Didier PLAY_CARD id=109 // name='Heroic Strike' cost=2 text='Give your hero +4 Attack this turn.'
--> Didier/Garrosh Hellscream Mana=0 Hlt=24 Att=0 Arm=2 Hnd=4 Dck=21 Min=1 Sec=0
--> Titou/Malfurion Stormrage Mana=0 Hlt=28 Att=0 Arm=0 Hnd=4 Dck=22 Min=1 Sec=0

Didier ATTACK attacker=hero 'Garrosh Hellscream'(100) attacked=minion 'Thrallmar Farseer'(149)
--> Didier/Garrosh Hellscream Mana=0 Hlt=24 Att=0 Arm=0 Hnd=4 Dck=21 Min=1 Sec=0
--> Titou/Malfurion Stormrage Mana=0 Hlt=28 Att=0 Arm=0 Hnd=4 Dck=22 Min=0 Sec=0

NEXT_TURN

Titou PLAY_CARD id=155 position=0 // name='Azure Drake' cost=5 text='Spell Damage +1. Battlecry: Draw a card.'
--> Titou/Malfurion Stormrage Mana=1 Hlt=28 Att=0 Arm=0 Hnd=5 Dck=20 Min=1 Sec=0
--> Didier/Garrosh Hellscream Mana=0 Hlt=24 Att=0 Arm=0 Hnd=4 Dck=21 Min=1 Sec=0

Titou PLAY_CARD id=132 // name='Innervate' cost=0 text='Gain 2 Mana Crystals this turn only.'
--> Titou/Malfurion Stormrage Mana=3 Hlt=28 Att=0 Arm=0 Hnd=4 Dck=20 Min=1 Sec=0
--> Didier/Garrosh Hellscream Mana=0 Hlt=24 Att=0 Arm=0 Hnd=4 Dck=21 Min=1 Sec=0

Titou USE_HERO_POWER power=''Shapeshift' power'
--> Titou/Malfurion Stormrage Mana=1 Hlt=28 Att=0 Arm=1 Hnd=4 Dck=20 Min=1 Sec=0
--> Didier/Garrosh Hellscream Mana=0 Hlt=24 Att=0 Arm=0 Hnd=4 Dck=21 Min=1 Sec=0

Titou ATTACK attacker=hero 'Malfurion Stormrage'(131) attacked=minion 'Frothing Berserker'(115)
--> Titou/Malfurion Stormrage Mana=1 Hlt=26 Att=0 Arm=0 Hnd=4 Dck=20 Min=1 Sec=0
--> Didier/Garrosh Hellscream Mana=0 Hlt=24 Att=0 Arm=0 Hnd=4 Dck=21 Min=1 Sec=0

NEXT_TURN

Didier PLAY_CARD id=128 target=hero 'Garrosh Hellscream'(100) position=1 // name='Stormpike Commando' cost=5 text='Battlecry: Deal 2 damage.'
--> Didier/Garrosh Hellscream Mana=1 Hlt=22 Att=0 Arm=0 Hnd=4 Dck=20 Min=2 Sec=0
--> Titou/Malfurion Stormrage Mana=1 Hlt=26 Att=0 Arm=0 Hnd=4 Dck=20 Min=1 Sec=0

Didier ATTACK attacker=minion 'Frothing Berserker'(115) attacked=hero 'Malfurion Stormrage'(131)
--> Didier/Garrosh Hellscream Mana=1 Hlt=22 Att=0 Arm=0 Hnd=4 Dck=20 Min=2 Sec=0
--> Titou/Malfurion Stormrage Mana=1 Hlt=22 Att=0 Arm=0 Hnd=4 Dck=20 Min=1 Sec=0

NEXT_TURN

Titou PLAY_CARD id=159 target=hero 'Malfurion Stormrage'(131) // name='Starfire' cost=6 text='Deal 5 damage. Draw a card.'
--> Titou/Malfurion Stormrage Mana=1 Hlt=16 Att=0 Arm=0 Hnd=5 Dck=18 Min=1 Sec=0
--> Didier/Garrosh Hellscream Mana=1 Hlt=22 Att=0 Arm=0 Hnd=4 Dck=20 Min=2 Sec=0

Titou PLAY_CARD id=133 // name='Innervate' cost=0 text='Gain 2 Mana Crystals this turn only.'
--> Titou/Malfurion Stormrage Mana=3 Hlt=16 Att=0 Arm=0 Hnd=4 Dck=18 Min=1 Sec=0
--> Didier/Garrosh Hellscream Mana=1 Hlt=22 Att=0 Arm=0 Hnd=4 Dck=20 Min=2 Sec=0

Titou ATTACK attacker=minion 'Azure Drake'(155) attacked=minion 'Stormpike Commando'(128)
--> Titou/Malfurion Stormrage Mana=3 Hlt=16 Att=0 Arm=0 Hnd=4 Dck=18 Min=0 Sec=0
--> Didier/Garrosh Hellscream Mana=1 Hlt=22 Att=0 Arm=0 Hnd=4 Dck=20 Min=1 Sec=0

Titou USE_HERO_POWER power=''Shapeshift' power'
--> Titou/Malfurion Stormrage Mana=1 Hlt=16 Att=0 Arm=1 Hnd=4 Dck=18 Min=0 Sec=0
--> Didier/Garrosh Hellscream Mana=1 Hlt=22 Att=0 Arm=0 Hnd=4 Dck=20 Min=1 Sec=0

Titou ATTACK attacker=hero 'Malfurion Stormrage'(131) attacked=minion 'Frothing Berserker'(115)
--> Titou/Malfurion Stormrage Mana=1 Hlt=11 Att=0 Arm=0 Hnd=4 Dck=18 Min=0 Sec=0
--> Didier/Garrosh Hellscream Mana=1 Hlt=22 Att=0 Arm=0 Hnd=4 Dck=20 Min=1 Sec=0

NEXT_TURN

Didier PLAY_CARD id=122 position=0 // name='Kor'kron Elite' cost=4 text='Charge'
--> Didier/Garrosh Hellscream Mana=3 Hlt=22 Att=0 Arm=0 Hnd=4 Dck=19 Min=2 Sec=0
--> Titou/Malfurion Stormrage Mana=1 Hlt=11 Att=0 Arm=0 Hnd=4 Dck=18 Min=0 Sec=0

Didier USE_HERO_POWER power=''Armor Up!' power'
--> Didier/Garrosh Hellscream Mana=1 Hlt=22 Att=0 Arm=2 Hnd=4 Dck=19 Min=2 Sec=0
--> Titou/Malfurion Stormrage Mana=1 Hlt=11 Att=0 Arm=0 Hnd=4 Dck=18 Min=0 Sec=0

Didier ATTACK attacker=minion 'Frothing Berserker'(115) attacked=hero 'Malfurion Stormrage'(131)
--> Didier/Garrosh Hellscream Mana=1 Hlt=22 Att=0 Arm=2 Hnd=4 Dck=19 Min=2 Sec=0
--> Titou/Malfurion Stormrage Mana=1 Hlt=4 Att=0 Arm=0 Hnd=4 Dck=18 Min=0 Sec=0

Didier ATTACK attacker=minion 'Kor'kron Elite'(122) attacked=hero 'Malfurion Stormrage'(131)
--> Didier/Garrosh Hellscream Mana=1 Hlt=22 Att=0 Arm=2 Hnd=4 Dck=19 Min=2 Sec=0
--> Titou/Malfurion Stormrage Mana=1 Hlt=0 Att=0 Arm=0 Hnd=4 Dck=18 Min=0 Sec=0

Didier wins
Titou looses
