Active player = Titou
--> Titou/Malfurion Stormrage Mana=1 Hlt=30 Att=0 Arm=0 Hnd=4 Dck=26 Min=0 Sec=0
Opponent = Didier
--> Didier/Garrosh Hellscream Mana=0 Hlt=30 Att=0 Arm=0 Hnd=5 Dck=26 Min=0 Sec=0

NEXT_TURN

Didier PLAY_CARD id=162 // name='The Coin' cost=0 text='Gain 1 Mana Crystal this turn only.'
--> Didier/Garrosh Hellscream Mana=2 Hlt=30 Att=0 Arm=0 Hnd=5 Dck=25 Min=0 Sec=0
--> Titou/Malfurion Stormrage Mana=1 Hlt=30 Att=0 Arm=0 Hnd=4 Dck=26 Min=0 Sec=0

Didier PLAY_CARD id=108 // name='Fiery War Axe' cost=2 text='null'
--> Didier/Garrosh Hellscream Mana=0 Hlt=30 Att=0 Arm=0 Hnd=4 Dck=25 Min=0 Sec=0
--> Titou/Malfurion Stormrage Mana=1 Hlt=30 Att=0 Arm=0 Hnd=4 Dck=26 Min=0 Sec=0

Didier ATTACK attacker=hero 'Garrosh Hellscream'(100) attacked=hero 'Malfurion Stormrage'(131)
--> Didier/Garrosh Hellscream Mana=0 Hlt=30 Att=0 Arm=0 Hnd=4 Dck=25 Min=0 Sec=0
--> Titou/Malfurion Stormrage Mana=1 Hlt=27 Att=0 Arm=0 Hnd=4 Dck=26 Min=0 Sec=0

NEXT_TURN

Titou USE_HERO_POWER power=''Shapeshift' power'
--> Titou/Malfurion Stormrage Mana=0 Hlt=27 Att=0 Arm=1 Hnd=5 Dck=25 Min=0 Sec=0
--> Didier/Garrosh Hellscream Mana=0 Hlt=30 Att=0 Arm=0 Hnd=4 Dck=25 Min=0 Sec=0

Titou ATTACK attacker=hero 'Malfurion Stormrage'(131) attacked=hero 'Garrosh Hellscream'(100)
--> Titou/Malfurion Stormrage Mana=0 Hlt=25 Att=0 Arm=0 Hnd=5 Dck=25 Min=0 Sec=0
--> Didier/Garrosh Hellscream Mana=0 Hlt=29 Att=0 Arm=0 Hnd=4 Dck=25 Min=0 Sec=0

NEXT_TURN

Didier ATTACK attacker=hero 'Garrosh Hellscream'(100) attacked=hero 'Malfurion Stormrage'(131)
--> Didier/Garrosh Hellscream Mana=2 Hlt=29 Att=0 Arm=0 Hnd=5 Dck=24 Min=0 Sec=0
--> Titou/Malfurion Stormrage Mana=0 Hlt=22 Att=0 Arm=0 Hnd=5 Dck=25 Min=0 Sec=0

Didier USE_HERO_POWER power=''Armor Up!' power'
--> Didier/Garrosh Hellscream Mana=0 Hlt=29 Att=0 Arm=2 Hnd=5 Dck=24 Min=0 Sec=0
--> Titou/Malfurion Stormrage Mana=0 Hlt=22 Att=0 Arm=0 Hnd=5 Dck=25 Min=0 Sec=0

NEXT_TURN

Titou PLAY_CARD id=136 // name='Claw' cost=1 text='Give your hero +2 Attack this turn and 2 Armor.'
--> Titou/Malfurion Stormrage Mana=2 Hlt=22 Att=0 Arm=2 Hnd=5 Dck=24 Min=0 Sec=0
--> Didier/Garrosh Hellscream Mana=0 Hlt=29 Att=0 Arm=2 Hnd=5 Dck=24 Min=0 Sec=0

Titou ATTACK attacker=hero 'Malfurion Stormrage'(131) attacked=hero 'Garrosh Hellscream'(100)
--> Titou/Malfurion Stormrage Mana=2 Hlt=22 Att=0 Arm=2 Hnd=5 Dck=24 Min=0 Sec=0
--> Didier/Garrosh Hellscream Mana=0 Hlt=29 Att=0 Arm=0 Hnd=5 Dck=24 Min=0 Sec=0

Titou USE_HERO_POWER power=''Shapeshift' power'
--> Titou/Malfurion Stormrage Mana=0 Hlt=22 Att=0 Arm=3 Hnd=5 Dck=24 Min=0 Sec=0
--> Didier/Garrosh Hellscream Mana=0 Hlt=29 Att=0 Arm=0 Hnd=5 Dck=24 Min=0 Sec=0

NEXT_TURN

Didier USE_HERO_POWER power=''Armor Up!' power'
--> Didier/Garrosh Hellscream Mana=1 Hlt=29 Att=0 Arm=2 Hnd=6 Dck=23 Min=0 Sec=0
--> Titou/Malfurion Stormrage Mana=0 Hlt=22 Att=0 Arm=3 Hnd=5 Dck=24 Min=0 Sec=0

NEXT_TURN

Titou USE_HERO_POWER power=''Shapeshift' power'
--> Titou/Malfurion Stormrage Mana=2 Hlt=22 Att=0 Arm=4 Hnd=6 Dck=23 Min=0 Sec=0
--> Didier/Garrosh Hellscream Mana=1 Hlt=29 Att=0 Arm=2 Hnd=6 Dck=23 Min=0 Sec=0

Titou ATTACK attacker=hero 'Malfurion Stormrage'(131) attacked=hero 'Garrosh Hellscream'(100)
--> Titou/Malfurion Stormrage Mana=2 Hlt=22 Att=0 Arm=4 Hnd=6 Dck=23 Min=0 Sec=0
--> Didier/Garrosh Hellscream Mana=1 Hlt=29 Att=0 Arm=1 Hnd=6 Dck=23 Min=0 Sec=0

NEXT_TURN

Didier PLAY_CARD id=102 // name='Upgrade!' cost=1 text='If you have a weapon, give it +1/+1. Otherwise equip a 1/3 weapon.'
--> Didier/Garrosh Hellscream Mana=3 Hlt=29 Att=0 Arm=1 Hnd=6 Dck=22 Min=0 Sec=0
--> Titou/Malfurion Stormrage Mana=2 Hlt=22 Att=0 Arm=4 Hnd=6 Dck=23 Min=0 Sec=0

Didier USE_HERO_POWER power=''Armor Up!' power'
--> Didier/Garrosh Hellscream Mana=1 Hlt=29 Att=0 Arm=3 Hnd=6 Dck=22 Min=0 Sec=0
--> Titou/Malfurion Stormrage Mana=2 Hlt=22 Att=0 Arm=4 Hnd=6 Dck=23 Min=0 Sec=0

Didier ATTACK attacker=hero 'Garrosh Hellscream'(100) attacked=hero 'Malfurion Stormrage'(131)
--> Didier/Garrosh Hellscream Mana=1 Hlt=29 Att=0 Arm=3 Hnd=6 Dck=22 Min=0 Sec=0
--> Titou/Malfurion Stormrage Mana=2 Hlt=22 Att=0 Arm=3 Hnd=6 Dck=23 Min=0 Sec=0

NEXT_TURN

Titou PLAY_CARD id=155 position=0 // name='Azure Drake' cost=5 text='Spell Damage +1. Battlecry: Draw a card.'
--> Titou/Malfurion Stormrage Mana=0 Hlt=22 Att=0 Arm=3 Hnd=7 Dck=21 Min=1 Sec=0
--> Didier/Garrosh Hellscream Mana=1 Hlt=29 Att=0 Arm=3 Hnd=6 Dck=22 Min=0 Sec=0

NEXT_TURN

Didier PLAY_CARD id=101 target=minion 'Azure Drake'(155) // name='Inner Rage' cost=0 text='Deal 1 damage to a minion and give it +2 Attack.'
--> Didier/Garrosh Hellscream Mana=5 Hlt=29 Att=0 Arm=3 Hnd=6 Dck=21 Min=0 Sec=0
--> Titou/Malfurion Stormrage Mana=0 Hlt=22 Att=0 Arm=3 Hnd=7 Dck=21 Min=1 Sec=0

Didier ATTACK attacker=hero 'Garrosh Hellscream'(100) attacked=minion 'Azure Drake'(155)
--> Didier/Garrosh Hellscream Mana=5 Hlt=26 Att=0 Arm=0 Hnd=6 Dck=21 Min=0 Sec=0
--> Titou/Malfurion Stormrage Mana=0 Hlt=22 Att=0 Arm=3 Hnd=7 Dck=21 Min=1 Sec=0

Didier PLAY_CARD id=128 target=hero 'Malfurion Stormrage'(131) position=0 // name='Stormpike Commando' cost=5 text='Battlecry: Deal 2 damage.'
--> Didier/Garrosh Hellscream Mana=0 Hlt=26 Att=0 Arm=0 Hnd=5 Dck=21 Min=1 Sec=0
--> Titou/Malfurion Stormrage Mana=0 Hlt=20 Att=0 Arm=3 Hnd=7 Dck=21 Min=1 Sec=0

NEXT_TURN

Titou PLAY_CARD id=135 target=minion 'Stormpike Commando'(128) // name='Naturalize' cost=1 text='Destroy a minion. Your opponent draws 2 cards.'
--> Titou/Malfurion Stormrage Mana=5 Hlt=20 Att=0 Arm=3 Hnd=7 Dck=20 Min=1 Sec=0
--> Didier/Garrosh Hellscream Mana=0 Hlt=26 Att=0 Arm=0 Hnd=7 Dck=19 Min=0 Sec=0

Titou PLAY_CARD id=138 position=1 // name='Leper Gnome' cost=1 text='Deathrattle: Deal 2 damage to the enemy hero.'
--> Titou/Malfurion Stormrage Mana=4 Hlt=20 Att=0 Arm=3 Hnd=6 Dck=20 Min=2 Sec=0
--> Didier/Garrosh Hellscream Mana=0 Hlt=26 Att=0 Arm=0 Hnd=7 Dck=19 Min=0 Sec=0

Titou PLAY_CARD id=149 position=0 // name='Thrallmar Farseer' cost=3 text='Windfury'
--> Titou/Malfurion Stormrage Mana=1 Hlt=20 Att=0 Arm=3 Hnd=5 Dck=20 Min=3 Sec=0
--> Didier/Garrosh Hellscream Mana=0 Hlt=26 Att=0 Arm=0 Hnd=7 Dck=19 Min=0 Sec=0

Titou ATTACK attacker=minion 'Azure Drake'(155) attacked=hero 'Garrosh Hellscream'(100)
--> Titou/Malfurion Stormrage Mana=1 Hlt=20 Att=0 Arm=3 Hnd=5 Dck=20 Min=3 Sec=0
--> Didier/Garrosh Hellscream Mana=0 Hlt=20 Att=0 Arm=0 Hnd=7 Dck=19 Min=0 Sec=0

Titou PLAY_CARD id=137 // name='Claw' cost=1 text='Give your hero +2 Attack this turn and 2 Armor.'
--> Titou/Malfurion Stormrage Mana=0 Hlt=20 Att=0 Arm=5 Hnd=4 Dck=20 Min=3 Sec=0
--> Didier/Garrosh Hellscream Mana=0 Hlt=20 Att=0 Arm=0 Hnd=7 Dck=19 Min=0 Sec=0

Titou ATTACK attacker=hero 'Malfurion Stormrage'(131) attacked=hero 'Garrosh Hellscream'(100)
--> Titou/Malfurion Stormrage Mana=0 Hlt=20 Att=0 Arm=4 Hnd=4 Dck=20 Min=3 Sec=0
--> Didier/Garrosh Hellscream Mana=0 Hlt=18 Att=0 Arm=0 Hnd=7 Dck=19 Min=0 Sec=0

NEXT_TURN

Didier PLAY_CARD id=121 position=0 // name='Cult Master' cost=4 text='Whenever one of your other minions dies, draw a card.'
--> Didier/Garrosh Hellscream Mana=2 Hlt=18 Att=0 Arm=0 Hnd=7 Dck=18 Min=1 Sec=0
--> Titou/Malfurion Stormrage Mana=0 Hlt=20 Att=0 Arm=4 Hnd=4 Dck=20 Min=3 Sec=0

Didier PLAY_CARD id=103 target=minion 'Azure Drake'(155) // name='Execute' cost=1 text='Destroy a damaged enemy minion.'
--> Didier/Garrosh Hellscream Mana=1 Hlt=18 Att=0 Arm=0 Hnd=6 Dck=18 Min=1 Sec=0
--> Titou/Malfurion Stormrage Mana=0 Hlt=20 Att=0 Arm=4 Hnd=4 Dck=20 Min=2 Sec=0

Didier ATTACK attacker=hero 'Garrosh Hellscream'(100) attacked=minion 'Leper Gnome'(138)
--> Didier/Garrosh Hellscream Mana=1 Hlt=14 Att=0 Arm=0 Hnd=6 Dck=18 Min=1 Sec=0
--> Titou/Malfurion Stormrage Mana=0 Hlt=20 Att=0 Arm=4 Hnd=4 Dck=20 Min=1 Sec=0

NEXT_TURN

Titou PLAY_CARD id=157 choice='Charge' position=0 // name='Druid of the Claw' cost=5 text='Choose One - Charge; or +2 Health and Taunt.'
--> Titou/Malfurion Stormrage Mana=2 Hlt=20 Att=0 Arm=4 Hnd=4 Dck=19 Min=2 Sec=0
--> Didier/Garrosh Hellscream Mana=1 Hlt=14 Att=0 Arm=0 Hnd=6 Dck=18 Min=1 Sec=0

Titou USE_HERO_POWER power=''Shapeshift' power'
--> Titou/Malfurion Stormrage Mana=0 Hlt=20 Att=0 Arm=5 Hnd=4 Dck=19 Min=2 Sec=0
--> Didier/Garrosh Hellscream Mana=1 Hlt=14 Att=0 Arm=0 Hnd=6 Dck=18 Min=1 Sec=0

Titou ATTACK attacker=minion 'Thrallmar Farseer'(149) attacked=hero 'Garrosh Hellscream'(100)
--> Titou/Malfurion Stormrage Mana=0 Hlt=20 Att=0 Arm=5 Hnd=4 Dck=19 Min=2 Sec=0
--> Didier/Garrosh Hellscream Mana=1 Hlt=12 Att=0 Arm=0 Hnd=6 Dck=18 Min=1 Sec=0

Titou ATTACK attacker=minion 'Druid of the Claw'(157) attacked=hero 'Garrosh Hellscream'(100)
--> Titou/Malfurion Stormrage Mana=0 Hlt=20 Att=0 Arm=5 Hnd=4 Dck=19 Min=2 Sec=0
--> Didier/Garrosh Hellscream Mana=1 Hlt=8 Att=0 Arm=0 Hnd=6 Dck=18 Min=1 Sec=0

Titou ATTACK attacker=minion 'Thrallmar Farseer'(149) attacked=hero 'Garrosh Hellscream'(100)
--> Titou/Malfurion Stormrage Mana=0 Hlt=20 Att=0 Arm=5 Hnd=4 Dck=19 Min=2 Sec=0
--> Didier/Garrosh Hellscream Mana=1 Hlt=6 Att=0 Arm=0 Hnd=6 Dck=18 Min=1 Sec=0

Titou ATTACK attacker=hero 'Malfurion Stormrage'(131) attacked=hero 'Garrosh Hellscream'(100)
--> Titou/Malfurion Stormrage Mana=0 Hlt=20 Att=0 Arm=5 Hnd=4 Dck=19 Min=2 Sec=0
--> Didier/Garrosh Hellscream Mana=1 Hlt=5 Att=0 Arm=0 Hnd=6 Dck=18 Min=1 Sec=0

NEXT_TURN

Didier ATTACK attacker=minion 'Cult Master'(121) attacked=minion 'Druid of the Claw'(157)
--> Didier/Garrosh Hellscream Mana=7 Hlt=5 Att=0 Arm=0 Hnd=7 Dck=17 Min=0 Sec=0
--> Titou/Malfurion Stormrage Mana=0 Hlt=20 Att=0 Arm=5 Hnd=4 Dck=19 Min=1 Sec=0

Didier PLAY_CARD id=129 target=hero 'Malfurion Stormrage'(131) position=0 // name='Frost Elemental' cost=6 text='Battlecry: Freeze a character.'
--> Didier/Garrosh Hellscream Mana=1 Hlt=5 Att=0 Arm=0 Hnd=6 Dck=17 Min=1 Sec=0
--> Titou/Malfurion Stormrage Mana=0 Hlt=20 Att=0 Arm=5 Hnd=4 Dck=19 Min=1 Sec=0

NEXT_TURN

Titou PLAY_CARD id=159 target=hero 'Garrosh Hellscream'(100) // name='Starfire' cost=6 text='Deal 5 damage. Draw a card.'
--> Titou/Malfurion Stormrage Mana=2 Hlt=20 Att=0 Arm=5 Hnd=5 Dck=17 Min=1 Sec=0
--> Didier/Garrosh Hellscream Mana=1 Hlt=0 Att=0 Arm=0 Hnd=6 Dck=17 Min=1 Sec=0

Didier looses
Titou wins
