Active player = Titou
--> Titou/Malfurion Stormrage Mana=1 Hlt=30 Att=0 Arm=0 Hnd=4 Dck=26 Min=0 Sec=0
Opponent = Didier
--> Didier/Garrosh Hellscream Mana=0 Hlt=30 Att=0 Arm=0 Hnd=5 Dck=26 Min=0 Sec=0

Titou PLAY_CARD id=133 // name='Innervate' cost=0 text='Gain 2 Mana Crystals this turn only.'
--> Titou/Malfurion Stormrage Mana=3 Hlt=30 Att=0 Arm=0 Hnd=3 Dck=26 Min=0 Sec=0
--> Didier/Garrosh Hellscream Mana=0 Hlt=30 Att=0 Arm=0 Hnd=5 Dck=26 Min=0 Sec=0

Titou USE_HERO_POWER power=''Shapeshift' power'
--> Titou/Malfurion Stormrage Mana=1 Hlt=30 Att=0 Arm=1 Hnd=3 Dck=26 Min=0 Sec=0
--> Didier/Garrosh Hellscream Mana=0 Hlt=30 Att=0 Arm=0 Hnd=5 Dck=26 Min=0 Sec=0

Titou ATTACK attacker=hero 'Malfurion Stormrage'(131) attacked=hero 'Garrosh Hellscream'(100)
--> Titou/Malfurion Stormrage Mana=1 Hlt=30 Att=0 Arm=1 Hnd=3 Dck=26 Min=0 Sec=0
--> Didier/Garrosh Hellscream Mana=0 Hlt=29 Att=0 Arm=0 Hnd=5 Dck=26 Min=0 Sec=0

NEXT_TURN

Didier PLAY_CARD id=105 // name='Whirlwind' cost=1 text='Deal 1 damage to ALL minions.'
--> Didier/Garrosh Hellscream Mana=0 Hlt=29 Att=0 Arm=0 Hnd=5 Dck=25 Min=0 Sec=0
--> Titou/Malfurion Stormrage Mana=1 Hlt=30 Att=0 Arm=1 Hnd=3 Dck=26 Min=0 Sec=0

Didier PLAY_CARD id=162 // name='The Coin' cost=0 text='Gain 1 Mana Crystal this turn only.'
--> Didier/Garrosh Hellscream Mana=1 Hlt=29 Att=0 Arm=0 Hnd=4 Dck=25 Min=0 Sec=0
--> Titou/Malfurion Stormrage Mana=1 Hlt=30 Att=0 Arm=1 Hnd=3 Dck=26 Min=0 Sec=0

Didier PLAY_CARD id=106 // name='Whirlwind' cost=1 text='Deal 1 damage to ALL minions.'
--> Didier/Garrosh Hellscream Mana=0 Hlt=29 Att=0 Arm=0 Hnd=3 Dck=25 Min=0 Sec=0
--> Titou/Malfurion Stormrage Mana=1 Hlt=30 Att=0 Arm=1 Hnd=3 Dck=26 Min=0 Sec=0

NEXT_TURN

Titou USE_HERO_POWER power=''Shapeshift' power'
--> Titou/Malfurion Stormrage Mana=0 Hlt=30 Att=0 Arm=2 Hnd=4 Dck=25 Min=0 Sec=0
--> Didier/Garrosh Hellscream Mana=0 Hlt=29 Att=0 Arm=0 Hnd=3 Dck=25 Min=0 Sec=0

Titou ATTACK attacker=hero 'Malfurion Stormrage'(131) attacked=hero 'Garrosh Hellscream'(100)
--> Titou/Malfurion Stormrage Mana=0 Hlt=30 Att=0 Arm=2 Hnd=4 Dck=25 Min=0 Sec=0
--> Didier/Garrosh Hellscream Mana=0 Hlt=28 Att=0 Arm=0 Hnd=3 Dck=25 Min=0 Sec=0

NEXT_TURN

Didier USE_HERO_POWER power=''Armor Up!' power'
--> Didier/Garrosh Hellscream Mana=0 Hlt=28 Att=0 Arm=2 Hnd=4 Dck=24 Min=0 Sec=0
--> Titou/Malfurion Stormrage Mana=0 Hlt=30 Att=0 Arm=2 Hnd=4 Dck=25 Min=0 Sec=0

NEXT_TURN

Titou USE_HERO_POWER power=''Shapeshift' power'
--> Titou/Malfurion Stormrage Mana=1 Hlt=30 Att=0 Arm=3 Hnd=5 Dck=24 Min=0 Sec=0
--> Didier/Garrosh Hellscream Mana=0 Hlt=28 Att=0 Arm=2 Hnd=4 Dck=24 Min=0 Sec=0

Titou ATTACK attacker=hero 'Malfurion Stormrage'(131) attacked=hero 'Garrosh Hellscream'(100)
--> Titou/Malfurion Stormrage Mana=1 Hlt=30 Att=0 Arm=3 Hnd=5 Dck=24 Min=0 Sec=0
--> Didier/Garrosh Hellscream Mana=0 Hlt=28 Att=0 Arm=1 Hnd=4 Dck=24 Min=0 Sec=0

NEXT_TURN

Didier PLAY_CARD id=110 // name='Heroic Strike' cost=2 text='Give your hero +4 Attack this turn.'
--> Didier/Garrosh Hellscream Mana=1 Hlt=28 Att=0 Arm=1 Hnd=4 Dck=23 Min=0 Sec=0
--> Titou/Malfurion Stormrage Mana=1 Hlt=30 Att=0 Arm=3 Hnd=5 Dck=24 Min=0 Sec=0

Didier ATTACK attacker=hero 'Garrosh Hellscream'(100) attacked=hero 'Malfurion Stormrage'(131)
--> Didier/Garrosh Hellscream Mana=1 Hlt=28 Att=0 Arm=1 Hnd=4 Dck=23 Min=0 Sec=0
--> Titou/Malfurion Stormrage Mana=1 Hlt=29 Att=0 Arm=0 Hnd=5 Dck=24 Min=0 Sec=0

NEXT_TURN

Titou PLAY_CARD id=151 target=hero 'Garrosh Hellscream'(100) // name='Swipe' cost=4 text='Deal 4 damage to an enemy and 1 damage to all other enemies.'
--> Titou/Malfurion Stormrage Mana=0 Hlt=29 Att=0 Arm=0 Hnd=5 Dck=23 Min=0 Sec=0
--> Didier/Garrosh Hellscream Mana=1 Hlt=24 Att=0 Arm=1 Hnd=4 Dck=23 Min=0 Sec=0

NEXT_TURN

Didier USE_HERO_POWER power=''Armor Up!' power'
--> Didier/Garrosh Hellscream Mana=2 Hlt=24 Att=0 Arm=3 Hnd=5 Dck=22 Min=0 Sec=0
--> Titou/Malfurion Stormrage Mana=0 Hlt=29 Att=0 Arm=0 Hnd=5 Dck=23 Min=0 Sec=0

NEXT_TURN

Titou PLAY_CARD id=138 position=0 // name='Leper Gnome' cost=1 text='Deathrattle: Deal 2 damage to the enemy hero.'
--> Titou/Malfurion Stormrage Mana=4 Hlt=29 Att=0 Arm=0 Hnd=5 Dck=22 Min=1 Sec=0
--> Didier/Garrosh Hellscream Mana=2 Hlt=24 Att=0 Arm=3 Hnd=5 Dck=22 Min=0 Sec=0

Titou PLAY_CARD id=135 target=minion 'Leper Gnome'(138) // name='Naturalize' cost=1 text='Destroy a minion. Your opponent draws 2 cards.'
--> Titou/Malfurion Stormrage Mana=3 Hlt=29 Att=0 Arm=0 Hnd=4 Dck=22 Min=0 Sec=0
--> Didier/Garrosh Hellscream Mana=2 Hlt=22 Att=0 Arm=3 Hnd=7 Dck=20 Min=0 Sec=0

Titou PLAY_CARD id=132 // name='Innervate' cost=0 text='Gain 2 Mana Crystals this turn only.'
--> Titou/Malfurion Stormrage Mana=5 Hlt=29 Att=0 Arm=0 Hnd=3 Dck=22 Min=0 Sec=0
--> Didier/Garrosh Hellscream Mana=2 Hlt=22 Att=0 Arm=3 Hnd=7 Dck=20 Min=0 Sec=0

Titou USE_HERO_POWER power=''Shapeshift' power'
--> Titou/Malfurion Stormrage Mana=3 Hlt=29 Att=0 Arm=1 Hnd=3 Dck=22 Min=0 Sec=0
--> Didier/Garrosh Hellscream Mana=2 Hlt=22 Att=0 Arm=3 Hnd=7 Dck=20 Min=0 Sec=0

Titou ATTACK attacker=hero 'Malfurion Stormrage'(131) attacked=hero 'Garrosh Hellscream'(100)
--> Titou/Malfurion Stormrage Mana=3 Hlt=29 Att=0 Arm=1 Hnd=3 Dck=22 Min=0 Sec=0
--> Didier/Garrosh Hellscream Mana=2 Hlt=22 Att=0 Arm=2 Hnd=7 Dck=20 Min=0 Sec=0

NEXT_TURN

Didier PLAY_CARD id=128 target=hero 'Garrosh Hellscream'(100) position=0 // name='Stormpike Commando' cost=5 text='Battlecry: Deal 2 damage.'
--> Didier/Garrosh Hellscream Mana=0 Hlt=20 Att=0 Arm=2 Hnd=7 Dck=19 Min=1 Sec=0
--> Titou/Malfurion Stormrage Mana=3 Hlt=29 Att=0 Arm=1 Hnd=3 Dck=22 Min=0 Sec=0

Didier PLAY_CARD id=101 target=minion 'Stormpike Commando'(128) // name='Inner Rage' cost=0 text='Deal 1 damage to a minion and give it +2 Attack.'
--> Didier/Garrosh Hellscream Mana=0 Hlt=20 Att=0 Arm=2 Hnd=6 Dck=19 Min=1 Sec=0
--> Titou/Malfurion Stormrage Mana=3 Hlt=29 Att=0 Arm=1 Hnd=3 Dck=22 Min=0 Sec=0

NEXT_TURN

Titou PLAY_CARD id=139 choice='Deal 3 damage to a minion' target=minion 'Stormpike Commando'(128) // name='Wrath' cost=2 text='Choose One - Deal 3 damage to a minion; or 1 damage and draw a card.'
--> Titou/Malfurion Stormrage Mana=4 Hlt=29 Att=0 Arm=1 Hnd=3 Dck=21 Min=0 Sec=0
--> Didier/Garrosh Hellscream Mana=0 Hlt=20 Att=0 Arm=2 Hnd=6 Dck=19 Min=0 Sec=0

Titou USE_HERO_POWER power=''Shapeshift' power'
--> Titou/Malfurion Stormrage Mana=2 Hlt=29 Att=0 Arm=2 Hnd=3 Dck=21 Min=0 Sec=0
--> Didier/Garrosh Hellscream Mana=0 Hlt=20 Att=0 Arm=2 Hnd=6 Dck=19 Min=0 Sec=0

Titou ATTACK attacker=hero 'Malfurion Stormrage'(131) attacked=hero 'Garrosh Hellscream'(100)
--> Titou/Malfurion Stormrage Mana=2 Hlt=29 Att=0 Arm=2 Hnd=3 Dck=21 Min=0 Sec=0
--> Didier/Garrosh Hellscream Mana=0 Hlt=20 Att=0 Arm=1 Hnd=6 Dck=19 Min=0 Sec=0

NEXT_TURN

Didier PLAY_CARD id=122 position=0 // name='Kor'kron Elite' cost=4 text='Charge'
--> Didier/Garrosh Hellscream Mana=2 Hlt=20 Att=0 Arm=1 Hnd=6 Dck=18 Min=1 Sec=0
--> Titou/Malfurion Stormrage Mana=2 Hlt=29 Att=0 Arm=2 Hnd=3 Dck=21 Min=0 Sec=0

Didier ATTACK attacker=minion 'Kor'kron Elite'(122) attacked=hero 'Malfurion Stormrage'(131)
--> Didier/Garrosh Hellscream Mana=2 Hlt=20 Att=0 Arm=1 Hnd=6 Dck=18 Min=1 Sec=0
--> Titou/Malfurion Stormrage Mana=2 Hlt=27 Att=0 Arm=0 Hnd=3 Dck=21 Min=0 Sec=0

Didier USE_HERO_POWER power=''Armor Up!' power'
--> Didier/Garrosh Hellscream Mana=0 Hlt=20 Att=0 Arm=3 Hnd=6 Dck=18 Min=1 Sec=0
--> Titou/Malfurion Stormrage Mana=2 Hlt=27 Att=0 Arm=0 Hnd=3 Dck=21 Min=0 Sec=0

NEXT_TURN

Titou PLAY_CARD id=141 target=minion 'Kor'kron Elite'(122) // name='Mark of the Wild' cost=2 text='Give a minion Taunt and +2/+2. (+2 Attack/+2 Health)'
--> Titou/Malfurion Stormrage Mana=5 Hlt=27 Att=0 Arm=0 Hnd=3 Dck=20 Min=0 Sec=0
--> Didier/Garrosh Hellscream Mana=0 Hlt=20 Att=0 Arm=3 Hnd=6 Dck=18 Min=1 Sec=0

Titou USE_HERO_POWER power=''Shapeshift' power'
--> Titou/Malfurion Stormrage Mana=3 Hlt=27 Att=0 Arm=1 Hnd=3 Dck=20 Min=0 Sec=0
--> Didier/Garrosh Hellscream Mana=0 Hlt=20 Att=0 Arm=3 Hnd=6 Dck=18 Min=1 Sec=0

Titou ATTACK attacker=hero 'Malfurion Stormrage'(131) attacked=minion 'Kor'kron Elite'(122)
--> Titou/Malfurion Stormrage Mana=3 Hlt=22 Att=0 Arm=0 Hnd=3 Dck=20 Min=0 Sec=0
--> Didier/Garrosh Hellscream Mana=0 Hlt=20 Att=0 Arm=3 Hnd=6 Dck=18 Min=1 Sec=0

NEXT_TURN

Didier PLAY_CARD id=118 position=0 // name='Arathi Weaponsmith' cost=4 text='Battlecry: Equip a 2/2 weapon.'
--> Didier/Garrosh Hellscream Mana=3 Hlt=20 Att=0 Arm=3 Hnd=6 Dck=17 Min=2 Sec=0
--> Titou/Malfurion Stormrage Mana=3 Hlt=22 Att=0 Arm=0 Hnd=3 Dck=20 Min=0 Sec=0

Didier ATTACK attacker=minion 'Kor'kron Elite'(122) attacked=hero 'Malfurion Stormrage'(131)
--> Didier/Garrosh Hellscream Mana=3 Hlt=20 Att=0 Arm=3 Hnd=6 Dck=17 Min=2 Sec=0
--> Titou/Malfurion Stormrage Mana=3 Hlt=16 Att=0 Arm=0 Hnd=3 Dck=20 Min=0 Sec=0

Didier PLAY_CARD id=116 position=0 // name='Tauren Warrior' cost=3 text='Taunt. Enrage: +3 Attack'
--> Didier/Garrosh Hellscream Mana=0 Hlt=20 Att=0 Arm=3 Hnd=5 Dck=17 Min=3 Sec=0
--> Titou/Malfurion Stormrage Mana=3 Hlt=16 Att=0 Arm=0 Hnd=3 Dck=20 Min=0 Sec=0

Didier ATTACK attacker=hero 'Garrosh Hellscream'(100) attacked=hero 'Malfurion Stormrage'(131)
--> Didier/Garrosh Hellscream Mana=0 Hlt=20 Att=0 Arm=3 Hnd=5 Dck=17 Min=3 Sec=0
--> Titou/Malfurion Stormrage Mana=3 Hlt=14 Att=0 Arm=0 Hnd=3 Dck=20 Min=0 Sec=0

NEXT_TURN

Titou PLAY_CARD id=158 target=hero 'Malfurion Stormrage'(131) // name='Starfire' cost=6 text='Deal 5 damage. Draw a card.'
--> Titou/Malfurion Stormrage Mana=2 Hlt=9 Att=0 Arm=0 Hnd=4 Dck=18 Min=0 Sec=0
--> Didier/Garrosh Hellscream Mana=0 Hlt=20 Att=0 Arm=3 Hnd=5 Dck=17 Min=3 Sec=0

Titou USE_HERO_POWER power=''Shapeshift' power'
--> Titou/Malfurion Stormrage Mana=0 Hlt=9 Att=0 Arm=1 Hnd=4 Dck=18 Min=0 Sec=0
--> Didier/Garrosh Hellscream Mana=0 Hlt=20 Att=0 Arm=3 Hnd=5 Dck=17 Min=3 Sec=0

Titou ATTACK attacker=hero 'Malfurion Stormrage'(131) attacked=minion 'Tauren Warrior'(116)
--> Titou/Malfurion Stormrage Mana=0 Hlt=8 Att=0 Arm=0 Hnd=4 Dck=18 Min=0 Sec=0
--> Didier/Garrosh Hellscream Mana=0 Hlt=20 Att=0 Arm=3 Hnd=5 Dck=17 Min=3 Sec=0

NEXT_TURN

Didier PLAY_CARD id=127 position=1 // name='Gurubashi Berserker' cost=5 text='Whenever this minion takes damage, gain +3 Attack.'
--> Didier/Garrosh Hellscream Mana=3 Hlt=20 Att=0 Arm=3 Hnd=5 Dck=16 Min=4 Sec=0
--> Titou/Malfurion Stormrage Mana=0 Hlt=8 Att=0 Arm=0 Hnd=4 Dck=18 Min=0 Sec=0

Didier USE_HERO_POWER power=''Armor Up!' power'
--> Didier/Garrosh Hellscream Mana=1 Hlt=20 Att=0 Arm=5 Hnd=5 Dck=16 Min=4 Sec=0
--> Titou/Malfurion Stormrage Mana=0 Hlt=8 Att=0 Arm=0 Hnd=4 Dck=18 Min=0 Sec=0

Didier ATTACK attacker=minion 'Kor'kron Elite'(122) attacked=hero 'Malfurion Stormrage'(131)
--> Didier/Garrosh Hellscream Mana=1 Hlt=20 Att=0 Arm=5 Hnd=5 Dck=16 Min=4 Sec=0
--> Titou/Malfurion Stormrage Mana=0 Hlt=2 Att=0 Arm=0 Hnd=4 Dck=18 Min=0 Sec=0

Didier ATTACK attacker=minion 'Arathi Weaponsmith'(118) attacked=hero 'Malfurion Stormrage'(131)
--> Didier/Garrosh Hellscream Mana=1 Hlt=20 Att=0 Arm=5 Hnd=5 Dck=16 Min=4 Sec=0
--> Titou/Malfurion Stormrage Mana=0 Hlt=-1 Att=0 Arm=0 Hnd=4 Dck=18 Min=0 Sec=0

Didier wins
Titou looses
