Active player = Titou
--> Titou/Malfurion Stormrage Mana=1 Hlt=30 Att=0 Arm=0 Hnd=4 Dck=26 Min=0 Sec=0
Opponent = Didier
--> Didier/Garrosh Hellscream Mana=0 Hlt=30 Att=0 Arm=0 Hnd=5 Dck=26 Min=0 Sec=0

NEXT_TURN

Didier PLAY_CARD id=106 // name='Whirlwind' cost=1 text='Deal 1 damage to ALL minions.'
--> Didier/Garrosh Hellscream Mana=0 Hlt=30 Att=0 Arm=0 Hnd=5 Dck=25 Min=0 Sec=0
--> Titou/Malfurion Stormrage Mana=1 Hlt=30 Att=0 Arm=0 Hnd=4 Dck=26 Min=0 Sec=0

Didier PLAY_CARD id=162 // name='The Coin' cost=0 text='Gain 1 Mana Crystal this turn only.'
--> Didier/Garrosh Hellscream Mana=1 Hlt=30 Att=0 Arm=0 Hnd=4 Dck=25 Min=0 Sec=0
--> Titou/Malfurion Stormrage Mana=1 Hlt=30 Att=0 Arm=0 Hnd=4 Dck=26 Min=0 Sec=0

NEXT_TURN

Titou USE_HERO_POWER power=''Shapeshift' power'
--> Titou/Malfurion Stormrage Mana=0 Hlt=30 Att=0 Arm=1 Hnd=5 Dck=25 Min=0 Sec=0
--> Didier/Garrosh Hellscream Mana=1 Hlt=30 Att=0 Arm=0 Hnd=4 Dck=25 Min=0 Sec=0

Titou ATTACK attacker=hero 'Malfurion Stormrage'(131) attacked=hero 'Garrosh Hellscream'(100)
--> Titou/Malfurion Stormrage Mana=0 Hlt=30 Att=0 Arm=1 Hnd=5 Dck=25 Min=0 Sec=0
--> Didier/Garrosh Hellscream Mana=1 Hlt=29 Att=0 Arm=0 Hnd=4 Dck=25 Min=0 Sec=0

NEXT_TURN

Didier USE_HERO_POWER power=''Armor Up!' power'
--> Didier/Garrosh Hellscream Mana=0 Hlt=29 Att=0 Arm=2 Hnd=5 Dck=24 Min=0 Sec=0
--> Titou/Malfurion Stormrage Mana=0 Hlt=30 Att=0 Arm=1 Hnd=5 Dck=25 Min=0 Sec=0

NEXT_TURN

Titou PLAY_CARD id=145 position=0 // name='Acidic Swamp Ooze' cost=2 text='Battlecry: Destroy your opponent's weapon.'
--> Titou/Malfurion Stormrage Mana=1 Hlt=30 Att=0 Arm=1 Hnd=5 Dck=24 Min=1 Sec=0
--> Didier/Garrosh Hellscream Mana=0 Hlt=29 Att=0 Arm=2 Hnd=5 Dck=24 Min=0 Sec=0

NEXT_TURN

Didier PLAY_CARD id=101 target=minion 'Acidic Swamp Ooze'(145) // name='Inner Rage' cost=0 text='Deal 1 damage to a minion and give it +2 Attack.'
--> Didier/Garrosh Hellscream Mana=3 Hlt=29 Att=0 Arm=2 Hnd=5 Dck=23 Min=0 Sec=0
--> Titou/Malfurion Stormrage Mana=1 Hlt=30 Att=0 Arm=1 Hnd=5 Dck=24 Min=1 Sec=0

Didier USE_HERO_POWER power=''Armor Up!' power'
--> Didier/Garrosh Hellscream Mana=1 Hlt=29 Att=0 Arm=4 Hnd=5 Dck=23 Min=0 Sec=0
--> Titou/Malfurion Stormrage Mana=1 Hlt=30 Att=0 Arm=1 Hnd=5 Dck=24 Min=1 Sec=0

Didier PLAY_CARD id=103 target=minion 'Acidic Swamp Ooze'(145) // name='Execute' cost=1 text='Destroy a damaged enemy minion.'
--> Didier/Garrosh Hellscream Mana=0 Hlt=29 Att=0 Arm=4 Hnd=4 Dck=23 Min=0 Sec=0
--> Titou/Malfurion Stormrage Mana=1 Hlt=30 Att=0 Arm=1 Hnd=5 Dck=24 Min=0 Sec=0

NEXT_TURN

Titou PLAY_CARD id=152 target=hero 'Garrosh Hellscream'(100) // name='Swipe' cost=4 text='Deal 4 damage to an enemy and 1 damage to all other enemies.'
--> Titou/Malfurion Stormrage Mana=0 Hlt=30 Att=0 Arm=1 Hnd=5 Dck=23 Min=0 Sec=0
--> Didier/Garrosh Hellscream Mana=0 Hlt=25 Att=0 Arm=4 Hnd=4 Dck=23 Min=0 Sec=0

NEXT_TURN

Didier PLAY_CARD id=122 position=0 // name='Kor'kron Elite' cost=4 text='Charge'
--> Didier/Garrosh Hellscream Mana=0 Hlt=25 Att=0 Arm=4 Hnd=4 Dck=22 Min=1 Sec=0
--> Titou/Malfurion Stormrage Mana=0 Hlt=30 Att=0 Arm=1 Hnd=5 Dck=23 Min=0 Sec=0

Didier ATTACK attacker=minion 'Kor'kron Elite'(122) attacked=hero 'Malfurion Stormrage'(131)
--> Didier/Garrosh Hellscream Mana=0 Hlt=25 Att=0 Arm=4 Hnd=4 Dck=22 Min=1 Sec=0
--> Titou/Malfurion Stormrage Mana=0 Hlt=27 Att=0 Arm=0 Hnd=5 Dck=23 Min=0 Sec=0

NEXT_TURN

Titou PLAY_CARD id=141 target=minion 'Kor'kron Elite'(122) // name='Mark of the Wild' cost=2 text='Give a minion Taunt and +2/+2. (+2 Attack/+2 Health)'
--> Titou/Malfurion Stormrage Mana=3 Hlt=27 Att=0 Arm=0 Hnd=5 Dck=22 Min=0 Sec=0
--> Didier/Garrosh Hellscream Mana=0 Hlt=25 Att=0 Arm=4 Hnd=4 Dck=22 Min=1 Sec=0

Titou USE_HERO_POWER power=''Shapeshift' power'
--> Titou/Malfurion Stormrage Mana=1 Hlt=27 Att=0 Arm=1 Hnd=5 Dck=22 Min=0 Sec=0
--> Didier/Garrosh Hellscream Mana=0 Hlt=25 Att=0 Arm=4 Hnd=4 Dck=22 Min=1 Sec=0

Titou ATTACK attacker=hero 'Malfurion Stormrage'(131) attacked=minion 'Kor'kron Elite'(122)
--> Titou/Malfurion Stormrage Mana=1 Hlt=22 Att=0 Arm=0 Hnd=5 Dck=22 Min=0 Sec=0
--> Didier/Garrosh Hellscream Mana=0 Hlt=25 Att=0 Arm=4 Hnd=4 Dck=22 Min=1 Sec=0

NEXT_TURN

Didier PLAY_CARD id=123 position=0 // name='Kor'kron Elite' cost=4 text='Charge'
--> Didier/Garrosh Hellscream Mana=1 Hlt=25 Att=0 Arm=4 Hnd=4 Dck=21 Min=2 Sec=0
--> Titou/Malfurion Stormrage Mana=1 Hlt=22 Att=0 Arm=0 Hnd=5 Dck=22 Min=0 Sec=0

Didier ATTACK attacker=minion 'Kor'kron Elite'(122) attacked=hero 'Malfurion Stormrage'(131)
--> Didier/Garrosh Hellscream Mana=1 Hlt=25 Att=0 Arm=4 Hnd=4 Dck=21 Min=2 Sec=0
--> Titou/Malfurion Stormrage Mana=1 Hlt=16 Att=0 Arm=0 Hnd=5 Dck=22 Min=0 Sec=0

Didier ATTACK attacker=minion 'Kor'kron Elite'(123) attacked=hero 'Malfurion Stormrage'(131)
--> Didier/Garrosh Hellscream Mana=1 Hlt=25 Att=0 Arm=4 Hnd=4 Dck=21 Min=2 Sec=0
--> Titou/Malfurion Stormrage Mana=1 Hlt=12 Att=0 Arm=0 Hnd=5 Dck=22 Min=0 Sec=0

NEXT_TURN

Titou PLAY_CARD id=159 target=minion 'Kor'kron Elite'(123) // name='Starfire' cost=6 text='Deal 5 damage. Draw a card.'
--> Titou/Malfurion Stormrage Mana=0 Hlt=12 Att=0 Arm=0 Hnd=6 Dck=20 Min=0 Sec=0
--> Didier/Garrosh Hellscream Mana=1 Hlt=25 Att=0 Arm=4 Hnd=4 Dck=21 Min=1 Sec=0

NEXT_TURN

Didier PLAY_CARD id=129 target=hero 'Garrosh Hellscream'(100) position=0 // name='Frost Elemental' cost=6 text='Battlecry: Freeze a character.'
--> Didier/Garrosh Hellscream Mana=0 Hlt=25 Att=0 Arm=4 Hnd=4 Dck=20 Min=2 Sec=0
--> Titou/Malfurion Stormrage Mana=0 Hlt=12 Att=0 Arm=0 Hnd=6 Dck=20 Min=0 Sec=0

Didier ATTACK attacker=minion 'Kor'kron Elite'(122) attacked=hero 'Malfurion Stormrage'(131)
--> Didier/Garrosh Hellscream Mana=0 Hlt=25 Att=0 Arm=4 Hnd=4 Dck=20 Min=2 Sec=0
--> Titou/Malfurion Stormrage Mana=0 Hlt=6 Att=0 Arm=0 Hnd=6 Dck=20 Min=0 Sec=0

NEXT_TURN

Titou PLAY_CARD id=155 position=0 // name='Azure Drake' cost=5 text='Spell Damage +1. Battlecry: Draw a card.'
--> Titou/Malfurion Stormrage Mana=2 Hlt=6 Att=0 Arm=0 Hnd=7 Dck=18 Min=1 Sec=0
--> Didier/Garrosh Hellscream Mana=0 Hlt=25 Att=0 Arm=4 Hnd=4 Dck=20 Min=2 Sec=0

Titou PLAY_CARD id=146 position=0 // name='Acidic Swamp Ooze' cost=2 text='Battlecry: Destroy your opponent's weapon.'
--> Titou/Malfurion Stormrage Mana=0 Hlt=6 Att=0 Arm=0 Hnd=6 Dck=18 Min=2 Sec=0
--> Didier/Garrosh Hellscream Mana=0 Hlt=25 Att=0 Arm=4 Hnd=4 Dck=20 Min=2 Sec=0

Titou PLAY_CARD id=132 // name='Innervate' cost=0 text='Gain 2 Mana Crystals this turn only.'
--> Titou/Malfurion Stormrage Mana=2 Hlt=6 Att=0 Arm=0 Hnd=5 Dck=18 Min=2 Sec=0
--> Didier/Garrosh Hellscream Mana=0 Hlt=25 Att=0 Arm=4 Hnd=4 Dck=20 Min=2 Sec=0

Titou PLAY_CARD id=134 target=minion 'Kor'kron Elite'(122) // name='Naturalize' cost=1 text='Destroy a minion. Your opponent draws 2 cards.'
--> Titou/Malfurion Stormrage Mana=1 Hlt=6 Att=0 Arm=0 Hnd=4 Dck=18 Min=2 Sec=0
--> Didier/Garrosh Hellscream Mana=0 Hlt=25 Att=0 Arm=4 Hnd=6 Dck=18 Min=1 Sec=0

Titou PLAY_CARD id=136 // name='Claw' cost=1 text='Give your hero +2 Attack this turn and 2 Armor.'
--> Titou/Malfurion Stormrage Mana=0 Hlt=6 Att=0 Arm=2 Hnd=3 Dck=18 Min=2 Sec=0
--> Didier/Garrosh Hellscream Mana=0 Hlt=25 Att=0 Arm=4 Hnd=6 Dck=18 Min=1 Sec=0

Titou ATTACK attacker=hero 'Malfurion Stormrage'(131) attacked=minion 'Frost Elemental'(129)
--> Titou/Malfurion Stormrage Mana=0 Hlt=3 Att=0 Arm=0 Hnd=3 Dck=18 Min=2 Sec=0
--> Didier/Garrosh Hellscream Mana=0 Hlt=25 Att=0 Arm=4 Hnd=6 Dck=18 Min=1 Sec=0

NEXT_TURN

Didier PLAY_CARD id=113 position=0 // name='Acolyte of Pain' cost=3 text='Whenever this minion takes damage, draw a card.'
--> Didier/Garrosh Hellscream Mana=4 Hlt=25 Att=0 Arm=4 Hnd=6 Dck=17 Min=2 Sec=0
--> Titou/Malfurion Stormrage Mana=0 Hlt=3 Att=0 Arm=0 Hnd=3 Dck=18 Min=2 Sec=0

Didier ATTACK attacker=minion 'Frost Elemental'(129) attacked=hero 'Malfurion Stormrage'(131)
--> Didier/Garrosh Hellscream Mana=4 Hlt=25 Att=0 Arm=4 Hnd=6 Dck=17 Min=2 Sec=0
--> Titou/Malfurion Stormrage Mana=0 Hlt=-2 Att=0 Arm=0 Hnd=3 Dck=18 Min=2 Sec=0

Didier wins
Titou looses
