Active player = Titou
--> Titou/Malfurion Stormrage Mana=1 Hlt=30 Att=0 Arm=0 Hnd=4 Dck=26 Min=0 Sec=0
Opponent = Didier
--> Didier/Garrosh Hellscream Mana=0 Hlt=30 Att=0 Arm=0 Hnd=5 Dck=26 Min=0 Sec=0

Titou PLAY_CARD id=137 // name='Claw' cost=1 text='Give your hero +2 Attack this turn and 2 Armor.'
--> Titou/Malfurion Stormrage Mana=0 Hlt=30 Att=0 Arm=2 Hnd=3 Dck=26 Min=0 Sec=0
--> Didier/Garrosh Hellscream Mana=0 Hlt=30 Att=0 Arm=0 Hnd=5 Dck=26 Min=0 Sec=0

Titou ATTACK attacker=hero 'Malfurion Stormrage'(131) attacked=hero 'Garrosh Hellscream'(100)
--> Titou/Malfurion Stormrage Mana=0 Hlt=30 Att=0 Arm=2 Hnd=3 Dck=26 Min=0 Sec=0
--> Didier/Garrosh Hellscream Mana=0 Hlt=28 Att=0 Arm=0 Hnd=5 Dck=26 Min=0 Sec=0

NEXT_TURN

Didier PLAY_CARD id=102 // name='Upgrade!' cost=1 text='If you have a weapon, give it +1/+1. Otherwise equip a 1/3 weapon.'
--> Didier/Garrosh Hellscream Mana=0 Hlt=28 Att=0 Arm=0 Hnd=5 Dck=25 Min=0 Sec=0
--> Titou/Malfurion Stormrage Mana=0 Hlt=30 Att=0 Arm=2 Hnd=3 Dck=26 Min=0 Sec=0

Didier ATTACK attacker=hero 'Garrosh Hellscream'(100) attacked=hero 'Malfurion Stormrage'(131)
--> Didier/Garrosh Hellscream Mana=0 Hlt=28 Att=0 Arm=0 Hnd=5 Dck=25 Min=0 Sec=0
--> Titou/Malfurion Stormrage Mana=0 Hlt=30 Att=0 Arm=1 Hnd=3 Dck=26 Min=0 Sec=0

Didier PLAY_CARD id=162 // name='The Coin' cost=0 text='Gain 1 Mana Crystal this turn only.'
--> Didier/Garrosh Hellscream Mana=1 Hlt=28 Att=0 Arm=0 Hnd=4 Dck=25 Min=0 Sec=0
--> Titou/Malfurion Stormrage Mana=0 Hlt=30 Att=0 Arm=1 Hnd=3 Dck=26 Min=0 Sec=0

NEXT_TURN

Titou USE_HERO_POWER power=''Shapeshift' power'
--> Titou/Malfurion Stormrage Mana=0 Hlt=30 Att=0 Arm=2 Hnd=4 Dck=25 Min=0 Sec=0
--> Didier/Garrosh Hellscream Mana=1 Hlt=28 Att=0 Arm=0 Hnd=4 Dck=25 Min=0 Sec=0

Titou ATTACK attacker=hero 'Malfurion Stormrage'(131) attacked=hero 'Garrosh Hellscream'(100)
--> Titou/Malfurion Stormrage Mana=0 Hlt=30 Att=0 Arm=1 Hnd=4 Dck=25 Min=0 Sec=0
--> Didier/Garrosh Hellscream Mana=1 Hlt=27 Att=0 Arm=0 Hnd=4 Dck=25 Min=0 Sec=0

NEXT_TURN

Didier PLAY_CARD id=110 // name='Heroic Strike' cost=2 text='Give your hero +4 Attack this turn.'
--> Didier/Garrosh Hellscream Mana=0 Hlt=27 Att=0 Arm=0 Hnd=4 Dck=24 Min=0 Sec=0
--> Titou/Malfurion Stormrage Mana=0 Hlt=30 Att=0 Arm=1 Hnd=4 Dck=25 Min=0 Sec=0

Didier ATTACK attacker=hero 'Garrosh Hellscream'(100) attacked=hero 'Malfurion Stormrage'(131)
--> Didier/Garrosh Hellscream Mana=0 Hlt=27 Att=0 Arm=0 Hnd=4 Dck=24 Min=0 Sec=0
--> Titou/Malfurion Stormrage Mana=0 Hlt=26 Att=0 Arm=0 Hnd=4 Dck=25 Min=0 Sec=0

NEXT_TURN

Titou PLAY_CARD id=146 position=0 // name='Acidic Swamp Ooze' cost=2 text='Battlecry: Destroy your opponent's weapon.'
--> Titou/Malfurion Stormrage Mana=1 Hlt=26 Att=0 Arm=0 Hnd=4 Dck=24 Min=1 Sec=0
--> Didier/Garrosh Hellscream Mana=0 Hlt=27 Att=0 Arm=0 Hnd=4 Dck=24 Min=0 Sec=0

NEXT_TURN

Didier PLAY_CARD id=116 position=0 // name='Tauren Warrior' cost=3 text='Taunt. Enrage: +3 Attack'
--> Didier/Garrosh Hellscream Mana=0 Hlt=27 Att=0 Arm=0 Hnd=4 Dck=23 Min=1 Sec=0
--> Titou/Malfurion Stormrage Mana=1 Hlt=26 Att=0 Arm=0 Hnd=4 Dck=24 Min=1 Sec=0

NEXT_TURN

Titou USE_HERO_POWER power=''Shapeshift' power'
--> Titou/Malfurion Stormrage Mana=2 Hlt=26 Att=0 Arm=1 Hnd=5 Dck=23 Min=1 Sec=0
--> Didier/Garrosh Hellscream Mana=0 Hlt=27 Att=0 Arm=0 Hnd=4 Dck=23 Min=1 Sec=0

Titou ATTACK attacker=minion 'Acidic Swamp Ooze'(146) attacked=minion 'Tauren Warrior'(116)
--> Titou/Malfurion Stormrage Mana=2 Hlt=26 Att=0 Arm=1 Hnd=5 Dck=23 Min=0 Sec=0
--> Didier/Garrosh Hellscream Mana=0 Hlt=27 Att=0 Arm=0 Hnd=4 Dck=23 Min=0 Sec=0

Titou ATTACK attacker=hero 'Malfurion Stormrage'(131) attacked=hero 'Garrosh Hellscream'(100)
--> Titou/Malfurion Stormrage Mana=2 Hlt=26 Att=0 Arm=1 Hnd=5 Dck=23 Min=0 Sec=0
--> Didier/Garrosh Hellscream Mana=0 Hlt=26 Att=0 Arm=0 Hnd=4 Dck=23 Min=0 Sec=0

NEXT_TURN

Didier PLAY_CARD id=117 position=0 // name='Thrallmar Farseer' cost=3 text='Windfury'
--> Didier/Garrosh Hellscream Mana=1 Hlt=26 Att=0 Arm=0 Hnd=4 Dck=22 Min=1 Sec=0
--> Titou/Malfurion Stormrage Mana=2 Hlt=26 Att=0 Arm=1 Hnd=5 Dck=23 Min=0 Sec=0

Didier PLAY_CARD id=105 // name='Whirlwind' cost=1 text='Deal 1 damage to ALL minions.'
--> Didier/Garrosh Hellscream Mana=0 Hlt=26 Att=0 Arm=0 Hnd=3 Dck=22 Min=1 Sec=0
--> Titou/Malfurion Stormrage Mana=2 Hlt=26 Att=0 Arm=1 Hnd=5 Dck=23 Min=0 Sec=0

Didier PLAY_CARD id=101 target=minion 'Thrallmar Farseer'(117) // name='Inner Rage' cost=0 text='Deal 1 damage to a minion and give it +2 Attack.'
--> Didier/Garrosh Hellscream Mana=0 Hlt=26 Att=0 Arm=0 Hnd=2 Dck=22 Min=1 Sec=0
--> Titou/Malfurion Stormrage Mana=2 Hlt=26 Att=0 Arm=1 Hnd=5 Dck=23 Min=0 Sec=0

NEXT_TURN

Titou PLAY_CARD id=156 choice='Charge' position=0 // name='Druid of the Claw' cost=5 text='Choose One - Charge; or +2 Health and Taunt.'
--> Titou/Malfurion Stormrage Mana=0 Hlt=26 Att=0 Arm=1 Hnd=5 Dck=22 Min=1 Sec=0
--> Didier/Garrosh Hellscream Mana=0 Hlt=26 Att=0 Arm=0 Hnd=2 Dck=22 Min=1 Sec=0

Titou ATTACK attacker=minion 'Druid of the Claw'(156) attacked=hero 'Garrosh Hellscream'(100)
--> Titou/Malfurion Stormrage Mana=0 Hlt=26 Att=0 Arm=1 Hnd=5 Dck=22 Min=1 Sec=0
--> Didier/Garrosh Hellscream Mana=0 Hlt=22 Att=0 Arm=0 Hnd=2 Dck=22 Min=1 Sec=0

NEXT_TURN

Didier ATTACK attacker=minion 'Thrallmar Farseer'(117) attacked=minion 'Druid of the Claw'(156)
--> Didier/Garrosh Hellscream Mana=5 Hlt=22 Att=0 Arm=0 Hnd=3 Dck=21 Min=0 Sec=0
--> Titou/Malfurion Stormrage Mana=0 Hlt=26 Att=0 Arm=1 Hnd=5 Dck=22 Min=0 Sec=0

Didier PLAY_CARD id=109 // name='Heroic Strike' cost=2 text='Give your hero +4 Attack this turn.'
--> Didier/Garrosh Hellscream Mana=3 Hlt=22 Att=0 Arm=0 Hnd=2 Dck=21 Min=0 Sec=0
--> Titou/Malfurion Stormrage Mana=0 Hlt=26 Att=0 Arm=1 Hnd=5 Dck=22 Min=0 Sec=0

Didier USE_HERO_POWER power=''Armor Up!' power'
--> Didier/Garrosh Hellscream Mana=1 Hlt=22 Att=0 Arm=2 Hnd=2 Dck=21 Min=0 Sec=0
--> Titou/Malfurion Stormrage Mana=0 Hlt=26 Att=0 Arm=1 Hnd=5 Dck=22 Min=0 Sec=0

Didier ATTACK attacker=hero 'Garrosh Hellscream'(100) attacked=hero 'Malfurion Stormrage'(131)
--> Didier/Garrosh Hellscream Mana=1 Hlt=22 Att=0 Arm=2 Hnd=2 Dck=21 Min=0 Sec=0
--> Titou/Malfurion Stormrage Mana=0 Hlt=23 Att=0 Arm=0 Hnd=5 Dck=22 Min=0 Sec=0

NEXT_TURN

Titou USE_HERO_POWER power=''Shapeshift' power'
--> Titou/Malfurion Stormrage Mana=4 Hlt=23 Att=0 Arm=1 Hnd=6 Dck=21 Min=0 Sec=0
--> Didier/Garrosh Hellscream Mana=1 Hlt=22 Att=0 Arm=2 Hnd=2 Dck=21 Min=0 Sec=0

Titou ATTACK attacker=hero 'Malfurion Stormrage'(131) attacked=hero 'Garrosh Hellscream'(100)
--> Titou/Malfurion Stormrage Mana=4 Hlt=23 Att=0 Arm=1 Hnd=6 Dck=21 Min=0 Sec=0
--> Didier/Garrosh Hellscream Mana=1 Hlt=22 Att=0 Arm=1 Hnd=2 Dck=21 Min=0 Sec=0

Titou PLAY_CARD id=150 position=0 // name='Thrallmar Farseer' cost=3 text='Windfury'
--> Titou/Malfurion Stormrage Mana=1 Hlt=23 Att=0 Arm=1 Hnd=5 Dck=21 Min=1 Sec=0
--> Didier/Garrosh Hellscream Mana=1 Hlt=22 Att=0 Arm=1 Hnd=2 Dck=21 Min=0 Sec=0

NEXT_TURN

Didier USE_HERO_POWER power=''Armor Up!' power'
--> Didier/Garrosh Hellscream Mana=4 Hlt=22 Att=0 Arm=3 Hnd=3 Dck=20 Min=0 Sec=0
--> Titou/Malfurion Stormrage Mana=1 Hlt=23 Att=0 Arm=1 Hnd=5 Dck=21 Min=1 Sec=0

Didier PLAY_CARD id=119 position=0 // name='Arathi Weaponsmith' cost=4 text='Battlecry: Equip a 2/2 weapon.'
--> Didier/Garrosh Hellscream Mana=0 Hlt=22 Att=0 Arm=3 Hnd=2 Dck=20 Min=1 Sec=0
--> Titou/Malfurion Stormrage Mana=1 Hlt=23 Att=0 Arm=1 Hnd=5 Dck=21 Min=1 Sec=0

Didier ATTACK attacker=hero 'Garrosh Hellscream'(100) attacked=minion 'Thrallmar Farseer'(150)
--> Didier/Garrosh Hellscream Mana=0 Hlt=22 Att=0 Arm=1 Hnd=2 Dck=20 Min=1 Sec=0
--> Titou/Malfurion Stormrage Mana=1 Hlt=23 Att=0 Arm=1 Hnd=5 Dck=21 Min=1 Sec=0

NEXT_TURN

Titou USE_HERO_POWER power=''Shapeshift' power'
--> Titou/Malfurion Stormrage Mana=5 Hlt=23 Att=0 Arm=2 Hnd=6 Dck=20 Min=1 Sec=0
--> Didier/Garrosh Hellscream Mana=0 Hlt=22 Att=0 Arm=1 Hnd=2 Dck=20 Min=1 Sec=0

Titou PLAY_CARD id=141 target=minion 'Arathi Weaponsmith'(119) // name='Mark of the Wild' cost=2 text='Give a minion Taunt and +2/+2. (+2 Attack/+2 Health)'
--> Titou/Malfurion Stormrage Mana=3 Hlt=23 Att=0 Arm=2 Hnd=5 Dck=20 Min=1 Sec=0
--> Didier/Garrosh Hellscream Mana=0 Hlt=22 Att=0 Arm=1 Hnd=2 Dck=20 Min=1 Sec=0

Titou ATTACK attacker=hero 'Malfurion Stormrage'(131) attacked=minion 'Arathi Weaponsmith'(119)
--> Titou/Malfurion Stormrage Mana=3 Hlt=20 Att=0 Arm=0 Hnd=5 Dck=20 Min=1 Sec=0
--> Didier/Garrosh Hellscream Mana=0 Hlt=22 Att=0 Arm=1 Hnd=2 Dck=20 Min=1 Sec=0

Titou ATTACK attacker=minion 'Thrallmar Farseer'(150) attacked=minion 'Arathi Weaponsmith'(119)
--> Titou/Malfurion Stormrage Mana=3 Hlt=20 Att=0 Arm=0 Hnd=5 Dck=20 Min=0 Sec=0
--> Didier/Garrosh Hellscream Mana=0 Hlt=22 Att=0 Arm=1 Hnd=2 Dck=20 Min=1 Sec=0

NEXT_TURN

Didier ATTACK attacker=hero 'Garrosh Hellscream'(100) attacked=hero 'Malfurion Stormrage'(131)
--> Didier/Garrosh Hellscream Mana=7 Hlt=22 Att=0 Arm=1 Hnd=3 Dck=19 Min=1 Sec=0
--> Titou/Malfurion Stormrage Mana=3 Hlt=18 Att=0 Arm=0 Hnd=5 Dck=20 Min=0 Sec=0

Didier PLAY_CARD id=125 // name='Arcanite Reaper' cost=5 text='null'
--> Didier/Garrosh Hellscream Mana=2 Hlt=22 Att=0 Arm=1 Hnd=2 Dck=19 Min=1 Sec=0
--> Titou/Malfurion Stormrage Mana=3 Hlt=18 Att=0 Arm=0 Hnd=5 Dck=20 Min=0 Sec=0

Didier ATTACK attacker=minion 'Arathi Weaponsmith'(119) attacked=hero 'Malfurion Stormrage'(131)
--> Didier/Garrosh Hellscream Mana=2 Hlt=22 Att=0 Arm=1 Hnd=2 Dck=19 Min=1 Sec=0
--> Titou/Malfurion Stormrage Mana=3 Hlt=13 Att=0 Arm=0 Hnd=5 Dck=20 Min=0 Sec=0

Didier USE_HERO_POWER power=''Armor Up!' power'
--> Didier/Garrosh Hellscream Mana=0 Hlt=22 Att=0 Arm=3 Hnd=2 Dck=19 Min=1 Sec=0
--> Titou/Malfurion Stormrage Mana=3 Hlt=13 Att=0 Arm=0 Hnd=5 Dck=20 Min=0 Sec=0

NEXT_TURN

Titou USE_HERO_POWER power=''Shapeshift' power'
--> Titou/Malfurion Stormrage Mana=6 Hlt=13 Att=0 Arm=1 Hnd=6 Dck=19 Min=0 Sec=0
--> Didier/Garrosh Hellscream Mana=0 Hlt=22 Att=0 Arm=3 Hnd=2 Dck=19 Min=1 Sec=0

Titou PLAY_CARD id=159 target=hero 'Malfurion Stormrage'(131) // name='Starfire' cost=6 text='Deal 5 damage. Draw a card.'
--> Titou/Malfurion Stormrage Mana=0 Hlt=8 Att=0 Arm=1 Hnd=6 Dck=18 Min=0 Sec=0
--> Didier/Garrosh Hellscream Mana=0 Hlt=22 Att=0 Arm=3 Hnd=2 Dck=19 Min=1 Sec=0

Titou ATTACK attacker=hero 'Malfurion Stormrage'(131) attacked=minion 'Arathi Weaponsmith'(119)
--> Titou/Malfurion Stormrage Mana=0 Hlt=4 Att=0 Arm=0 Hnd=6 Dck=18 Min=0 Sec=0
--> Didier/Garrosh Hellscream Mana=0 Hlt=22 Att=0 Arm=3 Hnd=2 Dck=19 Min=1 Sec=0

NEXT_TURN

Didier USE_HERO_POWER power=''Armor Up!' power'
--> Didier/Garrosh Hellscream Mana=6 Hlt=22 Att=0 Arm=5 Hnd=3 Dck=18 Min=1 Sec=0
--> Titou/Malfurion Stormrage Mana=0 Hlt=4 Att=0 Arm=0 Hnd=6 Dck=18 Min=0 Sec=0

Didier PLAY_CARD id=120 position=1 // name='Cult Master' cost=4 text='Whenever one of your other minions dies, draw a card.'
--> Didier/Garrosh Hellscream Mana=2 Hlt=22 Att=0 Arm=5 Hnd=2 Dck=18 Min=2 Sec=0
--> Titou/Malfurion Stormrage Mana=0 Hlt=4 Att=0 Arm=0 Hnd=6 Dck=18 Min=0 Sec=0

Didier ATTACK attacker=minion 'Arathi Weaponsmith'(119) attacked=hero 'Malfurion Stormrage'(131)
--> Didier/Garrosh Hellscream Mana=2 Hlt=22 Att=0 Arm=5 Hnd=2 Dck=18 Min=2 Sec=0
--> Titou/Malfurion Stormrage Mana=0 Hlt=-1 Att=0 Arm=0 Hnd=6 Dck=18 Min=0 Sec=0

Didier wins
Titou looses
