Active player = Titou
--> Titou/Malfurion Stormrage Mana=1 Hlt=30 Att=0 Arm=0 Hnd=4 Dck=26 Min=0 Sec=0
Opponent = Didier
--> Didier/Garrosh Hellscream Mana=0 Hlt=30 Att=0 Arm=0 Hnd=5 Dck=26 Min=0 Sec=0

Titou PLAY_CARD id=137 // name='Claw' cost=1 text='Give your hero +2 Attack this turn and 2 Armor.'
--> Titou/Malfurion Stormrage Mana=0 Hlt=30 Att=0 Arm=2 Hnd=3 Dck=26 Min=0 Sec=0
--> Didier/Garrosh Hellscream Mana=0 Hlt=30 Att=0 Arm=0 Hnd=5 Dck=26 Min=0 Sec=0

Titou ATTACK attacker=hero 'Malfurion Stormrage'(131) attacked=hero 'Garrosh Hellscream'(100)
--> Titou/Malfurion Stormrage Mana=0 Hlt=30 Att=0 Arm=2 Hnd=3 Dck=26 Min=0 Sec=0
--> Didier/Garrosh Hellscream Mana=0 Hlt=28 Att=0 Arm=0 Hnd=5 Dck=26 Min=0 Sec=0

NEXT_TURN

Didier PLAY_CARD id=106 // name='Whirlwind' cost=1 text='Deal 1 damage to ALL minions.'
--> Didier/Garrosh Hellscream Mana=0 Hlt=28 Att=0 Arm=0 Hnd=5 Dck=25 Min=0 Sec=0
--> Titou/Malfurion Stormrage Mana=0 Hlt=30 Att=0 Arm=2 Hnd=3 Dck=26 Min=0 Sec=0

Didier PLAY_CARD id=162 // name='The Coin' cost=0 text='Gain 1 Mana Crystal this turn only.'
--> Didier/Garrosh Hellscream Mana=1 Hlt=28 Att=0 Arm=0 Hnd=4 Dck=25 Min=0 Sec=0
--> Titou/Malfurion Stormrage Mana=0 Hlt=30 Att=0 Arm=2 Hnd=3 Dck=26 Min=0 Sec=0

NEXT_TURN

Titou USE_HERO_POWER power=''Shapeshift' power'
--> Titou/Malfurion Stormrage Mana=0 Hlt=30 Att=0 Arm=3 Hnd=4 Dck=25 Min=0 Sec=0
--> Didier/Garrosh Hellscream Mana=1 Hlt=28 Att=0 Arm=0 Hnd=4 Dck=25 Min=0 Sec=0

Titou ATTACK attacker=hero 'Malfurion Stormrage'(131) attacked=hero 'Garrosh Hellscream'(100)
--> Titou/Malfurion Stormrage Mana=0 Hlt=30 Att=0 Arm=3 Hnd=4 Dck=25 Min=0 Sec=0
--> Didier/Garrosh Hellscream Mana=1 Hlt=27 Att=0 Arm=0 Hnd=4 Dck=25 Min=0 Sec=0

NEXT_TURN

Didier PLAY_CARD id=102 // name='Upgrade!' cost=1 text='If you have a weapon, give it +1/+1. Otherwise equip a 1/3 weapon.'
--> Didier/Garrosh Hellscream Mana=1 Hlt=27 Att=0 Arm=0 Hnd=4 Dck=24 Min=0 Sec=0
--> Titou/Malfurion Stormrage Mana=0 Hlt=30 Att=0 Arm=3 Hnd=4 Dck=25 Min=0 Sec=0

Didier ATTACK attacker=hero 'Garrosh Hellscream'(100) attacked=hero 'Malfurion Stormrage'(131)
--> Didier/Garrosh Hellscream Mana=1 Hlt=27 Att=0 Arm=0 Hnd=4 Dck=24 Min=0 Sec=0
--> Titou/Malfurion Stormrage Mana=0 Hlt=30 Att=0 Arm=2 Hnd=4 Dck=25 Min=0 Sec=0

NEXT_TURN

Titou PLAY_CARD id=148 position=0 // name='Wolfrider' cost=3 text='Charge'
--> Titou/Malfurion Stormrage Mana=0 Hlt=30 Att=0 Arm=2 Hnd=4 Dck=24 Min=1 Sec=0
--> Didier/Garrosh Hellscream Mana=1 Hlt=27 Att=0 Arm=0 Hnd=4 Dck=24 Min=0 Sec=0

Titou ATTACK attacker=minion 'Wolfrider'(148) attacked=hero 'Garrosh Hellscream'(100)
--> Titou/Malfurion Stormrage Mana=0 Hlt=30 Att=0 Arm=2 Hnd=4 Dck=24 Min=0 Sec=0
--> Didier/Garrosh Hellscream Mana=1 Hlt=24 Att=0 Arm=0 Hnd=4 Dck=24 Min=0 Sec=0

NEXT_TURN

Didier PLAY_CARD id=115 position=0 // name='Frothing Berserker' cost=3 text='Whenever a minion takes damage, gain +1 Attack.'
--> Didier/Garrosh Hellscream Mana=0 Hlt=24 Att=0 Arm=0 Hnd=4 Dck=23 Min=1 Sec=0
--> Titou/Malfurion Stormrage Mana=0 Hlt=30 Att=0 Arm=2 Hnd=4 Dck=24 Min=0 Sec=0

Didier ATTACK attacker=hero 'Garrosh Hellscream'(100) attacked=hero 'Malfurion Stormrage'(131)
--> Didier/Garrosh Hellscream Mana=0 Hlt=24 Att=0 Arm=0 Hnd=4 Dck=23 Min=1 Sec=0
--> Titou/Malfurion Stormrage Mana=0 Hlt=30 Att=0 Arm=1 Hnd=4 Dck=24 Min=0 Sec=0

NEXT_TURN

Titou PLAY_CARD id=146 position=0 // name='Acidic Swamp Ooze' cost=2 text='Battlecry: Destroy your opponent's weapon.'
--> Titou/Malfurion Stormrage Mana=2 Hlt=30 Att=0 Arm=1 Hnd=4 Dck=23 Min=1 Sec=0
--> Didier/Garrosh Hellscream Mana=0 Hlt=24 Att=0 Arm=0 Hnd=4 Dck=23 Min=1 Sec=0

Titou USE_HERO_POWER power=''Shapeshift' power'
--> Titou/Malfurion Stormrage Mana=0 Hlt=30 Att=0 Arm=2 Hnd=4 Dck=23 Min=1 Sec=0
--> Didier/Garrosh Hellscream Mana=0 Hlt=24 Att=0 Arm=0 Hnd=4 Dck=23 Min=1 Sec=0

Titou ATTACK attacker=hero 'Malfurion Stormrage'(131) attacked=minion 'Frothing Berserker'(115)
--> Titou/Malfurion Stormrage Mana=0 Hlt=30 Att=0 Arm=0 Hnd=4 Dck=23 Min=1 Sec=0
--> Didier/Garrosh Hellscream Mana=0 Hlt=24 Att=0 Arm=0 Hnd=4 Dck=23 Min=1 Sec=0

NEXT_TURN

Didier USE_HERO_POWER power=''Armor Up!' power'
--> Didier/Garrosh Hellscream Mana=2 Hlt=24 Att=0 Arm=2 Hnd=5 Dck=22 Min=1 Sec=0
--> Titou/Malfurion Stormrage Mana=0 Hlt=30 Att=0 Arm=0 Hnd=4 Dck=23 Min=1 Sec=0

Didier ATTACK attacker=minion 'Frothing Berserker'(115) attacked=minion 'Acidic Swamp Ooze'(146)
--> Didier/Garrosh Hellscream Mana=2 Hlt=24 Att=0 Arm=2 Hnd=5 Dck=22 Min=0 Sec=0
--> Titou/Malfurion Stormrage Mana=0 Hlt=30 Att=0 Arm=0 Hnd=4 Dck=23 Min=0 Sec=0

Didier PLAY_CARD id=110 // name='Heroic Strike' cost=2 text='Give your hero +4 Attack this turn.'
--> Didier/Garrosh Hellscream Mana=0 Hlt=24 Att=0 Arm=2 Hnd=4 Dck=22 Min=0 Sec=0
--> Titou/Malfurion Stormrage Mana=0 Hlt=30 Att=0 Arm=0 Hnd=4 Dck=23 Min=0 Sec=0

Didier ATTACK attacker=hero 'Garrosh Hellscream'(100) attacked=hero 'Malfurion Stormrage'(131)
--> Didier/Garrosh Hellscream Mana=0 Hlt=24 Att=0 Arm=2 Hnd=4 Dck=22 Min=0 Sec=0
--> Titou/Malfurion Stormrage Mana=0 Hlt=26 Att=0 Arm=0 Hnd=4 Dck=23 Min=0 Sec=0

NEXT_TURN

Titou PLAY_CARD id=152 target=hero 'Garrosh Hellscream'(100) // name='Swipe' cost=4 text='Deal 4 damage to an enemy and 1 damage to all other enemies.'
--> Titou/Malfurion Stormrage Mana=1 Hlt=26 Att=0 Arm=0 Hnd=4 Dck=22 Min=0 Sec=0
--> Didier/Garrosh Hellscream Mana=0 Hlt=20 Att=0 Arm=2 Hnd=4 Dck=22 Min=0 Sec=0

NEXT_TURN

Didier PLAY_CARD id=117 position=0 // name='Thrallmar Farseer' cost=3 text='Windfury'
--> Didier/Garrosh Hellscream Mana=2 Hlt=20 Att=0 Arm=2 Hnd=4 Dck=21 Min=1 Sec=0
--> Titou/Malfurion Stormrage Mana=1 Hlt=26 Att=0 Arm=0 Hnd=4 Dck=22 Min=0 Sec=0

Didier USE_HERO_POWER power=''Armor Up!' power'
--> Didier/Garrosh Hellscream Mana=0 Hlt=20 Att=0 Arm=4 Hnd=4 Dck=21 Min=1 Sec=0
--> Titou/Malfurion Stormrage Mana=1 Hlt=26 Att=0 Arm=0 Hnd=4 Dck=22 Min=0 Sec=0

NEXT_TURN

Titou PLAY_CARD id=154 position=0 // name='Azure Drake' cost=5 text='Spell Damage +1. Battlecry: Draw a card.'
--> Titou/Malfurion Stormrage Mana=1 Hlt=26 Att=0 Arm=0 Hnd=5 Dck=20 Min=1 Sec=0
--> Didier/Garrosh Hellscream Mana=0 Hlt=20 Att=0 Arm=4 Hnd=4 Dck=21 Min=1 Sec=0

NEXT_TURN

Didier USE_HERO_POWER power=''Armor Up!' power'
--> Didier/Garrosh Hellscream Mana=4 Hlt=20 Att=0 Arm=6 Hnd=5 Dck=20 Min=1 Sec=0
--> Titou/Malfurion Stormrage Mana=1 Hlt=26 Att=0 Arm=0 Hnd=5 Dck=20 Min=1 Sec=0

Didier PLAY_CARD id=111 target=minion 'Thrallmar Farseer'(117) // name='Shield Slam' cost=1 text='Deal 1 damage to a minion for each Armor you have.'
--> Didier/Garrosh Hellscream Mana=3 Hlt=20 Att=0 Arm=6 Hnd=4 Dck=20 Min=0 Sec=0
--> Titou/Malfurion Stormrage Mana=1 Hlt=26 Att=0 Arm=0 Hnd=5 Dck=20 Min=1 Sec=0

Didier PLAY_CARD id=114 position=0 // name='Frothing Berserker' cost=3 text='Whenever a minion takes damage, gain +1 Attack.'
--> Didier/Garrosh Hellscream Mana=0 Hlt=20 Att=0 Arm=6 Hnd=3 Dck=20 Min=1 Sec=0
--> Titou/Malfurion Stormrage Mana=1 Hlt=26 Att=0 Arm=0 Hnd=5 Dck=20 Min=1 Sec=0

NEXT_TURN

Titou USE_HERO_POWER power=''Shapeshift' power'
--> Titou/Malfurion Stormrage Mana=5 Hlt=26 Att=0 Arm=1 Hnd=6 Dck=19 Min=1 Sec=0
--> Didier/Garrosh Hellscream Mana=0 Hlt=20 Att=0 Arm=6 Hnd=3 Dck=20 Min=1 Sec=0

Titou ATTACK attacker=hero 'Malfurion Stormrage'(131) attacked=minion 'Frothing Berserker'(114)
--> Titou/Malfurion Stormrage Mana=5 Hlt=25 Att=0 Arm=0 Hnd=6 Dck=19 Min=1 Sec=0
--> Didier/Garrosh Hellscream Mana=0 Hlt=20 Att=0 Arm=6 Hnd=3 Dck=20 Min=1 Sec=0

Titou ATTACK attacker=minion 'Azure Drake'(154) attacked=hero 'Garrosh Hellscream'(100)
--> Titou/Malfurion Stormrage Mana=5 Hlt=25 Att=0 Arm=0 Hnd=6 Dck=19 Min=1 Sec=0
--> Didier/Garrosh Hellscream Mana=0 Hlt=20 Att=0 Arm=2 Hnd=3 Dck=20 Min=1 Sec=0

Titou PLAY_CARD id=157 choice='Charge' position=0 // name='Druid of the Claw' cost=5 text='Choose One - Charge; or +2 Health and Taunt.'
--> Titou/Malfurion Stormrage Mana=0 Hlt=25 Att=0 Arm=0 Hnd=5 Dck=19 Min=2 Sec=0
--> Didier/Garrosh Hellscream Mana=0 Hlt=20 Att=0 Arm=2 Hnd=3 Dck=20 Min=1 Sec=0

Titou ATTACK attacker=minion 'Druid of the Claw'(157) attacked=minion 'Frothing Berserker'(114)
--> Titou/Malfurion Stormrage Mana=0 Hlt=25 Att=0 Arm=0 Hnd=5 Dck=19 Min=2 Sec=0
--> Didier/Garrosh Hellscream Mana=0 Hlt=20 Att=0 Arm=2 Hnd=3 Dck=20 Min=0 Sec=0

NEXT_TURN

Didier PLAY_CARD id=130 position=0 // name='Stormwind Champion' cost=7 text='Your other minions have +1/+1.'
--> Didier/Garrosh Hellscream Mana=0 Hlt=20 Att=0 Arm=2 Hnd=3 Dck=19 Min=1 Sec=0
--> Titou/Malfurion Stormrage Mana=0 Hlt=25 Att=0 Arm=0 Hnd=5 Dck=19 Min=2 Sec=0

NEXT_TURN

Titou PLAY_CARD id=145 position=2 // name='Acidic Swamp Ooze' cost=2 text='Battlecry: Destroy your opponent's weapon.'
--> Titou/Malfurion Stormrage Mana=6 Hlt=25 Att=0 Arm=0 Hnd=5 Dck=18 Min=3 Sec=0
--> Didier/Garrosh Hellscream Mana=0 Hlt=20 Att=0 Arm=2 Hnd=3 Dck=19 Min=1 Sec=0

Titou PLAY_CARD id=156 choice='Charge' position=1 // name='Druid of the Claw' cost=5 text='Choose One - Charge; or +2 Health and Taunt.'
--> Titou/Malfurion Stormrage Mana=1 Hlt=25 Att=0 Arm=0 Hnd=4 Dck=18 Min=4 Sec=0
--> Didier/Garrosh Hellscream Mana=0 Hlt=20 Att=0 Arm=2 Hnd=3 Dck=19 Min=1 Sec=0

Titou ATTACK attacker=minion 'Druid of the Claw'(156) attacked=minion 'Stormwind Champion'(130)
--> Titou/Malfurion Stormrage Mana=1 Hlt=25 Att=0 Arm=0 Hnd=4 Dck=18 Min=3 Sec=0
--> Didier/Garrosh Hellscream Mana=0 Hlt=20 Att=0 Arm=2 Hnd=3 Dck=19 Min=1 Sec=0

Titou ATTACK attacker=minion 'Azure Drake'(154) attacked=minion 'Stormwind Champion'(130)
--> Titou/Malfurion Stormrage Mana=1 Hlt=25 Att=0 Arm=0 Hnd=4 Dck=18 Min=2 Sec=0
--> Didier/Garrosh Hellscream Mana=0 Hlt=20 Att=0 Arm=2 Hnd=3 Dck=19 Min=0 Sec=0

Titou ATTACK attacker=minion 'Druid of the Claw'(157) attacked=hero 'Garrosh Hellscream'(100)
--> Titou/Malfurion Stormrage Mana=1 Hlt=25 Att=0 Arm=0 Hnd=4 Dck=18 Min=2 Sec=0
--> Didier/Garrosh Hellscream Mana=0 Hlt=18 Att=0 Arm=0 Hnd=3 Dck=19 Min=0 Sec=0

NEXT_TURN

Didier USE_HERO_POWER power=''Armor Up!' power'
--> Didier/Garrosh Hellscream Mana=6 Hlt=18 Att=0 Arm=2 Hnd=4 Dck=18 Min=0 Sec=0
--> Titou/Malfurion Stormrage Mana=1 Hlt=25 Att=0 Arm=0 Hnd=4 Dck=18 Min=2 Sec=0

Didier PLAY_CARD id=125 // name='Arcanite Reaper' cost=5 text='null'
--> Didier/Garrosh Hellscream Mana=1 Hlt=18 Att=0 Arm=2 Hnd=3 Dck=18 Min=0 Sec=0
--> Titou/Malfurion Stormrage Mana=1 Hlt=25 Att=0 Arm=0 Hnd=4 Dck=18 Min=2 Sec=0

Didier ATTACK attacker=hero 'Garrosh Hellscream'(100) attacked=hero 'Malfurion Stormrage'(131)
--> Didier/Garrosh Hellscream Mana=1 Hlt=18 Att=0 Arm=2 Hnd=3 Dck=18 Min=0 Sec=0
--> Titou/Malfurion Stormrage Mana=1 Hlt=20 Att=0 Arm=0 Hnd=4 Dck=18 Min=2 Sec=0

NEXT_TURN

Titou PLAY_CARD id=161 position=2 // name='Lord of the Arena' cost=6 text='Taunt'
--> Titou/Malfurion Stormrage Mana=3 Hlt=20 Att=0 Arm=0 Hnd=4 Dck=17 Min=3 Sec=0
--> Didier/Garrosh Hellscream Mana=1 Hlt=18 Att=0 Arm=2 Hnd=3 Dck=18 Min=0 Sec=0

Titou PLAY_CARD id=147 target=hero 'Malfurion Stormrage'(131) // name='Healing Touch' cost=3 text='Restore 8 Health.'
--> Titou/Malfurion Stormrage Mana=0 Hlt=28 Att=0 Arm=0 Hnd=3 Dck=17 Min=3 Sec=0
--> Didier/Garrosh Hellscream Mana=1 Hlt=18 Att=0 Arm=2 Hnd=3 Dck=18 Min=0 Sec=0

Titou ATTACK attacker=minion 'Acidic Swamp Ooze'(145) attacked=hero 'Garrosh Hellscream'(100)
--> Titou/Malfurion Stormrage Mana=0 Hlt=28 Att=0 Arm=0 Hnd=3 Dck=17 Min=2 Sec=0
--> Didier/Garrosh Hellscream Mana=1 Hlt=17 Att=0 Arm=0 Hnd=3 Dck=18 Min=0 Sec=0

Titou ATTACK attacker=minion 'Druid of the Claw'(157) attacked=hero 'Garrosh Hellscream'(100)
--> Titou/Malfurion Stormrage Mana=0 Hlt=28 Att=0 Arm=0 Hnd=3 Dck=17 Min=1 Sec=0
--> Didier/Garrosh Hellscream Mana=1 Hlt=13 Att=0 Arm=0 Hnd=3 Dck=18 Min=0 Sec=0

NEXT_TURN

Didier PLAY_CARD id=112 position=0 // name='Acidic Swamp Ooze' cost=2 text='Battlecry: Destroy your opponent's weapon.'
--> Didier/Garrosh Hellscream Mana=7 Hlt=13 Att=0 Arm=0 Hnd=3 Dck=17 Min=1 Sec=0
--> Titou/Malfurion Stormrage Mana=0 Hlt=28 Att=0 Arm=0 Hnd=3 Dck=17 Min=1 Sec=0

Didier ATTACK attacker=hero 'Garrosh Hellscream'(100) attacked=minion 'Lord of the Arena'(161)
--> Didier/Garrosh Hellscream Mana=7 Hlt=7 Att=0 Arm=0 Hnd=3 Dck=17 Min=1 Sec=0
--> Titou/Malfurion Stormrage Mana=0 Hlt=28 Att=0 Arm=0 Hnd=3 Dck=17 Min=0 Sec=0

Didier USE_HERO_POWER power=''Armor Up!' power'
--> Didier/Garrosh Hellscream Mana=5 Hlt=7 Att=0 Arm=2 Hnd=3 Dck=17 Min=1 Sec=0
--> Titou/Malfurion Stormrage Mana=0 Hlt=28 Att=0 Arm=0 Hnd=3 Dck=17 Min=0 Sec=0

Didier PLAY_CARD id=118 position=0 // name='Arathi Weaponsmith' cost=4 text='Battlecry: Equip a 2/2 weapon.'
--> Didier/Garrosh Hellscream Mana=1 Hlt=7 Att=0 Arm=2 Hnd=2 Dck=17 Min=2 Sec=0
--> Titou/Malfurion Stormrage Mana=0 Hlt=28 Att=0 Arm=0 Hnd=3 Dck=17 Min=0 Sec=0

NEXT_TURN

Titou USE_HERO_POWER power=''Shapeshift' power'
--> Titou/Malfurion Stormrage Mana=8 Hlt=28 Att=0 Arm=1 Hnd=4 Dck=16 Min=0 Sec=0
--> Didier/Garrosh Hellscream Mana=1 Hlt=7 Att=0 Arm=2 Hnd=2 Dck=17 Min=2 Sec=0

Titou ATTACK attacker=hero 'Malfurion Stormrage'(131) attacked=hero 'Garrosh Hellscream'(100)
--> Titou/Malfurion Stormrage Mana=8 Hlt=27 Att=0 Arm=0 Hnd=4 Dck=16 Min=0 Sec=0
--> Didier/Garrosh Hellscream Mana=1 Hlt=7 Att=0 Arm=1 Hnd=2 Dck=17 Min=2 Sec=0

Titou PLAY_CARD id=160 // name='Force of Nature' cost=6 text='Summon three 2/2 Treants with Charge that die at the end of the turn.'
--> Titou/Malfurion Stormrage Mana=2 Hlt=27 Att=0 Arm=0 Hnd=3 Dck=16 Min=3 Sec=0
--> Didier/Garrosh Hellscream Mana=1 Hlt=7 Att=0 Arm=1 Hnd=2 Dck=17 Min=2 Sec=0

Titou ATTACK attacker=minion 'Treant'(166) attacked=minion 'Arathi Weaponsmith'(118)
--> Titou/Malfurion Stormrage Mana=2 Hlt=27 Att=0 Arm=0 Hnd=3 Dck=16 Min=2 Sec=0
--> Didier/Garrosh Hellscream Mana=1 Hlt=7 Att=0 Arm=1 Hnd=2 Dck=17 Min=2 Sec=0

Titou PLAY_CARD id=140 choice='Deal 3 damage to a minion' target=minion 'Treant'(168) // name='Wrath' cost=2 text='Choose One - Deal 3 damage to a minion; or 1 damage and draw a card.'
--> Titou/Malfurion Stormrage Mana=0 Hlt=27 Att=0 Arm=0 Hnd=2 Dck=16 Min=1 Sec=0
--> Didier/Garrosh Hellscream Mana=1 Hlt=7 Att=0 Arm=1 Hnd=2 Dck=17 Min=2 Sec=0

Titou ATTACK attacker=minion 'Treant'(167) attacked=hero 'Garrosh Hellscream'(100)
--> Titou/Malfurion Stormrage Mana=0 Hlt=27 Att=0 Arm=0 Hnd=2 Dck=16 Min=0 Sec=0
--> Didier/Garrosh Hellscream Mana=1 Hlt=6 Att=0 Arm=0 Hnd=2 Dck=17 Min=2 Sec=0

NEXT_TURN

Didier USE_HERO_POWER power=''Armor Up!' power'
--> Didier/Garrosh Hellscream Mana=8 Hlt=6 Att=0 Arm=2 Hnd=3 Dck=16 Min=2 Sec=0
--> Titou/Malfurion Stormrage Mana=0 Hlt=27 Att=0 Arm=0 Hnd=2 Dck=16 Min=0 Sec=0

Didier PLAY_CARD id=127 position=0 // name='Gurubashi Berserker' cost=5 text='Whenever this minion takes damage, gain +3 Attack.'
--> Didier/Garrosh Hellscream Mana=3 Hlt=6 Att=0 Arm=2 Hnd=2 Dck=16 Min=3 Sec=0
--> Titou/Malfurion Stormrage Mana=0 Hlt=27 Att=0 Arm=0 Hnd=2 Dck=16 Min=0 Sec=0

Didier ATTACK attacker=minion 'Acidic Swamp Ooze'(112) attacked=hero 'Malfurion Stormrage'(131)
--> Didier/Garrosh Hellscream Mana=3 Hlt=6 Att=0 Arm=2 Hnd=2 Dck=16 Min=3 Sec=0
--> Titou/Malfurion Stormrage Mana=0 Hlt=24 Att=0 Arm=0 Hnd=2 Dck=16 Min=0 Sec=0

Didier ATTACK attacker=minion 'Arathi Weaponsmith'(118) attacked=hero 'Malfurion Stormrage'(131)
--> Didier/Garrosh Hellscream Mana=3 Hlt=6 Att=0 Arm=2 Hnd=2 Dck=16 Min=3 Sec=0
--> Titou/Malfurion Stormrage Mana=0 Hlt=21 Att=0 Arm=0 Hnd=2 Dck=16 Min=0 Sec=0

Didier ATTACK attacker=hero 'Garrosh Hellscream'(100) attacked=hero 'Malfurion Stormrage'(131)
--> Didier/Garrosh Hellscream Mana=3 Hlt=6 Att=0 Arm=2 Hnd=2 Dck=16 Min=3 Sec=0
--> Titou/Malfurion Stormrage Mana=0 Hlt=19 Att=0 Arm=0 Hnd=2 Dck=16 Min=0 Sec=0

NEXT_TURN

Titou USE_HERO_POWER power=''Shapeshift' power'
--> Titou/Malfurion Stormrage Mana=8 Hlt=19 Att=0 Arm=1 Hnd=3 Dck=15 Min=0 Sec=0
--> Didier/Garrosh Hellscream Mana=3 Hlt=6 Att=0 Arm=2 Hnd=2 Dck=16 Min=3 Sec=0

Titou PLAY_CARD id=150 position=0 // name='Thrallmar Farseer' cost=3 text='Windfury'
--> Titou/Malfurion Stormrage Mana=5 Hlt=19 Att=0 Arm=1 Hnd=2 Dck=15 Min=1 Sec=0
--> Didier/Garrosh Hellscream Mana=3 Hlt=6 Att=0 Arm=2 Hnd=2 Dck=16 Min=3 Sec=0

Titou ATTACK attacker=hero 'Malfurion Stormrage'(131) attacked=hero 'Garrosh Hellscream'(100)
--> Titou/Malfurion Stormrage Mana=5 Hlt=18 Att=0 Arm=0 Hnd=2 Dck=15 Min=1 Sec=0
--> Didier/Garrosh Hellscream Mana=3 Hlt=6 Att=0 Arm=1 Hnd=2 Dck=16 Min=3 Sec=0

NEXT_TURN

Didier USE_HERO_POWER power=''Armor Up!' power'
--> Didier/Garrosh Hellscream Mana=8 Hlt=6 Att=0 Arm=3 Hnd=3 Dck=15 Min=3 Sec=0
--> Titou/Malfurion Stormrage Mana=5 Hlt=18 Att=0 Arm=0 Hnd=2 Dck=15 Min=1 Sec=0

Didier PLAY_CARD id=116 position=1 // name='Tauren Warrior' cost=3 text='Taunt. Enrage: +3 Attack'
--> Didier/Garrosh Hellscream Mana=5 Hlt=6 Att=0 Arm=3 Hnd=2 Dck=15 Min=4 Sec=0
--> Titou/Malfurion Stormrage Mana=5 Hlt=18 Att=0 Arm=0 Hnd=2 Dck=15 Min=1 Sec=0

Didier ATTACK attacker=minion 'Arathi Weaponsmith'(118) attacked=hero 'Malfurion Stormrage'(131)
--> Didier/Garrosh Hellscream Mana=5 Hlt=6 Att=0 Arm=3 Hnd=2 Dck=15 Min=4 Sec=0
--> Titou/Malfurion Stormrage Mana=5 Hlt=15 Att=0 Arm=0 Hnd=2 Dck=15 Min=1 Sec=0

Didier PLAY_CARD id=120 position=2 // name='Cult Master' cost=4 text='Whenever one of your other minions dies, draw a card.'
--> Didier/Garrosh Hellscream Mana=1 Hlt=6 Att=0 Arm=3 Hnd=1 Dck=15 Min=5 Sec=0
--> Titou/Malfurion Stormrage Mana=5 Hlt=15 Att=0 Arm=0 Hnd=2 Dck=15 Min=1 Sec=0

Didier ATTACK attacker=minion 'Gurubashi Berserker'(127) attacked=minion 'Thrallmar Farseer'(150)
--> Didier/Garrosh Hellscream Mana=1 Hlt=6 Att=0 Arm=3 Hnd=1 Dck=15 Min=5 Sec=0
--> Titou/Malfurion Stormrage Mana=5 Hlt=15 Att=0 Arm=0 Hnd=2 Dck=15 Min=1 Sec=0

Didier PLAY_CARD id=104 target=minion 'Thrallmar Farseer'(150) // name='Execute' cost=1 text='Destroy a damaged enemy minion.'
--> Didier/Garrosh Hellscream Mana=0 Hlt=6 Att=0 Arm=3 Hnd=0 Dck=15 Min=5 Sec=0
--> Titou/Malfurion Stormrage Mana=5 Hlt=15 Att=0 Arm=0 Hnd=2 Dck=15 Min=0 Sec=0

Didier ATTACK attacker=minion 'Acidic Swamp Ooze'(112) attacked=hero 'Malfurion Stormrage'(131)
--> Didier/Garrosh Hellscream Mana=0 Hlt=6 Att=0 Arm=3 Hnd=0 Dck=15 Min=5 Sec=0
--> Titou/Malfurion Stormrage Mana=5 Hlt=12 Att=0 Arm=0 Hnd=2 Dck=15 Min=0 Sec=0

Didier ATTACK attacker=hero 'Garrosh Hellscream'(100) attacked=hero 'Malfurion Stormrage'(131)
--> Didier/Garrosh Hellscream Mana=0 Hlt=6 Att=0 Arm=3 Hnd=0 Dck=15 Min=5 Sec=0
--> Titou/Malfurion Stormrage Mana=5 Hlt=10 Att=0 Arm=0 Hnd=2 Dck=15 Min=0 Sec=0

NEXT_TURN

Titou PLAY_CARD id=158 target=minion 'Gurubashi Berserker'(127) // name='Starfire' cost=6 text='Deal 5 damage. Draw a card.'
--> Titou/Malfurion Stormrage Mana=4 Hlt=10 Att=0 Arm=0 Hnd=4 Dck=12 Min=0 Sec=0
--> Didier/Garrosh Hellscream Mana=0 Hlt=6 Att=0 Arm=3 Hnd=0 Dck=15 Min=4 Sec=0

Titou PLAY_CARD id=139 choice='Deal 3 damage to a minion' target=minion 'Cult Master'(120) // name='Wrath' cost=2 text='Choose One - Deal 3 damage to a minion; or 1 damage and draw a card.'
--> Titou/Malfurion Stormrage Mana=2 Hlt=10 Att=0 Arm=0 Hnd=3 Dck=12 Min=0 Sec=0
--> Didier/Garrosh Hellscream Mana=0 Hlt=6 Att=0 Arm=3 Hnd=0 Dck=15 Min=3 Sec=0

Titou PLAY_CARD id=138 position=0 // name='Leper Gnome' cost=1 text='Deathrattle: Deal 2 damage to the enemy hero.'
--> Titou/Malfurion Stormrage Mana=1 Hlt=10 Att=0 Arm=0 Hnd=2 Dck=12 Min=1 Sec=0
--> Didier/Garrosh Hellscream Mana=0 Hlt=6 Att=0 Arm=3 Hnd=0 Dck=15 Min=3 Sec=0

NEXT_TURN

Didier PLAY_CARD id=128 target=hero 'Malfurion Stormrage'(131) position=3 // name='Stormpike Commando' cost=5 text='Battlecry: Deal 2 damage.'
--> Didier/Garrosh Hellscream Mana=5 Hlt=6 Att=0 Arm=3 Hnd=0 Dck=14 Min=4 Sec=0
--> Titou/Malfurion Stormrage Mana=1 Hlt=8 Att=0 Arm=0 Hnd=2 Dck=12 Min=1 Sec=0

Didier ATTACK attacker=minion 'Acidic Swamp Ooze'(112) attacked=hero 'Malfurion Stormrage'(131)
--> Didier/Garrosh Hellscream Mana=5 Hlt=6 Att=0 Arm=3 Hnd=0 Dck=14 Min=4 Sec=0
--> Titou/Malfurion Stormrage Mana=1 Hlt=5 Att=0 Arm=0 Hnd=2 Dck=12 Min=1 Sec=0

Didier ATTACK attacker=minion 'Arathi Weaponsmith'(118) attacked=minion 'Leper Gnome'(138)
--> Didier/Garrosh Hellscream Mana=5 Hlt=4 Att=0 Arm=3 Hnd=0 Dck=14 Min=3 Sec=0
--> Titou/Malfurion Stormrage Mana=1 Hlt=5 Att=0 Arm=0 Hnd=2 Dck=12 Min=0 Sec=0

Didier USE_HERO_POWER power=''Armor Up!' power'
--> Didier/Garrosh Hellscream Mana=3 Hlt=4 Att=0 Arm=5 Hnd=0 Dck=14 Min=3 Sec=0
--> Titou/Malfurion Stormrage Mana=1 Hlt=5 Att=0 Arm=0 Hnd=2 Dck=12 Min=0 Sec=0

Didier ATTACK attacker=minion 'Tauren Warrior'(116) attacked=hero 'Malfurion Stormrage'(131)
--> Didier/Garrosh Hellscream Mana=3 Hlt=4 Att=0 Arm=5 Hnd=0 Dck=14 Min=3 Sec=0
--> Titou/Malfurion Stormrage Mana=1 Hlt=3 Att=0 Arm=0 Hnd=2 Dck=12 Min=0 Sec=0

NEXT_TURN

Titou USE_HERO_POWER power=''Shapeshift' power'
--> Titou/Malfurion Stormrage Mana=8 Hlt=3 Att=0 Arm=1 Hnd=3 Dck=11 Min=0 Sec=0
--> Didier/Garrosh Hellscream Mana=3 Hlt=4 Att=0 Arm=5 Hnd=0 Dck=14 Min=3 Sec=0

Titou ATTACK attacker=hero 'Malfurion Stormrage'(131) attacked=minion 'Tauren Warrior'(116)
--> Titou/Malfurion Stormrage Mana=8 Hlt=2 Att=0 Arm=0 Hnd=3 Dck=11 Min=0 Sec=0
--> Didier/Garrosh Hellscream Mana=3 Hlt=4 Att=0 Arm=5 Hnd=0 Dck=14 Min=3 Sec=0

Titou PLAY_CARD id=135 target=minion 'Tauren Warrior'(116) // name='Naturalize' cost=1 text='Destroy a minion. Your opponent draws 2 cards.'
--> Titou/Malfurion Stormrage Mana=7 Hlt=2 Att=0 Arm=0 Hnd=2 Dck=11 Min=0 Sec=0
--> Didier/Garrosh Hellscream Mana=3 Hlt=4 Att=0 Arm=5 Hnd=2 Dck=12 Min=2 Sec=0

NEXT_TURN

Didier PLAY_CARD id=124 // name='Arcanite Reaper' cost=5 text='null'
--> Didier/Garrosh Hellscream Mana=5 Hlt=4 Att=0 Arm=5 Hnd=2 Dck=11 Min=2 Sec=0
--> Titou/Malfurion Stormrage Mana=7 Hlt=2 Att=0 Arm=0 Hnd=2 Dck=11 Min=0 Sec=0

Didier PLAY_CARD id=101 target=minion 'Stormpike Commando'(128) // name='Inner Rage' cost=0 text='Deal 1 damage to a minion and give it +2 Attack.'
--> Didier/Garrosh Hellscream Mana=5 Hlt=4 Att=0 Arm=5 Hnd=1 Dck=11 Min=2 Sec=0
--> Titou/Malfurion Stormrage Mana=7 Hlt=2 Att=0 Arm=0 Hnd=2 Dck=11 Min=0 Sec=0

Didier ATTACK attacker=minion 'Stormpike Commando'(128) attacked=hero 'Malfurion Stormrage'(131)
--> Didier/Garrosh Hellscream Mana=5 Hlt=4 Att=0 Arm=5 Hnd=1 Dck=11 Min=2 Sec=0
--> Titou/Malfurion Stormrage Mana=7 Hlt=-4 Att=0 Arm=0 Hnd=2 Dck=11 Min=0 Sec=0

Didier wins
Titou looses
