Active player = Titou
--> Titou/Malfurion Stormrage Mana=1 Hlt=30 Att=0 Arm=0 Hnd=4 Dck=26 Min=0 Sec=0
Opponent = Didier
--> Didier/Garrosh Hellscream Mana=0 Hlt=30 Att=0 Arm=0 Hnd=5 Dck=26 Min=0 Sec=0

Titou PLAY_CARD id=136 // name='Claw' cost=1 text='Give your hero +2 Attack this turn and 2 Armor.'
--> Titou/Malfurion Stormrage Mana=0 Hlt=30 Att=0 Arm=2 Hnd=3 Dck=26 Min=0 Sec=0
--> Didier/Garrosh Hellscream Mana=0 Hlt=30 Att=0 Arm=0 Hnd=5 Dck=26 Min=0 Sec=0

Titou PLAY_CARD id=132 // name='Innervate' cost=0 text='Gain 2 Mana Crystals this turn only.'
--> Titou/Malfurion Stormrage Mana=2 Hlt=30 Att=0 Arm=2 Hnd=2 Dck=26 Min=0 Sec=0
--> Didier/Garrosh Hellscream Mana=0 Hlt=30 Att=0 Arm=0 Hnd=5 Dck=26 Min=0 Sec=0

Titou ATTACK attacker=hero 'Malfurion Stormrage'(131) attacked=hero 'Garrosh Hellscream'(100)
--> Titou/Malfurion Stormrage Mana=2 Hlt=30 Att=0 Arm=2 Hnd=2 Dck=26 Min=0 Sec=0
--> Didier/Garrosh Hellscream Mana=0 Hlt=28 Att=0 Arm=0 Hnd=5 Dck=26 Min=0 Sec=0

Titou USE_HERO_POWER power=''Shapeshift' power'
--> Titou/Malfurion Stormrage Mana=0 Hlt=30 Att=0 Arm=3 Hnd=2 Dck=26 Min=0 Sec=0
--> Didier/Garrosh Hellscream Mana=0 Hlt=28 Att=0 Arm=0 Hnd=5 Dck=26 Min=0 Sec=0

NEXT_TURN

Didier PLAY_CARD id=102 // name='Upgrade!' cost=1 text='If you have a weapon, give it +1/+1. Otherwise equip a 1/3 weapon.'
--> Didier/Garrosh Hellscream Mana=0 Hlt=28 Att=0 Arm=0 Hnd=5 Dck=25 Min=0 Sec=0
--> Titou/Malfurion Stormrage Mana=0 Hlt=30 Att=0 Arm=3 Hnd=2 Dck=26 Min=0 Sec=0

Didier ATTACK attacker=hero 'Garrosh Hellscream'(100) attacked=hero 'Malfurion Stormrage'(131)
--> Didier/Garrosh Hellscream Mana=0 Hlt=28 Att=0 Arm=0 Hnd=5 Dck=25 Min=0 Sec=0
--> Titou/Malfurion Stormrage Mana=0 Hlt=30 Att=0 Arm=2 Hnd=2 Dck=26 Min=0 Sec=0

Didier PLAY_CARD id=162 // name='The Coin' cost=0 text='Gain 1 Mana Crystal this turn only.'
--> Didier/Garrosh Hellscream Mana=1 Hlt=28 Att=0 Arm=0 Hnd=4 Dck=25 Min=0 Sec=0
--> Titou/Malfurion Stormrage Mana=0 Hlt=30 Att=0 Arm=2 Hnd=2 Dck=26 Min=0 Sec=0

NEXT_TURN

Titou USE_HERO_POWER power=''Shapeshift' power'
--> Titou/Malfurion Stormrage Mana=0 Hlt=30 Att=0 Arm=3 Hnd=3 Dck=25 Min=0 Sec=0
--> Didier/Garrosh Hellscream Mana=1 Hlt=28 Att=0 Arm=0 Hnd=4 Dck=25 Min=0 Sec=0

Titou ATTACK attacker=hero 'Malfurion Stormrage'(131) attacked=hero 'Garrosh Hellscream'(100)
--> Titou/Malfurion Stormrage Mana=0 Hlt=30 Att=0 Arm=2 Hnd=3 Dck=25 Min=0 Sec=0
--> Didier/Garrosh Hellscream Mana=1 Hlt=27 Att=0 Arm=0 Hnd=4 Dck=25 Min=0 Sec=0

Titou PLAY_CARD id=133 // name='Innervate' cost=0 text='Gain 2 Mana Crystals this turn only.'
--> Titou/Malfurion Stormrage Mana=2 Hlt=30 Att=0 Arm=2 Hnd=2 Dck=25 Min=0 Sec=0
--> Didier/Garrosh Hellscream Mana=1 Hlt=27 Att=0 Arm=0 Hnd=4 Dck=25 Min=0 Sec=0

NEXT_TURN

Didier ATTACK attacker=hero 'Garrosh Hellscream'(100) attacked=hero 'Malfurion Stormrage'(131)
--> Didier/Garrosh Hellscream Mana=2 Hlt=27 Att=0 Arm=0 Hnd=5 Dck=24 Min=0 Sec=0
--> Titou/Malfurion Stormrage Mana=2 Hlt=30 Att=0 Arm=1 Hnd=2 Dck=25 Min=0 Sec=0

Didier PLAY_CARD id=109 // name='Heroic Strike' cost=2 text='Give your hero +4 Attack this turn.'
--> Didier/Garrosh Hellscream Mana=0 Hlt=27 Att=0 Arm=0 Hnd=4 Dck=24 Min=0 Sec=0
--> Titou/Malfurion Stormrage Mana=2 Hlt=30 Att=0 Arm=1 Hnd=2 Dck=25 Min=0 Sec=0

NEXT_TURN

Titou USE_HERO_POWER power=''Shapeshift' power'
--> Titou/Malfurion Stormrage Mana=1 Hlt=30 Att=0 Arm=2 Hnd=3 Dck=24 Min=0 Sec=0
--> Didier/Garrosh Hellscream Mana=0 Hlt=27 Att=0 Arm=0 Hnd=4 Dck=24 Min=0 Sec=0

Titou ATTACK attacker=hero 'Malfurion Stormrage'(131) attacked=hero 'Garrosh Hellscream'(100)
--> Titou/Malfurion Stormrage Mana=1 Hlt=30 Att=0 Arm=1 Hnd=3 Dck=24 Min=0 Sec=0
--> Didier/Garrosh Hellscream Mana=0 Hlt=26 Att=0 Arm=0 Hnd=4 Dck=24 Min=0 Sec=0

NEXT_TURN

Didier ATTACK attacker=hero 'Garrosh Hellscream'(100) attacked=hero 'Malfurion Stormrage'(131)
--> Didier/Garrosh Hellscream Mana=3 Hlt=26 Att=0 Arm=0 Hnd=5 Dck=23 Min=0 Sec=0
--> Titou/Malfurion Stormrage Mana=1 Hlt=30 Att=0 Arm=0 Hnd=3 Dck=24 Min=0 Sec=0

Didier USE_HERO_POWER power=''Armor Up!' power'
--> Didier/Garrosh Hellscream Mana=1 Hlt=26 Att=0 Arm=2 Hnd=5 Dck=23 Min=0 Sec=0
--> Titou/Malfurion Stormrage Mana=1 Hlt=30 Att=0 Arm=0 Hnd=3 Dck=24 Min=0 Sec=0

NEXT_TURN

Titou USE_HERO_POWER power=''Shapeshift' power'
--> Titou/Malfurion Stormrage Mana=2 Hlt=30 Att=0 Arm=1 Hnd=4 Dck=23 Min=0 Sec=0
--> Didier/Garrosh Hellscream Mana=1 Hlt=26 Att=0 Arm=2 Hnd=5 Dck=23 Min=0 Sec=0

Titou ATTACK attacker=hero 'Malfurion Stormrage'(131) attacked=hero 'Garrosh Hellscream'(100)
--> Titou/Malfurion Stormrage Mana=2 Hlt=30 Att=0 Arm=1 Hnd=4 Dck=23 Min=0 Sec=0
--> Didier/Garrosh Hellscream Mana=1 Hlt=26 Att=0 Arm=1 Hnd=5 Dck=23 Min=0 Sec=0

NEXT_TURN

Didier PLAY_CARD id=114 position=0 // name='Frothing Berserker' cost=3 text='Whenever a minion takes damage, gain +1 Attack.'
--> Didier/Garrosh Hellscream Mana=1 Hlt=26 Att=0 Arm=1 Hnd=5 Dck=22 Min=1 Sec=0
--> Titou/Malfurion Stormrage Mana=2 Hlt=30 Att=0 Arm=1 Hnd=4 Dck=23 Min=0 Sec=0

NEXT_TURN

Titou USE_HERO_POWER power=''Shapeshift' power'
--> Titou/Malfurion Stormrage Mana=3 Hlt=30 Att=0 Arm=2 Hnd=5 Dck=22 Min=0 Sec=0
--> Didier/Garrosh Hellscream Mana=1 Hlt=26 Att=0 Arm=1 Hnd=5 Dck=22 Min=1 Sec=0

Titou PLAY_CARD id=140 choice='Deal 3 damage to a minion' target=minion 'Frothing Berserker'(114) // name='Wrath' cost=2 text='Choose One - Deal 3 damage to a minion; or 1 damage and draw a card.'
--> Titou/Malfurion Stormrage Mana=1 Hlt=30 Att=0 Arm=2 Hnd=4 Dck=22 Min=0 Sec=0
--> Didier/Garrosh Hellscream Mana=1 Hlt=26 Att=0 Arm=1 Hnd=5 Dck=22 Min=1 Sec=0

Titou ATTACK attacker=hero 'Malfurion Stormrage'(131) attacked=minion 'Frothing Berserker'(114)
--> Titou/Malfurion Stormrage Mana=1 Hlt=29 Att=0 Arm=0 Hnd=4 Dck=22 Min=0 Sec=0
--> Didier/Garrosh Hellscream Mana=1 Hlt=26 Att=0 Arm=1 Hnd=5 Dck=22 Min=0 Sec=0

NEXT_TURN

Didier PLAY_CARD id=112 position=0 // name='Acidic Swamp Ooze' cost=2 text='Battlecry: Destroy your opponent's weapon.'
--> Didier/Garrosh Hellscream Mana=3 Hlt=26 Att=0 Arm=1 Hnd=5 Dck=21 Min=1 Sec=0
--> Titou/Malfurion Stormrage Mana=1 Hlt=29 Att=0 Arm=0 Hnd=4 Dck=22 Min=0 Sec=0

Didier PLAY_CARD id=101 target=minion 'Acidic Swamp Ooze'(112) // name='Inner Rage' cost=0 text='Deal 1 damage to a minion and give it +2 Attack.'
--> Didier/Garrosh Hellscream Mana=3 Hlt=26 Att=0 Arm=1 Hnd=4 Dck=21 Min=1 Sec=0
--> Titou/Malfurion Stormrage Mana=1 Hlt=29 Att=0 Arm=0 Hnd=4 Dck=22 Min=0 Sec=0

Didier PLAY_CARD id=108 // name='Fiery War Axe' cost=2 text='null'
--> Didier/Garrosh Hellscream Mana=1 Hlt=26 Att=0 Arm=1 Hnd=3 Dck=21 Min=1 Sec=0
--> Titou/Malfurion Stormrage Mana=1 Hlt=29 Att=0 Arm=0 Hnd=4 Dck=22 Min=0 Sec=0

Didier ATTACK attacker=hero 'Garrosh Hellscream'(100) attacked=hero 'Malfurion Stormrage'(131)
--> Didier/Garrosh Hellscream Mana=1 Hlt=26 Att=0 Arm=1 Hnd=3 Dck=21 Min=1 Sec=0
--> Titou/Malfurion Stormrage Mana=1 Hlt=26 Att=0 Arm=0 Hnd=4 Dck=22 Min=0 Sec=0

NEXT_TURN

Titou USE_HERO_POWER power=''Shapeshift' power'
--> Titou/Malfurion Stormrage Mana=4 Hlt=26 Att=0 Arm=1 Hnd=5 Dck=21 Min=0 Sec=0
--> Didier/Garrosh Hellscream Mana=1 Hlt=26 Att=0 Arm=1 Hnd=3 Dck=21 Min=1 Sec=0

Titou ATTACK attacker=hero 'Malfurion Stormrage'(131) attacked=hero 'Garrosh Hellscream'(100)
--> Titou/Malfurion Stormrage Mana=4 Hlt=24 Att=0 Arm=0 Hnd=5 Dck=21 Min=0 Sec=0
--> Didier/Garrosh Hellscream Mana=1 Hlt=26 Att=0 Arm=0 Hnd=3 Dck=21 Min=1 Sec=0

Titou PLAY_CARD id=147 target=minion 'Acidic Swamp Ooze'(112) // name='Healing Touch' cost=3 text='Restore 8 Health.'
--> Titou/Malfurion Stormrage Mana=1 Hlt=24 Att=0 Arm=0 Hnd=4 Dck=21 Min=0 Sec=0
--> Didier/Garrosh Hellscream Mana=1 Hlt=26 Att=0 Arm=0 Hnd=3 Dck=21 Min=1 Sec=0

NEXT_TURN

Didier PLAY_CARD id=120 position=0 // name='Cult Master' cost=4 text='Whenever one of your other minions dies, draw a card.'
--> Didier/Garrosh Hellscream Mana=2 Hlt=26 Att=0 Arm=0 Hnd=3 Dck=20 Min=2 Sec=0
--> Titou/Malfurion Stormrage Mana=1 Hlt=24 Att=0 Arm=0 Hnd=4 Dck=21 Min=0 Sec=0

Didier ATTACK attacker=minion 'Acidic Swamp Ooze'(112) attacked=hero 'Malfurion Stormrage'(131)
--> Didier/Garrosh Hellscream Mana=2 Hlt=26 Att=0 Arm=0 Hnd=3 Dck=20 Min=2 Sec=0
--> Titou/Malfurion Stormrage Mana=1 Hlt=19 Att=0 Arm=0 Hnd=4 Dck=21 Min=0 Sec=0

Didier USE_HERO_POWER power=''Armor Up!' power'
--> Didier/Garrosh Hellscream Mana=0 Hlt=26 Att=0 Arm=2 Hnd=3 Dck=20 Min=2 Sec=0
--> Titou/Malfurion Stormrage Mana=1 Hlt=19 Att=0 Arm=0 Hnd=4 Dck=21 Min=0 Sec=0

Didier ATTACK attacker=hero 'Garrosh Hellscream'(100) attacked=hero 'Malfurion Stormrage'(131)
--> Didier/Garrosh Hellscream Mana=0 Hlt=26 Att=0 Arm=2 Hnd=3 Dck=20 Min=2 Sec=0
--> Titou/Malfurion Stormrage Mana=1 Hlt=16 Att=0 Arm=0 Hnd=4 Dck=21 Min=0 Sec=0

NEXT_TURN

Titou PLAY_CARD id=155 position=0 // name='Azure Drake' cost=5 text='Spell Damage +1. Battlecry: Draw a card.'
--> Titou/Malfurion Stormrage Mana=2 Hlt=16 Att=0 Arm=0 Hnd=5 Dck=19 Min=1 Sec=0
--> Didier/Garrosh Hellscream Mana=0 Hlt=26 Att=0 Arm=2 Hnd=3 Dck=20 Min=2 Sec=0

Titou USE_HERO_POWER power=''Shapeshift' power'
--> Titou/Malfurion Stormrage Mana=0 Hlt=16 Att=0 Arm=1 Hnd=5 Dck=19 Min=1 Sec=0
--> Didier/Garrosh Hellscream Mana=0 Hlt=26 Att=0 Arm=2 Hnd=3 Dck=20 Min=2 Sec=0

Titou ATTACK attacker=hero 'Malfurion Stormrage'(131) attacked=minion 'Acidic Swamp Ooze'(112)
--> Titou/Malfurion Stormrage Mana=0 Hlt=12 Att=0 Arm=0 Hnd=5 Dck=19 Min=1 Sec=0
--> Didier/Garrosh Hellscream Mana=0 Hlt=26 Att=0 Arm=2 Hnd=3 Dck=20 Min=2 Sec=0

NEXT_TURN

Didier PLAY_CARD id=130 position=0 // name='Stormwind Champion' cost=7 text='Your other minions have +1/+1.'
--> Didier/Garrosh Hellscream Mana=0 Hlt=26 Att=0 Arm=2 Hnd=3 Dck=19 Min=3 Sec=0
--> Titou/Malfurion Stormrage Mana=0 Hlt=12 Att=0 Arm=0 Hnd=5 Dck=19 Min=1 Sec=0

Didier ATTACK attacker=minion 'Cult Master'(120) attacked=minion 'Azure Drake'(155)
--> Didier/Garrosh Hellscream Mana=0 Hlt=26 Att=0 Arm=2 Hnd=3 Dck=19 Min=2 Sec=0
--> Titou/Malfurion Stormrage Mana=0 Hlt=12 Att=0 Arm=0 Hnd=5 Dck=19 Min=0 Sec=0

Didier ATTACK attacker=minion 'Acidic Swamp Ooze'(112) attacked=hero 'Malfurion Stormrage'(131)
--> Didier/Garrosh Hellscream Mana=0 Hlt=26 Att=0 Arm=2 Hnd=3 Dck=19 Min=2 Sec=0
--> Titou/Malfurion Stormrage Mana=0 Hlt=6 Att=0 Arm=0 Hnd=5 Dck=19 Min=0 Sec=0

NEXT_TURN

Titou PLAY_CARD id=138 position=0 // name='Leper Gnome' cost=1 text='Deathrattle: Deal 2 damage to the enemy hero.'
--> Titou/Malfurion Stormrage Mana=7 Hlt=6 Att=0 Arm=0 Hnd=5 Dck=18 Min=1 Sec=0
--> Didier/Garrosh Hellscream Mana=0 Hlt=26 Att=0 Arm=2 Hnd=3 Dck=19 Min=2 Sec=0

Titou PLAY_CARD id=161 position=0 // name='Lord of the Arena' cost=6 text='Taunt'
--> Titou/Malfurion Stormrage Mana=1 Hlt=6 Att=0 Arm=0 Hnd=4 Dck=18 Min=2 Sec=0
--> Didier/Garrosh Hellscream Mana=0 Hlt=26 Att=0 Arm=2 Hnd=3 Dck=19 Min=2 Sec=0

NEXT_TURN

Didier ATTACK attacker=minion 'Acidic Swamp Ooze'(112) attacked=minion 'Lord of the Arena'(161)
--> Didier/Garrosh Hellscream Mana=8 Hlt=26 Att=0 Arm=2 Hnd=4 Dck=18 Min=1 Sec=0
--> Titou/Malfurion Stormrage Mana=1 Hlt=6 Att=0 Arm=0 Hnd=4 Dck=18 Min=1 Sec=0

Didier PLAY_CARD id=122 position=1 // name='Kor'kron Elite' cost=4 text='Charge'
--> Didier/Garrosh Hellscream Mana=4 Hlt=26 Att=0 Arm=2 Hnd=3 Dck=18 Min=2 Sec=0
--> Titou/Malfurion Stormrage Mana=1 Hlt=6 Att=0 Arm=0 Hnd=4 Dck=18 Min=1 Sec=0

Didier PLAY_CARD id=123 position=0 // name='Kor'kron Elite' cost=4 text='Charge'
--> Didier/Garrosh Hellscream Mana=0 Hlt=26 Att=0 Arm=2 Hnd=2 Dck=18 Min=3 Sec=0
--> Titou/Malfurion Stormrage Mana=1 Hlt=6 Att=0 Arm=0 Hnd=4 Dck=18 Min=1 Sec=0

Didier ATTACK attacker=minion 'Kor'kron Elite'(122) attacked=hero 'Malfurion Stormrage'(131)
--> Didier/Garrosh Hellscream Mana=0 Hlt=26 Att=0 Arm=2 Hnd=2 Dck=18 Min=3 Sec=0
--> Titou/Malfurion Stormrage Mana=1 Hlt=1 Att=0 Arm=0 Hnd=4 Dck=18 Min=1 Sec=0

Didier ATTACK attacker=minion 'Stormwind Champion'(130) attacked=minion 'Leper Gnome'(138)
--> Didier/Garrosh Hellscream Mana=0 Hlt=24 Att=0 Arm=2 Hnd=2 Dck=18 Min=3 Sec=0
--> Titou/Malfurion Stormrage Mana=1 Hlt=1 Att=0 Arm=0 Hnd=4 Dck=18 Min=0 Sec=0

Didier ATTACK attacker=minion 'Kor'kron Elite'(123) attacked=hero 'Malfurion Stormrage'(131)
--> Didier/Garrosh Hellscream Mana=0 Hlt=24 Att=0 Arm=2 Hnd=2 Dck=18 Min=3 Sec=0
--> Titou/Malfurion Stormrage Mana=1 Hlt=-4 Att=0 Arm=0 Hnd=4 Dck=18 Min=0 Sec=0

Didier wins
Titou looses
